[2018-08-30T18:00:13.823] [INFO] resLog - 
*************** response log start ***************
request method: GET
request originalUrl:  /group/groupManage/get
request client ip:  ::1
request query:  {}
response time: 7
response status: 200
response body: 
{"status":true,"data":[{"id":37,"name":"CA大平台-IMP组-前端","memberNum":0,"remark":"CA大平台-IMP组-前端，sunflower，一个潮气蓬勃，潜力无限，有梦想有追求的前端团队。","createTime":"2018-08-30T09:20:38.000Z","combine":1},{"id":38,"name":"测试","memberNum":0,"remark":"测试","createTime":"2018-08-30T09:23:39.000Z","combine":1}]}
*************** response log end ***************

[2018-08-30T18:00:13.998] [INFO] resLog - 
*************** response log start ***************
request method: GET
request originalUrl:  /favicon.ico
request client ip:  ::1
request query:  {}
response time: 0
response status: 404
response body: 
undefined
*************** response log end ***************

[2018-08-30T18:01:23.363] [INFO] resLog - 
*************** response log start ***************
request method: GET
request originalUrl:  /group/editOneGroupCombine?id=37&combine=1
request client ip:  ::1
request query:  {"id":"37","combine":"1"}
response time: 1
response status: 200
response body: 
{"status":false,"data":"Not Login"}
*************** response log end ***************

[2018-08-30T18:01:28.936] [INFO] resLog - 
*************** response log start ***************
request method: OPTIONS
request originalUrl:  /group/groupManage/get
request client ip:  ::1
request body: 
{}
response time: 1
response status: 204
response body: 
undefined
*************** response log end ***************

[2018-08-30T18:01:28.948] [INFO] resLog - 
*************** response log start ***************
request method: OPTIONS
request originalUrl:  /group/groupManage/get
request client ip:  ::1
request body: 
{}
response time: 0
response status: 204
response body: 
undefined
*************** response log end ***************

[2018-08-30T18:01:28.978] [INFO] resLog - 
*************** response log start ***************
request method: GET
request originalUrl:  /group/groupManage/get
request client ip:  ::1
request query:  {}
response time: 2
response status: 200
response body: 
{"status":true,"data":[{"id":37,"name":"CA大平台-IMP组-前端","memberNum":0,"remark":"CA大平台-IMP组-前端，sunflower，一个潮气蓬勃，潜力无限，有梦想有追求的前端团队。","createTime":"2018-08-30T09:20:38.000Z","combine":1},{"id":38,"name":"测试","memberNum":0,"remark":"测试","createTime":"2018-08-30T09:23:39.000Z","combine":1}]}
*************** response log end ***************

[2018-08-30T18:01:28.982] [INFO] resLog - 
*************** response log start ***************
request method: GET
request originalUrl:  /group/groupManage/get
request client ip:  ::1
request query:  {}
response time: 2
response status: 200
response body: 
{"status":true,"data":[{"id":37,"name":"CA大平台-IMP组-前端","memberNum":0,"remark":"CA大平台-IMP组-前端，sunflower，一个潮气蓬勃，潜力无限，有梦想有追求的前端团队。","createTime":"2018-08-30T09:20:38.000Z","combine":1},{"id":38,"name":"测试","memberNum":0,"remark":"测试","createTime":"2018-08-30T09:23:39.000Z","combine":1}]}
*************** response log end ***************

[2018-08-30T18:01:29.061] [INFO] resLog - 
*************** response log start ***************
request method: OPTIONS
request originalUrl:  /group/groupManage/getGroupsMember
request client ip:  ::1
request body: 
{}
response time: 1
response status: 204
response body: 
undefined
*************** response log end ***************

[2018-08-30T18:01:29.093] [INFO] resLog - 
*************** response log start ***************
request method: POST
request originalUrl:  /group/groupManage/getGroupsMember
request client ip:  ::1
request body: 
{"idList":[37,38]}
response time: 1
response status: 200
response body: 
{"status":false,"data":"Not Login"}
*************** response log end ***************

[2018-08-30T18:01:37.531] [INFO] resLog - 
*************** response log start ***************
request method: OPTIONS
request originalUrl:  /user/adminLogin
request client ip:  ::1
request body: 
{}
response time: 0
response status: 204
response body: 
undefined
*************** response log end ***************

[2018-08-30T18:01:37.542] [INFO] resLog - 
*************** response log start ***************
request method: POST
request originalUrl:  /user/adminLogin
request client ip:  ::1
request body: 
{"email":"admin","password":"admin "}
response time: 2
response status: 200
response body: 
{"status":false,"data":"密码有误！"}
*************** response log end ***************

[2018-08-30T18:01:42.584] [INFO] resLog - 
*************** response log start ***************
request method: OPTIONS
request originalUrl:  /user/adminLogin
request client ip:  ::1
request body: 
{}
response time: 0
response status: 204
response body: 
undefined
*************** response log end ***************

[2018-08-30T18:01:42.595] [INFO] resLog - 
*************** response log start ***************
request method: POST
request originalUrl:  /user/adminLogin
request client ip:  ::1
request body: 
{"email":"admin","password":"admin"}
response time: 3
response status: 200
response body: 
{"status":true,"data":{"email":"admin","name":"admin","sex":"male","remark":"admin","groupId":0,"role":"admin","level":0,"collector":"0"}}
*************** response log end ***************

[2018-08-30T18:01:42.720] [INFO] resLog - 
*************** response log start ***************
request method: OPTIONS
request originalUrl:  /group/groupManage/get
request client ip:  ::1
request body: 
{}
response time: 0
response status: 204
response body: 
undefined
*************** response log end ***************

[2018-08-30T18:01:42.749] [INFO] resLog - 
*************** response log start ***************
request method: GET
request originalUrl:  /group/groupManage/get
request client ip:  ::1
request query:  {}
response time: 3
response status: 200
response body: 
{"status":true,"data":[{"id":37,"name":"CA大平台-IMP组-前端","memberNum":0,"remark":"CA大平台-IMP组-前端，sunflower，一个潮气蓬勃，潜力无限，有梦想有追求的前端团队。","createTime":"2018-08-30T09:20:38.000Z","combine":1},{"id":38,"name":"测试","memberNum":0,"remark":"测试","createTime":"2018-08-30T09:23:39.000Z","combine":1}]}
*************** response log end ***************

[2018-08-30T18:01:50.170] [INFO] resLog - 
*************** response log start ***************
request method: GET
request originalUrl:  /group/editOneGroupCombine?id=37&combine=1
request client ip:  ::1
request query:  {"id":"37","combine":"1"}
response time: 3
response status: 302
response body: 
"Redirecting to <a href=\"/\">/</a>."
*************** response log end ***************

[2018-08-30T18:01:50.175] [INFO] resLog - 
*************** response log start ***************
request method: GET
request originalUrl:  /
request client ip:  ::1
request query:  {}
response time: 1
response status: 302
response body: 
"Redirecting to <a href=\"/\">/</a>."
*************** response log end ***************

[2018-08-30T18:01:50.179] [INFO] resLog - 
*************** response log start ***************
request method: GET
request originalUrl:  /
request client ip:  ::1
request query:  {}
response time: 0
response status: 302
response body: 
"Redirecting to <a href=\"/\">/</a>."
*************** response log end ***************

[2018-08-30T18:01:50.184] [INFO] resLog - 
*************** response log start ***************
request method: GET
request originalUrl:  /
request client ip:  ::1
request query:  {}
response time: 1
response status: 302
response body: 
"Redirecting to <a href=\"/\">/</a>."
*************** response log end ***************

[2018-08-30T18:01:50.189] [INFO] resLog - 
*************** response log start ***************
request method: GET
request originalUrl:  /
request client ip:  ::1
request query:  {}
response time: 1
response status: 302
response body: 
"Redirecting to <a href=\"/\">/</a>."
*************** response log end ***************

[2018-08-30T18:01:50.194] [INFO] resLog - 
*************** response log start ***************
request method: GET
request originalUrl:  /
request client ip:  ::1
request query:  {}
response time: 1
response status: 302
response body: 
"Redirecting to <a href=\"/\">/</a>."
*************** response log end ***************

[2018-08-30T18:01:50.199] [INFO] resLog - 
*************** response log start ***************
request method: GET
request originalUrl:  /
request client ip:  ::1
request query:  {}
response time: 1
response status: 302
response body: 
"Redirecting to <a href=\"/\">/</a>."
*************** response log end ***************

[2018-08-30T18:01:50.204] [INFO] resLog - 
*************** response log start ***************
request method: GET
request originalUrl:  /
request client ip:  ::1
request query:  {}
response time: 1
response status: 302
response body: 
"Redirecting to <a href=\"/\">/</a>."
*************** response log end ***************

[2018-08-30T18:01:50.210] [INFO] resLog - 
*************** response log start ***************
request method: GET
request originalUrl:  /
request client ip:  ::1
request query:  {}
response time: 1
response status: 302
response body: 
"Redirecting to <a href=\"/\">/</a>."
*************** response log end ***************

[2018-08-30T18:01:50.215] [INFO] resLog - 
*************** response log start ***************
request method: GET
request originalUrl:  /
request client ip:  ::1
request query:  {}
response time: 1
response status: 302
response body: 
"Redirecting to <a href=\"/\">/</a>."
*************** response log end ***************

[2018-08-30T18:01:50.220] [INFO] resLog - 
*************** response log start ***************
request method: GET
request originalUrl:  /
request client ip:  ::1
request query:  {}
response time: 1
response status: 302
response body: 
"Redirecting to <a href=\"/\">/</a>."
*************** response log end ***************

[2018-08-30T18:01:50.227] [INFO] resLog - 
*************** response log start ***************
request method: GET
request originalUrl:  /
request client ip:  ::1
request query:  {}
response time: 1
response status: 302
response body: 
"Redirecting to <a href=\"/\">/</a>."
*************** response log end ***************

[2018-08-30T18:01:50.233] [INFO] resLog - 
*************** response log start ***************
request method: GET
request originalUrl:  /
request client ip:  ::1
request query:  {}
response time: 1
response status: 302
response body: 
"Redirecting to <a href=\"/\">/</a>."
*************** response log end ***************

[2018-08-30T18:01:50.238] [INFO] resLog - 
*************** response log start ***************
request method: GET
request originalUrl:  /
request client ip:  ::1
request query:  {}
response time: 1
response status: 302
response body: 
"Redirecting to <a href=\"/\">/</a>."
*************** response log end ***************

[2018-08-30T18:01:50.244] [INFO] resLog - 
*************** response log start ***************
request method: GET
request originalUrl:  /
request client ip:  ::1
request query:  {}
response time: 0
response status: 302
response body: 
"Redirecting to <a href=\"/\">/</a>."
*************** response log end ***************

[2018-08-30T18:01:50.250] [INFO] resLog - 
*************** response log start ***************
request method: GET
request originalUrl:  /
request client ip:  ::1
request query:  {}
response time: 1
response status: 302
response body: 
"Redirecting to <a href=\"/\">/</a>."
*************** response log end ***************

[2018-08-30T18:01:50.254] [INFO] resLog - 
*************** response log start ***************
request method: GET
request originalUrl:  /
request client ip:  ::1
request query:  {}
response time: 1
response status: 302
response body: 
"Redirecting to <a href=\"/\">/</a>."
*************** response log end ***************

[2018-08-30T18:01:50.259] [INFO] resLog - 
*************** response log start ***************
request method: GET
request originalUrl:  /
request client ip:  ::1
request query:  {}
response time: 1
response status: 302
response body: 
"Redirecting to <a href=\"/\">/</a>."
*************** response log end ***************

[2018-08-30T18:01:50.263] [INFO] resLog - 
*************** response log start ***************
request method: GET
request originalUrl:  /
request client ip:  ::1
request query:  {}
response time: 0
response status: 302
response body: 
"Redirecting to <a href=\"/\">/</a>."
*************** response log end ***************

[2018-08-30T18:01:50.268] [INFO] resLog - 
*************** response log start ***************
request method: GET
request originalUrl:  /
request client ip:  ::1
request query:  {}
response time: 1
response status: 302
response body: 
"Redirecting to <a href=\"/\">/</a>."
*************** response log end ***************

[2018-08-30T18:01:50.358] [INFO] resLog - 
*************** response log start ***************
request method: GET
request originalUrl:  /
request client ip:  ::1
request query:  {}
response time: 2
response status: 302
response body: 
"Redirecting to <a href=\"/\">/</a>."
*************** response log end ***************

[2018-08-30T18:01:50.372] [INFO] resLog - 
*************** response log start ***************
request method: GET
request originalUrl:  /
request client ip:  ::1
request query:  {}
response time: 1
response status: 302
response body: 
"Redirecting to <a href=\"/\">/</a>."
*************** response log end ***************

[2018-08-30T18:01:50.379] [INFO] resLog - 
*************** response log start ***************
request method: GET
request originalUrl:  /
request client ip:  ::1
request query:  {}
response time: 0
response status: 302
response body: 
"Redirecting to <a href=\"/\">/</a>."
*************** response log end ***************

[2018-08-30T18:01:50.385] [INFO] resLog - 
*************** response log start ***************
request method: GET
request originalUrl:  /
request client ip:  ::1
request query:  {}
response time: 1
response status: 302
response body: 
"Redirecting to <a href=\"/\">/</a>."
*************** response log end ***************

[2018-08-30T18:01:50.390] [INFO] resLog - 
*************** response log start ***************
request method: GET
request originalUrl:  /
request client ip:  ::1
request query:  {}
response time: 1
response status: 302
response body: 
"Redirecting to <a href=\"/\">/</a>."
*************** response log end ***************

[2018-08-30T18:01:50.396] [INFO] resLog - 
*************** response log start ***************
request method: GET
request originalUrl:  /
request client ip:  ::1
request query:  {}
response time: 1
response status: 302
response body: 
"Redirecting to <a href=\"/\">/</a>."
*************** response log end ***************

[2018-08-30T18:01:50.401] [INFO] resLog - 
*************** response log start ***************
request method: GET
request originalUrl:  /
request client ip:  ::1
request query:  {}
response time: 1
response status: 302
response body: 
"Redirecting to <a href=\"/\">/</a>."
*************** response log end ***************

[2018-08-30T18:01:50.405] [INFO] resLog - 
*************** response log start ***************
request method: GET
request originalUrl:  /
request client ip:  ::1
request query:  {}
response time: 1
response status: 302
response body: 
"Redirecting to <a href=\"/\">/</a>."
*************** response log end ***************

[2018-08-30T18:01:50.413] [INFO] resLog - 
*************** response log start ***************
request method: GET
request originalUrl:  /
request client ip:  ::1
request query:  {}
response time: 0
response status: 302
response body: 
"Redirecting to <a href=\"/\">/</a>."
*************** response log end ***************

[2018-08-30T18:01:50.418] [INFO] resLog - 
*************** response log start ***************
request method: GET
request originalUrl:  /
request client ip:  ::1
request query:  {}
response time: 1
response status: 302
response body: 
"Redirecting to <a href=\"/\">/</a>."
*************** response log end ***************

[2018-08-30T18:01:50.428] [INFO] resLog - 
*************** response log start ***************
request method: GET
request originalUrl:  /
request client ip:  ::1
request query:  {}
response time: 2
response status: 302
response body: 
"Redirecting to <a href=\"/\">/</a>."
*************** response log end ***************

[2018-08-30T18:01:50.440] [INFO] resLog - 
*************** response log start ***************
request method: GET
request originalUrl:  /
request client ip:  ::1
request query:  {}
response time: 1
response status: 302
response body: 
"Redirecting to <a href=\"/\">/</a>."
*************** response log end ***************

[2018-08-30T18:01:50.447] [INFO] resLog - 
*************** response log start ***************
request method: GET
request originalUrl:  /
request client ip:  ::1
request query:  {}
response time: 1
response status: 302
response body: 
"Redirecting to <a href=\"/\">/</a>."
*************** response log end ***************

[2018-08-30T18:01:50.451] [INFO] resLog - 
*************** response log start ***************
request method: GET
request originalUrl:  /
request client ip:  ::1
request query:  {}
response time: 0
response status: 302
response body: 
"Redirecting to <a href=\"/\">/</a>."
*************** response log end ***************

[2018-08-30T18:01:50.456] [INFO] resLog - 
*************** response log start ***************
request method: GET
request originalUrl:  /
request client ip:  ::1
request query:  {}
response time: 1
response status: 302
response body: 
"Redirecting to <a href=\"/\">/</a>."
*************** response log end ***************

[2018-08-30T18:01:50.461] [INFO] resLog - 
*************** response log start ***************
request method: GET
request originalUrl:  /
request client ip:  ::1
request query:  {}
response time: 1
response status: 302
response body: 
"Redirecting to <a href=\"/\">/</a>."
*************** response log end ***************

[2018-08-30T18:01:50.465] [INFO] resLog - 
*************** response log start ***************
request method: GET
request originalUrl:  /
request client ip:  ::1
request query:  {}
response time: 0
response status: 302
response body: 
"Redirecting to <a href=\"/\">/</a>."
*************** response log end ***************

[2018-08-30T18:01:50.470] [INFO] resLog - 
*************** response log start ***************
request method: GET
request originalUrl:  /
request client ip:  ::1
request query:  {}
response time: 1
response status: 302
response body: 
"Redirecting to <a href=\"/\">/</a>."
*************** response log end ***************

[2018-08-30T18:01:50.475] [INFO] resLog - 
*************** response log start ***************
request method: GET
request originalUrl:  /
request client ip:  ::1
request query:  {}
response time: 1
response status: 302
response body: 
"Redirecting to <a href=\"/\">/</a>."
*************** response log end ***************

[2018-08-30T18:01:50.479] [INFO] resLog - 
*************** response log start ***************
request method: GET
request originalUrl:  /
request client ip:  ::1
request query:  {}
response time: 1
response status: 302
response body: 
"Redirecting to <a href=\"/\">/</a>."
*************** response log end ***************

[2018-08-30T18:02:41.401] [INFO] resLog - 
*************** response log start ***************
request method: GET
request originalUrl:  /group/groupManage/editOneGroupCombine?id=37&combine=1
request client ip:  ::1
request query:  {"id":"37","combine":"1"}
response time: 1
response status: 200
response body: 
{"status":false,"data":"编辑失败，请重试！"}
*************** response log end ***************

[2018-08-30T18:04:47.700] [INFO] resLog - 
*************** response log start ***************
request method: GET
request originalUrl:  /group/groupManage/editOneGroupCombine?id=37&combine=0
request client ip:  ::1
request query:  {"id":"37","combine":"0"}
response time: 1
response status: 200
response body: 
{"status":false,"data":"编辑失败，请重试！"}
*************** response log end ***************

[2018-08-30T18:05:38.053] [INFO] resLog - 
*************** response log start ***************
request method: GET
request originalUrl:  /group/groupManage/editOneGroupCombine?id=37&combine=0
request client ip:  ::1
request query:  {"id":"37","combine":"0"}
response time: 8
response status: 200
response body: 
{"status":false,"data":"编辑失败，请重试！"}
*************** response log end ***************

[2018-08-30T18:07:38.407] [INFO] resLog - 
*************** response log start ***************
request method: GET
request originalUrl:  /group/groupManage/editOneGroupCombine?id=37&combine=0
request client ip:  ::1
request query:  {"id":"37","combine":"0"}
response time: 6
response status: 200
response body: 
{"status":false,"data":"编辑失败，请重试！"}
*************** response log end ***************

[2018-08-30T18:08:58.185] [INFO] resLog - 
*************** response log start ***************
request method: GET
request originalUrl:  /group/groupManage/editOneGroupCombine?id=37&combine=0
request client ip:  ::1
request query:  {"id":"37","combine":"0"}
response time: 10
response status: 200
response body: 
{"status":true,"data":"编辑成功"}
*************** response log end ***************

[2018-08-30T18:09:13.581] [INFO] resLog - 
*************** response log start ***************
request method: GET
request originalUrl:  /group/groupManage/editOneGroupCombine?id=37&combine=1
request client ip:  ::1
request query:  {"id":"37","combine":"1"}
response time: 3
response status: 200
response body: 
{"status":true,"data":"编辑成功"}
*************** response log end ***************

