[2018-10-12T21:00:04.137] [INFO] resLog - 
*************** response log start ***************
request method: OPTIONS
request originalUrl:  /group/groupManage/get
request client ip:  ::ffff:192.168.212.29
request body: 
{}
response time: 0
response status: 204
response body: 
undefined
*************** response log end ***************

[2018-10-12T21:00:04.147] [INFO] resLog - 
*************** response log start ***************
request method: GET
request originalUrl:  /group/groupManage/get
request client ip:  ::ffff:192.168.212.29
request query:  {}
response time: 1
response status: 200
response body: 
{"status":true,"data":[{"id":37,"name":"前端","memberNum":9,"remark":"前端","createTime":"2018-09-03T03:10:08.000Z","combine":1},{"id":43,"name":"美工","memberNum":3,"remark":"美工","createTime":"2018-03-23T06:20:19.000Z","combine":"0"},{"id":44,"name":"测试","memberNum":8,"remark":"测试小组","createTime":"2018-04-13T09:09:05.000Z","combine":"0"},{"id":45,"name":"后端","memberNum":14,"remark":"后端","createTime":"2018-09-03T03:10:08.000Z","combine":1},{"id":48,"name":"产品","memberNum":0,"remark":"产品","createTime":"2018-10-12T12:46:32.000Z","combine":"0"}]}
*************** response log end ***************

[2018-10-12T21:00:11.473] [INFO] resLog - 
*************** response log start ***************
request method: OPTIONS
request originalUrl:  /group/groupManage/get
request client ip:  ::ffff:192.168.212.29
request body: 
{}
response time: 0
response status: 204
response body: 
undefined
*************** response log end ***************

[2018-10-12T21:00:11.483] [INFO] resLog - 
*************** response log start ***************
request method: GET
request originalUrl:  /group/groupManage/get
request client ip:  ::ffff:192.168.212.29
request query:  {}
response time: 1
response status: 200
response body: 
{"status":true,"data":[{"id":37,"name":"前端","memberNum":9,"remark":"前端","createTime":"2018-09-03T03:10:08.000Z","combine":1},{"id":43,"name":"美工","memberNum":3,"remark":"美工","createTime":"2018-03-23T06:20:19.000Z","combine":"0"},{"id":44,"name":"测试","memberNum":8,"remark":"测试小组","createTime":"2018-04-13T09:09:05.000Z","combine":"0"},{"id":45,"name":"后端","memberNum":14,"remark":"后端","createTime":"2018-09-03T03:10:08.000Z","combine":1},{"id":48,"name":"产品","memberNum":0,"remark":"产品","createTime":"2018-10-12T12:46:32.000Z","combine":"0"}]}
*************** response log end ***************

