[2018-09-03T10:54:31.774] [INFO] resLog - 
*************** response log start ***************
request method: OPTIONS
request originalUrl:  /user/adminLogin
request client ip:  ::ffff:192.168.212.29
request body: 
{}
response time: 2
response status: 204
response body: 
undefined
*************** response log end ***************

[2018-09-03T10:54:31.811] [INFO] resLog - 
*************** response log start ***************
request method: POST
request originalUrl:  /user/adminLogin
request client ip:  ::ffff:192.168.212.29
request body: 
{"email":"admin","password":"admin"}
response time: 8
response status: 200
response body: 
{"status":true,"data":{"email":"admin","name":"admin","sex":"male","remark":"admin","groupId":0,"role":"admin","level":0,"collector":"0"}}
*************** response log end ***************

[2018-09-03T10:54:31.969] [INFO] resLog - 
*************** response log start ***************
request method: OPTIONS
request originalUrl:  /group/groupManage/get
request client ip:  ::ffff:192.168.212.29
request body: 
{}
response time: 0
response status: 204
response body: 
undefined
*************** response log end ***************

[2018-09-03T10:54:32.002] [INFO] resLog - 
*************** response log start ***************
request method: GET
request originalUrl:  /group/groupManage/get
request client ip:  ::ffff:192.168.212.29
request query:  {}
response time: 4
response status: 200
response body: 
{"status":true,"data":[{"id":37,"name":"CA大平台-IMP组-前端","memberNum":0,"remark":"CA大平台-IMP组-前端，sunflower，一个潮气蓬勃，潜力无限，有梦想有追求的前端团队。","createTime":"2018-08-31T07:17:24.000Z","combine":"0"},{"id":38,"name":"测试","memberNum":0,"remark":"测试","createTime":"2018-08-31T07:17:24.000Z","combine":"0"}]}
*************** response log end ***************

[2018-09-03T10:54:34.784] [INFO] resLog - 
*************** response log start ***************
request method: GET
request originalUrl:  /group/groupManage/get
request client ip:  ::ffff:192.168.212.29
request query:  {}
response time: 3
response status: 200
response body: 
{"status":true,"data":[{"id":37,"name":"CA大平台-IMP组-前端","memberNum":0,"remark":"CA大平台-IMP组-前端，sunflower，一个潮气蓬勃，潜力无限，有梦想有追求的前端团队。","createTime":"2018-08-31T07:17:24.000Z","combine":"0"},{"id":38,"name":"测试","memberNum":0,"remark":"测试","createTime":"2018-08-31T07:17:24.000Z","combine":"0"}]}
*************** response log end ***************

[2018-09-03T10:54:36.828] [INFO] resLog - 
*************** response log start ***************
request method: OPTIONS
request originalUrl:  /group/groupManage/getGroupsMember
request client ip:  ::ffff:192.168.212.29
request body: 
{}
response time: 0
response status: 204
response body: 
undefined
*************** response log end ***************

[2018-09-03T10:54:36.838] [INFO] resLog - 
*************** response log start ***************
request method: POST
request originalUrl:  /group/groupManage/getGroupsMember
request client ip:  ::ffff:192.168.212.29
request body: 
{"idList":[38]}
response time: 2
response status: 200
response body: 
{"status":true,"data":[{"email":"123","name":"caolx","sex":"male","remark":"","groupId":38,"role":"user","level":0,"collector":"0"},{"email":"tom@suninfo.com","name":"张悦","sex":"female","remark":null,"groupId":38,"role":"user","level":0,"collector":"0"}]}
*************** response log end ***************

[2018-09-03T10:56:02.739] [INFO] resLog - 
*************** response log start ***************
request method: OPTIONS
request originalUrl:  /group/groupManage/get
request client ip:  ::ffff:192.168.212.29
request body: 
{}
response time: 0
response status: 204
response body: 
undefined
*************** response log end ***************

[2018-09-03T10:56:02.740] [INFO] resLog - 
*************** response log start ***************
request method: OPTIONS
request originalUrl:  /group/groupManage/get
request client ip:  ::ffff:192.168.212.29
request body: 
{}
response time: 1
response status: 204
response body: 
undefined
*************** response log end ***************

[2018-09-03T10:56:02.867] [INFO] resLog - 
*************** response log start ***************
request method: GET
request originalUrl:  /group/groupManage/get
request client ip:  ::ffff:192.168.212.29
request query:  {}
response time: 2
response status: 200
response body: 
{"status":true,"data":[{"id":37,"name":"CA大平台-IMP组-前端","memberNum":0,"remark":"CA大平台-IMP组-前端，sunflower，一个潮气蓬勃，潜力无限，有梦想有追求的前端团队。","createTime":"2018-08-31T07:17:24.000Z","combine":"0"},{"id":38,"name":"测试","memberNum":0,"remark":"测试","createTime":"2018-08-31T07:17:24.000Z","combine":"0"}]}
*************** response log end ***************

[2018-09-03T10:56:02.874] [INFO] resLog - 
*************** response log start ***************
request method: GET
request originalUrl:  /group/groupManage/get
request client ip:  ::ffff:192.168.212.29
request query:  {}
response time: 2
response status: 200
response body: 
{"status":true,"data":[{"id":37,"name":"CA大平台-IMP组-前端","memberNum":0,"remark":"CA大平台-IMP组-前端，sunflower，一个潮气蓬勃，潜力无限，有梦想有追求的前端团队。","createTime":"2018-08-31T07:17:24.000Z","combine":"0"},{"id":38,"name":"测试","memberNum":0,"remark":"测试","createTime":"2018-08-31T07:17:24.000Z","combine":"0"}]}
*************** response log end ***************

[2018-09-03T10:56:07.517] [INFO] resLog - 
*************** response log start ***************
request method: OPTIONS
request originalUrl:  /group/groupManage/getGroupsMember
request client ip:  ::ffff:192.168.212.29
request body: 
{}
response time: 0
response status: 204
response body: 
undefined
*************** response log end ***************

[2018-09-03T10:56:07.528] [INFO] resLog - 
*************** response log start ***************
request method: POST
request originalUrl:  /group/groupManage/getGroupsMember
request client ip:  ::ffff:192.168.212.29
request body: 
{"idList":[37,38]}
response time: 2
response status: 200
response body: 
{"status":true,"data":[{"email":"123","name":"caolx","sex":"male","remark":"","groupId":38,"role":"user","level":0,"collector":"0"},{"email":"lic2017@suninfo.com","name":"l李聪","sex":"male","remark":"","groupId":37,"role":"user","level":0,"collector":"0"},{"email":"test@qq.com","name":"youwg","sex":"male","remark":"www","groupId":37,"role":"user","level":0,"collector":"0"},{"email":"tom@suninfo.com","name":"张悦","sex":"female","remark":null,"groupId":38,"role":"user","level":0,"collector":"0"},{"email":"youwg@suninfo.com","name":"游武刚","sex":"male","remark":"无","groupId":37,"role":"user","level":0,"collector":"0"}]}
*************** response log end ***************

[2018-09-03T10:56:23.590] [INFO] resLog - 
*************** response log start ***************
request method: OPTIONS
request originalUrl:  /group/groupManage/get
request client ip:  ::ffff:192.168.212.29
request body: 
{}
response time: 0
response status: 204
response body: 
undefined
*************** response log end ***************

[2018-09-03T10:56:23.592] [INFO] resLog - 
*************** response log start ***************
request method: OPTIONS
request originalUrl:  /group/groupManage/get
request client ip:  ::ffff:192.168.212.29
request body: 
{}
response time: 0
response status: 204
response body: 
undefined
*************** response log end ***************

[2018-09-03T10:56:23.655] [INFO] resLog - 
*************** response log start ***************
request method: GET
request originalUrl:  /group/groupManage/get
request client ip:  ::ffff:192.168.212.29
request query:  {}
response time: 2
response status: 200
response body: 
{"status":true,"data":[{"id":37,"name":"CA大平台-IMP组-前端","memberNum":0,"remark":"CA大平台-IMP组-前端，sunflower，一个潮气蓬勃，潜力无限，有梦想有追求的前端团队。","createTime":"2018-08-31T07:17:24.000Z","combine":"0"},{"id":38,"name":"测试","memberNum":0,"remark":"测试","createTime":"2018-08-31T07:17:24.000Z","combine":"0"}]}
*************** response log end ***************

[2018-09-03T10:56:23.659] [INFO] resLog - 
*************** response log start ***************
request method: GET
request originalUrl:  /group/groupManage/get
request client ip:  ::ffff:192.168.212.29
request query:  {}
response time: 2
response status: 200
response body: 
{"status":true,"data":[{"id":37,"name":"CA大平台-IMP组-前端","memberNum":0,"remark":"CA大平台-IMP组-前端，sunflower，一个潮气蓬勃，潜力无限，有梦想有追求的前端团队。","createTime":"2018-08-31T07:17:24.000Z","combine":"0"},{"id":38,"name":"测试","memberNum":0,"remark":"测试","createTime":"2018-08-31T07:17:24.000Z","combine":"0"}]}
*************** response log end ***************

[2018-09-03T10:56:26.359] [INFO] resLog - 
*************** response log start ***************
request method: OPTIONS
request originalUrl:  /group/groupManage/getGroupsMember
request client ip:  ::ffff:192.168.212.29
request body: 
{}
response time: 0
response status: 204
response body: 
undefined
*************** response log end ***************

[2018-09-03T10:56:26.371] [INFO] resLog - 
*************** response log start ***************
request method: POST
request originalUrl:  /group/groupManage/getGroupsMember
request client ip:  ::ffff:192.168.212.29
request body: 
{"idList":[38]}
response time: 2
response status: 200
response body: 
{"status":true,"data":[{"email":"123","name":"caolx","sex":"male","remark":"","groupId":38,"role":"user","level":0,"collector":"0"},{"email":"tom@suninfo.com","name":"张悦","sex":"female","remark":null,"groupId":38,"role":"user","level":0,"collector":"0"}]}
*************** response log end ***************

