[2018-10-31T19:18:24.677] [INFO] resLog - 
*************** response log start ***************
request method: GET
request originalUrl:  /
request client ip:  ::1
request query:  {}
response time: 5
response status: 200
response body: 
{"status":false,"data":"Not Login"}
*************** response log end ***************

[2018-10-31T19:18:25.209] [INFO] resLog - 
*************** response log start ***************
request method: GET
request originalUrl:  /favicon.ico
request client ip:  ::1
request query:  {}
response time: 0
response status: 404
response body: 
undefined
*************** response log end ***************

[2018-10-31T19:19:09.394] [INFO] resLog - 
*************** response log start ***************
request method: OPTIONS
request originalUrl:  /report/currentWeekReport/get
request client ip:  ::ffff:192.168.212.29
request body: 
{}
response time: 1
response status: 204
response body: 
undefined
*************** response log end ***************

[2018-10-31T19:19:09.565] [INFO] resLog - 
*************** response log start ***************
request method: GET
request originalUrl:  /report/currentWeekReport/get
request client ip:  ::ffff:192.168.212.29
request query:  {}
response time: 1
response status: 200
response body: 
{"status":false,"data":"Not Login"}
*************** response log end ***************

[2018-10-31T19:19:19.583] [INFO] resLog - 
*************** response log start ***************
request method: OPTIONS
request originalUrl:  /user/adminLogin
request client ip:  ::ffff:192.168.212.29
request body: 
{}
response time: 1
response status: 204
response body: 
undefined
*************** response log end ***************

[2018-10-31T19:19:19.626] [INFO] resLog - 
*************** response log start ***************
request method: POST
request originalUrl:  /user/adminLogin
request client ip:  ::ffff:192.168.212.29
request body: 
{"email":"admin","password":"admin"}
response time: 11
response status: 200
response body: 
{"status":true,"data":{"email":"admin","name":"admin","sex":"male","remark":"admin","groupId":1,"role":"admin","collector":"0","level":"0"}}
*************** response log end ***************

[2018-10-31T19:19:19.744] [INFO] resLog - 
*************** response log start ***************
request method: OPTIONS
request originalUrl:  /group/groupManage/get
request client ip:  ::ffff:192.168.212.29
request body: 
{}
response time: 0
response status: 204
response body: 
undefined
*************** response log end ***************

[2018-10-31T19:19:19.761] [INFO] resLog - 
*************** response log start ***************
request method: GET
request originalUrl:  /group/groupManage/get
request client ip:  ::ffff:192.168.212.29
request query:  {}
response time: 5
response status: 200
response body: 
{"status":true,"data":[{"id":37,"name":"asd","memberNum":9,"remark":"as","createTime":"2018-10-15T09:40:52.000Z","combine":2},{"id":43,"name":"美工","memberNum":3,"remark":"美工","createTime":"2018-10-15T09:40:52.000Z","combine":2},{"id":44,"name":"测试","memberNum":8,"remark":"测试小组","createTime":"2018-10-15T09:40:45.000Z","combine":1},{"id":45,"name":"后端","memberNum":14,"remark":"后端","createTime":"2018-10-15T09:40:45.000Z","combine":1},{"id":48,"name":"产品","memberNum":0,"remark":"产品","createTime":"2018-10-15T09:40:45.000Z","combine":1}]}
*************** response log end ***************

[2018-10-31T19:19:23.368] [INFO] resLog - 
*************** response log start ***************
request method: OPTIONS
request originalUrl:  /user/logOut
request client ip:  ::ffff:192.168.212.29
request body: 
{}
response time: 1
response status: 204
response body: 
undefined
*************** response log end ***************

[2018-10-31T19:19:23.383] [INFO] resLog - 
*************** response log start ***************
request method: GET
request originalUrl:  /user/logOut
request client ip:  ::ffff:192.168.212.29
request query:  {}
response time: 2
response status: 200
response body: 
{"status":true,"data":"系统已退出！"}
*************** response log end ***************

[2018-10-31T19:19:34.547] [INFO] resLog - 
*************** response log start ***************
request method: OPTIONS
request originalUrl:  /user/login
request client ip:  ::ffff:192.168.212.29
request body: 
{}
response time: 0
response status: 204
response body: 
undefined
*************** response log end ***************

[2018-10-31T19:19:34.558] [INFO] resLog - 
*************** response log start ***************
request method: POST
request originalUrl:  /user/login
request client ip:  ::ffff:192.168.212.29
request body: 
{"email":"chenkun@suninfo.com","password":"123456"}
response time: 4
response status: 200
response body: 
{"status":true,"data":{"email":"chenkun@suninfo.com","name":"陈坤","sex":"male","remark":"实习","groupId":45,"role":"user","collector":"0","level":1}}
*************** response log end ***************

[2018-10-31T19:19:34.612] [INFO] resLog - 
*************** response log start ***************
request method: OPTIONS
request originalUrl:  /report/currentWeekReport/get
request client ip:  ::ffff:192.168.212.29
request body: 
{}
response time: 0
response status: 204
response body: 
undefined
*************** response log end ***************

[2018-10-31T19:19:34.633] [INFO] resLog - 
*************** response log start ***************
request method: GET
request originalUrl:  /report/currentWeekReport/get
request client ip:  ::ffff:192.168.212.29
request query:  {}
response time: 7
response status: 200
response body: 
{"status":false,"data":"数据获取失败，请重试！"}
*************** response log end ***************

[2018-10-31T19:19:36.318] [INFO] resLog - 
*************** response log start ***************
request method: OPTIONS
request originalUrl:  /punchcard/userMonthList
request client ip:  ::ffff:192.168.212.29
request body: 
{}
response time: 0
response status: 204
response body: 
undefined
*************** response log end ***************

[2018-10-31T19:19:36.340] [INFO] resLog - 
*************** response log start ***************
request method: POST
request originalUrl:  /punchcard/userMonthList
request client ip:  ::ffff:192.168.212.29
request body: 
{"userid":"chenkun@suninfo.com","month":"2018-10"}
response time: 3
response status: 200
response body: 
{"status":true,"data":[{"id":37,"userid":"chenkun@suninfo.com","card_time":"2018-10-26","card_status":1,"signed_time":"03:03:03","off_time":"10:40:28"},{"id":38,"userid":"chenkun@suninfo.com","card_time":"2018-10-25","card_status":1,"signed_time":"04:04:04","off_time":"10:40:55"},{"id":96,"userid":"chenkun@suninfo.com","card_time":"2018-10-24","card_status":1,"signed_time":"16:44:28","off_time":"16:44:29"},{"id":100,"userid":"chenkun@suninfo.com","card_time":"2018-10-23","card_status":1,"signed_time":"","off_time":""},{"id":101,"userid":"chenkun@suninfo.com","card_time":"2018-10-22","card_status":1,"signed_time":"03:03:03","off_time":"10:40:55"},{"id":102,"userid":"chenkun@suninfo.com","card_time":"2018-10-21","card_status":1,"signed_time":"03:03:03","off_time":"10:40:55"},{"id":103,"userid":"chenkun@suninfo.com","card_time":"2018-10-20","card_status":1,"signed_time":"03:03:03","off_time":"10:40:55"},{"id":104,"userid":"chenkun@suninfo.com","card_time":"2018-10-19","card_status":1,"signed_time":"03:03:03","off_time":"10:40:55"},{"id":105,"userid":"chenkun@suninfo.com","card_time":"2018-10-18","card_status":1,"signed_time":"03:03:03","off_time":"10:40:55"},{"id":106,"userid":"chenkun@suninfo.com","card_time":"2018-10-17","card_status":1,"signed_time":"03:03:03","off_time":"10:40:55"},{"id":107,"userid":"chenkun@suninfo.com","card_time":"2018-10-16","card_status":1,"signed_time":"03:03:03","off_time":"10:40:55"},{"id":108,"userid":"chenkun@suninfo.com","card_time":"2018-10-15","card_status":1,"signed_time":"03:03:03","off_time":"10:40:55"},{"id":111,"userid":"chenkun@suninfo.com","card_time":"2018-10-31","card_status":1,"signed_time":"18:47:38","off_time":"18:47:39"}]}
*************** response log end ***************

[2018-10-31T19:19:59.959] [INFO] resLog - 
*************** response log start ***************
request method: OPTIONS
request originalUrl:  /report/currentWeekReport/get
request client ip:  ::ffff:192.168.212.29
request body: 
{}
response time: 1
response status: 204
response body: 
undefined
*************** response log end ***************

[2018-10-31T19:19:59.960] [INFO] resLog - 
*************** response log start ***************
request method: OPTIONS
request originalUrl:  /punchcard/userMonthList
request client ip:  ::ffff:192.168.212.29
request body: 
{}
response time: 1
response status: 204
response body: 
undefined
*************** response log end ***************

[2018-10-31T19:19:59.997] [INFO] resLog - 
*************** response log start ***************
request method: GET
request originalUrl:  /report/currentWeekReport/get
request client ip:  ::ffff:192.168.212.29
request query:  {}
response time: 3
response status: 200
response body: 
{"status":false,"data":"数据获取失败，请重试！"}
*************** response log end ***************

[2018-10-31T19:20:00.004] [INFO] resLog - 
*************** response log start ***************
request method: POST
request originalUrl:  /punchcard/userMonthList
request client ip:  ::ffff:192.168.212.29
request body: 
{"userid":"chenkun@suninfo.com","month":"2018-10"}
response time: 5
response status: 200
response body: 
{"status":true,"data":[{"id":37,"userid":"chenkun@suninfo.com","card_time":"2018-10-26","card_status":1,"signed_time":"03:03:03","off_time":"10:40:28"},{"id":38,"userid":"chenkun@suninfo.com","card_time":"2018-10-25","card_status":1,"signed_time":"04:04:04","off_time":"10:40:55"},{"id":96,"userid":"chenkun@suninfo.com","card_time":"2018-10-24","card_status":1,"signed_time":"16:44:28","off_time":"16:44:29"},{"id":100,"userid":"chenkun@suninfo.com","card_time":"2018-10-23","card_status":1,"signed_time":"","off_time":""},{"id":101,"userid":"chenkun@suninfo.com","card_time":"2018-10-22","card_status":1,"signed_time":"03:03:03","off_time":"10:40:55"},{"id":102,"userid":"chenkun@suninfo.com","card_time":"2018-10-21","card_status":1,"signed_time":"03:03:03","off_time":"10:40:55"},{"id":103,"userid":"chenkun@suninfo.com","card_time":"2018-10-20","card_status":1,"signed_time":"03:03:03","off_time":"10:40:55"},{"id":104,"userid":"chenkun@suninfo.com","card_time":"2018-10-19","card_status":1,"signed_time":"03:03:03","off_time":"10:40:55"},{"id":105,"userid":"chenkun@suninfo.com","card_time":"2018-10-18","card_status":1,"signed_time":"03:03:03","off_time":"10:40:55"},{"id":106,"userid":"chenkun@suninfo.com","card_time":"2018-10-17","card_status":1,"signed_time":"03:03:03","off_time":"10:40:55"},{"id":107,"userid":"chenkun@suninfo.com","card_time":"2018-10-16","card_status":1,"signed_time":"03:03:03","off_time":"10:40:55"},{"id":108,"userid":"chenkun@suninfo.com","card_time":"2018-10-15","card_status":1,"signed_time":"03:03:03","off_time":"10:40:55"}]}
*************** response log end ***************

[2018-10-31T19:20:02.036] [INFO] resLog - 
*************** response log start ***************
request method: OPTIONS
request originalUrl:  /punchcard/signoff
request client ip:  ::ffff:192.168.212.29
request body: 
{}
response time: 0
response status: 204
response body: 
undefined
*************** response log end ***************

[2018-10-31T19:20:02.044] [INFO] resLog - 
*************** response log start ***************
request method: POST
request originalUrl:  /punchcard/signoff
request client ip:  ::ffff:192.168.212.29
request body: 
{"userid":"chenkun@suninfo.com"}
response time: 2
response status: 200
response body: 
{"status":false,"data":"你还没有进行上班打卡"}
*************** response log end ***************

[2018-10-31T19:20:05.297] [INFO] resLog - 
*************** response log start ***************
request method: OPTIONS
request originalUrl:  /punchcard/signin
request client ip:  ::ffff:192.168.212.29
request body: 
{}
response time: 0
response status: 204
response body: 
undefined
*************** response log end ***************

[2018-10-31T19:20:05.307] [INFO] resLog - 
*************** response log start ***************
request method: POST
request originalUrl:  /punchcard/signin
request client ip:  ::ffff:192.168.212.29
request body: 
{"userid":"chenkun@suninfo.com"}
response time: 4
response status: 200
response body: 
{"status":true,"data":"19:20:05"}
*************** response log end ***************

[2018-10-31T19:20:09.536] [INFO] resLog - 
*************** response log start ***************
request method: OPTIONS
request originalUrl:  /report/currentWeekReport/get
request client ip:  ::ffff:192.168.212.29
request body: 
{}
response time: 0
response status: 204
response body: 
undefined
*************** response log end ***************

[2018-10-31T19:20:09.537] [INFO] resLog - 
*************** response log start ***************
request method: OPTIONS
request originalUrl:  /punchcard/userMonthList
request client ip:  ::ffff:192.168.212.29
request body: 
{}
response time: 0
response status: 204
response body: 
undefined
*************** response log end ***************

[2018-10-31T19:20:09.577] [INFO] resLog - 
*************** response log start ***************
request method: POST
request originalUrl:  /punchcard/userMonthList
request client ip:  ::ffff:192.168.212.29
request body: 
{"userid":"chenkun@suninfo.com","month":"2018-10"}
response time: 3
response status: 200
response body: 
{"status":true,"data":[{"id":37,"userid":"chenkun@suninfo.com","card_time":"2018-10-26","card_status":1,"signed_time":"03:03:03","off_time":"10:40:28"},{"id":38,"userid":"chenkun@suninfo.com","card_time":"2018-10-25","card_status":1,"signed_time":"04:04:04","off_time":"10:40:55"},{"id":96,"userid":"chenkun@suninfo.com","card_time":"2018-10-24","card_status":1,"signed_time":"16:44:28","off_time":"16:44:29"},{"id":100,"userid":"chenkun@suninfo.com","card_time":"2018-10-23","card_status":1,"signed_time":"","off_time":""},{"id":101,"userid":"chenkun@suninfo.com","card_time":"2018-10-22","card_status":1,"signed_time":"03:03:03","off_time":"10:40:55"},{"id":102,"userid":"chenkun@suninfo.com","card_time":"2018-10-21","card_status":1,"signed_time":"03:03:03","off_time":"10:40:55"},{"id":103,"userid":"chenkun@suninfo.com","card_time":"2018-10-20","card_status":1,"signed_time":"03:03:03","off_time":"10:40:55"},{"id":104,"userid":"chenkun@suninfo.com","card_time":"2018-10-19","card_status":1,"signed_time":"03:03:03","off_time":"10:40:55"},{"id":105,"userid":"chenkun@suninfo.com","card_time":"2018-10-18","card_status":1,"signed_time":"03:03:03","off_time":"10:40:55"},{"id":106,"userid":"chenkun@suninfo.com","card_time":"2018-10-17","card_status":1,"signed_time":"03:03:03","off_time":"10:40:55"},{"id":107,"userid":"chenkun@suninfo.com","card_time":"2018-10-16","card_status":1,"signed_time":"03:03:03","off_time":"10:40:55"},{"id":108,"userid":"chenkun@suninfo.com","card_time":"2018-10-15","card_status":1,"signed_time":"03:03:03","off_time":"10:40:55"},{"id":112,"userid":"chenkun@suninfo.com","card_time":"2018-10-31","card_status":1,"signed_time":"19:20:05","off_time":null}]}
*************** response log end ***************

[2018-10-31T19:20:09.580] [INFO] resLog - 
*************** response log start ***************
request method: GET
request originalUrl:  /report/currentWeekReport/get
request client ip:  ::ffff:192.168.212.29
request query:  {}
response time: 5
response status: 200
response body: 
{"status":false,"data":"数据获取失败，请重试！"}
*************** response log end ***************

[2018-10-31T19:20:16.066] [INFO] resLog - 
*************** response log start ***************
request method: OPTIONS
request originalUrl:  /punchcard/signoff
request client ip:  ::ffff:192.168.212.29
request body: 
{}
response time: 0
response status: 204
response body: 
undefined
*************** response log end ***************

[2018-10-31T19:20:16.078] [INFO] resLog - 
*************** response log start ***************
request method: POST
request originalUrl:  /punchcard/signoff
request client ip:  ::ffff:192.168.212.29
request body: 
{"userid":"chenkun@suninfo.com"}
response time: 5
response status: 200
response body: 
{"status":true,"data":"19:20:16"}
*************** response log end ***************

[2018-10-31T19:20:22.413] [INFO] resLog - 
*************** response log start ***************
request method: OPTIONS
request originalUrl:  /report/currentWeekReport/get
request client ip:  ::ffff:192.168.212.29
request body: 
{}
response time: 0
response status: 204
response body: 
undefined
*************** response log end ***************

[2018-10-31T19:20:22.415] [INFO] resLog - 
*************** response log start ***************
request method: OPTIONS
request originalUrl:  /punchcard/userMonthList
request client ip:  ::ffff:192.168.212.29
request body: 
{}
response time: 0
response status: 204
response body: 
undefined
*************** response log end ***************

[2018-10-31T19:20:22.458] [INFO] resLog - 
*************** response log start ***************
request method: GET
request originalUrl:  /report/currentWeekReport/get
request client ip:  ::ffff:192.168.212.29
request query:  {}
response time: 3
response status: 200
response body: 
{"status":false,"data":"数据获取失败，请重试！"}
*************** response log end ***************

[2018-10-31T19:20:22.461] [INFO] resLog - 
*************** response log start ***************
request method: POST
request originalUrl:  /punchcard/userMonthList
request client ip:  ::ffff:192.168.212.29
request body: 
{"userid":"chenkun@suninfo.com","month":"2018-10"}
response time: 2
response status: 200
response body: 
{"status":true,"data":[{"id":37,"userid":"chenkun@suninfo.com","card_time":"2018-10-26","card_status":1,"signed_time":"03:03:03","off_time":"10:40:28"},{"id":38,"userid":"chenkun@suninfo.com","card_time":"2018-10-25","card_status":1,"signed_time":"04:04:04","off_time":"10:40:55"},{"id":96,"userid":"chenkun@suninfo.com","card_time":"2018-10-24","card_status":1,"signed_time":"16:44:28","off_time":"16:44:29"},{"id":100,"userid":"chenkun@suninfo.com","card_time":"2018-10-23","card_status":1,"signed_time":"","off_time":""},{"id":101,"userid":"chenkun@suninfo.com","card_time":"2018-10-22","card_status":1,"signed_time":"03:03:03","off_time":"10:40:55"},{"id":102,"userid":"chenkun@suninfo.com","card_time":"2018-10-21","card_status":1,"signed_time":"03:03:03","off_time":"10:40:55"},{"id":103,"userid":"chenkun@suninfo.com","card_time":"2018-10-20","card_status":1,"signed_time":"03:03:03","off_time":"10:40:55"},{"id":104,"userid":"chenkun@suninfo.com","card_time":"2018-10-19","card_status":1,"signed_time":"03:03:03","off_time":"10:40:55"},{"id":105,"userid":"chenkun@suninfo.com","card_time":"2018-10-18","card_status":1,"signed_time":"03:03:03","off_time":"10:40:55"},{"id":106,"userid":"chenkun@suninfo.com","card_time":"2018-10-17","card_status":1,"signed_time":"03:03:03","off_time":"10:40:55"},{"id":107,"userid":"chenkun@suninfo.com","card_time":"2018-10-16","card_status":1,"signed_time":"03:03:03","off_time":"10:40:55"},{"id":108,"userid":"chenkun@suninfo.com","card_time":"2018-10-15","card_status":1,"signed_time":"03:03:03","off_time":"10:40:55"},{"id":112,"userid":"chenkun@suninfo.com","card_time":"2018-10-31","card_status":1,"signed_time":"19:20:05","off_time":"19:20:16"}]}
*************** response log end ***************

[2018-10-31T19:20:28.347] [INFO] resLog - 
*************** response log start ***************
request method: OPTIONS
request originalUrl:  /user/logOut
request client ip:  ::ffff:192.168.212.29
request body: 
{}
response time: 0
response status: 204
response body: 
undefined
*************** response log end ***************

[2018-10-31T19:20:28.364] [INFO] resLog - 
*************** response log start ***************
request method: GET
request originalUrl:  /user/logOut
request client ip:  ::ffff:192.168.212.29
request query:  {}
response time: 2
response status: 200
response body: 
{"status":true,"data":"系统已退出！"}
*************** response log end ***************

[2018-10-31T19:20:42.988] [INFO] resLog - 
*************** response log start ***************
request method: OPTIONS
request originalUrl:  /user/login
request client ip:  ::ffff:192.168.212.29
request body: 
{}
response time: 0
response status: 204
response body: 
undefined
*************** response log end ***************

[2018-10-31T19:20:42.997] [INFO] resLog - 
*************** response log start ***************
request method: POST
request originalUrl:  /user/login
request client ip:  ::ffff:192.168.212.29
request body: 
{"email":"liw@suninfo.com","password":"123456"}
response time: 2
response status: 200
response body: 
{"status":true,"data":{"email":"liw@suninfo.com","name":"李巍","sex":"male","remark":"","groupId":45,"role":"user","collector":"0","level":2}}
*************** response log end ***************

[2018-10-31T19:20:43.056] [INFO] resLog - 
*************** response log start ***************
request method: OPTIONS
request originalUrl:  /report/currentWeekReport/get
request client ip:  ::ffff:192.168.212.29
request body: 
{}
response time: 1
response status: 204
response body: 
undefined
*************** response log end ***************

[2018-10-31T19:20:43.074] [INFO] resLog - 
*************** response log start ***************
request method: GET
request originalUrl:  /report/currentWeekReport/get
request client ip:  ::ffff:192.168.212.29
request query:  {}
response time: 1
response status: 200
response body: 
{"status":false,"data":"数据获取失败，请重试！"}
*************** response log end ***************

[2018-10-31T19:20:45.090] [INFO] resLog - 
*************** response log start ***************
request method: OPTIONS
request originalUrl:  /punchcard/getLevelMember
request client ip:  ::ffff:192.168.212.29
request body: 
{}
response time: 0
response status: 204
response body: 
undefined
*************** response log end ***************

[2018-10-31T19:20:45.102] [INFO] resLog - 
*************** response log start ***************
request method: POST
request originalUrl:  /punchcard/getLevelMember
request client ip:  ::ffff:192.168.212.29
request body: 
{"id":"1"}
response time: 3
response status: 200
response body: 
{"status":true,"data":[{"email":"chenkun@suninfo.com","name":"陈坤","sex":"male"},{"email":"liyanna@suninfo.com","name":"李妍娜","sex":"female"}]}
*************** response log end ***************

[2018-10-31T19:20:45.112] [INFO] resLog - 
*************** response log start ***************
request method: OPTIONS
request originalUrl:  /punchcard/dayRangeList
request client ip:  ::ffff:192.168.212.29
request body: 
{}
response time: 1
response status: 204
response body: 
undefined
*************** response log end ***************

[2018-10-31T19:20:45.123] [INFO] resLog - 
*************** response log start ***************
request method: POST
request originalUrl:  /punchcard/dayRangeList
request client ip:  ::ffff:192.168.212.29
request body: 
{"dayRange":["2018-10-21","2018-11-20"]}
response time: 3
response status: 200
response body: 
{"status":true,"data":[{"id":37,"userid":"chenkun@suninfo.com","card_time":"2018-10-26","card_status":1,"signed_time":"03:03:03","off_time":"10:40:28"},{"id":38,"userid":"chenkun@suninfo.com","card_time":"2018-10-25","card_status":1,"signed_time":"04:04:04","off_time":"10:40:55"},{"id":96,"userid":"chenkun@suninfo.com","card_time":"2018-10-24","card_status":1,"signed_time":"16:44:28","off_time":"16:44:29"},{"id":100,"userid":"chenkun@suninfo.com","card_time":"2018-10-23","card_status":1,"signed_time":"","off_time":""},{"id":101,"userid":"chenkun@suninfo.com","card_time":"2018-10-22","card_status":1,"signed_time":"03:03:03","off_time":"10:40:55"},{"id":112,"userid":"chenkun@suninfo.com","card_time":"2018-10-31","card_status":1,"signed_time":"19:20:05","off_time":"19:20:16"}]}
*************** response log end ***************

[2018-10-31T19:21:02.930] [INFO] resLog - 
*************** response log start ***************
request method: OPTIONS
request originalUrl:  /punchcard/dayRangeList
request client ip:  ::ffff:192.168.212.29
request body: 
{}
response time: 0
response status: 204
response body: 
undefined
*************** response log end ***************

[2018-10-31T19:21:02.940] [INFO] resLog - 
*************** response log start ***************
request method: POST
request originalUrl:  /punchcard/dayRangeList
request client ip:  ::ffff:192.168.212.29
request body: 
{"dayRange":["2018-10-08","2018-11-30"]}
response time: 1
response status: 200
response body: 
{"status":true,"data":[{"id":37,"userid":"chenkun@suninfo.com","card_time":"2018-10-26","card_status":1,"signed_time":"03:03:03","off_time":"10:40:28"},{"id":38,"userid":"chenkun@suninfo.com","card_time":"2018-10-25","card_status":1,"signed_time":"04:04:04","off_time":"10:40:55"},{"id":96,"userid":"chenkun@suninfo.com","card_time":"2018-10-24","card_status":1,"signed_time":"16:44:28","off_time":"16:44:29"},{"id":100,"userid":"chenkun@suninfo.com","card_time":"2018-10-23","card_status":1,"signed_time":"","off_time":""},{"id":101,"userid":"chenkun@suninfo.com","card_time":"2018-10-22","card_status":1,"signed_time":"03:03:03","off_time":"10:40:55"},{"id":102,"userid":"chenkun@suninfo.com","card_time":"2018-10-21","card_status":1,"signed_time":"03:03:03","off_time":"10:40:55"},{"id":103,"userid":"chenkun@suninfo.com","card_time":"2018-10-20","card_status":1,"signed_time":"03:03:03","off_time":"10:40:55"},{"id":104,"userid":"chenkun@suninfo.com","card_time":"2018-10-19","card_status":1,"signed_time":"03:03:03","off_time":"10:40:55"},{"id":105,"userid":"chenkun@suninfo.com","card_time":"2018-10-18","card_status":1,"signed_time":"03:03:03","off_time":"10:40:55"},{"id":106,"userid":"chenkun@suninfo.com","card_time":"2018-10-17","card_status":1,"signed_time":"03:03:03","off_time":"10:40:55"},{"id":107,"userid":"chenkun@suninfo.com","card_time":"2018-10-16","card_status":1,"signed_time":"03:03:03","off_time":"10:40:55"},{"id":108,"userid":"chenkun@suninfo.com","card_time":"2018-10-15","card_status":1,"signed_time":"03:03:03","off_time":"10:40:55"},{"id":112,"userid":"chenkun@suninfo.com","card_time":"2018-10-31","card_status":1,"signed_time":"19:20:05","off_time":"19:20:16"}]}
*************** response log end ***************

[2018-10-31T19:22:19.454] [INFO] resLog - 
*************** response log start ***************
request method: OPTIONS
request originalUrl:  /user/logOut
request client ip:  ::ffff:192.168.212.29
request body: 
{}
response time: 0
response status: 204
response body: 
undefined
*************** response log end ***************

[2018-10-31T19:22:19.474] [INFO] resLog - 
*************** response log start ***************
request method: GET
request originalUrl:  /user/logOut
request client ip:  ::ffff:192.168.212.29
request query:  {}
response time: 2
response status: 200
response body: 
{"status":true,"data":"系统已退出！"}
*************** response log end ***************

[2018-10-31T19:22:28.431] [INFO] resLog - 
*************** response log start ***************
request method: OPTIONS
request originalUrl:  /user/login
request client ip:  ::ffff:192.168.212.29
request body: 
{}
response time: 1
response status: 204
response body: 
undefined
*************** response log end ***************

[2018-10-31T19:22:28.441] [INFO] resLog - 
*************** response log start ***************
request method: POST
request originalUrl:  /user/login
request client ip:  ::ffff:192.168.212.29
request body: 
{"email":"chenkun@suninfo.com","password":"123456"}
response time: 3
response status: 200
response body: 
{"status":true,"data":{"email":"chenkun@suninfo.com","name":"陈坤","sex":"male","remark":"实习","groupId":45,"role":"user","collector":"0","level":1}}
*************** response log end ***************

[2018-10-31T19:22:28.499] [INFO] resLog - 
*************** response log start ***************
request method: OPTIONS
request originalUrl:  /report/currentWeekReport/get
request client ip:  ::ffff:192.168.212.29
request body: 
{}
response time: 1
response status: 204
response body: 
undefined
*************** response log end ***************

[2018-10-31T19:22:28.519] [INFO] resLog - 
*************** response log start ***************
request method: GET
request originalUrl:  /report/currentWeekReport/get
request client ip:  ::ffff:192.168.212.29
request query:  {}
response time: 2
response status: 200
response body: 
{"status":false,"data":"数据获取失败，请重试！"}
*************** response log end ***************

[2018-10-31T19:22:31.178] [INFO] resLog - 
*************** response log start ***************
request method: OPTIONS
request originalUrl:  /punchcard/userMonthList
request client ip:  ::ffff:192.168.212.29
request body: 
{}
response time: 0
response status: 204
response body: 
undefined
*************** response log end ***************

[2018-10-31T19:22:31.197] [INFO] resLog - 
*************** response log start ***************
request method: POST
request originalUrl:  /punchcard/userMonthList
request client ip:  ::ffff:192.168.212.29
request body: 
{"userid":"chenkun@suninfo.com","month":"2018-10"}
response time: 2
response status: 200
response body: 
{"status":true,"data":[{"id":37,"userid":"chenkun@suninfo.com","card_time":"2018-10-26","card_status":1,"signed_time":"03:03:03","off_time":"10:40:28"},{"id":38,"userid":"chenkun@suninfo.com","card_time":"2018-10-25","card_status":1,"signed_time":"04:04:04","off_time":"10:40:55"},{"id":96,"userid":"chenkun@suninfo.com","card_time":"2018-10-24","card_status":1,"signed_time":"16:44:28","off_time":"16:44:29"},{"id":100,"userid":"chenkun@suninfo.com","card_time":"2018-10-23","card_status":1,"signed_time":"","off_time":""},{"id":101,"userid":"chenkun@suninfo.com","card_time":"2018-10-22","card_status":1,"signed_time":"03:03:03","off_time":"10:40:55"},{"id":102,"userid":"chenkun@suninfo.com","card_time":"2018-10-21","card_status":1,"signed_time":"03:03:03","off_time":"10:40:55"},{"id":103,"userid":"chenkun@suninfo.com","card_time":"2018-10-20","card_status":1,"signed_time":"03:03:03","off_time":"10:40:55"},{"id":104,"userid":"chenkun@suninfo.com","card_time":"2018-10-19","card_status":1,"signed_time":"03:03:03","off_time":"10:40:55"},{"id":105,"userid":"chenkun@suninfo.com","card_time":"2018-10-18","card_status":1,"signed_time":"03:03:03","off_time":"10:40:55"},{"id":106,"userid":"chenkun@suninfo.com","card_time":"2018-10-17","card_status":1,"signed_time":"03:03:03","off_time":"10:40:55"},{"id":107,"userid":"chenkun@suninfo.com","card_time":"2018-10-16","card_status":1,"signed_time":"03:03:03","off_time":"10:40:55"},{"id":108,"userid":"chenkun@suninfo.com","card_time":"2018-10-15","card_status":1,"signed_time":"03:03:03","off_time":"10:40:55"}]}
*************** response log end ***************

[2018-10-31T19:22:32.498] [INFO] resLog - 
*************** response log start ***************
request method: OPTIONS
request originalUrl:  /punchcard/signin
request client ip:  ::ffff:192.168.212.29
request body: 
{}
response time: 1
response status: 204
response body: 
undefined
*************** response log end ***************

[2018-10-31T19:22:32.509] [INFO] resLog - 
*************** response log start ***************
request method: POST
request originalUrl:  /punchcard/signin
request client ip:  ::ffff:192.168.212.29
request body: 
{"userid":"chenkun@suninfo.com"}
response time: 4
response status: 200
response body: 
{"status":true,"data":"19:22:32"}
*************** response log end ***************

[2018-10-31T19:22:35.114] [INFO] resLog - 
*************** response log start ***************
request method: OPTIONS
request originalUrl:  /punchcard/signoff
request client ip:  ::ffff:192.168.212.29
request body: 
{}
response time: 0
response status: 204
response body: 
undefined
*************** response log end ***************

[2018-10-31T19:22:35.125] [INFO] resLog - 
*************** response log start ***************
request method: POST
request originalUrl:  /punchcard/signoff
request client ip:  ::ffff:192.168.212.29
request body: 
{"userid":"chenkun@suninfo.com"}
response time: 4
response status: 200
response body: 
{"status":true,"data":"19:22:35"}
*************** response log end ***************

[2018-10-31T19:22:41.759] [INFO] resLog - 
*************** response log start ***************
request method: OPTIONS
request originalUrl:  /user/logOut
request client ip:  ::ffff:192.168.212.29
request body: 
{}
response time: 0
response status: 204
response body: 
undefined
*************** response log end ***************

[2018-10-31T19:22:41.771] [INFO] resLog - 
*************** response log start ***************
request method: GET
request originalUrl:  /user/logOut
request client ip:  ::ffff:192.168.212.29
request query:  {}
response time: 2
response status: 200
response body: 
{"status":true,"data":"系统已退出！"}
*************** response log end ***************

[2018-10-31T19:29:18.013] [INFO] resLog - 
*************** response log start ***************
request method: OPTIONS
request originalUrl:  /user/adminLogin
request client ip:  ::ffff:192.168.212.29
request body: 
{}
response time: 0
response status: 204
response body: 
undefined
*************** response log end ***************

[2018-10-31T19:29:18.022] [INFO] resLog - 
*************** response log start ***************
request method: POST
request originalUrl:  /user/adminLogin
request client ip:  ::ffff:192.168.212.29
request body: 
{"email":"admin","password":"admin"}
response time: 2
response status: 200
response body: 
{"status":true,"data":{"email":"admin","name":"admin","sex":"male","remark":"admin","groupId":1,"role":"admin","collector":"0","level":"0"}}
*************** response log end ***************

[2018-10-31T19:29:18.127] [INFO] resLog - 
*************** response log start ***************
request method: OPTIONS
request originalUrl:  /group/groupManage/get
request client ip:  ::ffff:192.168.212.29
request body: 
{}
response time: 0
response status: 204
response body: 
undefined
*************** response log end ***************

[2018-10-31T19:29:18.140] [INFO] resLog - 
*************** response log start ***************
request method: GET
request originalUrl:  /group/groupManage/get
request client ip:  ::ffff:192.168.212.29
request query:  {}
response time: 1
response status: 200
response body: 
{"status":true,"data":[{"id":37,"name":"asd","memberNum":9,"remark":"as","createTime":"2018-10-15T09:40:52.000Z","combine":2},{"id":43,"name":"美工","memberNum":3,"remark":"美工","createTime":"2018-10-15T09:40:52.000Z","combine":2},{"id":44,"name":"测试","memberNum":8,"remark":"测试小组","createTime":"2018-10-15T09:40:45.000Z","combine":1},{"id":45,"name":"后端","memberNum":14,"remark":"后端","createTime":"2018-10-15T09:40:45.000Z","combine":1},{"id":48,"name":"产品","memberNum":0,"remark":"产品","createTime":"2018-10-15T09:40:45.000Z","combine":1}]}
*************** response log end ***************

[2018-10-31T19:29:21.926] [INFO] resLog - 
*************** response log start ***************
request method: OPTIONS
request originalUrl:  /punchcard/getLevelMember
request client ip:  ::ffff:192.168.212.29
request body: 
{}
response time: 0
response status: 204
response body: 
undefined
*************** response log end ***************

[2018-10-31T19:29:21.927] [INFO] resLog - 
*************** response log start ***************
request method: OPTIONS
request originalUrl:  /punchcard/getLevelMember
request client ip:  ::ffff:192.168.212.29
request body: 
{}
response time: 0
response status: 204
response body: 
undefined
*************** response log end ***************

[2018-10-31T19:29:21.945] [INFO] resLog - 
*************** response log start ***************
request method: POST
request originalUrl:  /punchcard/getLevelMember
request client ip:  ::ffff:192.168.212.29
request body: 
{"id":"1"}
response time: 2
response status: 200
response body: 
{"status":true,"data":[{"email":"chenkun@suninfo.com","name":"陈坤","sex":"male"},{"email":"liyanna@suninfo.com","name":"李妍娜","sex":"female"}]}
*************** response log end ***************

[2018-10-31T19:29:21.949] [INFO] resLog - 
*************** response log start ***************
request method: POST
request originalUrl:  /punchcard/getLevelMember
request client ip:  ::ffff:192.168.212.29
request body: 
{"id":"2"}
response time: 5
response status: 200
response body: 
{"status":true,"data":[{"email":"liw@suninfo.com","name":"李巍","sex":"male"},{"email":"yanghf@suninfo.com","name":"杨海飞","sex":"male"},{"email":"zhouj@suninfo.com","name":"周靖","sex":"female"}]}
*************** response log end ***************

[2018-10-31T19:29:24.443] [INFO] resLog - 
*************** response log start ***************
request method: OPTIONS
request originalUrl:  /system/getSysSetting
request client ip:  ::ffff:192.168.212.29
request body: 
{}
response time: 0
response status: 204
response body: 
undefined
*************** response log end ***************

[2018-10-31T19:29:24.458] [INFO] resLog - 
*************** response log start ***************
request method: GET
request originalUrl:  /system/getSysSetting
request client ip:  ::ffff:192.168.212.29
request query:  {}
response time: 4
response status: 200
response body: 
{"status":true,"data":{"emailSuffix":"@suninfo.com;@qq.com;@163.com","sysAnnouncement":"","timeOut":72000}}
*************** response log end ***************

[2018-10-31T19:29:25.167] [INFO] resLog - 
*************** response log start ***************
request method: OPTIONS
request originalUrl:  /user/getSendMailUser
request client ip:  ::ffff:192.168.212.29
request body: 
{}
response time: 0
response status: 204
response body: 
undefined
*************** response log end ***************

[2018-10-31T19:29:25.176] [INFO] resLog - 
*************** response log start ***************
request method: GET
request originalUrl:  /user/getSendMailUser
request client ip:  ::ffff:192.168.212.29
request query:  {}
response time: 2
response status: 200
response body: 
{"status":true,"data":[{"id":3,"email":"you11098@163.com","name":"测试用户"}]}
*************** response log end ***************

[2018-10-31T19:29:26.542] [INFO] resLog - 
*************** response log start ***************
request method: OPTIONS
request originalUrl:  /group/groupManage/get
request client ip:  ::ffff:192.168.212.29
request body: 
{}
response time: 1
response status: 204
response body: 
undefined
*************** response log end ***************

[2018-10-31T19:29:26.557] [INFO] resLog - 
*************** response log start ***************
request method: GET
request originalUrl:  /group/groupManage/get
request client ip:  ::ffff:192.168.212.29
request query:  {}
response time: 1
response status: 200
response body: 
{"status":true,"data":[{"id":37,"name":"asd","memberNum":9,"remark":"as","createTime":"2018-10-15T09:40:52.000Z","combine":2},{"id":43,"name":"美工","memberNum":3,"remark":"美工","createTime":"2018-10-15T09:40:52.000Z","combine":2},{"id":44,"name":"测试","memberNum":8,"remark":"测试小组","createTime":"2018-10-15T09:40:45.000Z","combine":1},{"id":45,"name":"后端","memberNum":14,"remark":"后端","createTime":"2018-10-15T09:40:45.000Z","combine":1},{"id":48,"name":"产品","memberNum":0,"remark":"产品","createTime":"2018-10-15T09:40:45.000Z","combine":1}]}
*************** response log end ***************

[2018-10-31T19:29:29.781] [INFO] resLog - 
*************** response log start ***************
request method: OPTIONS
request originalUrl:  /user/logOut
request client ip:  ::ffff:192.168.212.29
request body: 
{}
response time: 0
response status: 204
response body: 
undefined
*************** response log end ***************

[2018-10-31T19:29:29.797] [INFO] resLog - 
*************** response log start ***************
request method: GET
request originalUrl:  /user/logOut
request client ip:  ::ffff:192.168.212.29
request query:  {}
response time: 2
response status: 200
response body: 
{"status":true,"data":"系统已退出！"}
*************** response log end ***************

[2018-10-31T19:29:34.012] [INFO] resLog - 
*************** response log start ***************
request method: OPTIONS
request originalUrl:  /user/adminLogin
request client ip:  ::ffff:192.168.212.29
request body: 
{}
response time: 0
response status: 204
response body: 
undefined
*************** response log end ***************

[2018-10-31T19:29:34.022] [INFO] resLog - 
*************** response log start ***************
request method: POST
request originalUrl:  /user/adminLogin
request client ip:  ::ffff:192.168.212.29
request body: 
{"email":"admin","password":"admin"}
response time: 2
response status: 200
response body: 
{"status":true,"data":{"email":"admin","name":"admin","sex":"male","remark":"admin","groupId":1,"role":"admin","collector":"0","level":"0"}}
*************** response log end ***************

[2018-10-31T19:29:34.118] [INFO] resLog - 
*************** response log start ***************
request method: OPTIONS
request originalUrl:  /group/groupManage/get
request client ip:  ::ffff:192.168.212.29
request body: 
{}
response time: 0
response status: 204
response body: 
undefined
*************** response log end ***************

[2018-10-31T19:29:34.137] [INFO] resLog - 
*************** response log start ***************
request method: GET
request originalUrl:  /group/groupManage/get
request client ip:  ::ffff:192.168.212.29
request query:  {}
response time: 7
response status: 200
response body: 
{"status":true,"data":[{"id":37,"name":"asd","memberNum":9,"remark":"as","createTime":"2018-10-15T09:40:52.000Z","combine":2},{"id":43,"name":"美工","memberNum":3,"remark":"美工","createTime":"2018-10-15T09:40:52.000Z","combine":2},{"id":44,"name":"测试","memberNum":8,"remark":"测试小组","createTime":"2018-10-15T09:40:45.000Z","combine":1},{"id":45,"name":"后端","memberNum":14,"remark":"后端","createTime":"2018-10-15T09:40:45.000Z","combine":1},{"id":48,"name":"产品","memberNum":0,"remark":"产品","createTime":"2018-10-15T09:40:45.000Z","combine":1}]}
*************** response log end ***************

