[2018-08-30T14:05:14.357] [INFO] resLog - 
*************** response log start ***************
request method: OPTIONS
request originalUrl:  /group/groupManage/get
request client ip:  ::1
request body: 
{}
response time: 0
response status: 204
response body: 
undefined
*************** response log end ***************

[2018-08-30T14:05:14.423] [INFO] resLog - 
*************** response log start ***************
request method: GET
request originalUrl:  /group/groupManage/get
request client ip:  ::1
request query:  {}
response time: 33
response status: 200
response body: 
{"status":true,"data":[{"id":37,"name":"CA大平台-IMP组-前端","memberNum":0,"remark":"CA大平台-IMP组-前端，sunflower，一个潮气蓬勃，潜力无限，有梦想有追求的前端团队。","createTime":"2018-04-12T09:02:09.000Z"},{"id":38,"name":"测试","memberNum":0,"remark":"测试","createTime":"2018-04-12T09:01:15.000Z"}]}
*************** response log end ***************

[2018-08-30T14:05:16.590] [INFO] resLog - 
*************** response log start ***************
request method: OPTIONS
request originalUrl:  /user/getSendMailUser
request client ip:  ::1
request body: 
{}
response time: 0
response status: 204
response body: 
undefined
*************** response log end ***************

[2018-08-30T14:05:16.629] [INFO] resLog - 
*************** response log start ***************
request method: GET
request originalUrl:  /user/getSendMailUser
request client ip:  ::1
request query:  {}
response time: 0
response status: 200
response body: 
{"status":false,"data":"Not Login"}
*************** response log end ***************

[2018-08-30T14:05:24.542] [INFO] resLog - 
*************** response log start ***************
request method: OPTIONS
request originalUrl:  /user/adminLogin
request client ip:  ::1
request body: 
{}
response time: 0
response status: 204
response body: 
undefined
*************** response log end ***************

[2018-08-30T14:05:24.631] [INFO] resLog - 
*************** response log start ***************
request method: POST
request originalUrl:  /user/adminLogin
request client ip:  ::1
request body: 
{"email":"admin","password":"admin"}
response time: 69
response status: 200
response body: 
{"status":true,"data":{"email":"admin","name":"admin","sex":"male","remark":"admin","groupId":0,"role":"admin","level":0}}
*************** response log end ***************

[2018-08-30T14:05:24.790] [INFO] resLog - 
*************** response log start ***************
request method: OPTIONS
request originalUrl:  /group/groupManage/get
request client ip:  ::1
request body: 
{}
response time: 0
response status: 204
response body: 
undefined
*************** response log end ***************

[2018-08-30T14:05:24.949] [INFO] resLog - 
*************** response log start ***************
request method: GET
request originalUrl:  /group/groupManage/get
request client ip:  ::1
request query:  {}
response time: 135
response status: 200
response body: 
{"status":true,"data":[{"id":37,"name":"CA大平台-IMP组-前端","memberNum":0,"remark":"CA大平台-IMP组-前端，sunflower，一个潮气蓬勃，潜力无限，有梦想有追求的前端团队。","createTime":"2018-04-12T09:02:09.000Z"},{"id":38,"name":"测试","memberNum":0,"remark":"测试","createTime":"2018-04-12T09:01:15.000Z"}]}
*************** response log end ***************

[2018-08-30T14:05:33.916] [INFO] resLog - 
*************** response log start ***************
request method: OPTIONS
request originalUrl:  /group/groupManage/get
request client ip:  ::1
request body: 
{}
response time: 0
response status: 204
response body: 
undefined
*************** response log end ***************

[2018-08-30T14:05:33.969] [INFO] resLog - 
*************** response log start ***************
request method: GET
request originalUrl:  /group/groupManage/get
request client ip:  ::1
request query:  {}
response time: 27
response status: 200
response body: 
{"status":true,"data":[{"id":37,"name":"CA大平台-IMP组-前端","memberNum":0,"remark":"CA大平台-IMP组-前端，sunflower，一个潮气蓬勃，潜力无限，有梦想有追求的前端团队。","createTime":"2018-04-12T09:02:09.000Z"},{"id":38,"name":"测试","memberNum":0,"remark":"测试","createTime":"2018-04-12T09:01:15.000Z"}]}
*************** response log end ***************

[2018-08-30T14:05:52.859] [INFO] resLog - 
*************** response log start ***************
request method: OPTIONS
request originalUrl:  /system/getSysSetting
request client ip:  ::1
request body: 
{}
response time: 0
response status: 204
response body: 
undefined
*************** response log end ***************

[2018-08-30T14:05:52.888] [INFO] resLog - 
*************** response log start ***************
request method: GET
request originalUrl:  /system/getSysSetting
request client ip:  ::1
request query:  {}
response time: 5
response status: 200
response body: 
{"status":true,"data":{"emailSuffix":"@suninfo.com;@qq.com;@163.com","sysAnnouncement":"","timeOut":72000}}
*************** response log end ***************

[2018-08-30T14:05:54.268] [INFO] resLog - 
*************** response log start ***************
request method: OPTIONS
request originalUrl:  /user/getSendMailUser
request client ip:  ::1
request body: 
{}
response time: 1
response status: 204
response body: 
undefined
*************** response log end ***************

[2018-08-30T14:05:54.293] [INFO] resLog - 
*************** response log start ***************
request method: GET
request originalUrl:  /user/getSendMailUser
request client ip:  ::1
request query:  {}
response time: 10
response status: 200
response body: 
{"status":true,"data":[{"id":1,"email":"you11098@163.com","name":"游武刚"},{"id":2,"email":"1255828611@qq.com","name":"游武刚QQ"}]}
*************** response log end ***************

[2018-08-30T14:05:56.974] [INFO] resLog - 
*************** response log start ***************
request method: OPTIONS
request originalUrl:  /group/groupManage/get
request client ip:  ::1
request body: 
{}
response time: 0
response status: 204
response body: 
undefined
*************** response log end ***************

[2018-08-30T14:05:56.998] [INFO] resLog - 
*************** response log start ***************
request method: GET
request originalUrl:  /group/groupManage/get
request client ip:  ::1
request query:  {}
response time: 7
response status: 200
response body: 
{"status":true,"data":[{"id":37,"name":"CA大平台-IMP组-前端","memberNum":0,"remark":"CA大平台-IMP组-前端，sunflower，一个潮气蓬勃，潜力无限，有梦想有追求的前端团队。","createTime":"2018-04-12T09:02:09.000Z"},{"id":38,"name":"测试","memberNum":0,"remark":"测试","createTime":"2018-04-12T09:01:15.000Z"}]}
*************** response log end ***************

[2018-08-30T14:05:57.944] [INFO] resLog - 
*************** response log start ***************
request method: GET
request originalUrl:  /user/getSendMailUser
request client ip:  ::1
request query:  {}
response time: 5
response status: 200
response body: 
{"status":true,"data":[{"id":1,"email":"you11098@163.com","name":"游武刚"},{"id":2,"email":"1255828611@qq.com","name":"游武刚QQ"}]}
*************** response log end ***************

[2018-08-30T14:05:59.008] [INFO] resLog - 
*************** response log start ***************
request method: OPTIONS
request originalUrl:  /system/getSysSetting
request client ip:  ::1
request body: 
{}
response time: 0
response status: 204
response body: 
undefined
*************** response log end ***************

[2018-08-30T14:05:59.035] [INFO] resLog - 
*************** response log start ***************
request method: GET
request originalUrl:  /system/getSysSetting
request client ip:  ::1
request query:  {}
response time: 5
response status: 200
response body: 
{"status":true,"data":{"emailSuffix":"@suninfo.com;@qq.com;@163.com","sysAnnouncement":"","timeOut":72000}}
*************** response log end ***************

[2018-08-30T14:06:00.419] [INFO] resLog - 
*************** response log start ***************
request method: OPTIONS
request originalUrl:  /user/getSendMailUser
request client ip:  ::1
request body: 
{}
response time: 1
response status: 204
response body: 
undefined
*************** response log end ***************

[2018-08-30T14:06:00.439] [INFO] resLog - 
*************** response log start ***************
request method: GET
request originalUrl:  /user/getSendMailUser
request client ip:  ::1
request query:  {}
response time: 7
response status: 200
response body: 
{"status":true,"data":[{"id":1,"email":"you11098@163.com","name":"游武刚"},{"id":2,"email":"1255828611@qq.com","name":"游武刚QQ"}]}
*************** response log end ***************

[2018-08-30T14:06:02.533] [INFO] resLog - 
*************** response log start ***************
request method: OPTIONS
request originalUrl:  /group/groupManage/get
request client ip:  ::1
request body: 
{}
response time: 0
response status: 204
response body: 
undefined
*************** response log end ***************

[2018-08-30T14:06:02.558] [INFO] resLog - 
*************** response log start ***************
request method: GET
request originalUrl:  /group/groupManage/get
request client ip:  ::1
request query:  {}
response time: 8
response status: 200
response body: 
{"status":true,"data":[{"id":37,"name":"CA大平台-IMP组-前端","memberNum":0,"remark":"CA大平台-IMP组-前端，sunflower，一个潮气蓬勃，潜力无限，有梦想有追求的前端团队。","createTime":"2018-04-12T09:02:09.000Z"},{"id":38,"name":"测试","memberNum":0,"remark":"测试","createTime":"2018-04-12T09:01:15.000Z"}]}
*************** response log end ***************

[2018-08-30T14:06:06.444] [INFO] resLog - 
*************** response log start ***************
request method: OPTIONS
request originalUrl:  /user/getSendMailUser
request client ip:  ::1
request body: 
{}
response time: 0
response status: 204
response body: 
undefined
*************** response log end ***************

[2018-08-30T14:06:06.470] [INFO] resLog - 
*************** response log start ***************
request method: GET
request originalUrl:  /user/getSendMailUser
request client ip:  ::1
request query:  {}
response time: 7
response status: 200
response body: 
{"status":true,"data":[{"id":1,"email":"you11098@163.com","name":"游武刚"},{"id":2,"email":"1255828611@qq.com","name":"游武刚QQ"}]}
*************** response log end ***************

[2018-08-30T14:06:07.049] [INFO] resLog - 
*************** response log start ***************
request method: GET
request originalUrl:  /group/groupManage/get
request client ip:  ::1
request query:  {}
response time: 6
response status: 200
response body: 
{"status":true,"data":[{"id":37,"name":"CA大平台-IMP组-前端","memberNum":0,"remark":"CA大平台-IMP组-前端，sunflower，一个潮气蓬勃，潜力无限，有梦想有追求的前端团队。","createTime":"2018-04-12T09:02:09.000Z"},{"id":38,"name":"测试","memberNum":0,"remark":"测试","createTime":"2018-04-12T09:01:15.000Z"}]}
*************** response log end ***************

[2018-08-30T14:06:29.765] [INFO] resLog - 
*************** response log start ***************
request method: OPTIONS
request originalUrl:  /group/groupManage/get
request client ip:  ::1
request body: 
{}
response time: 0
response status: 204
response body: 
undefined
*************** response log end ***************

[2018-08-30T14:06:29.801] [INFO] resLog - 
*************** response log start ***************
request method: GET
request originalUrl:  /group/groupManage/get
request client ip:  ::1
request query:  {}
response time: 5
response status: 200
response body: 
{"status":true,"data":[{"id":37,"name":"CA大平台-IMP组-前端","memberNum":0,"remark":"CA大平台-IMP组-前端，sunflower，一个潮气蓬勃，潜力无限，有梦想有追求的前端团队。","createTime":"2018-04-12T09:02:09.000Z"},{"id":38,"name":"测试","memberNum":0,"remark":"测试","createTime":"2018-04-12T09:01:15.000Z"}]}
*************** response log end ***************

[2018-08-30T14:07:40.489] [INFO] resLog - 
*************** response log start ***************
request method: OPTIONS
request originalUrl:  /group/groupManage/get
request client ip:  ::1
request body: 
{}
response time: 0
response status: 204
response body: 
undefined
*************** response log end ***************

[2018-08-30T14:07:40.532] [INFO] resLog - 
*************** response log start ***************
request method: GET
request originalUrl:  /group/groupManage/get
request client ip:  ::1
request query:  {}
response time: 6
response status: 200
response body: 
{"status":true,"data":[{"id":37,"name":"CA大平台-IMP组-前端","memberNum":0,"remark":"CA大平台-IMP组-前端，sunflower，一个潮气蓬勃，潜力无限，有梦想有追求的前端团队。","createTime":"2018-04-12T09:02:09.000Z"},{"id":38,"name":"测试","memberNum":0,"remark":"测试","createTime":"2018-04-12T09:01:15.000Z"}]}
*************** response log end ***************

[2018-08-30T14:08:31.020] [INFO] resLog - 
*************** response log start ***************
request method: OPTIONS
request originalUrl:  /group/groupManage/get
request client ip:  ::1
request body: 
{}
response time: 0
response status: 204
response body: 
undefined
*************** response log end ***************

[2018-08-30T14:08:31.099] [INFO] resLog - 
*************** response log start ***************
request method: GET
request originalUrl:  /group/groupManage/get
request client ip:  ::1
request query:  {}
response time: 6
response status: 200
response body: 
{"status":true,"data":[{"id":37,"name":"CA大平台-IMP组-前端","memberNum":0,"remark":"CA大平台-IMP组-前端，sunflower，一个潮气蓬勃，潜力无限，有梦想有追求的前端团队。","createTime":"2018-04-12T09:02:09.000Z"},{"id":38,"name":"测试","memberNum":0,"remark":"测试","createTime":"2018-04-12T09:01:15.000Z"}]}
*************** response log end ***************

[2018-08-30T14:08:33.727] [INFO] resLog - 
*************** response log start ***************
request method: OPTIONS
request originalUrl:  /user/getSendMailUser
request client ip:  ::1
request body: 
{}
response time: 0
response status: 204
response body: 
undefined
*************** response log end ***************

[2018-08-30T14:08:33.752] [INFO] resLog - 
*************** response log start ***************
request method: GET
request originalUrl:  /user/getSendMailUser
request client ip:  ::1
request query:  {}
response time: 6
response status: 200
response body: 
{"status":true,"data":[{"id":1,"email":"you11098@163.com","name":"游武刚"},{"id":2,"email":"1255828611@qq.com","name":"游武刚QQ"}]}
*************** response log end ***************

[2018-08-30T14:08:34.601] [INFO] resLog - 
*************** response log start ***************
request method: GET
request originalUrl:  /group/groupManage/get
request client ip:  ::1
request query:  {}
response time: 5
response status: 200
response body: 
{"status":true,"data":[{"id":37,"name":"CA大平台-IMP组-前端","memberNum":0,"remark":"CA大平台-IMP组-前端，sunflower，一个潮气蓬勃，潜力无限，有梦想有追求的前端团队。","createTime":"2018-04-12T09:02:09.000Z"},{"id":38,"name":"测试","memberNum":0,"remark":"测试","createTime":"2018-04-12T09:01:15.000Z"}]}
*************** response log end ***************

[2018-08-30T14:08:35.801] [INFO] resLog - 
*************** response log start ***************
request method: GET
request originalUrl:  /user/getSendMailUser
request client ip:  ::1
request query:  {}
response time: 6
response status: 200
response body: 
{"status":true,"data":[{"id":1,"email":"you11098@163.com","name":"游武刚"},{"id":2,"email":"1255828611@qq.com","name":"游武刚QQ"}]}
*************** response log end ***************

[2018-08-30T14:08:36.346] [INFO] resLog - 
*************** response log start ***************
request method: OPTIONS
request originalUrl:  /system/getSysSetting
request client ip:  ::1
request body: 
{}
response time: 1
response status: 204
response body: 
undefined
*************** response log end ***************

[2018-08-30T14:08:36.361] [INFO] resLog - 
*************** response log start ***************
request method: GET
request originalUrl:  /system/getSysSetting
request client ip:  ::1
request query:  {}
response time: 3
response status: 200
response body: 
{"status":true,"data":{"emailSuffix":"@suninfo.com;@qq.com;@163.com","sysAnnouncement":"","timeOut":72000}}
*************** response log end ***************

[2018-08-30T14:08:36.890] [INFO] resLog - 
*************** response log start ***************
request method: GET
request originalUrl:  /user/getSendMailUser
request client ip:  ::1
request query:  {}
response time: 6
response status: 200
response body: 
{"status":true,"data":[{"id":1,"email":"you11098@163.com","name":"游武刚"},{"id":2,"email":"1255828611@qq.com","name":"游武刚QQ"}]}
*************** response log end ***************

[2018-08-30T14:08:37.524] [INFO] resLog - 
*************** response log start ***************
request method: OPTIONS
request originalUrl:  /group/groupManage/get
request client ip:  ::1
request body: 
{}
response time: 1
response status: 204
response body: 
undefined
*************** response log end ***************

[2018-08-30T14:08:37.541] [INFO] resLog - 
*************** response log start ***************
request method: GET
request originalUrl:  /group/groupManage/get
request client ip:  ::1
request query:  {}
response time: 3
response status: 200
response body: 
{"status":true,"data":[{"id":37,"name":"CA大平台-IMP组-前端","memberNum":0,"remark":"CA大平台-IMP组-前端，sunflower，一个潮气蓬勃，潜力无限，有梦想有追求的前端团队。","createTime":"2018-04-12T09:02:09.000Z"},{"id":38,"name":"测试","memberNum":0,"remark":"测试","createTime":"2018-04-12T09:01:15.000Z"}]}
*************** response log end ***************

[2018-08-30T14:08:38.078] [INFO] resLog - 
*************** response log start ***************
request method: GET
request originalUrl:  /user/getSendMailUser
request client ip:  ::1
request query:  {}
response time: 7
response status: 200
response body: 
{"status":true,"data":[{"id":1,"email":"you11098@163.com","name":"游武刚"},{"id":2,"email":"1255828611@qq.com","name":"游武刚QQ"}]}
*************** response log end ***************

[2018-08-30T14:08:39.722] [INFO] resLog - 
*************** response log start ***************
request method: GET
request originalUrl:  /system/getSysSetting
request client ip:  ::1
request query:  {}
response time: 7
response status: 200
response body: 
{"status":true,"data":{"emailSuffix":"@suninfo.com;@qq.com;@163.com","sysAnnouncement":"","timeOut":72000}}
*************** response log end ***************

[2018-08-30T14:08:45.756] [INFO] resLog - 
*************** response log start ***************
request method: OPTIONS
request originalUrl:  /user/getSendMailUser
request client ip:  ::1
request body: 
{}
response time: 0
response status: 204
response body: 
undefined
*************** response log end ***************

[2018-08-30T14:08:45.774] [INFO] resLog - 
*************** response log start ***************
request method: GET
request originalUrl:  /user/getSendMailUser
request client ip:  ::1
request query:  {}
response time: 5
response status: 200
response body: 
{"status":true,"data":[{"id":1,"email":"you11098@163.com","name":"游武刚"},{"id":2,"email":"1255828611@qq.com","name":"游武刚QQ"}]}
*************** response log end ***************

[2018-08-30T14:08:46.163] [INFO] resLog - 
*************** response log start ***************
request method: OPTIONS
request originalUrl:  /group/groupManage/get
request client ip:  ::1
request body: 
{}
response time: 0
response status: 204
response body: 
undefined
*************** response log end ***************

[2018-08-30T14:08:46.182] [INFO] resLog - 
*************** response log start ***************
request method: GET
request originalUrl:  /group/groupManage/get
request client ip:  ::1
request query:  {}
response time: 6
response status: 200
response body: 
{"status":true,"data":[{"id":37,"name":"CA大平台-IMP组-前端","memberNum":0,"remark":"CA大平台-IMP组-前端，sunflower，一个潮气蓬勃，潜力无限，有梦想有追求的前端团队。","createTime":"2018-04-12T09:02:09.000Z"},{"id":38,"name":"测试","memberNum":0,"remark":"测试","createTime":"2018-04-12T09:01:15.000Z"}]}
*************** response log end ***************

[2018-08-30T14:08:52.477] [INFO] resLog - 
*************** response log start ***************
request method: OPTIONS
request originalUrl:  /user/getSendMailUser
request client ip:  ::1
request body: 
{}
response time: 0
response status: 204
response body: 
undefined
*************** response log end ***************

[2018-08-30T14:08:52.502] [INFO] resLog - 
*************** response log start ***************
request method: GET
request originalUrl:  /user/getSendMailUser
request client ip:  ::1
request query:  {}
response time: 7
response status: 200
response body: 
{"status":true,"data":[{"id":1,"email":"you11098@163.com","name":"游武刚"},{"id":2,"email":"1255828611@qq.com","name":"游武刚QQ"}]}
*************** response log end ***************

[2018-08-30T14:09:00.059] [INFO] resLog - 
*************** response log start ***************
request method: OPTIONS
request originalUrl:  /system/getSysSetting
request client ip:  ::1
request body: 
{}
response time: 1
response status: 204
response body: 
undefined
*************** response log end ***************

[2018-08-30T14:09:00.075] [INFO] resLog - 
*************** response log start ***************
request method: GET
request originalUrl:  /system/getSysSetting
request client ip:  ::1
request query:  {}
response time: 3
response status: 200
response body: 
{"status":true,"data":{"emailSuffix":"@suninfo.com;@qq.com;@163.com","sysAnnouncement":"","timeOut":72000}}
*************** response log end ***************

[2018-08-30T14:09:02.668] [INFO] resLog - 
*************** response log start ***************
request method: OPTIONS
request originalUrl:  /user/getSendMailUser
request client ip:  ::1
request body: 
{}
response time: 0
response status: 204
response body: 
undefined
*************** response log end ***************

[2018-08-30T14:09:02.686] [INFO] resLog - 
*************** response log start ***************
request method: GET
request originalUrl:  /user/getSendMailUser
request client ip:  ::1
request query:  {}
response time: 7
response status: 200
response body: 
{"status":true,"data":[{"id":1,"email":"you11098@163.com","name":"游武刚"},{"id":2,"email":"1255828611@qq.com","name":"游武刚QQ"}]}
*************** response log end ***************

[2018-08-30T14:09:43.733] [INFO] resLog - 
*************** response log start ***************
request method: OPTIONS
request originalUrl:  /group/groupManage/get
request client ip:  ::1
request body: 
{}
response time: 0
response status: 204
response body: 
undefined
*************** response log end ***************

[2018-08-30T14:09:43.753] [INFO] resLog - 
*************** response log start ***************
request method: GET
request originalUrl:  /group/groupManage/get
request client ip:  ::1
request query:  {}
response time: 5
response status: 200
response body: 
{"status":true,"data":[{"id":37,"name":"CA大平台-IMP组-前端","memberNum":0,"remark":"CA大平台-IMP组-前端，sunflower，一个潮气蓬勃，潜力无限，有梦想有追求的前端团队。","createTime":"2018-04-12T09:02:09.000Z"},{"id":38,"name":"测试","memberNum":0,"remark":"测试","createTime":"2018-04-12T09:01:15.000Z"}]}
*************** response log end ***************

[2018-08-30T14:09:46.352] [INFO] resLog - 
*************** response log start ***************
request method: OPTIONS
request originalUrl:  /system/getSysSetting
request client ip:  ::1
request body: 
{}
response time: 0
response status: 204
response body: 
undefined
*************** response log end ***************

[2018-08-30T14:09:46.362] [INFO] resLog - 
*************** response log start ***************
request method: GET
request originalUrl:  /system/getSysSetting
request client ip:  ::1
request query:  {}
response time: 2
response status: 200
response body: 
{"status":true,"data":{"emailSuffix":"@suninfo.com;@qq.com;@163.com","sysAnnouncement":"","timeOut":72000}}
*************** response log end ***************

[2018-08-30T14:09:46.773] [INFO] resLog - 
*************** response log start ***************
request method: OPTIONS
request originalUrl:  /user/getSendMailUser
request client ip:  ::1
request body: 
{}
response time: 0
response status: 204
response body: 
undefined
*************** response log end ***************

[2018-08-30T14:09:46.788] [INFO] resLog - 
*************** response log start ***************
request method: GET
request originalUrl:  /user/getSendMailUser
request client ip:  ::1
request query:  {}
response time: 4
response status: 200
response body: 
{"status":true,"data":[{"id":1,"email":"you11098@163.com","name":"游武刚"},{"id":2,"email":"1255828611@qq.com","name":"游武刚QQ"}]}
*************** response log end ***************

[2018-08-30T14:09:47.858] [INFO] resLog - 
*************** response log start ***************
request method: GET
request originalUrl:  /system/getSysSetting
request client ip:  ::1
request query:  {}
response time: 3
response status: 200
response body: 
{"status":true,"data":{"emailSuffix":"@suninfo.com;@qq.com;@163.com","sysAnnouncement":"","timeOut":72000}}
*************** response log end ***************

[2018-08-30T14:09:49.666] [INFO] resLog - 
*************** response log start ***************
request method: GET
request originalUrl:  /user/getSendMailUser
request client ip:  ::1
request query:  {}
response time: 3
response status: 200
response body: 
{"status":true,"data":[{"id":1,"email":"you11098@163.com","name":"游武刚"},{"id":2,"email":"1255828611@qq.com","name":"游武刚QQ"}]}
*************** response log end ***************

[2018-08-30T14:09:50.113] [INFO] resLog - 
*************** response log start ***************
request method: OPTIONS
request originalUrl:  /group/groupManage/get
request client ip:  ::1
request body: 
{}
response time: 0
response status: 204
response body: 
undefined
*************** response log end ***************

[2018-08-30T14:09:50.130] [INFO] resLog - 
*************** response log start ***************
request method: GET
request originalUrl:  /group/groupManage/get
request client ip:  ::1
request query:  {}
response time: 4
response status: 200
response body: 
{"status":true,"data":[{"id":37,"name":"CA大平台-IMP组-前端","memberNum":0,"remark":"CA大平台-IMP组-前端，sunflower，一个潮气蓬勃，潜力无限，有梦想有追求的前端团队。","createTime":"2018-04-12T09:02:09.000Z"},{"id":38,"name":"测试","memberNum":0,"remark":"测试","createTime":"2018-04-12T09:01:15.000Z"}]}
*************** response log end ***************

[2018-08-30T14:10:34.082] [INFO] resLog - 
*************** response log start ***************
request method: OPTIONS
request originalUrl:  /user/getSendMailUser
request client ip:  ::1
request body: 
{}
response time: 0
response status: 204
response body: 
undefined
*************** response log end ***************

[2018-08-30T14:10:34.101] [INFO] resLog - 
*************** response log start ***************
request method: GET
request originalUrl:  /user/getSendMailUser
request client ip:  ::1
request query:  {}
response time: 8
response status: 200
response body: 
{"status":true,"data":[{"id":1,"email":"you11098@163.com","name":"游武刚"},{"id":2,"email":"1255828611@qq.com","name":"游武刚QQ"}]}
*************** response log end ***************

[2018-08-30T14:10:35.110] [INFO] resLog - 
*************** response log start ***************
request method: OPTIONS
request originalUrl:  /group/groupManage/get
request client ip:  ::1
request body: 
{}
response time: 0
response status: 204
response body: 
undefined
*************** response log end ***************

[2018-08-30T14:10:35.129] [INFO] resLog - 
*************** response log start ***************
request method: GET
request originalUrl:  /group/groupManage/get
request client ip:  ::1
request query:  {}
response time: 6
response status: 200
response body: 
{"status":true,"data":[{"id":37,"name":"CA大平台-IMP组-前端","memberNum":0,"remark":"CA大平台-IMP组-前端，sunflower，一个潮气蓬勃，潜力无限，有梦想有追求的前端团队。","createTime":"2018-04-12T09:02:09.000Z"},{"id":38,"name":"测试","memberNum":0,"remark":"测试","createTime":"2018-04-12T09:01:15.000Z"}]}
*************** response log end ***************

[2018-08-30T14:10:37.438] [INFO] resLog - 
*************** response log start ***************
request method: OPTIONS
request originalUrl:  /group/groupManage/getGroupMember?id=37
request client ip:  ::1
request body: 
{}
response time: 1
response status: 204
response body: 
undefined
*************** response log end ***************

[2018-08-30T14:10:37.529] [INFO] resLog - 
*************** response log start ***************
request method: GET
request originalUrl:  /group/groupManage/getGroupMember?id=37
request client ip:  ::1
request query:  {"id":"37"}
response time: 27
response status: 200
response body: 
{"status":true,"data":[{"email":"292354215@qq.com","name":"caolx","sex":"male","remark":"","groupId":37,"role":"user","level":0},{"email":"lic2017@suninfo.com","name":"l李聪","sex":"male","remark":"","groupId":37,"role":"user","level":0},{"email":"test@qq.com","name":"youwg","sex":"male","remark":"www","groupId":37,"role":"user","level":0},{"email":"youwg@suninfo.com","name":"游武刚","sex":"male","remark":"无","groupId":37,"role":"user","level":0}]}
*************** response log end ***************

[2018-08-30T14:10:41.299] [INFO] resLog - 
*************** response log start ***************
request method: OPTIONS
request originalUrl:  /group/groupManage/getGroupMember?id=38
request client ip:  ::1
request body: 
{}
response time: 0
response status: 204
response body: 
undefined
*************** response log end ***************

[2018-08-30T14:10:41.332] [INFO] resLog - 
*************** response log start ***************
request method: GET
request originalUrl:  /group/groupManage/getGroupMember?id=38
request client ip:  ::1
request query:  {"id":"38"}
response time: 7
response status: 200
response body: 
{"status":true,"data":[]}
*************** response log end ***************

[2018-08-30T14:12:24.417] [INFO] resLog - 
*************** response log start ***************
request method: GET
request originalUrl:  /
request client ip:  ::1
request query:  {}
response time: 5
response status: 200
response body: 
{"status":false,"data":"Not Login"}
*************** response log end ***************

[2018-08-30T14:12:33.245] [INFO] resLog - 
*************** response log start ***************
request method: OPTIONS
request originalUrl:  /group/groupManage/get
request client ip:  ::1
request body: 
{}
response time: 1
response status: 204
response body: 
undefined
*************** response log end ***************

[2018-08-30T14:12:33.317] [INFO] resLog - 
*************** response log start ***************
request method: GET
request originalUrl:  /group/groupManage/get
request client ip:  ::1
request query:  {}
response time: 8
response status: 200
response body: 
{"status":true,"data":[{"id":37,"name":"CA大平台-IMP组-前端","memberNum":0,"remark":"CA大平台-IMP组-前端，sunflower，一个潮气蓬勃，潜力无限，有梦想有追求的前端团队。","createTime":"2018-04-12T09:02:09.000Z"},{"id":38,"name":"测试","memberNum":0,"remark":"测试","createTime":"2018-04-12T09:01:15.000Z"}]}
*************** response log end ***************

[2018-08-30T14:12:35.911] [INFO] resLog - 
*************** response log start ***************
request method: OPTIONS
request originalUrl:  /user/logOut
request client ip:  ::1
request body: 
{}
response time: 0
response status: 204
response body: 
undefined
*************** response log end ***************

[2018-08-30T14:12:35.924] [INFO] resLog - 
*************** response log start ***************
request method: GET
request originalUrl:  /user/logOut
request client ip:  ::1
request query:  {}
response time: 3
response status: 200
response body: 
{"status":false,"data":"Not Login"}
*************** response log end ***************

[2018-08-30T14:12:50.142] [INFO] resLog - 
*************** response log start ***************
request method: OPTIONS
request originalUrl:  /user/adminLogin
request client ip:  ::1
request body: 
{}
response time: 0
response status: 204
response body: 
undefined
*************** response log end ***************

[2018-08-30T14:12:50.166] [INFO] resLog - 
*************** response log start ***************
request method: POST
request originalUrl:  /user/adminLogin
request client ip:  ::1
request body: 
{"email":"admin","password":"admin"}
response time: 3
response status: 200
response body: 
{"status":true,"data":{"email":"admin","name":"admin","sex":"male","remark":"admin","groupId":0,"role":"admin","level":0}}
*************** response log end ***************

[2018-08-30T14:12:50.319] [INFO] resLog - 
*************** response log start ***************
request method: OPTIONS
request originalUrl:  /group/groupManage/get
request client ip:  ::1
request body: 
{}
response time: 1
response status: 204
response body: 
undefined
*************** response log end ***************

[2018-08-30T14:12:50.344] [INFO] resLog - 
*************** response log start ***************
request method: GET
request originalUrl:  /group/groupManage/get
request client ip:  ::1
request query:  {}
response time: 2
response status: 200
response body: 
{"status":true,"data":[{"id":37,"name":"CA大平台-IMP组-前端","memberNum":0,"remark":"CA大平台-IMP组-前端，sunflower，一个潮气蓬勃，潜力无限，有梦想有追求的前端团队。","createTime":"2018-04-12T09:02:09.000Z"},{"id":38,"name":"测试","memberNum":0,"remark":"测试","createTime":"2018-04-12T09:01:15.000Z"}]}
*************** response log end ***************

[2018-08-30T14:12:58.126] [INFO] resLog - 
*************** response log start ***************
request method: OPTIONS
request originalUrl:  /user/getSendMailUser
request client ip:  ::1
request body: 
{}
response time: 0
response status: 204
response body: 
undefined
*************** response log end ***************

[2018-08-30T14:12:58.151] [INFO] resLog - 
*************** response log start ***************
request method: GET
request originalUrl:  /user/getSendMailUser
request client ip:  ::1
request query:  {}
response time: 6
response status: 200
response body: 
{"status":true,"data":[{"id":1,"email":"you11098@163.com","name":"游武刚"},{"id":2,"email":"1255828611@qq.com","name":"游武刚QQ"}]}
*************** response log end ***************

[2018-08-30T14:12:59.972] [INFO] resLog - 
*************** response log start ***************
request method: OPTIONS
request originalUrl:  /group/groupManage/get
request client ip:  ::1
request body: 
{}
response time: 0
response status: 204
response body: 
undefined
*************** response log end ***************

[2018-08-30T14:12:59.992] [INFO] resLog - 
*************** response log start ***************
request method: GET
request originalUrl:  /group/groupManage/get
request client ip:  ::1
request query:  {}
response time: 2
response status: 200
response body: 
{"status":true,"data":[{"id":37,"name":"CA大平台-IMP组-前端","memberNum":0,"remark":"CA大平台-IMP组-前端，sunflower，一个潮气蓬勃，潜力无限，有梦想有追求的前端团队。","createTime":"2018-04-12T09:02:09.000Z"},{"id":38,"name":"测试","memberNum":0,"remark":"测试","createTime":"2018-04-12T09:01:15.000Z"}]}
*************** response log end ***************

[2018-08-30T14:13:00.717] [INFO] resLog - 
*************** response log start ***************
request method: GET
request originalUrl:  /user/getSendMailUser
request client ip:  ::1
request query:  {}
response time: 3
response status: 200
response body: 
{"status":true,"data":[{"id":1,"email":"you11098@163.com","name":"游武刚"},{"id":2,"email":"1255828611@qq.com","name":"游武刚QQ"}]}
*************** response log end ***************

[2018-08-30T14:13:01.335] [INFO] resLog - 
*************** response log start ***************
request method: GET
request originalUrl:  /group/groupManage/get
request client ip:  ::1
request query:  {}
response time: 4
response status: 200
response body: 
{"status":true,"data":[{"id":37,"name":"CA大平台-IMP组-前端","memberNum":0,"remark":"CA大平台-IMP组-前端，sunflower，一个潮气蓬勃，潜力无限，有梦想有追求的前端团队。","createTime":"2018-04-12T09:02:09.000Z"},{"id":38,"name":"测试","memberNum":0,"remark":"测试","createTime":"2018-04-12T09:01:15.000Z"}]}
*************** response log end ***************

[2018-08-30T14:13:02.554] [INFO] resLog - 
*************** response log start ***************
request method: GET
request originalUrl:  /user/getSendMailUser
request client ip:  ::1
request query:  {}
response time: 2
response status: 200
response body: 
{"status":true,"data":[{"id":1,"email":"you11098@163.com","name":"游武刚"},{"id":2,"email":"1255828611@qq.com","name":"游武刚QQ"}]}
*************** response log end ***************

[2018-08-30T14:14:44.712] [INFO] resLog - 
*************** response log start ***************
request method: OPTIONS
request originalUrl:  /system/getSysSetting
request client ip:  ::1
request body: 
{}
response time: 0
response status: 204
response body: 
undefined
*************** response log end ***************

[2018-08-30T14:14:44.729] [INFO] resLog - 
*************** response log start ***************
request method: GET
request originalUrl:  /system/getSysSetting
request client ip:  ::1
request query:  {}
response time: 2
response status: 200
response body: 
{"status":true,"data":{"emailSuffix":"@suninfo.com;@qq.com;@163.com","sysAnnouncement":"","timeOut":72000}}
*************** response log end ***************

[2018-08-30T14:14:45.579] [INFO] resLog - 
*************** response log start ***************
request method: OPTIONS
request originalUrl:  /user/getSendMailUser
request client ip:  ::1
request body: 
{}
response time: 0
response status: 204
response body: 
undefined
*************** response log end ***************

[2018-08-30T14:14:45.598] [INFO] resLog - 
*************** response log start ***************
request method: GET
request originalUrl:  /user/getSendMailUser
request client ip:  ::1
request query:  {}
response time: 3
response status: 200
response body: 
{"status":true,"data":[{"id":1,"email":"you11098@163.com","name":"游武刚"},{"id":2,"email":"1255828611@qq.com","name":"游武刚QQ"}]}
*************** response log end ***************

[2018-08-30T14:14:46.216] [INFO] resLog - 
*************** response log start ***************
request method: OPTIONS
request originalUrl:  /group/groupManage/get
request client ip:  ::1
request body: 
{}
response time: 0
response status: 204
response body: 
undefined
*************** response log end ***************

[2018-08-30T14:14:46.238] [INFO] resLog - 
*************** response log start ***************
request method: GET
request originalUrl:  /group/groupManage/get
request client ip:  ::1
request query:  {}
response time: 3
response status: 200
response body: 
{"status":true,"data":[{"id":37,"name":"CA大平台-IMP组-前端","memberNum":0,"remark":"CA大平台-IMP组-前端，sunflower，一个潮气蓬勃，潜力无限，有梦想有追求的前端团队。","createTime":"2018-04-12T09:02:09.000Z"},{"id":38,"name":"测试","memberNum":0,"remark":"测试","createTime":"2018-04-12T09:01:15.000Z"}]}
*************** response log end ***************

[2018-08-30T14:20:46.712] [INFO] resLog - 
*************** response log start ***************
request method: OPTIONS
request originalUrl:  /group/groupManage/get
request client ip:  ::1
request body: 
{}
response time: 1
response status: 204
response body: 
undefined
*************** response log end ***************

[2018-08-30T14:20:46.756] [INFO] resLog - 
*************** response log start ***************
request method: GET
request originalUrl:  /group/groupManage/get
request client ip:  ::1
request query:  {}
response time: 1
response status: 200
response body: 
{"status":true,"data":[{"id":37,"name":"CA大平台-IMP组-前端","memberNum":0,"remark":"CA大平台-IMP组-前端，sunflower，一个潮气蓬勃，潜力无限，有梦想有追求的前端团队。","createTime":"2018-04-12T09:02:09.000Z"},{"id":38,"name":"测试","memberNum":0,"remark":"测试","createTime":"2018-04-12T09:01:15.000Z"}]}
*************** response log end ***************

[2018-08-30T14:22:34.249] [INFO] resLog - 
*************** response log start ***************
request method: OPTIONS
request originalUrl:  /group/groupManage/get
request client ip:  ::1
request body: 
{}
response time: 0
response status: 204
response body: 
undefined
*************** response log end ***************

[2018-08-30T14:22:34.265] [INFO] resLog - 
*************** response log start ***************
request method: GET
request originalUrl:  /group/groupManage/get
request client ip:  ::1
request query:  {}
response time: 2
response status: 200
response body: 
{"status":true,"data":[{"id":37,"name":"CA大平台-IMP组-前端","memberNum":0,"remark":"CA大平台-IMP组-前端，sunflower，一个潮气蓬勃，潜力无限，有梦想有追求的前端团队。","createTime":"2018-04-12T09:02:09.000Z"},{"id":38,"name":"测试","memberNum":0,"remark":"测试","createTime":"2018-04-12T09:01:15.000Z"}]}
*************** response log end ***************

[2018-08-30T14:23:48.471] [INFO] resLog - 
*************** response log start ***************
request method: OPTIONS
request originalUrl:  /group/groupManage/get
request client ip:  ::1
request body: 
{}
response time: 0
response status: 204
response body: 
undefined
*************** response log end ***************

[2018-08-30T14:23:48.486] [INFO] resLog - 
*************** response log start ***************
request method: GET
request originalUrl:  /group/groupManage/get
request client ip:  ::1
request query:  {}
response time: 2
response status: 200
response body: 
{"status":true,"data":[{"id":37,"name":"CA大平台-IMP组-前端","memberNum":0,"remark":"CA大平台-IMP组-前端，sunflower，一个潮气蓬勃，潜力无限，有梦想有追求的前端团队。","createTime":"2018-04-12T09:02:09.000Z"},{"id":38,"name":"测试","memberNum":0,"remark":"测试","createTime":"2018-04-12T09:01:15.000Z"}]}
*************** response log end ***************

[2018-08-30T14:24:05.695] [INFO] resLog - 
*************** response log start ***************
request method: OPTIONS
request originalUrl:  /group/groupManage/get
request client ip:  ::1
request body: 
{}
response time: 0
response status: 204
response body: 
undefined
*************** response log end ***************

[2018-08-30T14:24:05.759] [INFO] resLog - 
*************** response log start ***************
request method: GET
request originalUrl:  /group/groupManage/get
request client ip:  ::1
request query:  {}
response time: 1
response status: 200
response body: 
{"status":true,"data":[{"id":37,"name":"CA大平台-IMP组-前端","memberNum":0,"remark":"CA大平台-IMP组-前端，sunflower，一个潮气蓬勃，潜力无限，有梦想有追求的前端团队。","createTime":"2018-04-12T09:02:09.000Z"},{"id":38,"name":"测试","memberNum":0,"remark":"测试","createTime":"2018-04-12T09:01:15.000Z"}]}
*************** response log end ***************

[2018-08-30T14:27:12.086] [INFO] resLog - 
*************** response log start ***************
request method: OPTIONS
request originalUrl:  /user/getSendMailUser
request client ip:  ::1
request body: 
{}
response time: 0
response status: 204
response body: 
undefined
*************** response log end ***************

[2018-08-30T14:27:12.103] [INFO] resLog - 
*************** response log start ***************
request method: GET
request originalUrl:  /user/getSendMailUser
request client ip:  ::1
request query:  {}
response time: 0
response status: 200
response body: 
{"status":false,"data":"Not Login"}
*************** response log end ***************

[2018-08-30T14:27:20.718] [INFO] resLog - 
*************** response log start ***************
request method: OPTIONS
request originalUrl:  /user/adminLogin
request client ip:  ::1
request body: 
{}
response time: 0
response status: 204
response body: 
undefined
*************** response log end ***************

[2018-08-30T14:27:20.728] [INFO] resLog - 
*************** response log start ***************
request method: POST
request originalUrl:  /user/adminLogin
request client ip:  ::1
request body: 
{"email":"admin","password":"admin"}
response time: 1
response status: 200
response body: 
{"status":true,"data":{"email":"admin","name":"admin","sex":"male","remark":"admin","groupId":0,"role":"admin","level":0}}
*************** response log end ***************

[2018-08-30T14:27:20.862] [INFO] resLog - 
*************** response log start ***************
request method: OPTIONS
request originalUrl:  /group/groupManage/get
request client ip:  ::1
request body: 
{}
response time: 0
response status: 204
response body: 
undefined
*************** response log end ***************

[2018-08-30T14:27:20.884] [INFO] resLog - 
*************** response log start ***************
request method: GET
request originalUrl:  /group/groupManage/get
request client ip:  ::1
request query:  {}
response time: 4
response status: 200
response body: 
{"status":true,"data":[{"id":37,"name":"CA大平台-IMP组-前端","memberNum":0,"remark":"CA大平台-IMP组-前端，sunflower，一个潮气蓬勃，潜力无限，有梦想有追求的前端团队。","createTime":"2018-04-12T09:02:09.000Z"},{"id":38,"name":"测试","memberNum":0,"remark":"测试","createTime":"2018-04-12T09:01:15.000Z"}]}
*************** response log end ***************

[2018-08-30T14:27:23.519] [INFO] resLog - 
*************** response log start ***************
request method: OPTIONS
request originalUrl:  /user/getSendMailUser
request client ip:  ::1
request body: 
{}
response time: 0
response status: 204
response body: 
undefined
*************** response log end ***************

[2018-08-30T14:27:23.533] [INFO] resLog - 
*************** response log start ***************
request method: GET
request originalUrl:  /user/getSendMailUser
request client ip:  ::1
request query:  {}
response time: 2
response status: 200
response body: 
{"status":true,"data":[{"id":1,"email":"you11098@163.com","name":"游武刚"},{"id":2,"email":"1255828611@qq.com","name":"游武刚QQ"}]}
*************** response log end ***************

[2018-08-30T14:27:26.065] [INFO] resLog - 
*************** response log start ***************
request method: OPTIONS
request originalUrl:  /system/getSysSetting
request client ip:  ::1
request body: 
{}
response time: 1
response status: 204
response body: 
undefined
*************** response log end ***************

[2018-08-30T14:27:26.094] [INFO] resLog - 
*************** response log start ***************
request method: GET
request originalUrl:  /system/getSysSetting
request client ip:  ::1
request query:  {}
response time: 3
response status: 200
response body: 
{"status":true,"data":{"emailSuffix":"@suninfo.com;@qq.com;@163.com","sysAnnouncement":"","timeOut":72000}}
*************** response log end ***************

[2018-08-30T14:27:27.320] [INFO] resLog - 
*************** response log start ***************
request method: OPTIONS
request originalUrl:  /group/groupManage/get
request client ip:  ::1
request body: 
{}
response time: 0
response status: 204
response body: 
undefined
*************** response log end ***************

[2018-08-30T14:27:27.339] [INFO] resLog - 
*************** response log start ***************
request method: GET
request originalUrl:  /group/groupManage/get
request client ip:  ::1
request query:  {}
response time: 4
response status: 200
response body: 
{"status":true,"data":[{"id":37,"name":"CA大平台-IMP组-前端","memberNum":0,"remark":"CA大平台-IMP组-前端，sunflower，一个潮气蓬勃，潜力无限，有梦想有追求的前端团队。","createTime":"2018-04-12T09:02:09.000Z"},{"id":38,"name":"测试","memberNum":0,"remark":"测试","createTime":"2018-04-12T09:01:15.000Z"}]}
*************** response log end ***************

[2018-08-30T14:27:28.796] [INFO] resLog - 
*************** response log start ***************
request method: OPTIONS
request originalUrl:  /group/groupManage/getGroupMember?id=37
request client ip:  ::1
request body: 
{}
response time: 1
response status: 204
response body: 
undefined
*************** response log end ***************

[2018-08-30T14:27:28.868] [INFO] resLog - 
*************** response log start ***************
request method: GET
request originalUrl:  /group/groupManage/getGroupMember?id=37
request client ip:  ::1
request query:  {"id":"37"}
response time: 2
response status: 200
response body: 
{"status":true,"data":[{"email":"292354215@qq.com","name":"caolx","sex":"male","remark":"","groupId":37,"role":"user","level":0},{"email":"lic2017@suninfo.com","name":"l李聪","sex":"male","remark":"","groupId":37,"role":"user","level":0},{"email":"test@qq.com","name":"youwg","sex":"male","remark":"www","groupId":37,"role":"user","level":0},{"email":"youwg@suninfo.com","name":"游武刚","sex":"male","remark":"无","groupId":37,"role":"user","level":0}]}
*************** response log end ***************

[2018-08-30T14:51:11.299] [INFO] resLog - 
*************** response log start ***************
request method: OPTIONS
request originalUrl:  /group/groupManage/get?id=37
request client ip:  ::1
request body: 
{}
response time: 0
response status: 204
response body: 
undefined
*************** response log end ***************

[2018-08-30T14:51:11.308] [INFO] resLog - 
*************** response log start ***************
request method: GET
request originalUrl:  /group/groupManage/get?id=37
request client ip:  ::1
request query:  {"id":"37"}
response time: 2
response status: 200
response body: 
{"status":true,"data":[{"id":37,"name":"CA大平台-IMP组-前端","memberNum":0,"remark":"CA大平台-IMP组-前端，sunflower，一个潮气蓬勃，潜力无限，有梦想有追求的前端团队。","createTime":"2018-04-12T09:02:09.000Z"},{"id":38,"name":"测试","memberNum":0,"remark":"测试","createTime":"2018-04-12T09:01:15.000Z"}]}
*************** response log end ***************

[2018-08-30T14:53:35.972] [INFO] resLog - 
*************** response log start ***************
request method: OPTIONS
request originalUrl:  /group/groupManage/get?id=37
request client ip:  ::1
request body: 
{}
response time: 1
response status: 204
response body: 
undefined
*************** response log end ***************

[2018-08-30T14:53:35.987] [INFO] resLog - 
*************** response log start ***************
request method: GET
request originalUrl:  /group/groupManage/get?id=37
request client ip:  ::1
request query:  {"id":"37"}
response time: 1
response status: 200
response body: 
{"status":true,"data":[{"id":37,"name":"CA大平台-IMP组-前端","memberNum":0,"remark":"CA大平台-IMP组-前端，sunflower，一个潮气蓬勃，潜力无限，有梦想有追求的前端团队。","createTime":"2018-04-12T09:02:09.000Z"},{"id":38,"name":"测试","memberNum":0,"remark":"测试","createTime":"2018-04-12T09:01:15.000Z"}]}
*************** response log end ***************

[2018-08-30T14:54:32.171] [INFO] resLog - 
*************** response log start ***************
request method: OPTIONS
request originalUrl:  /group/groupManage/get
request client ip:  ::1
request body: 
{}
response time: 0
response status: 204
response body: 
undefined
*************** response log end ***************

[2018-08-30T14:54:32.190] [INFO] resLog - 
*************** response log start ***************
request method: GET
request originalUrl:  /group/groupManage/get
request client ip:  ::1
request query:  {}
response time: 1
response status: 200
response body: 
{"status":true,"data":[{"id":37,"name":"CA大平台-IMP组-前端","memberNum":0,"remark":"CA大平台-IMP组-前端，sunflower，一个潮气蓬勃，潜力无限，有梦想有追求的前端团队。","createTime":"2018-04-12T09:02:09.000Z"},{"id":38,"name":"测试","memberNum":0,"remark":"测试","createTime":"2018-04-12T09:01:15.000Z"}]}
*************** response log end ***************

[2018-08-30T14:54:37.258] [INFO] resLog - 
*************** response log start ***************
request method: OPTIONS
request originalUrl:  /group/groupManage/get
request client ip:  ::1
request body: 
{}
response time: 0
response status: 204
response body: 
undefined
*************** response log end ***************

[2018-08-30T14:54:37.272] [INFO] resLog - 
*************** response log start ***************
request method: GET
request originalUrl:  /group/groupManage/get
request client ip:  ::1
request query:  {}
response time: 1
response status: 200
response body: 
{"status":true,"data":[{"id":37,"name":"CA大平台-IMP组-前端","memberNum":0,"remark":"CA大平台-IMP组-前端，sunflower，一个潮气蓬勃，潜力无限，有梦想有追求的前端团队。","createTime":"2018-04-12T09:02:09.000Z"},{"id":38,"name":"测试","memberNum":0,"remark":"测试","createTime":"2018-04-12T09:01:15.000Z"}]}
*************** response log end ***************

[2018-08-30T14:55:04.881] [INFO] resLog - 
*************** response log start ***************
request method: OPTIONS
request originalUrl:  /group/groupManage/get
request client ip:  ::1
request body: 
{}
response time: 0
response status: 204
response body: 
undefined
*************** response log end ***************

[2018-08-30T14:55:04.895] [INFO] resLog - 
*************** response log start ***************
request method: GET
request originalUrl:  /group/groupManage/get
request client ip:  ::1
request query:  {}
response time: 1
response status: 200
response body: 
{"status":true,"data":[{"id":37,"name":"CA大平台-IMP组-前端","memberNum":0,"remark":"CA大平台-IMP组-前端，sunflower，一个潮气蓬勃，潜力无限，有梦想有追求的前端团队。","createTime":"2018-04-12T09:02:09.000Z"},{"id":38,"name":"测试","memberNum":0,"remark":"测试","createTime":"2018-04-12T09:01:15.000Z"}]}
*************** response log end ***************

[2018-08-30T14:58:41.053] [INFO] resLog - 
*************** response log start ***************
request method: OPTIONS
request originalUrl:  /group/groupManage/get
request client ip:  ::1
request body: 
{}
response time: 0
response status: 204
response body: 
undefined
*************** response log end ***************

[2018-08-30T14:58:41.085] [INFO] resLog - 
*************** response log start ***************
request method: GET
request originalUrl:  /group/groupManage/get
request client ip:  ::1
request query:  {}
response time: 1
response status: 200
response body: 
{"status":true,"data":[{"id":37,"name":"CA大平台-IMP组-前端","memberNum":0,"remark":"CA大平台-IMP组-前端，sunflower，一个潮气蓬勃，潜力无限，有梦想有追求的前端团队。","createTime":"2018-04-12T09:02:09.000Z"},{"id":38,"name":"测试","memberNum":0,"remark":"测试","createTime":"2018-04-12T09:01:15.000Z"}]}
*************** response log end ***************

