[2018-08-30T15:01:18.823] [INFO] resLog - 
*************** response log start ***************
request method: OPTIONS
request originalUrl:  /system/getSysSetting
request client ip:  ::1
request body: 
{}
response time: 0
response status: 204
response body: 
undefined
*************** response log end ***************

[2018-08-30T15:01:18.838] [INFO] resLog - 
*************** response log start ***************
request method: GET
request originalUrl:  /system/getSysSetting
request client ip:  ::1
request query:  {}
response time: 1
response status: 200
response body: 
{"status":true,"data":{"emailSuffix":"@suninfo.com;@qq.com;@163.com","sysAnnouncement":"","timeOut":72000}}
*************** response log end ***************

[2018-08-30T15:03:38.324] [INFO] resLog - 
*************** response log start ***************
request method: GET
request originalUrl:  /group/groupManage/get
request client ip:  ::1
request query:  {}
response time: 1
response status: 200
response body: 
{"status":true,"data":[{"id":37,"name":"CA大平台-IMP组-前端","memberNum":0,"remark":"CA大平台-IMP组-前端，sunflower，一个潮气蓬勃，潜力无限，有梦想有追求的前端团队。","createTime":"2018-04-12T09:02:09.000Z"},{"id":38,"name":"测试","memberNum":0,"remark":"测试","createTime":"2018-04-12T09:01:15.000Z"}]}
*************** response log end ***************

[2018-08-30T15:10:12.168] [INFO] resLog - 
*************** response log start ***************
request method: OPTIONS
request originalUrl:  /group/groupManage/get
request client ip:  ::1
request body: 
{}
response time: 0
response status: 204
response body: 
undefined
*************** response log end ***************

[2018-08-30T15:15:58.141] [INFO] resLog - 
*************** response log start ***************
request method: GET
request originalUrl:  /group/groupManage/get
request client ip:  ::1
request query:  {}
response time: 6
response status: 200
response body: 
{"status":true,"data":[{"id":37,"name":"CA大平台-IMP组-前端","memberNum":0,"remark":"CA大平台-IMP组-前端，sunflower，一个潮气蓬勃，潜力无限，有梦想有追求的前端团队。","createTime":"2018-04-12T09:02:09.000Z"},{"id":38,"name":"测试","memberNum":0,"remark":"测试","createTime":"2018-04-12T09:01:15.000Z"}]}
*************** response log end ***************

[2018-08-30T15:17:53.205] [INFO] resLog - 
*************** response log start ***************
request method: GET
request originalUrl:  /group/groupManage/get
request client ip:  ::1
request query:  {}
response time: 5
response status: 200
response body: 
{"status":true,"data":[{"id":37,"name":"CA大平台-IMP组-前端","memberNum":0,"remark":"CA大平台-IMP组-前端，sunflower，一个潮气蓬勃，潜力无限，有梦想有追求的前端团队。","createTime":"2018-04-12T09:02:09.000Z"},{"id":38,"name":"测试","memberNum":0,"remark":"测试","createTime":"2018-04-12T09:01:15.000Z"}]}
*************** response log end ***************

[2018-08-30T15:17:57.005] [INFO] resLog - 
*************** response log start ***************
request method: OPTIONS
request originalUrl:  /group/groupManage/get
request client ip:  ::1
request body: 
{}
response time: 0
response status: 204
response body: 
undefined
*************** response log end ***************

[2018-08-30T15:17:57.148] [INFO] resLog - 
*************** response log start ***************
request method: GET
request originalUrl:  /
request client ip:  ::1
request query:  {}
response time: 1
response status: 200
response body: 
{"status":false,"data":"Not Login"}
*************** response log end ***************

[2018-08-30T15:17:58.020] [INFO] resLog - 
*************** response log start ***************
request method: GET
request originalUrl:  /favicon.ico
request client ip:  ::1
request query:  {}
response time: 0
response status: 404
response body: 
undefined
*************** response log end ***************

[2018-08-30T15:18:01.605] [INFO] resLog - 
*************** response log start ***************
request method: GET
request originalUrl:  /group/groupManage/get
request client ip:  ::1
request query:  {}
response time: 1
response status: 200
response body: 
{"status":true,"data":[{"id":37,"name":"CA大平台-IMP组-前端","memberNum":0,"remark":"CA大平台-IMP组-前端，sunflower，一个潮气蓬勃，潜力无限，有梦想有追求的前端团队。","createTime":"2018-04-12T09:02:09.000Z"},{"id":38,"name":"测试","memberNum":0,"remark":"测试","createTime":"2018-04-12T09:01:15.000Z"}]}
*************** response log end ***************

[2018-08-30T15:18:03.655] [INFO] resLog - 
*************** response log start ***************
request method: OPTIONS
request originalUrl:  /user/getSendMailUser
request client ip:  ::1
request body: 
{}
response time: 0
response status: 204
response body: 
undefined
*************** response log end ***************

[2018-08-30T15:18:03.669] [INFO] resLog - 
*************** response log start ***************
request method: GET
request originalUrl:  /user/getSendMailUser
request client ip:  ::1
request query:  {}
response time: 0
response status: 200
response body: 
{"status":false,"data":"Not Login"}
*************** response log end ***************

[2018-08-30T15:18:12.563] [INFO] resLog - 
*************** response log start ***************
request method: OPTIONS
request originalUrl:  /user/adminLogin
request client ip:  ::1
request body: 
{}
response time: 0
response status: 204
response body: 
undefined
*************** response log end ***************

[2018-08-30T15:18:12.585] [INFO] resLog - 
*************** response log start ***************
request method: POST
request originalUrl:  /user/adminLogin
request client ip:  ::1
request body: 
{"email":"admin","password":"admin"}
response time: 2
response status: 200
response body: 
{"status":true,"data":{"email":"admin","name":"admin","sex":"male","remark":"admin","groupId":0,"role":"admin","level":0}}
*************** response log end ***************

[2018-08-30T15:18:12.677] [INFO] resLog - 
*************** response log start ***************
request method: OPTIONS
request originalUrl:  /group/groupManage/get
request client ip:  ::1
request body: 
{}
response time: 0
response status: 204
response body: 
undefined
*************** response log end ***************

[2018-08-30T15:18:12.709] [INFO] resLog - 
*************** response log start ***************
request method: GET
request originalUrl:  /group/groupManage/get
request client ip:  ::1
request query:  {}
response time: 5
response status: 200
response body: 
{"status":true,"data":[{"id":37,"name":"CA大平台-IMP组-前端","memberNum":0,"remark":"CA大平台-IMP组-前端，sunflower，一个潮气蓬勃，潜力无限，有梦想有追求的前端团队。","createTime":"2018-04-12T09:02:09.000Z"},{"id":38,"name":"测试","memberNum":0,"remark":"测试","createTime":"2018-04-12T09:01:15.000Z"}]}
*************** response log end ***************

[2018-08-30T15:18:14.491] [INFO] resLog - 
*************** response log start ***************
request method: GET
request originalUrl:  /group/groupManage/get
request client ip:  ::1
request query:  {}
response time: 2
response status: 200
response body: 
{"status":true,"data":[{"id":37,"name":"CA大平台-IMP组-前端","memberNum":0,"remark":"CA大平台-IMP组-前端，sunflower，一个潮气蓬勃，潜力无限，有梦想有追求的前端团队。","createTime":"2018-04-12T09:02:09.000Z"},{"id":38,"name":"测试","memberNum":0,"remark":"测试","createTime":"2018-04-12T09:01:15.000Z"}]}
*************** response log end ***************

[2018-08-30T15:18:33.328] [INFO] resLog - 
*************** response log start ***************
request method: OPTIONS
request originalUrl:  /group/groupManage/get
request client ip:  ::1
request body: 
{}
response time: 0
response status: 204
response body: 
undefined
*************** response log end ***************

[2018-08-30T15:18:33.349] [INFO] resLog - 
*************** response log start ***************
request method: GET
request originalUrl:  /group/groupManage/get
request client ip:  ::1
request query:  {}
response time: 5
response status: 200
response body: 
{"status":true,"data":[{"id":37,"name":"CA大平台-IMP组-前端","memberNum":0,"remark":"CA大平台-IMP组-前端，sunflower，一个潮气蓬勃，潜力无限，有梦想有追求的前端团队。","createTime":"2018-04-12T09:02:09.000Z"},{"id":38,"name":"测试","memberNum":0,"remark":"测试","createTime":"2018-04-12T09:01:15.000Z"}]}
*************** response log end ***************

[2018-08-30T15:19:04.255] [INFO] resLog - 
*************** response log start ***************
request method: OPTIONS
request originalUrl:  /group/groupManage/get
request client ip:  ::1
request body: 
{}
response time: 0
response status: 204
response body: 
undefined
*************** response log end ***************

[2018-08-30T15:19:04.271] [INFO] resLog - 
*************** response log start ***************
request method: GET
request originalUrl:  /group/groupManage/get
request client ip:  ::1
request query:  {}
response time: 2
response status: 200
response body: 
{"status":true,"data":[{"id":37,"name":"CA大平台-IMP组-前端","memberNum":0,"remark":"CA大平台-IMP组-前端，sunflower，一个潮气蓬勃，潜力无限，有梦想有追求的前端团队。","createTime":"2018-04-12T09:02:09.000Z"},{"id":38,"name":"测试","memberNum":0,"remark":"测试","createTime":"2018-04-12T09:01:15.000Z"}]}
*************** response log end ***************

[2018-08-30T15:19:10.445] [INFO] resLog - 
*************** response log start ***************
request method: OPTIONS
request originalUrl:  /group/groupManage/get
request client ip:  ::1
request body: 
{}
response time: 0
response status: 204
response body: 
undefined
*************** response log end ***************

[2018-08-30T15:19:10.446] [INFO] resLog - 
*************** response log start ***************
request method: OPTIONS
request originalUrl:  /group/groupManage/get
request client ip:  ::1
request body: 
{}
response time: 0
response status: 204
response body: 
undefined
*************** response log end ***************

[2018-08-30T15:19:10.476] [INFO] resLog - 
*************** response log start ***************
request method: GET
request originalUrl:  /group/groupManage/get
request client ip:  ::1
request query:  {}
response time: 2
response status: 200
response body: 
{"status":true,"data":[{"id":37,"name":"CA大平台-IMP组-前端","memberNum":0,"remark":"CA大平台-IMP组-前端，sunflower，一个潮气蓬勃，潜力无限，有梦想有追求的前端团队。","createTime":"2018-04-12T09:02:09.000Z"},{"id":38,"name":"测试","memberNum":0,"remark":"测试","createTime":"2018-04-12T09:01:15.000Z"}]}
*************** response log end ***************

[2018-08-30T15:19:10.480] [INFO] resLog - 
*************** response log start ***************
request method: GET
request originalUrl:  /group/groupManage/get
request client ip:  ::1
request query:  {}
response time: 2
response status: 200
response body: 
{"status":true,"data":[{"id":37,"name":"CA大平台-IMP组-前端","memberNum":0,"remark":"CA大平台-IMP组-前端，sunflower，一个潮气蓬勃，潜力无限，有梦想有追求的前端团队。","createTime":"2018-04-12T09:02:09.000Z"},{"id":38,"name":"测试","memberNum":0,"remark":"测试","createTime":"2018-04-12T09:01:15.000Z"}]}
*************** response log end ***************

[2018-08-30T15:19:42.937] [INFO] resLog - 
*************** response log start ***************
request method: OPTIONS
request originalUrl:  /group/groupManage/get
request client ip:  ::1
request body: 
{}
response time: 1
response status: 204
response body: 
undefined
*************** response log end ***************

[2018-08-30T15:19:42.954] [INFO] resLog - 
*************** response log start ***************
request method: GET
request originalUrl:  /group/groupManage/get
request client ip:  ::1
request query:  {}
response time: 2
response status: 200
response body: 
{"status":true,"data":[{"id":37,"name":"CA大平台-IMP组-前端","memberNum":0,"remark":"CA大平台-IMP组-前端，sunflower，一个潮气蓬勃，潜力无限，有梦想有追求的前端团队。","createTime":"2018-04-12T09:02:09.000Z"},{"id":38,"name":"测试","memberNum":0,"remark":"测试","createTime":"2018-04-12T09:01:15.000Z"}]}
*************** response log end ***************

[2018-08-30T15:19:46.039] [INFO] resLog - 
*************** response log start ***************
request method: GET
request originalUrl:  /group/groupManage/get
request client ip:  ::1
request query:  {}
response time: 2
response status: 200
response body: 
{"status":true,"data":[{"id":37,"name":"CA大平台-IMP组-前端","memberNum":0,"remark":"CA大平台-IMP组-前端，sunflower，一个潮气蓬勃，潜力无限，有梦想有追求的前端团队。","createTime":"2018-04-12T09:02:09.000Z"},{"id":38,"name":"测试","memberNum":0,"remark":"测试","createTime":"2018-04-12T09:01:15.000Z"}]}
*************** response log end ***************

[2018-08-30T15:19:46.044] [INFO] resLog - 
*************** response log start ***************
request method: GET
request originalUrl:  /group/groupManage/get
request client ip:  ::1
request query:  {}
response time: 2
response status: 200
response body: 
{"status":true,"data":[{"id":37,"name":"CA大平台-IMP组-前端","memberNum":0,"remark":"CA大平台-IMP组-前端，sunflower，一个潮气蓬勃，潜力无限，有梦想有追求的前端团队。","createTime":"2018-04-12T09:02:09.000Z"},{"id":38,"name":"测试","memberNum":0,"remark":"测试","createTime":"2018-04-12T09:01:15.000Z"}]}
*************** response log end ***************

[2018-08-30T15:20:16.377] [INFO] resLog - 
*************** response log start ***************
request method: OPTIONS
request originalUrl:  /group/groupManage/get
request client ip:  ::1
request body: 
{}
response time: 1
response status: 204
response body: 
undefined
*************** response log end ***************

[2018-08-30T15:20:16.390] [INFO] resLog - 
*************** response log start ***************
request method: GET
request originalUrl:  /group/groupManage/get
request client ip:  ::1
request query:  {}
response time: 1
response status: 200
response body: 
{"status":true,"data":[{"id":37,"name":"CA大平台-IMP组-前端","memberNum":0,"remark":"CA大平台-IMP组-前端，sunflower，一个潮气蓬勃，潜力无限，有梦想有追求的前端团队。","createTime":"2018-04-12T09:02:09.000Z"},{"id":38,"name":"测试","memberNum":0,"remark":"测试","createTime":"2018-04-12T09:01:15.000Z"}]}
*************** response log end ***************

[2018-08-30T15:20:20.911] [INFO] resLog - 
*************** response log start ***************
request method: GET
request originalUrl:  /group/groupManage/get
request client ip:  ::1
request query:  {}
response time: 2
response status: 200
response body: 
{"status":true,"data":[{"id":37,"name":"CA大平台-IMP组-前端","memberNum":0,"remark":"CA大平台-IMP组-前端，sunflower，一个潮气蓬勃，潜力无限，有梦想有追求的前端团队。","createTime":"2018-04-12T09:02:09.000Z"},{"id":38,"name":"测试","memberNum":0,"remark":"测试","createTime":"2018-04-12T09:01:15.000Z"}]}
*************** response log end ***************

[2018-08-30T15:20:20.916] [INFO] resLog - 
*************** response log start ***************
request method: GET
request originalUrl:  /group/groupManage/get
request client ip:  ::1
request query:  {}
response time: 3
response status: 200
response body: 
{"status":true,"data":[{"id":37,"name":"CA大平台-IMP组-前端","memberNum":0,"remark":"CA大平台-IMP组-前端，sunflower，一个潮气蓬勃，潜力无限，有梦想有追求的前端团队。","createTime":"2018-04-12T09:02:09.000Z"},{"id":38,"name":"测试","memberNum":0,"remark":"测试","createTime":"2018-04-12T09:01:15.000Z"}]}
*************** response log end ***************

[2018-08-30T15:31:53.708] [INFO] resLog - 
*************** response log start ***************
request method: OPTIONS
request originalUrl:  /group/groupManage/get
request client ip:  ::1
request body: 
{}
response time: 0
response status: 204
response body: 
undefined
*************** response log end ***************

[2018-08-30T15:31:53.729] [INFO] resLog - 
*************** response log start ***************
request method: GET
request originalUrl:  /group/groupManage/get
request client ip:  ::1
request query:  {}
response time: 2
response status: 200
response body: 
{"status":true,"data":[{"id":37,"name":"CA大平台-IMP组-前端","memberNum":0,"remark":"CA大平台-IMP组-前端，sunflower，一个潮气蓬勃，潜力无限，有梦想有追求的前端团队。","createTime":"2018-04-12T09:02:09.000Z"},{"id":38,"name":"测试","memberNum":0,"remark":"测试","createTime":"2018-04-12T09:01:15.000Z"}]}
*************** response log end ***************

[2018-08-30T15:34:40.081] [INFO] resLog - 
*************** response log start ***************
request method: OPTIONS
request originalUrl:  /group/groupManage/get
request client ip:  ::1
request body: 
{}
response time: 1
response status: 204
response body: 
undefined
*************** response log end ***************

[2018-08-30T15:34:40.090] [INFO] resLog - 
*************** response log start ***************
request method: GET
request originalUrl:  /group/groupManage/get
request client ip:  ::1
request query:  {}
response time: 1
response status: 200
response body: 
{"status":true,"data":[{"id":37,"name":"CA大平台-IMP组-前端","memberNum":0,"remark":"CA大平台-IMP组-前端，sunflower，一个潮气蓬勃，潜力无限，有梦想有追求的前端团队。","createTime":"2018-04-12T09:02:09.000Z"},{"id":38,"name":"测试","memberNum":0,"remark":"测试","createTime":"2018-04-12T09:01:15.000Z"}]}
*************** response log end ***************

[2018-08-30T15:34:49.270] [INFO] resLog - 
*************** response log start ***************
request method: OPTIONS
request originalUrl:  /group/groupManage/get
request client ip:  ::1
request body: 
{}
response time: 0
response status: 204
response body: 
undefined
*************** response log end ***************

[2018-08-30T15:34:49.274] [INFO] resLog - 
*************** response log start ***************
request method: OPTIONS
request originalUrl:  /group/groupManage/get
request client ip:  ::1
request body: 
{}
response time: 0
response status: 204
response body: 
undefined
*************** response log end ***************

[2018-08-30T15:34:49.315] [INFO] resLog - 
*************** response log start ***************
request method: GET
request originalUrl:  /group/groupManage/get
request client ip:  ::1
request query:  {}
response time: 1
response status: 200
response body: 
{"status":true,"data":[{"id":37,"name":"CA大平台-IMP组-前端","memberNum":0,"remark":"CA大平台-IMP组-前端，sunflower，一个潮气蓬勃，潜力无限，有梦想有追求的前端团队。","createTime":"2018-04-12T09:02:09.000Z"},{"id":38,"name":"测试","memberNum":0,"remark":"测试","createTime":"2018-04-12T09:01:15.000Z"}]}
*************** response log end ***************

[2018-08-30T15:34:49.323] [INFO] resLog - 
*************** response log start ***************
request method: GET
request originalUrl:  /group/groupManage/get
request client ip:  ::1
request query:  {}
response time: 1
response status: 200
response body: 
{"status":true,"data":[{"id":37,"name":"CA大平台-IMP组-前端","memberNum":0,"remark":"CA大平台-IMP组-前端，sunflower，一个潮气蓬勃，潜力无限，有梦想有追求的前端团队。","createTime":"2018-04-12T09:02:09.000Z"},{"id":38,"name":"测试","memberNum":0,"remark":"测试","createTime":"2018-04-12T09:01:15.000Z"}]}
*************** response log end ***************

[2018-08-30T15:35:48.563] [INFO] resLog - 
*************** response log start ***************
request method: OPTIONS
request originalUrl:  /group/groupManage/get
request client ip:  ::1
request body: 
{}
response time: 0
response status: 204
response body: 
undefined
*************** response log end ***************

[2018-08-30T15:35:48.584] [INFO] resLog - 
*************** response log start ***************
request method: GET
request originalUrl:  /group/groupManage/get
request client ip:  ::1
request query:  {}
response time: 3
response status: 200
response body: 
{"status":true,"data":[{"id":37,"name":"CA大平台-IMP组-前端","memberNum":0,"remark":"CA大平台-IMP组-前端，sunflower，一个潮气蓬勃，潜力无限，有梦想有追求的前端团队。","createTime":"2018-04-12T09:02:09.000Z"},{"id":38,"name":"测试","memberNum":0,"remark":"测试","createTime":"2018-04-12T09:01:15.000Z"}]}
*************** response log end ***************

[2018-08-30T15:35:57.254] [INFO] resLog - 
*************** response log start ***************
request method: OPTIONS
request originalUrl:  /group/groupManage/get
request client ip:  ::1
request body: 
{}
response time: 0
response status: 204
response body: 
undefined
*************** response log end ***************

[2018-08-30T15:35:57.273] [INFO] resLog - 
*************** response log start ***************
request method: GET
request originalUrl:  /group/groupManage/get
request client ip:  ::1
request query:  {}
response time: 3
response status: 200
response body: 
{"status":true,"data":[{"id":37,"name":"CA大平台-IMP组-前端","memberNum":0,"remark":"CA大平台-IMP组-前端，sunflower，一个潮气蓬勃，潜力无限，有梦想有追求的前端团队。","createTime":"2018-04-12T09:02:09.000Z"},{"id":38,"name":"测试","memberNum":0,"remark":"测试","createTime":"2018-04-12T09:01:15.000Z"}]}
*************** response log end ***************

[2018-08-30T15:36:00.389] [INFO] resLog - 
*************** response log start ***************
request method: GET
request originalUrl:  /group/groupManage/get
request client ip:  ::1
request query:  {}
response time: 1
response status: 200
response body: 
{"status":true,"data":[{"id":37,"name":"CA大平台-IMP组-前端","memberNum":0,"remark":"CA大平台-IMP组-前端，sunflower，一个潮气蓬勃，潜力无限，有梦想有追求的前端团队。","createTime":"2018-04-12T09:02:09.000Z"},{"id":38,"name":"测试","memberNum":0,"remark":"测试","createTime":"2018-04-12T09:01:15.000Z"}]}
*************** response log end ***************

[2018-08-30T15:36:00.394] [INFO] resLog - 
*************** response log start ***************
request method: GET
request originalUrl:  /group/groupManage/get
request client ip:  ::1
request query:  {}
response time: 3
response status: 200
response body: 
{"status":true,"data":[{"id":37,"name":"CA大平台-IMP组-前端","memberNum":0,"remark":"CA大平台-IMP组-前端，sunflower，一个潮气蓬勃，潜力无限，有梦想有追求的前端团队。","createTime":"2018-04-12T09:02:09.000Z"},{"id":38,"name":"测试","memberNum":0,"remark":"测试","createTime":"2018-04-12T09:01:15.000Z"}]}
*************** response log end ***************

[2018-08-30T15:37:34.614] [INFO] resLog - 
*************** response log start ***************
request method: OPTIONS
request originalUrl:  /group/groupManage/get
request client ip:  ::1
request body: 
{}
response time: 0
response status: 204
response body: 
undefined
*************** response log end ***************

[2018-08-30T15:37:34.631] [INFO] resLog - 
*************** response log start ***************
request method: GET
request originalUrl:  /group/groupManage/get
request client ip:  ::1
request query:  {}
response time: 1
response status: 200
response body: 
{"status":true,"data":[{"id":37,"name":"CA大平台-IMP组-前端","memberNum":0,"remark":"CA大平台-IMP组-前端，sunflower，一个潮气蓬勃，潜力无限，有梦想有追求的前端团队。","createTime":"2018-04-12T09:02:09.000Z"},{"id":38,"name":"测试","memberNum":0,"remark":"测试","createTime":"2018-04-12T09:01:15.000Z"}]}
*************** response log end ***************

[2018-08-30T15:37:37.033] [INFO] resLog - 
*************** response log start ***************
request method: GET
request originalUrl:  /group/groupManage/get
request client ip:  ::1
request query:  {}
response time: 1
response status: 200
response body: 
{"status":true,"data":[{"id":37,"name":"CA大平台-IMP组-前端","memberNum":0,"remark":"CA大平台-IMP组-前端，sunflower，一个潮气蓬勃，潜力无限，有梦想有追求的前端团队。","createTime":"2018-04-12T09:02:09.000Z"},{"id":38,"name":"测试","memberNum":0,"remark":"测试","createTime":"2018-04-12T09:01:15.000Z"}]}
*************** response log end ***************

[2018-08-30T15:37:57.440] [INFO] resLog - 
*************** response log start ***************
request method: OPTIONS
request originalUrl:  /group/groupManage/get
request client ip:  ::1
request body: 
{}
response time: 0
response status: 204
response body: 
undefined
*************** response log end ***************

[2018-08-30T15:37:57.456] [INFO] resLog - 
*************** response log start ***************
request method: GET
request originalUrl:  /group/groupManage/get
request client ip:  ::1
request query:  {}
response time: 2
response status: 200
response body: 
{"status":true,"data":[{"id":37,"name":"CA大平台-IMP组-前端","memberNum":0,"remark":"CA大平台-IMP组-前端，sunflower，一个潮气蓬勃，潜力无限，有梦想有追求的前端团队。","createTime":"2018-04-12T09:02:09.000Z"},{"id":38,"name":"测试","memberNum":0,"remark":"测试","createTime":"2018-04-12T09:01:15.000Z"}]}
*************** response log end ***************

[2018-08-30T15:38:05.362] [INFO] resLog - 
*************** response log start ***************
request method: OPTIONS
request originalUrl:  /group/groupManage/get
request client ip:  ::1
request body: 
{}
response time: 1
response status: 204
response body: 
undefined
*************** response log end ***************

[2018-08-30T15:38:05.374] [INFO] resLog - 
*************** response log start ***************
request method: GET
request originalUrl:  /group/groupManage/get
request client ip:  ::1
request query:  {}
response time: 2
response status: 200
response body: 
{"status":true,"data":[{"id":37,"name":"CA大平台-IMP组-前端","memberNum":0,"remark":"CA大平台-IMP组-前端，sunflower，一个潮气蓬勃，潜力无限，有梦想有追求的前端团队。","createTime":"2018-04-12T09:02:09.000Z"},{"id":38,"name":"测试","memberNum":0,"remark":"测试","createTime":"2018-04-12T09:01:15.000Z"}]}
*************** response log end ***************

[2018-08-30T15:38:33.598] [INFO] resLog - 
*************** response log start ***************
request method: OPTIONS
request originalUrl:  /group/groupManage/get
request client ip:  ::1
request body: 
{}
response time: 1
response status: 204
response body: 
undefined
*************** response log end ***************

[2018-08-30T15:38:33.617] [INFO] resLog - 
*************** response log start ***************
request method: GET
request originalUrl:  /group/groupManage/get
request client ip:  ::1
request query:  {}
response time: 1
response status: 200
response body: 
{"status":true,"data":[{"id":37,"name":"CA大平台-IMP组-前端","memberNum":0,"remark":"CA大平台-IMP组-前端，sunflower，一个潮气蓬勃，潜力无限，有梦想有追求的前端团队。","createTime":"2018-04-12T09:02:09.000Z"},{"id":38,"name":"测试","memberNum":0,"remark":"测试","createTime":"2018-04-12T09:01:15.000Z"}]}
*************** response log end ***************

[2018-08-30T15:38:38.629] [INFO] resLog - 
*************** response log start ***************
request method: OPTIONS
request originalUrl:  /group/groupManage/get
request client ip:  ::1
request body: 
{}
response time: 0
response status: 204
response body: 
undefined
*************** response log end ***************

[2018-08-30T15:38:38.641] [INFO] resLog - 
*************** response log start ***************
request method: OPTIONS
request originalUrl:  /group/groupManage/get
request client ip:  ::1
request body: 
{}
response time: 0
response status: 204
response body: 
undefined
*************** response log end ***************

[2018-08-30T15:38:38.687] [INFO] resLog - 
*************** response log start ***************
request method: GET
request originalUrl:  /group/groupManage/get
request client ip:  ::1
request query:  {}
response time: 2
response status: 200
response body: 
{"status":true,"data":[{"id":37,"name":"CA大平台-IMP组-前端","memberNum":0,"remark":"CA大平台-IMP组-前端，sunflower，一个潮气蓬勃，潜力无限，有梦想有追求的前端团队。","createTime":"2018-04-12T09:02:09.000Z"},{"id":38,"name":"测试","memberNum":0,"remark":"测试","createTime":"2018-04-12T09:01:15.000Z"}]}
*************** response log end ***************

[2018-08-30T15:38:38.739] [INFO] resLog - 
*************** response log start ***************
request method: GET
request originalUrl:  /group/groupManage/get
request client ip:  ::1
request query:  {}
response time: 1
response status: 200
response body: 
{"status":true,"data":[{"id":37,"name":"CA大平台-IMP组-前端","memberNum":0,"remark":"CA大平台-IMP组-前端，sunflower，一个潮气蓬勃，潜力无限，有梦想有追求的前端团队。","createTime":"2018-04-12T09:02:09.000Z"},{"id":38,"name":"测试","memberNum":0,"remark":"测试","createTime":"2018-04-12T09:01:15.000Z"}]}
*************** response log end ***************

[2018-08-30T15:39:46.393] [INFO] resLog - 
*************** response log start ***************
request method: OPTIONS
request originalUrl:  /group/groupManage/get
request client ip:  ::1
request body: 
{}
response time: 0
response status: 204
response body: 
undefined
*************** response log end ***************

[2018-08-30T15:39:46.408] [INFO] resLog - 
*************** response log start ***************
request method: GET
request originalUrl:  /group/groupManage/get
request client ip:  ::1
request query:  {}
response time: 0
response status: 200
response body: 
{"status":true,"data":[{"id":37,"name":"CA大平台-IMP组-前端","memberNum":0,"remark":"CA大平台-IMP组-前端，sunflower，一个潮气蓬勃，潜力无限，有梦想有追求的前端团队。","createTime":"2018-04-12T09:02:09.000Z"},{"id":38,"name":"测试","memberNum":0,"remark":"测试","createTime":"2018-04-12T09:01:15.000Z"}]}
*************** response log end ***************

[2018-08-30T15:40:13.073] [INFO] resLog - 
*************** response log start ***************
request method: OPTIONS
request originalUrl:  /group/groupManage/get
request client ip:  ::1
request body: 
{}
response time: 0
response status: 204
response body: 
undefined
*************** response log end ***************

[2018-08-30T15:40:13.090] [INFO] resLog - 
*************** response log start ***************
request method: GET
request originalUrl:  /group/groupManage/get
request client ip:  ::1
request query:  {}
response time: 2
response status: 200
response body: 
{"status":true,"data":[{"id":37,"name":"CA大平台-IMP组-前端","memberNum":0,"remark":"CA大平台-IMP组-前端，sunflower，一个潮气蓬勃，潜力无限，有梦想有追求的前端团队。","createTime":"2018-04-12T09:02:09.000Z"},{"id":38,"name":"测试","memberNum":0,"remark":"测试","createTime":"2018-04-12T09:01:15.000Z"}]}
*************** response log end ***************

[2018-08-30T15:40:16.312] [INFO] resLog - 
*************** response log start ***************
request method: GET
request originalUrl:  /group/groupManage/get
request client ip:  ::1
request query:  {}
response time: 1
response status: 200
response body: 
{"status":true,"data":[{"id":37,"name":"CA大平台-IMP组-前端","memberNum":0,"remark":"CA大平台-IMP组-前端，sunflower，一个潮气蓬勃，潜力无限，有梦想有追求的前端团队。","createTime":"2018-04-12T09:02:09.000Z"},{"id":38,"name":"测试","memberNum":0,"remark":"测试","createTime":"2018-04-12T09:01:15.000Z"}]}
*************** response log end ***************

[2018-08-30T15:40:16.316] [INFO] resLog - 
*************** response log start ***************
request method: GET
request originalUrl:  /group/groupManage/get
request client ip:  ::1
request query:  {}
response time: 2
response status: 200
response body: 
{"status":true,"data":[{"id":37,"name":"CA大平台-IMP组-前端","memberNum":0,"remark":"CA大平台-IMP组-前端，sunflower，一个潮气蓬勃，潜力无限，有梦想有追求的前端团队。","createTime":"2018-04-12T09:02:09.000Z"},{"id":38,"name":"测试","memberNum":0,"remark":"测试","createTime":"2018-04-12T09:01:15.000Z"}]}
*************** response log end ***************

[2018-08-30T15:41:05.986] [INFO] resLog - 
*************** response log start ***************
request method: OPTIONS
request originalUrl:  /group/groupManage/get
request client ip:  ::1
request body: 
{}
response time: 0
response status: 204
response body: 
undefined
*************** response log end ***************

[2018-08-30T15:41:06.004] [INFO] resLog - 
*************** response log start ***************
request method: GET
request originalUrl:  /group/groupManage/get
request client ip:  ::1
request query:  {}
response time: 1
response status: 200
response body: 
{"status":true,"data":[{"id":37,"name":"CA大平台-IMP组-前端","memberNum":0,"remark":"CA大平台-IMP组-前端，sunflower，一个潮气蓬勃，潜力无限，有梦想有追求的前端团队。","createTime":"2018-04-12T09:02:09.000Z"},{"id":38,"name":"测试","memberNum":0,"remark":"测试","createTime":"2018-04-12T09:01:15.000Z"}]}
*************** response log end ***************

[2018-08-30T15:41:21.417] [INFO] resLog - 
*************** response log start ***************
request method: OPTIONS
request originalUrl:  /group/groupManage/get
request client ip:  ::1
request body: 
{}
response time: 0
response status: 204
response body: 
undefined
*************** response log end ***************

[2018-08-30T15:41:21.435] [INFO] resLog - 
*************** response log start ***************
request method: GET
request originalUrl:  /group/groupManage/get
request client ip:  ::1
request query:  {}
response time: 1
response status: 200
response body: 
{"status":true,"data":[{"id":37,"name":"CA大平台-IMP组-前端","memberNum":0,"remark":"CA大平台-IMP组-前端，sunflower，一个潮气蓬勃，潜力无限，有梦想有追求的前端团队。","createTime":"2018-04-12T09:02:09.000Z"},{"id":38,"name":"测试","memberNum":0,"remark":"测试","createTime":"2018-04-12T09:01:15.000Z"}]}
*************** response log end ***************

[2018-08-30T15:42:50.259] [INFO] resLog - 
*************** response log start ***************
request method: OPTIONS
request originalUrl:  /group/groupManage/get
request client ip:  ::1
request body: 
{}
response time: 1
response status: 204
response body: 
undefined
*************** response log end ***************

[2018-08-30T15:42:50.268] [INFO] resLog - 
*************** response log start ***************
request method: GET
request originalUrl:  /group/groupManage/get
request client ip:  ::1
request query:  {}
response time: 1
response status: 200
response body: 
{"status":true,"data":[{"id":37,"name":"CA大平台-IMP组-前端","memberNum":0,"remark":"CA大平台-IMP组-前端，sunflower，一个潮气蓬勃，潜力无限，有梦想有追求的前端团队。","createTime":"2018-04-12T09:02:09.000Z"},{"id":38,"name":"测试","memberNum":0,"remark":"测试","createTime":"2018-04-12T09:01:15.000Z"}]}
*************** response log end ***************

[2018-08-30T15:43:10.151] [INFO] resLog - 
*************** response log start ***************
request method: OPTIONS
request originalUrl:  /group/groupManage/get
request client ip:  ::1
request body: 
{}
response time: 0
response status: 204
response body: 
undefined
*************** response log end ***************

[2018-08-30T15:43:10.161] [INFO] resLog - 
*************** response log start ***************
request method: GET
request originalUrl:  /group/groupManage/get
request client ip:  ::1
request query:  {}
response time: 1
response status: 200
response body: 
{"status":true,"data":[{"id":37,"name":"CA大平台-IMP组-前端","memberNum":0,"remark":"CA大平台-IMP组-前端，sunflower，一个潮气蓬勃，潜力无限，有梦想有追求的前端团队。","createTime":"2018-04-12T09:02:09.000Z"},{"id":38,"name":"测试","memberNum":0,"remark":"测试","createTime":"2018-04-12T09:01:15.000Z"}]}
*************** response log end ***************

[2018-08-30T15:43:22.531] [INFO] resLog - 
*************** response log start ***************
request method: OPTIONS
request originalUrl:  /group/groupManage/get
request client ip:  ::1
request body: 
{}
response time: 0
response status: 204
response body: 
undefined
*************** response log end ***************

[2018-08-30T15:43:22.538] [INFO] resLog - 
*************** response log start ***************
request method: OPTIONS
request originalUrl:  /group/groupManage/get
request client ip:  ::1
request body: 
{}
response time: 0
response status: 204
response body: 
undefined
*************** response log end ***************

[2018-08-30T15:43:22.573] [INFO] resLog - 
*************** response log start ***************
request method: GET
request originalUrl:  /group/groupManage/get
request client ip:  ::1
request query:  {}
response time: 3
response status: 200
response body: 
{"status":true,"data":[{"id":37,"name":"CA大平台-IMP组-前端","memberNum":0,"remark":"CA大平台-IMP组-前端，sunflower，一个潮气蓬勃，潜力无限，有梦想有追求的前端团队。","createTime":"2018-04-12T09:02:09.000Z"},{"id":38,"name":"测试","memberNum":0,"remark":"测试","createTime":"2018-04-12T09:01:15.000Z"}]}
*************** response log end ***************

[2018-08-30T15:43:22.579] [INFO] resLog - 
*************** response log start ***************
request method: GET
request originalUrl:  /group/groupManage/get
request client ip:  ::1
request query:  {}
response time: 4
response status: 200
response body: 
{"status":true,"data":[{"id":37,"name":"CA大平台-IMP组-前端","memberNum":0,"remark":"CA大平台-IMP组-前端，sunflower，一个潮气蓬勃，潜力无限，有梦想有追求的前端团队。","createTime":"2018-04-12T09:02:09.000Z"},{"id":38,"name":"测试","memberNum":0,"remark":"测试","createTime":"2018-04-12T09:01:15.000Z"}]}
*************** response log end ***************

[2018-08-30T15:44:21.118] [INFO] resLog - 
*************** response log start ***************
request method: OPTIONS
request originalUrl:  /group/groupManage/get
request client ip:  ::1
request body: 
{}
response time: 0
response status: 204
response body: 
undefined
*************** response log end ***************

[2018-08-30T15:44:21.137] [INFO] resLog - 
*************** response log start ***************
request method: GET
request originalUrl:  /group/groupManage/get
request client ip:  ::1
request query:  {}
response time: 3
response status: 200
response body: 
{"status":true,"data":[{"id":37,"name":"CA大平台-IMP组-前端","memberNum":0,"remark":"CA大平台-IMP组-前端，sunflower，一个潮气蓬勃，潜力无限，有梦想有追求的前端团队。","createTime":"2018-04-12T09:02:09.000Z"},{"id":38,"name":"测试","memberNum":0,"remark":"测试","createTime":"2018-04-12T09:01:15.000Z"}]}
*************** response log end ***************

[2018-08-30T15:46:15.144] [INFO] resLog - 
*************** response log start ***************
request method: OPTIONS
request originalUrl:  /group/groupManage/get
request client ip:  ::1
request body: 
{}
response time: 0
response status: 204
response body: 
undefined
*************** response log end ***************

[2018-08-30T15:46:15.162] [INFO] resLog - 
*************** response log start ***************
request method: GET
request originalUrl:  /group/groupManage/get
request client ip:  ::1
request query:  {}
response time: 1
response status: 200
response body: 
{"status":true,"data":[{"id":37,"name":"CA大平台-IMP组-前端","memberNum":0,"remark":"CA大平台-IMP组-前端，sunflower，一个潮气蓬勃，潜力无限，有梦想有追求的前端团队。","createTime":"2018-04-12T09:02:09.000Z"},{"id":38,"name":"测试","memberNum":0,"remark":"测试","createTime":"2018-04-12T09:01:15.000Z"}]}
*************** response log end ***************

[2018-08-30T15:48:21.599] [INFO] resLog - 
*************** response log start ***************
request method: OPTIONS
request originalUrl:  /group/groupManage/get
request client ip:  ::1
request body: 
{}
response time: 0
response status: 204
response body: 
undefined
*************** response log end ***************

[2018-08-30T15:48:21.610] [INFO] resLog - 
*************** response log start ***************
request method: OPTIONS
request originalUrl:  /group/groupManage/get
request client ip:  ::1
request body: 
{}
response time: 0
response status: 204
response body: 
undefined
*************** response log end ***************

[2018-08-30T15:48:21.647] [INFO] resLog - 
*************** response log start ***************
request method: GET
request originalUrl:  /group/groupManage/get
request client ip:  ::1
request query:  {}
response time: 4
response status: 200
response body: 
{"status":true,"data":[{"id":37,"name":"CA大平台-IMP组-前端","memberNum":0,"remark":"CA大平台-IMP组-前端，sunflower，一个潮气蓬勃，潜力无限，有梦想有追求的前端团队。","createTime":"2018-04-12T09:02:09.000Z"},{"id":38,"name":"测试","memberNum":0,"remark":"测试","createTime":"2018-04-12T09:01:15.000Z"}]}
*************** response log end ***************

[2018-08-30T15:48:21.658] [INFO] resLog - 
*************** response log start ***************
request method: GET
request originalUrl:  /group/groupManage/get
request client ip:  ::1
request query:  {}
response time: 1
response status: 200
response body: 
{"status":true,"data":[{"id":37,"name":"CA大平台-IMP组-前端","memberNum":0,"remark":"CA大平台-IMP组-前端，sunflower，一个潮气蓬勃，潜力无限，有梦想有追求的前端团队。","createTime":"2018-04-12T09:02:09.000Z"},{"id":38,"name":"测试","memberNum":0,"remark":"测试","createTime":"2018-04-12T09:01:15.000Z"}]}
*************** response log end ***************

[2018-08-30T15:53:35.865] [INFO] resLog - 
*************** response log start ***************
request method: GET
request originalUrl:  /group/groupManage/get
request client ip:  ::1
request query:  {}
response time: 1
response status: 200
response body: 
{"status":true,"data":[{"id":37,"name":"CA大平台-IMP组-前端","memberNum":0,"remark":"CA大平台-IMP组-前端，sunflower，一个潮气蓬勃，潜力无限，有梦想有追求的前端团队。","createTime":"2018-04-12T09:02:09.000Z","combine":"000"},{"id":38,"name":"测试","memberNum":0,"remark":"测试","createTime":"2018-04-12T09:01:15.000Z","combine":"000"}]}
*************** response log end ***************

[2018-08-30T15:53:36.086] [INFO] resLog - 
*************** response log start ***************
request method: GET
request originalUrl:  /favicon.ico
request client ip:  ::1
request query:  {}
response time: 1
response status: 404
response body: 
undefined
*************** response log end ***************

