[2018-10-12T19:58:48.603] [INFO] resLog - 
*************** response log start ***************
request method: GET
request originalUrl:  /
request client ip:  ::1
request query:  {}
response time: 4
response status: 200
response body: 
{"status":false,"data":"Not Login"}
*************** response log end ***************

[2018-10-12T19:58:49.083] [INFO] resLog - 
*************** response log start ***************
request method: GET
request originalUrl:  /favicon.ico
request client ip:  ::1
request query:  {}
response time: 1
response status: 404
response body: 
undefined
*************** response log end ***************

