[2018-09-12T17:31:09.312] [INFO] resLog - 
*************** response log start ***************
request method: OPTIONS
request originalUrl:  /punchcard/signin
request client ip:  ::ffff:192.168.212.29
request body: 
{}
response time: 0
response status: 204
response body: 
undefined
*************** response log end ***************

[2018-09-12T17:31:09.319] [INFO] resLog - 
*************** response log start ***************
request method: POST
request originalUrl:  /punchcard/signin
request client ip:  ::ffff:192.168.212.29
request body: 
{"userid":"tom@suninfo.com"}
response time: 1
response status: 200
response body: 
{"status":false,"data":"已签到！"}
*************** response log end ***************

[2018-09-12T17:31:09.500] [INFO] resLog - 
*************** response log start ***************
request method: POST
request originalUrl:  /punchcard/signin
request client ip:  ::ffff:192.168.212.29
request body: 
{"userid":"tom@suninfo.com"}
response time: 2
response status: 200
response body: 
{"status":false,"data":"已签到！"}
*************** response log end ***************

[2018-09-12T17:34:45.212] [INFO] resLog - 
*************** response log start ***************
request method: OPTIONS
request originalUrl:  /report/currentWeekReport/get
request client ip:  ::ffff:192.168.212.29
request body: 
{}
response time: 1
response status: 204
response body: 
undefined
*************** response log end ***************

[2018-09-12T17:34:45.374] [INFO] resLog - 
*************** response log start ***************
request method: GET
request originalUrl:  /report/currentWeekReport/get
request client ip:  ::ffff:192.168.212.29
request query:  {}
response time: 14
response status: 200
response body: 
{"status":true,"data":[]}
*************** response log end ***************

[2018-09-12T17:34:48.164] [INFO] resLog - 
*************** response log start ***************
request method: OPTIONS
request originalUrl:  /journal/currentWeekJournal/getAll
request client ip:  ::ffff:192.168.212.29
request body: 
{}
response time: 0
response status: 204
response body: 
undefined
*************** response log end ***************

[2018-09-12T17:34:48.186] [INFO] resLog - 
*************** response log start ***************
request method: GET
request originalUrl:  /journal/currentWeekJournal/getAll
request client ip:  ::ffff:192.168.212.29
request query:  {}
response time: 10
response status: 200
response body: 
{"status":true,"data":[]}
*************** response log end ***************

[2018-09-12T17:34:48.950] [INFO] resLog - 
*************** response log start ***************
request method: OPTIONS
request originalUrl:  /punchcard/userMonthList
request client ip:  ::ffff:192.168.212.29
request body: 
{}
response time: 0
response status: 204
response body: 
undefined
*************** response log end ***************

[2018-09-12T17:34:48.986] [INFO] resLog - 
*************** response log start ***************
request method: POST
request originalUrl:  /punchcard/userMonthList
request client ip:  ::ffff:192.168.212.29
request body: 
{"userid":"tom@suninfo.com","month":"2018-09"}
response time: 2
response status: 200
response body: 
{"status":true,"data":[{"userid":"tom@suninfo.com","card_time":"2018-09-12","card_status":1},{"userid":"tom@suninfo.com","card_time":"2018-09-13","card_status":1}]}
*************** response log end ***************

[2018-09-12T17:35:49.488] [INFO] resLog - 
*************** response log start ***************
request method: OPTIONS
request originalUrl:  /punchcard/userMonthList
request client ip:  ::ffff:192.168.212.29
request body: 
{}
response time: 1
response status: 204
response body: 
undefined
*************** response log end ***************

[2018-09-12T17:35:49.509] [INFO] resLog - 
*************** response log start ***************
request method: POST
request originalUrl:  /punchcard/userMonthList
request client ip:  ::ffff:192.168.212.29
request body: 
{"userid":"tom@suninfo.com","month":"2018-09"}
response time: 4
response status: 200
response body: 
{"status":true,"data":[{"userid":"tom@suninfo.com","card_time":"2018-09-12","card_status":1},{"userid":"tom@suninfo.com","card_time":"2018-09-13","card_status":1}]}
*************** response log end ***************

[2018-09-12T17:37:00.838] [INFO] resLog - 
*************** response log start ***************
request method: OPTIONS
request originalUrl:  /punchcard/userMonthList
request client ip:  ::ffff:192.168.212.29
request body: 
{}
response time: 0
response status: 204
response body: 
undefined
*************** response log end ***************

[2018-09-12T17:37:00.845] [INFO] resLog - 
*************** response log start ***************
request method: POST
request originalUrl:  /punchcard/userMonthList
request client ip:  ::ffff:192.168.212.29
request body: 
{"userid":"tom@suninfo.com","month":"2018-09"}
response time: 1
response status: 200
response body: 
{"status":true,"data":[{"userid":"tom@suninfo.com","card_time":"2018-09-12","card_status":1},{"userid":"tom@suninfo.com","card_time":"2018-09-13","card_status":1}]}
*************** response log end ***************

[2018-09-12T17:37:07.777] [INFO] resLog - 
*************** response log start ***************
request method: OPTIONS
request originalUrl:  /punchcard/userMonthList
request client ip:  ::ffff:192.168.212.29
request body: 
{}
response time: 0
response status: 204
response body: 
undefined
*************** response log end ***************

[2018-09-12T17:37:07.786] [INFO] resLog - 
*************** response log start ***************
request method: POST
request originalUrl:  /punchcard/userMonthList
request client ip:  ::ffff:192.168.212.29
request body: 
{"userid":"tom@suninfo.com","month":"2018-09"}
response time: 2
response status: 200
response body: 
{"status":true,"data":[{"userid":"tom@suninfo.com","card_time":"2018-09-12","card_status":1},{"userid":"tom@suninfo.com","card_time":"2018-09-13","card_status":1}]}
*************** response log end ***************

[2018-09-12T17:39:42.246] [INFO] resLog - 
*************** response log start ***************
request method: OPTIONS
request originalUrl:  /punchcard/userMonthList
request client ip:  ::ffff:192.168.212.29
request body: 
{}
response time: 1
response status: 204
response body: 
undefined
*************** response log end ***************

[2018-09-12T17:39:42.254] [INFO] resLog - 
*************** response log start ***************
request method: POST
request originalUrl:  /punchcard/userMonthList
request client ip:  ::ffff:192.168.212.29
request body: 
{"userid":"tom@suninfo.com","month":"2018-09"}
response time: 2
response status: 200
response body: 
{"status":true,"data":[{"userid":"tom@suninfo.com","card_time":"2018-09-12","card_status":1},{"userid":"tom@suninfo.com","card_time":"2018-09-13","card_status":1}]}
*************** response log end ***************

[2018-09-12T17:41:06.255] [INFO] resLog - 
*************** response log start ***************
request method: OPTIONS
request originalUrl:  /punchcard/userMonthList
request client ip:  ::ffff:192.168.212.29
request body: 
{}
response time: 0
response status: 204
response body: 
undefined
*************** response log end ***************

[2018-09-12T17:41:06.263] [INFO] resLog - 
*************** response log start ***************
request method: POST
request originalUrl:  /punchcard/userMonthList
request client ip:  ::ffff:192.168.212.29
request body: 
{"userid":"tom@suninfo.com","month":"2018-09"}
response time: 2
response status: 200
response body: 
{"status":true,"data":[{"userid":"tom@suninfo.com","card_time":"2018-09-12","card_status":1},{"userid":"tom@suninfo.com","card_time":"2018-09-13","card_status":1}]}
*************** response log end ***************

[2018-09-12T17:42:16.759] [INFO] resLog - 
*************** response log start ***************
request method: OPTIONS
request originalUrl:  /report/currentWeekReport/get
request client ip:  ::ffff:192.168.212.29
request body: 
{}
response time: 0
response status: 204
response body: 
undefined
*************** response log end ***************

[2018-09-12T17:42:16.760] [INFO] resLog - 
*************** response log start ***************
request method: OPTIONS
request originalUrl:  /punchcard/userMonthList
request client ip:  ::ffff:192.168.212.29
request body: 
{}
response time: 0
response status: 204
response body: 
undefined
*************** response log end ***************

[2018-09-12T17:42:16.791] [INFO] resLog - 
*************** response log start ***************
request method: POST
request originalUrl:  /punchcard/userMonthList
request client ip:  ::ffff:192.168.212.29
request body: 
{"userid":"tom@suninfo.com","month":"2018-09"}
response time: 3
response status: 200
response body: 
{"status":true,"data":[{"userid":"tom@suninfo.com","card_time":"2018-09-12","card_status":1},{"userid":"tom@suninfo.com","card_time":"2018-09-13","card_status":1}]}
*************** response log end ***************

[2018-09-12T17:42:16.793] [INFO] resLog - 
*************** response log start ***************
request method: GET
request originalUrl:  /report/currentWeekReport/get
request client ip:  ::ffff:192.168.212.29
request query:  {}
response time: 4
response status: 200
response body: 
{"status":true,"data":[]}
*************** response log end ***************

[2018-09-12T17:44:28.431] [INFO] resLog - 
*************** response log start ***************
request method: OPTIONS
request originalUrl:  /punchcard/userMonthList
request client ip:  ::ffff:192.168.212.29
request body: 
{}
response time: 0
response status: 204
response body: 
undefined
*************** response log end ***************

[2018-09-12T17:44:28.439] [INFO] resLog - 
*************** response log start ***************
request method: POST
request originalUrl:  /punchcard/userMonthList
request client ip:  ::ffff:192.168.212.29
request body: 
{"userid":"tom@suninfo.com","month":"2018-09"}
response time: 2
response status: 200
response body: 
{"status":true,"data":[{"userid":"tom@suninfo.com","card_time":"2018-09-12","card_status":1},{"userid":"tom@suninfo.com","card_time":"2018-09-13","card_status":1}]}
*************** response log end ***************

[2018-09-12T17:45:40.433] [INFO] resLog - 
*************** response log start ***************
request method: OPTIONS
request originalUrl:  /punchcard/userMonthList
request client ip:  ::ffff:192.168.212.29
request body: 
{}
response time: 0
response status: 204
response body: 
undefined
*************** response log end ***************

[2018-09-12T17:45:40.441] [INFO] resLog - 
*************** response log start ***************
request method: POST
request originalUrl:  /punchcard/userMonthList
request client ip:  ::ffff:192.168.212.29
request body: 
{"userid":"tom@suninfo.com","month":"2018-09"}
response time: 2
response status: 200
response body: 
{"status":true,"data":[{"userid":"tom@suninfo.com","card_time":"2018-09-12","card_status":1},{"userid":"tom@suninfo.com","card_time":"2018-09-13","card_status":1}]}
*************** response log end ***************

[2018-09-12T17:45:57.746] [INFO] resLog - 
*************** response log start ***************
request method: OPTIONS
request originalUrl:  /punchcard/userMonthList
request client ip:  ::ffff:192.168.212.29
request body: 
{}
response time: 0
response status: 204
response body: 
undefined
*************** response log end ***************

[2018-09-12T17:45:57.754] [INFO] resLog - 
*************** response log start ***************
request method: POST
request originalUrl:  /punchcard/userMonthList
request client ip:  ::ffff:192.168.212.29
request body: 
{"userid":"tom@suninfo.com","month":"2018-09"}
response time: 1
response status: 200
response body: 
{"status":true,"data":[{"userid":"tom@suninfo.com","card_time":"2018-09-12","card_status":1},{"userid":"tom@suninfo.com","card_time":"2018-09-13","card_status":1}]}
*************** response log end ***************

[2018-09-12T17:46:33.603] [INFO] resLog - 
*************** response log start ***************
request method: OPTIONS
request originalUrl:  /report/currentWeekReport/get
request client ip:  ::ffff:192.168.212.29
request body: 
{}
response time: 1
response status: 204
response body: 
undefined
*************** response log end ***************

[2018-09-12T17:46:33.604] [INFO] resLog - 
*************** response log start ***************
request method: OPTIONS
request originalUrl:  /punchcard/userMonthList
request client ip:  ::ffff:192.168.212.29
request body: 
{}
response time: 0
response status: 204
response body: 
undefined
*************** response log end ***************

[2018-09-12T17:46:33.635] [INFO] resLog - 
*************** response log start ***************
request method: POST
request originalUrl:  /punchcard/userMonthList
request client ip:  ::ffff:192.168.212.29
request body: 
{"userid":"tom@suninfo.com","month":"2018-09"}
response time: 4
response status: 200
response body: 
{"status":true,"data":[{"userid":"tom@suninfo.com","card_time":"2018-09-13","card_status":1}]}
*************** response log end ***************

[2018-09-12T17:46:33.640] [INFO] resLog - 
*************** response log start ***************
request method: GET
request originalUrl:  /report/currentWeekReport/get
request client ip:  ::ffff:192.168.212.29
request query:  {}
response time: 9
response status: 200
response body: 
{"status":true,"data":[]}
*************** response log end ***************

[2018-09-12T17:47:18.396] [INFO] resLog - 
*************** response log start ***************
request method: OPTIONS
request originalUrl:  /punchcard/userMonthList
request client ip:  ::ffff:192.168.212.29
request body: 
{}
response time: 0
response status: 204
response body: 
undefined
*************** response log end ***************

[2018-09-12T17:47:18.405] [INFO] resLog - 
*************** response log start ***************
request method: POST
request originalUrl:  /punchcard/userMonthList
request client ip:  ::ffff:192.168.212.29
request body: 
{"userid":"tom@suninfo.com","month":"2018-09"}
response time: 2
response status: 200
response body: 
{"status":true,"data":[{"userid":"tom@suninfo.com","card_time":"2018-09-13","card_status":1}]}
*************** response log end ***************

[2018-09-12T17:47:33.894] [INFO] resLog - 
*************** response log start ***************
request method: OPTIONS
request originalUrl:  /punchcard/userMonthList
request client ip:  ::ffff:192.168.212.29
request body: 
{}
response time: 0
response status: 204
response body: 
undefined
*************** response log end ***************

[2018-09-12T17:47:33.902] [INFO] resLog - 
*************** response log start ***************
request method: POST
request originalUrl:  /punchcard/userMonthList
request client ip:  ::ffff:192.168.212.29
request body: 
{"userid":"tom@suninfo.com","month":"2018-09"}
response time: 2
response status: 200
response body: 
{"status":true,"data":[{"userid":"tom@suninfo.com","card_time":"2018-09-13","card_status":1}]}
*************** response log end ***************

[2018-09-12T17:47:46.270] [INFO] resLog - 
*************** response log start ***************
request method: OPTIONS
request originalUrl:  /punchcard/userMonthList
request client ip:  ::ffff:192.168.212.29
request body: 
{}
response time: 0
response status: 204
response body: 
undefined
*************** response log end ***************

[2018-09-12T17:47:46.279] [INFO] resLog - 
*************** response log start ***************
request method: POST
request originalUrl:  /punchcard/userMonthList
request client ip:  ::ffff:192.168.212.29
request body: 
{"userid":"tom@suninfo.com","month":"2018-09"}
response time: 1
response status: 200
response body: 
{"status":true,"data":[{"userid":"tom@suninfo.com","card_time":"2018-09-13","card_status":1}]}
*************** response log end ***************

[2018-09-12T17:47:59.281] [INFO] resLog - 
*************** response log start ***************
request method: OPTIONS
request originalUrl:  /punchcard/userMonthList
request client ip:  ::ffff:192.168.212.29
request body: 
{}
response time: 0
response status: 204
response body: 
undefined
*************** response log end ***************

[2018-09-12T17:47:59.289] [INFO] resLog - 
*************** response log start ***************
request method: POST
request originalUrl:  /punchcard/userMonthList
request client ip:  ::ffff:192.168.212.29
request body: 
{"userid":"tom@suninfo.com","month":"2018-09"}
response time: 1
response status: 200
response body: 
{"status":true,"data":[{"userid":"tom@suninfo.com","card_time":"2018-09-13","card_status":1}]}
*************** response log end ***************

[2018-09-12T17:48:09.441] [INFO] resLog - 
*************** response log start ***************
request method: OPTIONS
request originalUrl:  /punchcard/userMonthList
request client ip:  ::ffff:192.168.212.29
request body: 
{}
response time: 0
response status: 204
response body: 
undefined
*************** response log end ***************

[2018-09-12T17:48:09.455] [INFO] resLog - 
*************** response log start ***************
request method: POST
request originalUrl:  /punchcard/userMonthList
request client ip:  ::ffff:192.168.212.29
request body: 
{"userid":"tom@suninfo.com","month":"2018-09"}
response time: 2
response status: 200
response body: 
{"status":true,"data":[{"userid":"tom@suninfo.com","card_time":"2018-09-13","card_status":1}]}
*************** response log end ***************

[2018-09-12T17:48:21.536] [INFO] resLog - 
*************** response log start ***************
request method: OPTIONS
request originalUrl:  /report/currentWeekReport/get
request client ip:  ::ffff:192.168.212.29
request body: 
{}
response time: 0
response status: 204
response body: 
undefined
*************** response log end ***************

[2018-09-12T17:48:21.536] [INFO] resLog - 
*************** response log start ***************
request method: OPTIONS
request originalUrl:  /punchcard/userMonthList
request client ip:  ::ffff:192.168.212.29
request body: 
{}
response time: 0
response status: 204
response body: 
undefined
*************** response log end ***************

[2018-09-12T17:48:21.565] [INFO] resLog - 
*************** response log start ***************
request method: POST
request originalUrl:  /punchcard/userMonthList
request client ip:  ::ffff:192.168.212.29
request body: 
{"userid":"tom@suninfo.com","month":"2018-09"}
response time: 4
response status: 200
response body: 
{"status":true,"data":[{"userid":"tom@suninfo.com","card_time":"2018-09-13","card_status":1}]}
*************** response log end ***************

[2018-09-12T17:48:21.566] [INFO] resLog - 
*************** response log start ***************
request method: GET
request originalUrl:  /report/currentWeekReport/get
request client ip:  ::ffff:192.168.212.29
request query:  {}
response time: 4
response status: 200
response body: 
{"status":true,"data":[]}
*************** response log end ***************

[2018-09-12T17:48:35.586] [INFO] resLog - 
*************** response log start ***************
request method: OPTIONS
request originalUrl:  /punchcard/userMonthList
request client ip:  ::ffff:192.168.212.29
request body: 
{}
response time: 0
response status: 204
response body: 
undefined
*************** response log end ***************

[2018-09-12T17:48:35.599] [INFO] resLog - 
*************** response log start ***************
request method: POST
request originalUrl:  /punchcard/userMonthList
request client ip:  ::ffff:192.168.212.29
request body: 
{"userid":"tom@suninfo.com","month":"2018-09"}
response time: 2
response status: 200
response body: 
{"status":true,"data":[{"userid":"tom@suninfo.com","card_time":"2018-09-13","card_status":1}]}
*************** response log end ***************

[2018-09-12T17:49:05.400] [INFO] resLog - 
*************** response log start ***************
request method: OPTIONS
request originalUrl:  /report/currentWeekReport/get
request client ip:  ::ffff:192.168.212.29
request body: 
{}
response time: 0
response status: 204
response body: 
undefined
*************** response log end ***************

[2018-09-12T17:49:05.401] [INFO] resLog - 
*************** response log start ***************
request method: OPTIONS
request originalUrl:  /punchcard/userMonthList
request client ip:  ::ffff:192.168.212.29
request body: 
{}
response time: 0
response status: 204
response body: 
undefined
*************** response log end ***************

[2018-09-12T17:49:05.428] [INFO] resLog - 
*************** response log start ***************
request method: POST
request originalUrl:  /punchcard/userMonthList
request client ip:  ::ffff:192.168.212.29
request body: 
{"userid":"tom@suninfo.com","month":"2018-09"}
response time: 4
response status: 200
response body: 
{"status":true,"data":[]}
*************** response log end ***************

[2018-09-12T17:49:05.429] [INFO] resLog - 
*************** response log start ***************
request method: GET
request originalUrl:  /report/currentWeekReport/get
request client ip:  ::ffff:192.168.212.29
request query:  {}
response time: 3
response status: 200
response body: 
{"status":true,"data":[]}
*************** response log end ***************

[2018-09-12T17:49:28.660] [INFO] resLog - 
*************** response log start ***************
request method: OPTIONS
request originalUrl:  /punchcard/userMonthList
request client ip:  ::ffff:192.168.212.29
request body: 
{}
response time: 1
response status: 204
response body: 
undefined
*************** response log end ***************

[2018-09-12T17:49:28.668] [INFO] resLog - 
*************** response log start ***************
request method: POST
request originalUrl:  /punchcard/userMonthList
request client ip:  ::ffff:192.168.212.29
request body: 
{"userid":"tom@suninfo.com","month":"2018-09"}
response time: 1
response status: 200
response body: 
{"status":true,"data":[]}
*************** response log end ***************

[2018-09-12T17:50:33.809] [INFO] resLog - 
*************** response log start ***************
request method: OPTIONS
request originalUrl:  /punchcard/userMonthList
request client ip:  ::ffff:192.168.212.29
request body: 
{}
response time: 1
response status: 204
response body: 
undefined
*************** response log end ***************

[2018-09-12T17:50:33.817] [INFO] resLog - 
*************** response log start ***************
request method: POST
request originalUrl:  /punchcard/userMonthList
request client ip:  ::ffff:192.168.212.29
request body: 
{"userid":"tom@suninfo.com","month":"2018-09"}
response time: 1
response status: 200
response body: 
{"status":true,"data":[]}
*************** response log end ***************

[2018-09-12T17:50:38.985] [INFO] resLog - 
*************** response log start ***************
request method: OPTIONS
request originalUrl:  /punchcard/signin
request client ip:  ::ffff:192.168.212.29
request body: 
{}
response time: 0
response status: 204
response body: 
undefined
*************** response log end ***************

[2018-09-12T17:50:38.996] [INFO] resLog - 
*************** response log start ***************
request method: POST
request originalUrl:  /punchcard/signin
request client ip:  ::ffff:192.168.212.29
request body: 
{"userid":"tom@suninfo.com"}
response time: 5
response status: 200
response body: 
{"status":true,"data":"签到成功！"}
*************** response log end ***************

[2018-09-12T17:50:44.264] [INFO] resLog - 
*************** response log start ***************
request method: OPTIONS
request originalUrl:  /report/currentWeekReport/get
request client ip:  ::ffff:192.168.212.29
request body: 
{}
response time: 1
response status: 204
response body: 
undefined
*************** response log end ***************

[2018-09-12T17:50:44.265] [INFO] resLog - 
*************** response log start ***************
request method: OPTIONS
request originalUrl:  /punchcard/userMonthList
request client ip:  ::ffff:192.168.212.29
request body: 
{}
response time: 0
response status: 204
response body: 
undefined
*************** response log end ***************

[2018-09-12T17:50:44.294] [INFO] resLog - 
*************** response log start ***************
request method: POST
request originalUrl:  /punchcard/userMonthList
request client ip:  ::ffff:192.168.212.29
request body: 
{"userid":"tom@suninfo.com","month":"2018-09"}
response time: 3
response status: 200
response body: 
{"status":true,"data":[{"userid":"tom@suninfo.com","card_time":"2018-09-13","card_status":1}]}
*************** response log end ***************

[2018-09-12T17:50:44.297] [INFO] resLog - 
*************** response log start ***************
request method: GET
request originalUrl:  /report/currentWeekReport/get
request client ip:  ::ffff:192.168.212.29
request query:  {}
response time: 4
response status: 200
response body: 
{"status":true,"data":[]}
*************** response log end ***************

[2018-09-12T17:51:03.980] [INFO] resLog - 
*************** response log start ***************
request method: OPTIONS
request originalUrl:  /punchcard/userMonthList
request client ip:  ::ffff:192.168.212.29
request body: 
{}
response time: 0
response status: 204
response body: 
undefined
*************** response log end ***************

[2018-09-12T17:51:03.989] [INFO] resLog - 
*************** response log start ***************
request method: POST
request originalUrl:  /punchcard/userMonthList
request client ip:  ::ffff:192.168.212.29
request body: 
{"userid":"tom@suninfo.com","month":"2018-09"}
response time: 2
response status: 200
response body: 
{"status":true,"data":[{"userid":"tom@suninfo.com","card_time":"2018-09-13","card_status":1}]}
*************** response log end ***************

[2018-09-12T17:51:17.659] [INFO] resLog - 
*************** response log start ***************
request method: OPTIONS
request originalUrl:  /punchcard/userMonthList
request client ip:  ::ffff:192.168.212.29
request body: 
{}
response time: 1
response status: 204
response body: 
undefined
*************** response log end ***************

[2018-09-12T17:51:17.671] [INFO] resLog - 
*************** response log start ***************
request method: POST
request originalUrl:  /punchcard/userMonthList
request client ip:  ::ffff:192.168.212.29
request body: 
{"userid":"tom@suninfo.com","month":"2018-09"}
response time: 3
response status: 200
response body: 
{"status":true,"data":[{"userid":"tom@suninfo.com","card_time":"2018-09-13","card_status":1}]}
*************** response log end ***************

[2018-09-12T17:51:20.580] [INFO] resLog - 
*************** response log start ***************
request method: OPTIONS
request originalUrl:  /report/currentWeekReport/get
request client ip:  ::ffff:192.168.212.29
request body: 
{}
response time: 0
response status: 204
response body: 
undefined
*************** response log end ***************

[2018-09-12T17:51:20.583] [INFO] resLog - 
*************** response log start ***************
request method: POST
request originalUrl:  /punchcard/userMonthList
request client ip:  ::ffff:192.168.212.29
request body: 
{"userid":"tom@suninfo.com","month":"2018-09"}
response time: 2
response status: 200
response body: 
{"status":true,"data":[{"userid":"tom@suninfo.com","card_time":"2018-09-13","card_status":1}]}
*************** response log end ***************

[2018-09-12T17:51:20.609] [INFO] resLog - 
*************** response log start ***************
request method: GET
request originalUrl:  /report/currentWeekReport/get
request client ip:  ::ffff:192.168.212.29
request query:  {}
response time: 2
response status: 200
response body: 
{"status":true,"data":[]}
*************** response log end ***************

[2018-09-12T17:51:59.697] [INFO] resLog - 
*************** response log start ***************
request method: OPTIONS
request originalUrl:  /punchcard/userMonthList
request client ip:  ::ffff:192.168.212.29
request body: 
{}
response time: 0
response status: 204
response body: 
undefined
*************** response log end ***************

[2018-09-12T17:51:59.706] [INFO] resLog - 
*************** response log start ***************
request method: POST
request originalUrl:  /punchcard/userMonthList
request client ip:  ::ffff:192.168.212.29
request body: 
{"userid":"tom@suninfo.com","month":"2018-09"}
response time: 1
response status: 200
response body: 
{"status":true,"data":[{"userid":"tom@suninfo.com","card_time":"2018-09-13","card_status":1}]}
*************** response log end ***************

[2018-09-12T17:53:50.601] [INFO] resLog - 
*************** response log start ***************
request method: OPTIONS
request originalUrl:  /report/currentWeekReport/get
request client ip:  ::ffff:192.168.212.29
request body: 
{}
response time: 0
response status: 204
response body: 
undefined
*************** response log end ***************

[2018-09-12T17:53:50.602] [INFO] resLog - 
*************** response log start ***************
request method: OPTIONS
request originalUrl:  /punchcard/userMonthList
request client ip:  ::ffff:192.168.212.29
request body: 
{}
response time: 0
response status: 204
response body: 
undefined
*************** response log end ***************

[2018-09-12T17:53:50.677] [INFO] resLog - 
*************** response log start ***************
request method: POST
request originalUrl:  /punchcard/userMonthList
request client ip:  ::ffff:192.168.212.29
request body: 
{"userid":"tom@suninfo.com","month":"2018-09"}
response time: 3
response status: 200
response body: 
{"status":true,"data":[{"userid":"tom@suninfo.com","card_time":"2018-09-13","card_status":1}]}
*************** response log end ***************

[2018-09-12T17:53:50.679] [INFO] resLog - 
*************** response log start ***************
request method: GET
request originalUrl:  /report/currentWeekReport/get
request client ip:  ::ffff:192.168.212.29
request query:  {}
response time: 3
response status: 200
response body: 
{"status":true,"data":[]}
*************** response log end ***************

[2018-09-12T17:54:15.050] [INFO] resLog - 
*************** response log start ***************
request method: OPTIONS
request originalUrl:  /report/currentWeekReport/get
request client ip:  ::ffff:192.168.212.29
request body: 
{}
response time: 0
response status: 204
response body: 
undefined
*************** response log end ***************

[2018-09-12T17:54:15.051] [INFO] resLog - 
*************** response log start ***************
request method: OPTIONS
request originalUrl:  /punchcard/userMonthList
request client ip:  ::ffff:192.168.212.29
request body: 
{}
response time: 0
response status: 204
response body: 
undefined
*************** response log end ***************

[2018-09-12T17:54:15.169] [INFO] resLog - 
*************** response log start ***************
request method: POST
request originalUrl:  /punchcard/userMonthList
request client ip:  ::ffff:192.168.212.29
request body: 
{"userid":"tom@suninfo.com","month":"2018-09"}
response time: 3
response status: 200
response body: 
{"status":true,"data":[]}
*************** response log end ***************

[2018-09-12T17:54:15.170] [INFO] resLog - 
*************** response log start ***************
request method: GET
request originalUrl:  /report/currentWeekReport/get
request client ip:  ::ffff:192.168.212.29
request query:  {}
response time: 3
response status: 200
response body: 
{"status":true,"data":[]}
*************** response log end ***************

[2018-09-12T17:54:52.103] [INFO] resLog - 
*************** response log start ***************
request method: OPTIONS
request originalUrl:  /report/currentWeekReport/get
request client ip:  ::ffff:192.168.212.29
request body: 
{}
response time: 3
response status: 204
response body: 
undefined
*************** response log end ***************

[2018-09-12T17:54:52.112] [INFO] resLog - 
*************** response log start ***************
request method: OPTIONS
request originalUrl:  /punchcard/userMonthList
request client ip:  ::ffff:192.168.212.29
request body: 
{}
response time: 1
response status: 204
response body: 
undefined
*************** response log end ***************

[2018-09-12T17:54:52.234] [INFO] resLog - 
*************** response log start ***************
request method: POST
request originalUrl:  /punchcard/userMonthList
request client ip:  ::ffff:192.168.212.29
request body: 
{"userid":"tom@suninfo.com","month":"2018-09"}
response time: 20
response status: 200
response body: 
{"status":true,"data":[]}
*************** response log end ***************

[2018-09-12T17:54:52.238] [INFO] resLog - 
*************** response log start ***************
request method: GET
request originalUrl:  /report/currentWeekReport/get
request client ip:  ::ffff:192.168.212.29
request query:  {}
response time: 9
response status: 200
response body: 
{"status":true,"data":[]}
*************** response log end ***************

[2018-09-12T17:54:56.412] [INFO] resLog - 
*************** response log start ***************
request method: OPTIONS
request originalUrl:  /punchcard/signin
request client ip:  ::ffff:192.168.212.29
request body: 
{}
response time: 0
response status: 204
response body: 
undefined
*************** response log end ***************

[2018-09-12T17:54:56.426] [INFO] resLog - 
*************** response log start ***************
request method: POST
request originalUrl:  /punchcard/signin
request client ip:  ::ffff:192.168.212.29
request body: 
{"userid":"tom@suninfo.com"}
response time: 7
response status: 200
response body: 
{"status":true,"data":"签到成功！"}
*************** response log end ***************

[2018-09-12T17:55:48.401] [INFO] resLog - 
*************** response log start ***************
request method: OPTIONS
request originalUrl:  /report/currentWeekReport/get
request client ip:  ::ffff:192.168.212.29
request body: 
{}
response time: 1
response status: 204
response body: 
undefined
*************** response log end ***************

[2018-09-12T17:55:48.407] [INFO] resLog - 
*************** response log start ***************
request method: OPTIONS
request originalUrl:  /punchcard/userMonthList
request client ip:  ::ffff:192.168.212.29
request body: 
{}
response time: 0
response status: 204
response body: 
undefined
*************** response log end ***************

[2018-09-12T17:55:48.517] [INFO] resLog - 
*************** response log start ***************
request method: POST
request originalUrl:  /punchcard/userMonthList
request client ip:  ::ffff:192.168.212.29
request body: 
{"userid":"tom@suninfo.com","month":"2018-09"}
response time: 25
response status: 200
response body: 
{"status":true,"data":[]}
*************** response log end ***************

[2018-09-12T17:55:48.524] [INFO] resLog - 
*************** response log start ***************
request method: GET
request originalUrl:  /report/currentWeekReport/get
request client ip:  ::ffff:192.168.212.29
request query:  {}
response time: 18
response status: 200
response body: 
{"status":true,"data":[]}
*************** response log end ***************

[2018-09-12T17:55:50.346] [INFO] resLog - 
*************** response log start ***************
request method: OPTIONS
request originalUrl:  /punchcard/signin
request client ip:  ::ffff:192.168.212.29
request body: 
{}
response time: 0
response status: 204
response body: 
undefined
*************** response log end ***************

[2018-09-12T17:55:50.355] [INFO] resLog - 
*************** response log start ***************
request method: POST
request originalUrl:  /punchcard/signin
request client ip:  ::ffff:192.168.212.29
request body: 
{"userid":"tom@suninfo.com"}
response time: 4
response status: 200
response body: 
{"status":true,"data":"签到成功！"}
*************** response log end ***************

[2018-09-12T17:55:54.460] [INFO] resLog - 
*************** response log start ***************
request method: POST
request originalUrl:  /punchcard/signin
request client ip:  ::ffff:192.168.212.29
request body: 
{"userid":"tom@suninfo.com"}
response time: 3
response status: 200
response body: 
{"status":false,"data":"已签到！"}
*************** response log end ***************

[2018-09-12T17:57:06.924] [INFO] resLog - 
*************** response log start ***************
request method: OPTIONS
request originalUrl:  /report/currentWeekReport/get
request client ip:  ::ffff:192.168.212.29
request body: 
{}
response time: 0
response status: 204
response body: 
undefined
*************** response log end ***************

[2018-09-12T17:57:06.926] [INFO] resLog - 
*************** response log start ***************
request method: OPTIONS
request originalUrl:  /punchcard/userMonthList
request client ip:  ::ffff:192.168.212.29
request body: 
{}
response time: 1
response status: 204
response body: 
undefined
*************** response log end ***************

[2018-09-12T17:57:06.983] [INFO] resLog - 
*************** response log start ***************
request method: POST
request originalUrl:  /punchcard/userMonthList
request client ip:  ::ffff:192.168.212.29
request body: 
{"userid":"tom@suninfo.com","month":"2018-09"}
response time: 7
response status: 200
response body: 
{"status":true,"data":[{"userid":"tom@suninfo.com","card_time":"2018-09-12","card_status":1}]}
*************** response log end ***************

[2018-09-12T17:57:06.985] [INFO] resLog - 
*************** response log start ***************
request method: GET
request originalUrl:  /report/currentWeekReport/get
request client ip:  ::ffff:192.168.212.29
request query:  {}
response time: 7
response status: 200
response body: 
{"status":true,"data":[]}
*************** response log end ***************

