[2018-09-12T09:05:37.697] [INFO] resLog - 
*************** response log start ***************
request method: OPTIONS
request originalUrl:  /report/currentWeekReport/get
request client ip:  ::ffff:192.168.212.29
request body: 
{}
response time: 4
response status: 204
response body: 
undefined
*************** response log end ***************

[2018-09-12T09:05:37.940] [INFO] resLog - 
*************** response log start ***************
request method: GET
request originalUrl:  /report/currentWeekReport/get
request client ip:  ::ffff:192.168.212.29
request query:  {}
response time: 36
response status: 200
response body: 
{"status":true,"data":[]}
*************** response log end ***************

[2018-09-12T09:12:50.872] [INFO] resLog - 
*************** response log start ***************
request method: OPTIONS
request originalUrl:  /report/currentWeekReport/get
request client ip:  ::ffff:192.168.212.29
request body: 
{}
response time: 0
response status: 204
response body: 
undefined
*************** response log end ***************

[2018-09-12T09:12:50.922] [INFO] resLog - 
*************** response log start ***************
request method: GET
request originalUrl:  /report/currentWeekReport/get
request client ip:  ::ffff:192.168.212.29
request query:  {}
response time: 3
response status: 200
response body: 
{"status":true,"data":[]}
*************** response log end ***************

[2018-09-12T09:14:20.264] [INFO] resLog - 
*************** response log start ***************
request method: OPTIONS
request originalUrl:  /report/currentWeekReport/get
request client ip:  ::ffff:192.168.212.29
request body: 
{}
response time: 0
response status: 204
response body: 
undefined
*************** response log end ***************

[2018-09-12T09:14:20.315] [INFO] resLog - 
*************** response log start ***************
request method: GET
request originalUrl:  /report/currentWeekReport/get
request client ip:  ::ffff:192.168.212.29
request query:  {}
response time: 2
response status: 200
response body: 
{"status":true,"data":[]}
*************** response log end ***************

[2018-09-12T09:15:43.605] [INFO] resLog - 
*************** response log start ***************
request method: OPTIONS
request originalUrl:  /report/currentWeekReport/get
request client ip:  ::ffff:192.168.212.29
request body: 
{}
response time: 0
response status: 204
response body: 
undefined
*************** response log end ***************

[2018-09-12T09:15:43.668] [INFO] resLog - 
*************** response log start ***************
request method: GET
request originalUrl:  /report/currentWeekReport/get
request client ip:  ::ffff:192.168.212.29
request query:  {}
response time: 3
response status: 200
response body: 
{"status":true,"data":[]}
*************** response log end ***************

[2018-09-12T09:22:35.130] [INFO] resLog - 
*************** response log start ***************
request method: OPTIONS
request originalUrl:  /report/currentWeekReport/get
request client ip:  ::ffff:192.168.212.29
request body: 
{}
response time: 1
response status: 204
response body: 
undefined
*************** response log end ***************

[2018-09-12T09:22:35.161] [INFO] resLog - 
*************** response log start ***************
request method: GET
request originalUrl:  /report/currentWeekReport/get
request client ip:  ::ffff:192.168.212.29
request query:  {}
response time: 1
response status: 200
response body: 
{"status":true,"data":[]}
*************** response log end ***************

[2018-09-12T09:25:21.978] [INFO] resLog - 
*************** response log start ***************
request method: OPTIONS
request originalUrl:  /report/currentWeekReport/get
request client ip:  ::ffff:192.168.212.29
request body: 
{}
response time: 0
response status: 204
response body: 
undefined
*************** response log end ***************

[2018-09-12T09:25:22.006] [INFO] resLog - 
*************** response log start ***************
request method: GET
request originalUrl:  /report/currentWeekReport/get
request client ip:  ::ffff:192.168.212.29
request query:  {}
response time: 1
response status: 200
response body: 
{"status":true,"data":[]}
*************** response log end ***************

[2018-09-12T09:26:08.016] [INFO] resLog - 
*************** response log start ***************
request method: OPTIONS
request originalUrl:  /report/currentWeekReport/get
request client ip:  ::ffff:192.168.212.29
request body: 
{}
response time: 0
response status: 204
response body: 
undefined
*************** response log end ***************

[2018-09-12T09:26:08.047] [INFO] resLog - 
*************** response log start ***************
request method: GET
request originalUrl:  /report/currentWeekReport/get
request client ip:  ::ffff:192.168.212.29
request query:  {}
response time: 2
response status: 200
response body: 
{"status":true,"data":[]}
*************** response log end ***************

[2018-09-12T09:27:23.740] [INFO] resLog - 
*************** response log start ***************
request method: OPTIONS
request originalUrl:  /report/currentWeekReport/get
request client ip:  ::ffff:192.168.212.29
request body: 
{}
response time: 0
response status: 204
response body: 
undefined
*************** response log end ***************

[2018-09-12T09:27:23.768] [INFO] resLog - 
*************** response log start ***************
request method: GET
request originalUrl:  /report/currentWeekReport/get
request client ip:  ::ffff:192.168.212.29
request query:  {}
response time: 2
response status: 200
response body: 
{"status":true,"data":[]}
*************** response log end ***************

[2018-09-12T09:27:55.895] [INFO] resLog - 
*************** response log start ***************
request method: OPTIONS
request originalUrl:  /report/currentWeekReport/get
request client ip:  ::ffff:192.168.212.29
request body: 
{}
response time: 0
response status: 204
response body: 
undefined
*************** response log end ***************

[2018-09-12T09:27:55.920] [INFO] resLog - 
*************** response log start ***************
request method: GET
request originalUrl:  /report/currentWeekReport/get
request client ip:  ::ffff:192.168.212.29
request query:  {}
response time: 2
response status: 200
response body: 
{"status":true,"data":[]}
*************** response log end ***************

[2018-09-12T09:28:49.443] [INFO] resLog - 
*************** response log start ***************
request method: OPTIONS
request originalUrl:  /report/currentWeekReport/get
request client ip:  ::ffff:192.168.212.29
request body: 
{}
response time: 0
response status: 204
response body: 
undefined
*************** response log end ***************

[2018-09-12T09:28:49.560] [INFO] resLog - 
*************** response log start ***************
request method: GET
request originalUrl:  /report/currentWeekReport/get
request client ip:  ::ffff:192.168.212.29
request query:  {}
response time: 2
response status: 200
response body: 
{"status":true,"data":[]}
*************** response log end ***************

[2018-09-12T09:30:00.172] [INFO] resLog - 
*************** response log start ***************
request method: OPTIONS
request originalUrl:  /report/currentWeekReport/get
request client ip:  ::ffff:192.168.212.29
request body: 
{}
response time: 0
response status: 204
response body: 
undefined
*************** response log end ***************

[2018-09-12T09:30:00.203] [INFO] resLog - 
*************** response log start ***************
request method: GET
request originalUrl:  /report/currentWeekReport/get
request client ip:  ::ffff:192.168.212.29
request query:  {}
response time: 2
response status: 200
response body: 
{"status":true,"data":[]}
*************** response log end ***************

[2018-09-12T09:31:56.727] [INFO] resLog - 
*************** response log start ***************
request method: OPTIONS
request originalUrl:  /report/currentWeekReport/get
request client ip:  ::ffff:192.168.212.29
request body: 
{}
response time: 0
response status: 204
response body: 
undefined
*************** response log end ***************

[2018-09-12T09:31:56.775] [INFO] resLog - 
*************** response log start ***************
request method: GET
request originalUrl:  /report/currentWeekReport/get
request client ip:  ::ffff:192.168.212.29
request query:  {}
response time: 1
response status: 200
response body: 
{"status":true,"data":[]}
*************** response log end ***************

[2018-09-12T09:37:15.421] [INFO] resLog - 
*************** response log start ***************
request method: OPTIONS
request originalUrl:  /group/groupManage/get
request client ip:  ::ffff:192.168.212.29
request body: 
{}
response time: 0
response status: 204
response body: 
undefined
*************** response log end ***************

[2018-09-12T09:37:15.432] [INFO] resLog - 
*************** response log start ***************
request method: GET
request originalUrl:  /group/groupManage/get
request client ip:  ::ffff:192.168.212.29
request query:  {}
response time: 2
response status: 200
response body: 
{"status":true,"data":[{"id":37,"name":"CA大平台-IMP组-前端","memberNum":0,"remark":"CA大平台-IMP组-前端，sunflower，一个潮气蓬勃，潜力无限，有梦想有追求的前端团队。","createTime":"2018-09-11T11:15:45.000Z","combine":1},{"id":38,"name":"测试","memberNum":0,"remark":"测试","createTime":"2018-09-11T11:15:45.000Z","combine":1}]}
*************** response log end ***************

[2018-09-12T09:41:33.759] [INFO] resLog - 
*************** response log start ***************
request method: OPTIONS
request originalUrl:  /punchcard/currentUserMonthList
request client ip:  ::ffff:192.168.212.29
request body: 
{}
response time: 0
response status: 204
response body: 
undefined
*************** response log end ***************

[2018-09-12T09:41:33.777] [INFO] resLog - 
*************** response log start ***************
request method: POST
request originalUrl:  /punchcard/currentUserMonthList
request client ip:  ::ffff:192.168.212.29
request body: 
{}
response time: 5
response status: 200
response body: 
{"status":false,"data":"没有数据"}
*************** response log end ***************

[2018-09-12T09:42:44.725] [INFO] resLog - 
*************** response log start ***************
request method: OPTIONS
request originalUrl:  /punchcard/currentUserMonthList
request client ip:  ::ffff:192.168.212.29
request body: 
{}
response time: 0
response status: 204
response body: 
undefined
*************** response log end ***************

[2018-09-12T09:42:44.734] [INFO] resLog - 
*************** response log start ***************
request method: POST
request originalUrl:  /punchcard/currentUserMonthList
request client ip:  ::ffff:192.168.212.29
request body: 
{}
response time: 2
response status: 200
response body: 
{"status":false,"data":"没有数据"}
*************** response log end ***************

[2018-09-12T09:43:01.003] [INFO] resLog - 
*************** response log start ***************
request method: OPTIONS
request originalUrl:  /punchcard/currentUserMonthList
request client ip:  ::ffff:192.168.212.29
request body: 
{}
response time: 1
response status: 204
response body: 
undefined
*************** response log end ***************

[2018-09-12T09:43:01.011] [INFO] resLog - 
*************** response log start ***************
request method: POST
request originalUrl:  /punchcard/currentUserMonthList
request client ip:  ::ffff:192.168.212.29
request body: 
{}
response time: 2
response status: 200
response body: 
{"status":false,"data":"没有数据"}
*************** response log end ***************

[2018-09-12T09:43:04.180] [INFO] resLog - 
*************** response log start ***************
request method: OPTIONS
request originalUrl:  /report/currentWeekReport/get
request client ip:  ::ffff:192.168.212.29
request body: 
{}
response time: 0
response status: 204
response body: 
undefined
*************** response log end ***************

[2018-09-12T09:43:04.183] [INFO] resLog - 
*************** response log start ***************
request method: POST
request originalUrl:  /punchcard/currentUserMonthList
request client ip:  ::ffff:192.168.212.29
request body: 
{}
response time: 2
response status: 200
response body: 
{"status":false,"data":"没有数据"}
*************** response log end ***************

[2018-09-12T09:43:04.209] [INFO] resLog - 
*************** response log start ***************
request method: GET
request originalUrl:  /report/currentWeekReport/get
request client ip:  ::ffff:192.168.212.29
request query:  {}
response time: 3
response status: 200
response body: 
{"status":true,"data":[]}
*************** response log end ***************

[2018-09-12T09:43:17.947] [INFO] resLog - 
*************** response log start ***************
request method: OPTIONS
request originalUrl:  /report/currentWeekReport/get
request client ip:  ::ffff:192.168.212.29
request body: 
{}
response time: 0
response status: 204
response body: 
undefined
*************** response log end ***************

[2018-09-12T09:43:17.949] [INFO] resLog - 
*************** response log start ***************
request method: OPTIONS
request originalUrl:  /punchcard/currentUserMonthList
request client ip:  ::ffff:192.168.212.29
request body: 
{}
response time: 0
response status: 204
response body: 
undefined
*************** response log end ***************

[2018-09-12T09:43:18.011] [INFO] resLog - 
*************** response log start ***************
request method: GET
request originalUrl:  /report/currentWeekReport/get
request client ip:  ::ffff:192.168.212.29
request query:  {}
response time: 3
response status: 200
response body: 
{"status":true,"data":[]}
*************** response log end ***************

[2018-09-12T09:43:18.017] [INFO] resLog - 
*************** response log start ***************
request method: POST
request originalUrl:  /punchcard/currentUserMonthList
request client ip:  ::ffff:192.168.212.29
request body: 
{}
response time: 1
response status: 200
response body: 
{"status":false,"data":"没有数据"}
*************** response log end ***************

[2018-09-12T09:43:28.019] [INFO] resLog - 
*************** response log start ***************
request method: OPTIONS
request originalUrl:  /report/currentWeekReport/get
request client ip:  ::ffff:192.168.212.29
request body: 
{}
response time: 1
response status: 204
response body: 
undefined
*************** response log end ***************

[2018-09-12T09:43:28.020] [INFO] resLog - 
*************** response log start ***************
request method: OPTIONS
request originalUrl:  /punchcard/currentUserMonthList
request client ip:  ::ffff:192.168.212.29
request body: 
{}
response time: 1
response status: 204
response body: 
undefined
*************** response log end ***************

[2018-09-12T09:43:28.074] [INFO] resLog - 
*************** response log start ***************
request method: GET
request originalUrl:  /report/currentWeekReport/get
request client ip:  ::ffff:192.168.212.29
request query:  {}
response time: 2
response status: 200
response body: 
{"status":true,"data":[]}
*************** response log end ***************

[2018-09-12T09:43:28.080] [INFO] resLog - 
*************** response log start ***************
request method: POST
request originalUrl:  /punchcard/currentUserMonthList
request client ip:  ::ffff:192.168.212.29
request body: 
{}
response time: 3
response status: 200
response body: 
{"status":false,"data":"没有数据"}
*************** response log end ***************

[2018-09-12T09:50:22.650] [INFO] resLog - 
*************** response log start ***************
request method: OPTIONS
request originalUrl:  /punchcard/currentUserMonthList
request client ip:  ::ffff:192.168.212.29
request body: 
{}
response time: 0
response status: 204
response body: 
undefined
*************** response log end ***************

[2018-09-12T09:50:22.658] [INFO] resLog - 
*************** response log start ***************
request method: POST
request originalUrl:  /punchcard/currentUserMonthList
request client ip:  ::ffff:192.168.212.29
request body: 
{"userid":"tom@suninfo.com"}
response time: 1
response status: 200
response body: 
{"status":false,"data":"没有数据"}
*************** response log end ***************

[2018-09-12T09:50:26.506] [INFO] resLog - 
*************** response log start ***************
request method: OPTIONS
request originalUrl:  /report/currentWeekReport/get
request client ip:  ::ffff:192.168.212.29
request body: 
{}
response time: 0
response status: 204
response body: 
undefined
*************** response log end ***************

[2018-09-12T09:50:26.509] [INFO] resLog - 
*************** response log start ***************
request method: POST
request originalUrl:  /punchcard/currentUserMonthList
request client ip:  ::ffff:192.168.212.29
request body: 
{"userid":"tom@suninfo.com"}
response time: 2
response status: 200
response body: 
{"status":false,"data":"没有数据"}
*************** response log end ***************

[2018-09-12T09:50:26.536] [INFO] resLog - 
*************** response log start ***************
request method: GET
request originalUrl:  /report/currentWeekReport/get
request client ip:  ::ffff:192.168.212.29
request query:  {}
response time: 2
response status: 200
response body: 
{"status":true,"data":[]}
*************** response log end ***************

[2018-09-12T09:50:41.229] [INFO] resLog - 
*************** response log start ***************
request method: OPTIONS
request originalUrl:  /punchcard/currentUserMonthList
request client ip:  ::ffff:192.168.212.29
request body: 
{}
response time: 0
response status: 204
response body: 
undefined
*************** response log end ***************

[2018-09-12T09:50:41.239] [INFO] resLog - 
*************** response log start ***************
request method: POST
request originalUrl:  /punchcard/currentUserMonthList
request client ip:  ::ffff:192.168.212.29
request body: 
{"userid":"tom@suninfo.com"}
response time: 2
response status: 200
response body: 
{"status":false,"data":"没有数据"}
*************** response log end ***************

[2018-09-12T09:52:23.041] [INFO] resLog - 
*************** response log start ***************
request method: OPTIONS
request originalUrl:  /punchcard/currentUserMonthList
request client ip:  ::ffff:192.168.212.29
request body: 
{}
response time: 0
response status: 204
response body: 
undefined
*************** response log end ***************

[2018-09-12T09:52:23.053] [INFO] resLog - 
*************** response log start ***************
request method: POST
request originalUrl:  /punchcard/currentUserMonthList
request client ip:  ::ffff:192.168.212.29
request body: 
{"userid":"tom@suninfo.com"}
response time: 1
response status: 200
response body: 
{"status":false,"data":"没有数据"}
*************** response log end ***************

[2018-09-12T09:55:20.294] [INFO] resLog - 
*************** response log start ***************
request method: OPTIONS
request originalUrl:  /punchcard/currentUserMonthList
request client ip:  ::ffff:192.168.212.29
request body: 
{}
response time: 0
response status: 204
response body: 
undefined
*************** response log end ***************

[2018-09-12T09:55:20.318] [INFO] resLog - 
*************** response log start ***************
request method: POST
request originalUrl:  /punchcard/currentUserMonthList
request client ip:  ::ffff:192.168.212.29
request body: 
{"userid":"tom@suninfo.com"}
response time: 2
response status: 200
response body: 
{"status":false,"data":"没有数据"}
*************** response log end ***************

[2018-09-12T09:55:23.615] [INFO] resLog - 
*************** response log start ***************
request method: OPTIONS
request originalUrl:  /report/currentWeekReport/get
request client ip:  ::ffff:192.168.212.29
request body: 
{}
response time: 0
response status: 204
response body: 
undefined
*************** response log end ***************

[2018-09-12T09:55:23.622] [INFO] resLog - 
*************** response log start ***************
request method: POST
request originalUrl:  /punchcard/currentUserMonthList
request client ip:  ::ffff:192.168.212.29
request body: 
{"userid":"tom@suninfo.com"}
response time: 2
response status: 200
response body: 
{"status":false,"data":"没有数据"}
*************** response log end ***************

[2018-09-12T09:55:23.647] [INFO] resLog - 
*************** response log start ***************
request method: GET
request originalUrl:  /report/currentWeekReport/get
request client ip:  ::ffff:192.168.212.29
request query:  {}
response time: 1
response status: 200
response body: 
{"status":true,"data":[]}
*************** response log end ***************

