[2018-08-31T10:00:10.343] [INFO] resLog - 
*************** response log start ***************
request method: OPTIONS
request originalUrl:  /group/groupManage/get
request client ip:  ::1
request body: 
{}
response time: 1
response status: 204
response body: 
undefined
*************** response log end ***************

[2018-08-31T10:00:10.359] [INFO] resLog - 
*************** response log start ***************
request method: OPTIONS
request originalUrl:  /group/groupManage/get
request client ip:  ::1
request body: 
{}
response time: 1
response status: 204
response body: 
undefined
*************** response log end ***************

[2018-08-31T10:00:10.423] [INFO] resLog - 
*************** response log start ***************
request method: GET
request originalUrl:  /group/groupManage/get
request client ip:  ::1
request query:  {}
response time: 7
response status: 200
response body: 
{"status":true,"data":[{"id":37,"name":"CA大平台-IMP组-前端","memberNum":0,"remark":"CA大平台-IMP组-前端，sunflower，一个潮气蓬勃，潜力无限，有梦想有追求的前端团队。","createTime":"2018-08-31T01:56:41.000Z","combine":1},{"id":38,"name":"测试","memberNum":0,"remark":"测试","createTime":"2018-08-31T01:56:41.000Z","combine":1}]}
*************** response log end ***************

[2018-08-31T10:00:10.480] [INFO] resLog - 
*************** response log start ***************
request method: GET
request originalUrl:  /group/groupManage/get
request client ip:  ::1
request query:  {}
response time: 3
response status: 200
response body: 
{"status":true,"data":[{"id":37,"name":"CA大平台-IMP组-前端","memberNum":0,"remark":"CA大平台-IMP组-前端，sunflower，一个潮气蓬勃，潜力无限，有梦想有追求的前端团队。","createTime":"2018-08-31T01:56:41.000Z","combine":1},{"id":38,"name":"测试","memberNum":0,"remark":"测试","createTime":"2018-08-31T01:56:41.000Z","combine":1}]}
*************** response log end ***************

[2018-08-31T10:00:10.523] [INFO] resLog - 
*************** response log start ***************
request method: OPTIONS
request originalUrl:  /group/groupManage/getGroupsMember
request client ip:  ::1
request body: 
{}
response time: 0
response status: 204
response body: 
undefined
*************** response log end ***************

[2018-08-31T10:00:10.541] [INFO] resLog - 
*************** response log start ***************
request method: POST
request originalUrl:  /group/groupManage/getGroupsMember
request client ip:  ::1
request body: 
{"idList":[37,38]}
response time: 2
response status: 200
response body: 
{"status":true,"data":[{"email":"292354215@qq.com","name":"caolx","sex":"male","remark":"","groupId":37,"role":"user","level":0,"collector":"0"},{"email":"lic2017@suninfo.com","name":"l李聪","sex":"male","remark":"","groupId":37,"role":"user","level":0,"collector":1},{"email":"test@qq.com","name":"youwg","sex":"male","remark":"www","groupId":37,"role":"user","level":0,"collector":"0"},{"email":"tom@suninfo.com","name":"张悦","sex":"female","remark":null,"groupId":38,"role":"user","level":0,"collector":1},{"email":"youwg@suninfo.com","name":"游武刚","sex":"male","remark":"无","groupId":37,"role":"user","level":0,"collector":"0"}]}
*************** response log end ***************

[2018-08-31T10:01:37.534] [INFO] resLog - 
*************** response log start ***************
request method: OPTIONS
request originalUrl:  /group/groupManage/get
request client ip:  ::1
request body: 
{}
response time: 1
response status: 204
response body: 
undefined
*************** response log end ***************

[2018-08-31T10:01:37.552] [INFO] resLog - 
*************** response log start ***************
request method: GET
request originalUrl:  /group/groupManage/get
request client ip:  ::1
request query:  {}
response time: 2
response status: 200
response body: 
{"status":true,"data":[{"id":37,"name":"CA大平台-IMP组-前端","memberNum":0,"remark":"CA大平台-IMP组-前端，sunflower，一个潮气蓬勃，潜力无限，有梦想有追求的前端团队。","createTime":"2018-08-31T01:56:41.000Z","combine":1},{"id":38,"name":"测试","memberNum":0,"remark":"测试","createTime":"2018-08-31T01:56:41.000Z","combine":1}]}
*************** response log end ***************

[2018-08-31T10:01:37.598] [INFO] resLog - 
*************** response log start ***************
request method: OPTIONS
request originalUrl:  /group/groupManage/getGroupsMember
request client ip:  ::1
request body: 
{}
response time: 1
response status: 204
response body: 
undefined
*************** response log end ***************

[2018-08-31T10:01:37.617] [INFO] resLog - 
*************** response log start ***************
request method: POST
request originalUrl:  /group/groupManage/getGroupsMember
request client ip:  ::1
request body: 
{"idList":[37,38]}
response time: 2
response status: 200
response body: 
{"status":true,"data":[{"email":"292354215@qq.com","name":"caolx","sex":"male","remark":"","groupId":37,"role":"user","level":0,"collector":"0"},{"email":"lic2017@suninfo.com","name":"l李聪","sex":"male","remark":"","groupId":37,"role":"user","level":0,"collector":1},{"email":"test@qq.com","name":"youwg","sex":"male","remark":"www","groupId":37,"role":"user","level":0,"collector":"0"},{"email":"tom@suninfo.com","name":"张悦","sex":"female","remark":null,"groupId":38,"role":"user","level":0,"collector":1},{"email":"youwg@suninfo.com","name":"游武刚","sex":"male","remark":"无","groupId":37,"role":"user","level":0,"collector":"0"}]}
*************** response log end ***************

[2018-08-31T10:01:44.449] [INFO] resLog - 
*************** response log start ***************
request method: OPTIONS
request originalUrl:  /group/groupManage/get
request client ip:  ::1
request body: 
{}
response time: 0
response status: 204
response body: 
undefined
*************** response log end ***************

[2018-08-31T10:01:44.465] [INFO] resLog - 
*************** response log start ***************
request method: GET
request originalUrl:  /group/groupManage/get
request client ip:  ::1
request query:  {}
response time: 1
response status: 200
response body: 
{"status":true,"data":[{"id":37,"name":"CA大平台-IMP组-前端","memberNum":0,"remark":"CA大平台-IMP组-前端，sunflower，一个潮气蓬勃，潜力无限，有梦想有追求的前端团队。","createTime":"2018-08-31T01:56:41.000Z","combine":1},{"id":38,"name":"测试","memberNum":0,"remark":"测试","createTime":"2018-08-31T01:56:41.000Z","combine":1}]}
*************** response log end ***************

[2018-08-31T10:01:44.495] [INFO] resLog - 
*************** response log start ***************
request method: OPTIONS
request originalUrl:  /group/groupManage/getGroupsMember
request client ip:  ::1
request body: 
{}
response time: 1
response status: 204
response body: 
undefined
*************** response log end ***************

[2018-08-31T10:01:44.509] [INFO] resLog - 
*************** response log start ***************
request method: POST
request originalUrl:  /group/groupManage/getGroupsMember
request client ip:  ::1
request body: 
{"idList":[37,38]}
response time: 2
response status: 200
response body: 
{"status":true,"data":[{"email":"292354215@qq.com","name":"caolx","sex":"male","remark":"","groupId":37,"role":"user","level":0,"collector":"0"},{"email":"lic2017@suninfo.com","name":"l李聪","sex":"male","remark":"","groupId":37,"role":"user","level":0,"collector":1},{"email":"test@qq.com","name":"youwg","sex":"male","remark":"www","groupId":37,"role":"user","level":0,"collector":"0"},{"email":"tom@suninfo.com","name":"张悦","sex":"female","remark":null,"groupId":38,"role":"user","level":0,"collector":1},{"email":"youwg@suninfo.com","name":"游武刚","sex":"male","remark":"无","groupId":37,"role":"user","level":0,"collector":"0"}]}
*************** response log end ***************

[2018-08-31T10:01:51.079] [INFO] resLog - 
*************** response log start ***************
request method: OPTIONS
request originalUrl:  /group/groupManage/get
request client ip:  ::1
request body: 
{}
response time: 0
response status: 204
response body: 
undefined
*************** response log end ***************

[2018-08-31T10:01:51.093] [INFO] resLog - 
*************** response log start ***************
request method: GET
request originalUrl:  /group/groupManage/get
request client ip:  ::1
request query:  {}
response time: 2
response status: 200
response body: 
{"status":true,"data":[{"id":37,"name":"CA大平台-IMP组-前端","memberNum":0,"remark":"CA大平台-IMP组-前端，sunflower，一个潮气蓬勃，潜力无限，有梦想有追求的前端团队。","createTime":"2018-08-31T01:56:41.000Z","combine":1},{"id":38,"name":"测试","memberNum":0,"remark":"测试","createTime":"2018-08-31T01:56:41.000Z","combine":1}]}
*************** response log end ***************

[2018-08-31T10:01:51.120] [INFO] resLog - 
*************** response log start ***************
request method: OPTIONS
request originalUrl:  /group/groupManage/getGroupsMember
request client ip:  ::1
request body: 
{}
response time: 0
response status: 204
response body: 
undefined
*************** response log end ***************

[2018-08-31T10:01:51.132] [INFO] resLog - 
*************** response log start ***************
request method: POST
request originalUrl:  /group/groupManage/getGroupsMember
request client ip:  ::1
request body: 
{"idList":[37,38]}
response time: 3
response status: 200
response body: 
{"status":true,"data":[{"email":"292354215@qq.com","name":"caolx","sex":"male","remark":"","groupId":37,"role":"user","level":0,"collector":"0"},{"email":"lic2017@suninfo.com","name":"l李聪","sex":"male","remark":"","groupId":37,"role":"user","level":0,"collector":1},{"email":"test@qq.com","name":"youwg","sex":"male","remark":"www","groupId":37,"role":"user","level":0,"collector":"0"},{"email":"tom@suninfo.com","name":"张悦","sex":"female","remark":null,"groupId":38,"role":"user","level":0,"collector":1},{"email":"youwg@suninfo.com","name":"游武刚","sex":"male","remark":"无","groupId":37,"role":"user","level":0,"collector":"0"}]}
*************** response log end ***************

[2018-08-31T10:02:57.845] [INFO] resLog - 
*************** response log start ***************
request method: OPTIONS
request originalUrl:  /group/groupManage/get
request client ip:  ::1
request body: 
{}
response time: 0
response status: 204
response body: 
undefined
*************** response log end ***************

[2018-08-31T10:02:57.846] [INFO] resLog - 
*************** response log start ***************
request method: OPTIONS
request originalUrl:  /group/groupManage/get
request client ip:  ::1
request body: 
{}
response time: 0
response status: 204
response body: 
undefined
*************** response log end ***************

[2018-08-31T10:02:57.940] [INFO] resLog - 
*************** response log start ***************
request method: GET
request originalUrl:  /group/groupManage/get
request client ip:  ::1
request query:  {}
response time: 3
response status: 200
response body: 
{"status":true,"data":[{"id":37,"name":"CA大平台-IMP组-前端","memberNum":0,"remark":"CA大平台-IMP组-前端，sunflower，一个潮气蓬勃，潜力无限，有梦想有追求的前端团队。","createTime":"2018-08-31T01:56:41.000Z","combine":1},{"id":38,"name":"测试","memberNum":0,"remark":"测试","createTime":"2018-08-31T01:56:41.000Z","combine":1}]}
*************** response log end ***************

[2018-08-31T10:02:57.957] [INFO] resLog - 
*************** response log start ***************
request method: GET
request originalUrl:  /group/groupManage/get
request client ip:  ::1
request query:  {}
response time: 7
response status: 200
response body: 
{"status":true,"data":[{"id":37,"name":"CA大平台-IMP组-前端","memberNum":0,"remark":"CA大平台-IMP组-前端，sunflower，一个潮气蓬勃，潜力无限，有梦想有追求的前端团队。","createTime":"2018-08-31T01:56:41.000Z","combine":1},{"id":38,"name":"测试","memberNum":0,"remark":"测试","createTime":"2018-08-31T01:56:41.000Z","combine":1}]}
*************** response log end ***************

[2018-08-31T10:02:58.016] [INFO] resLog - 
*************** response log start ***************
request method: OPTIONS
request originalUrl:  /group/groupManage/getGroupsMember
request client ip:  ::1
request body: 
{}
response time: 0
response status: 204
response body: 
undefined
*************** response log end ***************

[2018-08-31T10:02:58.039] [INFO] resLog - 
*************** response log start ***************
request method: POST
request originalUrl:  /group/groupManage/getGroupsMember
request client ip:  ::1
request body: 
{"idList":[37,38]}
response time: 4
response status: 200
response body: 
{"status":true,"data":[{"email":"292354215@qq.com","name":"caolx","sex":"male","remark":"","groupId":37,"role":"user","level":0,"collector":"0"},{"email":"lic2017@suninfo.com","name":"l李聪","sex":"male","remark":"","groupId":37,"role":"user","level":0,"collector":1},{"email":"test@qq.com","name":"youwg","sex":"male","remark":"www","groupId":37,"role":"user","level":0,"collector":"0"},{"email":"tom@suninfo.com","name":"张悦","sex":"female","remark":null,"groupId":38,"role":"user","level":0,"collector":1},{"email":"youwg@suninfo.com","name":"游武刚","sex":"male","remark":"无","groupId":37,"role":"user","level":0,"collector":"0"}]}
*************** response log end ***************

[2018-08-31T10:03:07.200] [INFO] resLog - 
*************** response log start ***************
request method: OPTIONS
request originalUrl:  /group/groupManage/editGroupsCombine
request client ip:  ::1
request body: 
{}
response time: 0
response status: 204
response body: 
undefined
*************** response log end ***************

[2018-08-31T10:03:07.211] [INFO] resLog - 
*************** response log start ***************
request method: POST
request originalUrl:  /group/groupManage/editGroupsCombine
request client ip:  ::1
request body: 
{"idList":[],"emailList":[]}
response time: 4
response status: 200
response body: 
{"status":true,"data":"编辑成功"}
*************** response log end ***************

[2018-08-31T10:03:11.595] [INFO] resLog - 
*************** response log start ***************
request method: OPTIONS
request originalUrl:  /group/groupManage/getGroupsMember
request client ip:  ::1
request body: 
{}
response time: 0
response status: 204
response body: 
undefined
*************** response log end ***************

[2018-08-31T10:03:11.611] [INFO] resLog - 
*************** response log start ***************
request method: POST
request originalUrl:  /group/groupManage/getGroupsMember
request client ip:  ::1
request body: 
{"idList":[37,38]}
response time: 4
response status: 200
response body: 
{"status":true,"data":[{"email":"292354215@qq.com","name":"caolx","sex":"male","remark":"","groupId":37,"role":"user","level":0,"collector":"0"},{"email":"lic2017@suninfo.com","name":"l李聪","sex":"male","remark":"","groupId":37,"role":"user","level":0,"collector":"0"},{"email":"test@qq.com","name":"youwg","sex":"male","remark":"www","groupId":37,"role":"user","level":0,"collector":"0"},{"email":"tom@suninfo.com","name":"张悦","sex":"female","remark":null,"groupId":38,"role":"user","level":0,"collector":"0"},{"email":"youwg@suninfo.com","name":"游武刚","sex":"male","remark":"无","groupId":37,"role":"user","level":0,"collector":"0"}]}
*************** response log end ***************

[2018-08-31T10:03:18.294] [INFO] resLog - 
*************** response log start ***************
request method: OPTIONS
request originalUrl:  /group/groupManage/editGroupsCombine
request client ip:  ::1
request body: 
{}
response time: 0
response status: 204
response body: 
undefined
*************** response log end ***************

[2018-08-31T10:03:18.315] [INFO] resLog - 
*************** response log start ***************
request method: POST
request originalUrl:  /group/groupManage/editGroupsCombine
request client ip:  ::1
request body: 
{"idList":[37,38],"emailList":["lic2017@suninfo.com","youwg@suninfo.com"]}
response time: 11
response status: 200
response body: 
{"status":false,"data":"编辑失败，请重试！"}
*************** response log end ***************

[2018-08-31T10:03:18.332] [INFO] resLog - 
*************** response log start ***************
request method: OPTIONS
request originalUrl:  /group/groupManage/get
request client ip:  ::1
request body: 
{}
response time: 0
response status: 204
response body: 
undefined
*************** response log end ***************

[2018-08-31T10:03:18.345] [INFO] resLog - 
*************** response log start ***************
request method: GET
request originalUrl:  /group/groupManage/get
request client ip:  ::1
request query:  {}
response time: 2
response status: 200
response body: 
{"status":true,"data":[{"id":37,"name":"CA大平台-IMP组-前端","memberNum":0,"remark":"CA大平台-IMP组-前端，sunflower，一个潮气蓬勃，潜力无限，有梦想有追求的前端团队。","createTime":"2018-08-31T02:03:18.000Z","combine":1},{"id":38,"name":"测试","memberNum":0,"remark":"测试","createTime":"2018-08-31T02:03:18.000Z","combine":1}]}
*************** response log end ***************

[2018-08-31T10:03:18.384] [INFO] resLog - 
*************** response log start ***************
request method: OPTIONS
request originalUrl:  /group/groupManage/getGroupsMember
request client ip:  ::1
request body: 
{}
response time: 0
response status: 204
response body: 
undefined
*************** response log end ***************

[2018-08-31T10:03:18.396] [INFO] resLog - 
*************** response log start ***************
request method: POST
request originalUrl:  /group/groupManage/getGroupsMember
request client ip:  ::1
request body: 
{"idList":[37,38]}
response time: 2
response status: 200
response body: 
{"status":true,"data":[{"email":"292354215@qq.com","name":"caolx","sex":"male","remark":"","groupId":37,"role":"user","level":0,"collector":"0"},{"email":"lic2017@suninfo.com","name":"l李聪","sex":"male","remark":"","groupId":37,"role":"user","level":0,"collector":"0"},{"email":"test@qq.com","name":"youwg","sex":"male","remark":"www","groupId":37,"role":"user","level":0,"collector":"0"},{"email":"tom@suninfo.com","name":"张悦","sex":"female","remark":null,"groupId":38,"role":"user","level":0,"collector":"0"},{"email":"youwg@suninfo.com","name":"游武刚","sex":"male","remark":"无","groupId":37,"role":"user","level":0,"collector":"0"}]}
*************** response log end ***************

[2018-08-31T10:04:54.796] [INFO] resLog - 
*************** response log start ***************
request method: OPTIONS
request originalUrl:  /group/groupManage/get
request client ip:  ::1
request body: 
{}
response time: 3
response status: 204
response body: 
undefined
*************** response log end ***************

[2018-08-31T10:04:54.803] [INFO] resLog - 
*************** response log start ***************
request method: OPTIONS
request originalUrl:  /group/groupManage/get
request client ip:  ::1
request body: 
{}
response time: 0
response status: 204
response body: 
undefined
*************** response log end ***************

[2018-08-31T10:04:54.925] [INFO] resLog - 
*************** response log start ***************
request method: GET
request originalUrl:  /group/groupManage/get
request client ip:  ::1
request query:  {}
response time: 12
response status: 200
response body: 
{"status":true,"data":[{"id":37,"name":"CA大平台-IMP组-前端","memberNum":0,"remark":"CA大平台-IMP组-前端，sunflower，一个潮气蓬勃，潜力无限，有梦想有追求的前端团队。","createTime":"2018-08-31T02:03:18.000Z","combine":1},{"id":38,"name":"测试","memberNum":0,"remark":"测试","createTime":"2018-08-31T02:03:18.000Z","combine":1}]}
*************** response log end ***************

[2018-08-31T10:04:54.937] [INFO] resLog - 
*************** response log start ***************
request method: GET
request originalUrl:  /group/groupManage/get
request client ip:  ::1
request query:  {}
response time: 3
response status: 200
response body: 
{"status":true,"data":[{"id":37,"name":"CA大平台-IMP组-前端","memberNum":0,"remark":"CA大平台-IMP组-前端，sunflower，一个潮气蓬勃，潜力无限，有梦想有追求的前端团队。","createTime":"2018-08-31T02:03:18.000Z","combine":1},{"id":38,"name":"测试","memberNum":0,"remark":"测试","createTime":"2018-08-31T02:03:18.000Z","combine":1}]}
*************** response log end ***************

[2018-08-31T10:04:54.992] [INFO] resLog - 
*************** response log start ***************
request method: OPTIONS
request originalUrl:  /group/groupManage/getGroupsMember
request client ip:  ::1
request body: 
{}
response time: 0
response status: 204
response body: 
undefined
*************** response log end ***************

[2018-08-31T10:04:55.037] [INFO] resLog - 
*************** response log start ***************
request method: POST
request originalUrl:  /group/groupManage/getGroupsMember
request client ip:  ::1
request body: 
{"idList":[37,38]}
response time: 4
response status: 200
response body: 
{"status":true,"data":[{"email":"292354215@qq.com","name":"caolx","sex":"male","remark":"","groupId":37,"role":"user","level":0,"collector":"0"},{"email":"lic2017@suninfo.com","name":"l李聪","sex":"male","remark":"","groupId":37,"role":"user","level":0,"collector":"0"},{"email":"test@qq.com","name":"youwg","sex":"male","remark":"www","groupId":37,"role":"user","level":0,"collector":"0"},{"email":"tom@suninfo.com","name":"张悦","sex":"female","remark":null,"groupId":38,"role":"user","level":0,"collector":"0"},{"email":"youwg@suninfo.com","name":"游武刚","sex":"male","remark":"无","groupId":37,"role":"user","level":0,"collector":"0"}]}
*************** response log end ***************

[2018-08-31T10:04:56.459] [INFO] resLog - 
*************** response log start ***************
request method: GET
request originalUrl:  /group/groupManage/get
request client ip:  ::1
request query:  {}
response time: 5
response status: 200
response body: 
{"status":true,"data":[{"id":37,"name":"CA大平台-IMP组-前端","memberNum":0,"remark":"CA大平台-IMP组-前端，sunflower，一个潮气蓬勃，潜力无限，有梦想有追求的前端团队。","createTime":"2018-08-31T02:03:18.000Z","combine":1},{"id":38,"name":"测试","memberNum":0,"remark":"测试","createTime":"2018-08-31T02:03:18.000Z","combine":1}]}
*************** response log end ***************

[2018-08-31T10:04:56.472] [INFO] resLog - 
*************** response log start ***************
request method: GET
request originalUrl:  /group/groupManage/get
request client ip:  ::1
request query:  {}
response time: 4
response status: 200
response body: 
{"status":true,"data":[{"id":37,"name":"CA大平台-IMP组-前端","memberNum":0,"remark":"CA大平台-IMP组-前端，sunflower，一个潮气蓬勃，潜力无限，有梦想有追求的前端团队。","createTime":"2018-08-31T02:03:18.000Z","combine":1},{"id":38,"name":"测试","memberNum":0,"remark":"测试","createTime":"2018-08-31T02:03:18.000Z","combine":1}]}
*************** response log end ***************

[2018-08-31T10:04:56.583] [INFO] resLog - 
*************** response log start ***************
request method: POST
request originalUrl:  /group/groupManage/getGroupsMember
request client ip:  ::1
request body: 
{"idList":[37,38]}
response time: 2
response status: 200
response body: 
{"status":true,"data":[{"email":"292354215@qq.com","name":"caolx","sex":"male","remark":"","groupId":37,"role":"user","level":0,"collector":"0"},{"email":"lic2017@suninfo.com","name":"l李聪","sex":"male","remark":"","groupId":37,"role":"user","level":0,"collector":"0"},{"email":"test@qq.com","name":"youwg","sex":"male","remark":"www","groupId":37,"role":"user","level":0,"collector":"0"},{"email":"tom@suninfo.com","name":"张悦","sex":"female","remark":null,"groupId":38,"role":"user","level":0,"collector":"0"},{"email":"youwg@suninfo.com","name":"游武刚","sex":"male","remark":"无","groupId":37,"role":"user","level":0,"collector":"0"}]}
*************** response log end ***************

[2018-08-31T10:05:01.790] [INFO] resLog - 
*************** response log start ***************
request method: OPTIONS
request originalUrl:  /group/groupManage/editGroupsCombine
request client ip:  ::1
request body: 
{}
response time: 1
response status: 204
response body: 
undefined
*************** response log end ***************

[2018-08-31T10:05:01.806] [INFO] resLog - 
*************** response log start ***************
request method: POST
request originalUrl:  /group/groupManage/editGroupsCombine
request client ip:  ::1
request body: 
{"idList":[],"emailList":[]}
response time: 5
response status: 200
response body: 
{"status":true,"data":"编辑成功"}
*************** response log end ***************

[2018-08-31T10:05:04.395] [INFO] resLog - 
*************** response log start ***************
request method: OPTIONS
request originalUrl:  /group/groupManage/get
request client ip:  ::1
request body: 
{}
response time: 0
response status: 204
response body: 
undefined
*************** response log end ***************

[2018-08-31T10:05:04.396] [INFO] resLog - 
*************** response log start ***************
request method: OPTIONS
request originalUrl:  /group/groupManage/get
request client ip:  ::1
request body: 
{}
response time: 0
response status: 204
response body: 
undefined
*************** response log end ***************

[2018-08-31T10:05:04.478] [INFO] resLog - 
*************** response log start ***************
request method: GET
request originalUrl:  /group/groupManage/get
request client ip:  ::1
request query:  {}
response time: 7
response status: 200
response body: 
{"status":true,"data":[{"id":37,"name":"CA大平台-IMP组-前端","memberNum":0,"remark":"CA大平台-IMP组-前端，sunflower，一个潮气蓬勃，潜力无限，有梦想有追求的前端团队。","createTime":"2018-08-31T02:05:01.000Z","combine":"0"},{"id":38,"name":"测试","memberNum":0,"remark":"测试","createTime":"2018-08-31T02:05:01.000Z","combine":"0"}]}
*************** response log end ***************

[2018-08-31T10:05:04.490] [INFO] resLog - 
*************** response log start ***************
request method: GET
request originalUrl:  /group/groupManage/get
request client ip:  ::1
request query:  {}
response time: 3
response status: 200
response body: 
{"status":true,"data":[{"id":37,"name":"CA大平台-IMP组-前端","memberNum":0,"remark":"CA大平台-IMP组-前端，sunflower，一个潮气蓬勃，潜力无限，有梦想有追求的前端团队。","createTime":"2018-08-31T02:05:01.000Z","combine":"0"},{"id":38,"name":"测试","memberNum":0,"remark":"测试","createTime":"2018-08-31T02:05:01.000Z","combine":"0"}]}
*************** response log end ***************

[2018-08-31T10:05:07.735] [INFO] resLog - 
*************** response log start ***************
request method: OPTIONS
request originalUrl:  /group/groupManage/getGroupsMember
request client ip:  ::1
request body: 
{}
response time: 0
response status: 204
response body: 
undefined
*************** response log end ***************

[2018-08-31T10:05:07.751] [INFO] resLog - 
*************** response log start ***************
request method: POST
request originalUrl:  /group/groupManage/getGroupsMember
request client ip:  ::1
request body: 
{"idList":[37,38]}
response time: 3
response status: 200
response body: 
{"status":true,"data":[{"email":"292354215@qq.com","name":"caolx","sex":"male","remark":"","groupId":37,"role":"user","level":0,"collector":"0"},{"email":"lic2017@suninfo.com","name":"l李聪","sex":"male","remark":"","groupId":37,"role":"user","level":0,"collector":"0"},{"email":"test@qq.com","name":"youwg","sex":"male","remark":"www","groupId":37,"role":"user","level":0,"collector":"0"},{"email":"tom@suninfo.com","name":"张悦","sex":"female","remark":null,"groupId":38,"role":"user","level":0,"collector":"0"},{"email":"youwg@suninfo.com","name":"游武刚","sex":"male","remark":"无","groupId":37,"role":"user","level":0,"collector":"0"}]}
*************** response log end ***************

[2018-08-31T10:05:12.921] [INFO] resLog - 
*************** response log start ***************
request method: OPTIONS
request originalUrl:  /group/groupManage/editGroupsCombine
request client ip:  ::1
request body: 
{}
response time: 0
response status: 204
response body: 
undefined
*************** response log end ***************

[2018-08-31T10:05:12.938] [INFO] resLog - 
*************** response log start ***************
request method: POST
request originalUrl:  /group/groupManage/editGroupsCombine
request client ip:  ::1
request body: 
{"idList":[37,38],"emailList":["test@qq.com","tom@suninfo.com"]}
response time: 7
response status: 200
response body: 
{"status":true,"data":"编辑成功"}
*************** response log end ***************

[2018-08-31T10:05:16.389] [INFO] resLog - 
*************** response log start ***************
request method: OPTIONS
request originalUrl:  /group/groupManage/get
request client ip:  ::1
request body: 
{}
response time: 0
response status: 204
response body: 
undefined
*************** response log end ***************

[2018-08-31T10:05:16.391] [INFO] resLog - 
*************** response log start ***************
request method: OPTIONS
request originalUrl:  /group/groupManage/get
request client ip:  ::1
request body: 
{}
response time: 0
response status: 204
response body: 
undefined
*************** response log end ***************

[2018-08-31T10:05:16.454] [INFO] resLog - 
*************** response log start ***************
request method: GET
request originalUrl:  /group/groupManage/get
request client ip:  ::1
request query:  {}
response time: 2
response status: 200
response body: 
{"status":true,"data":[{"id":37,"name":"CA大平台-IMP组-前端","memberNum":0,"remark":"CA大平台-IMP组-前端，sunflower，一个潮气蓬勃，潜力无限，有梦想有追求的前端团队。","createTime":"2018-08-31T02:05:12.000Z","combine":1},{"id":38,"name":"测试","memberNum":0,"remark":"测试","createTime":"2018-08-31T02:05:12.000Z","combine":1}]}
*************** response log end ***************

[2018-08-31T10:05:16.464] [INFO] resLog - 
*************** response log start ***************
request method: GET
request originalUrl:  /group/groupManage/get
request client ip:  ::1
request query:  {}
response time: 2
response status: 200
response body: 
{"status":true,"data":[{"id":37,"name":"CA大平台-IMP组-前端","memberNum":0,"remark":"CA大平台-IMP组-前端，sunflower，一个潮气蓬勃，潜力无限，有梦想有追求的前端团队。","createTime":"2018-08-31T02:05:12.000Z","combine":1},{"id":38,"name":"测试","memberNum":0,"remark":"测试","createTime":"2018-08-31T02:05:12.000Z","combine":1}]}
*************** response log end ***************

[2018-08-31T10:05:16.547] [INFO] resLog - 
*************** response log start ***************
request method: OPTIONS
request originalUrl:  /group/groupManage/getGroupsMember
request client ip:  ::1
request body: 
{}
response time: 0
response status: 204
response body: 
undefined
*************** response log end ***************

[2018-08-31T10:05:16.591] [INFO] resLog - 
*************** response log start ***************
request method: POST
request originalUrl:  /group/groupManage/getGroupsMember
request client ip:  ::1
request body: 
{"idList":[37,38]}
response time: 3
response status: 200
response body: 
{"status":true,"data":[{"email":"292354215@qq.com","name":"caolx","sex":"male","remark":"","groupId":37,"role":"user","level":0,"collector":"0"},{"email":"lic2017@suninfo.com","name":"l李聪","sex":"male","remark":"","groupId":37,"role":"user","level":0,"collector":"0"},{"email":"test@qq.com","name":"youwg","sex":"male","remark":"www","groupId":37,"role":"user","level":0,"collector":1},{"email":"tom@suninfo.com","name":"张悦","sex":"female","remark":null,"groupId":38,"role":"user","level":0,"collector":1},{"email":"youwg@suninfo.com","name":"游武刚","sex":"male","remark":"无","groupId":37,"role":"user","level":0,"collector":"0"}]}
*************** response log end ***************

[2018-08-31T10:05:23.514] [INFO] resLog - 
*************** response log start ***************
request method: OPTIONS
request originalUrl:  /group/groupManage/editGroupsCombine
request client ip:  ::1
request body: 
{}
response time: 0
response status: 204
response body: 
undefined
*************** response log end ***************

[2018-08-31T10:05:23.529] [INFO] resLog - 
*************** response log start ***************
request method: POST
request originalUrl:  /group/groupManage/editGroupsCombine
request client ip:  ::1
request body: 
{"idList":[],"emailList":[]}
response time: 5
response status: 200
response body: 
{"status":true,"data":"编辑成功"}
*************** response log end ***************

[2018-08-31T10:05:32.011] [INFO] resLog - 
*************** response log start ***************
request method: OPTIONS
request originalUrl:  /group/groupManage/get
request client ip:  ::1
request body: 
{}
response time: 0
response status: 204
response body: 
undefined
*************** response log end ***************

[2018-08-31T10:05:32.029] [INFO] resLog - 
*************** response log start ***************
request method: GET
request originalUrl:  /group/groupManage/get
request client ip:  ::1
request query:  {}
response time: 4
response status: 200
response body: 
{"status":true,"data":[{"id":37,"name":"CA大平台-IMP组-前端","memberNum":0,"remark":"CA大平台-IMP组-前端，sunflower，一个潮气蓬勃，潜力无限，有梦想有追求的前端团队。","createTime":"2018-08-31T02:05:23.000Z","combine":"0"},{"id":38,"name":"测试","memberNum":0,"remark":"测试","createTime":"2018-08-31T02:05:23.000Z","combine":"0"}]}
*************** response log end ***************

[2018-08-31T10:05:35.405] [INFO] resLog - 
*************** response log start ***************
request method: GET
request originalUrl:  /group/groupManage/get
request client ip:  ::1
request query:  {}
response time: 2
response status: 200
response body: 
{"status":true,"data":[{"id":37,"name":"CA大平台-IMP组-前端","memberNum":0,"remark":"CA大平台-IMP组-前端，sunflower，一个潮气蓬勃，潜力无限，有梦想有追求的前端团队。","createTime":"2018-08-31T02:05:23.000Z","combine":"0"},{"id":38,"name":"测试","memberNum":0,"remark":"测试","createTime":"2018-08-31T02:05:23.000Z","combine":"0"}]}
*************** response log end ***************

[2018-08-31T10:05:35.411] [INFO] resLog - 
*************** response log start ***************
request method: GET
request originalUrl:  /group/groupManage/get
request client ip:  ::1
request query:  {}
response time: 2
response status: 200
response body: 
{"status":true,"data":[{"id":37,"name":"CA大平台-IMP组-前端","memberNum":0,"remark":"CA大平台-IMP组-前端，sunflower，一个潮气蓬勃，潜力无限，有梦想有追求的前端团队。","createTime":"2018-08-31T02:05:23.000Z","combine":"0"},{"id":38,"name":"测试","memberNum":0,"remark":"测试","createTime":"2018-08-31T02:05:23.000Z","combine":"0"}]}
*************** response log end ***************

[2018-08-31T10:13:13.551] [INFO] resLog - 
*************** response log start ***************
request method: OPTIONS
request originalUrl:  /group/groupManage/getGroupsMember
request client ip:  ::1
request body: 
{}
response time: 0
response status: 204
response body: 
undefined
*************** response log end ***************

[2018-08-31T10:13:13.561] [INFO] resLog - 
*************** response log start ***************
request method: POST
request originalUrl:  /group/groupManage/getGroupsMember
request client ip:  ::1
request body: 
{"idList":[37,38]}
response time: 1
response status: 200
response body: 
{"status":false,"data":"Not Login"}
*************** response log end ***************

[2018-08-31T10:13:17.321] [INFO] resLog - 
*************** response log start ***************
request method: OPTIONS
request originalUrl:  /user/adminLogin
request client ip:  ::1
request body: 
{}
response time: 0
response status: 204
response body: 
undefined
*************** response log end ***************

[2018-08-31T10:13:17.334] [INFO] resLog - 
*************** response log start ***************
request method: POST
request originalUrl:  /user/adminLogin
request client ip:  ::1
request body: 
{"email":"admin","password":"admin"}
response time: 3
response status: 200
response body: 
{"status":true,"data":{"email":"admin","name":"admin","sex":"male","remark":"admin","groupId":0,"role":"admin","level":0,"collector":"0"}}
*************** response log end ***************

[2018-08-31T10:13:17.465] [INFO] resLog - 
*************** response log start ***************
request method: OPTIONS
request originalUrl:  /group/groupManage/get
request client ip:  ::1
request body: 
{}
response time: 0
response status: 204
response body: 
undefined
*************** response log end ***************

[2018-08-31T10:13:17.493] [INFO] resLog - 
*************** response log start ***************
request method: GET
request originalUrl:  /group/groupManage/get
request client ip:  ::1
request query:  {}
response time: 2
response status: 200
response body: 
{"status":true,"data":[{"id":37,"name":"CA大平台-IMP组-前端","memberNum":0,"remark":"CA大平台-IMP组-前端，sunflower，一个潮气蓬勃，潜力无限，有梦想有追求的前端团队。","createTime":"2018-08-31T02:05:23.000Z","combine":"0"},{"id":38,"name":"测试","memberNum":0,"remark":"测试","createTime":"2018-08-31T02:05:23.000Z","combine":"0"}]}
*************** response log end ***************

[2018-08-31T10:13:19.224] [INFO] resLog - 
*************** response log start ***************
request method: GET
request originalUrl:  /group/groupManage/get
request client ip:  ::1
request query:  {}
response time: 4
response status: 200
response body: 
{"status":true,"data":[{"id":37,"name":"CA大平台-IMP组-前端","memberNum":0,"remark":"CA大平台-IMP组-前端，sunflower，一个潮气蓬勃，潜力无限，有梦想有追求的前端团队。","createTime":"2018-08-31T02:05:23.000Z","combine":"0"},{"id":38,"name":"测试","memberNum":0,"remark":"测试","createTime":"2018-08-31T02:05:23.000Z","combine":"0"}]}
*************** response log end ***************

[2018-08-31T10:13:22.180] [INFO] resLog - 
*************** response log start ***************
request method: OPTIONS
request originalUrl:  /group/groupManage/getGroupsMember
request client ip:  ::1
request body: 
{}
response time: 1
response status: 204
response body: 
undefined
*************** response log end ***************

[2018-08-31T10:13:22.191] [INFO] resLog - 
*************** response log start ***************
request method: POST
request originalUrl:  /group/groupManage/getGroupsMember
request client ip:  ::1
request body: 
{"idList":[37,38]}
response time: 3
response status: 200
response body: 
{"status":true,"data":[{"email":"292354215@qq.com","name":"caolx","sex":"male","remark":"","groupId":37,"role":"user","level":0,"collector":"0"},{"email":"lic2017@suninfo.com","name":"l李聪","sex":"male","remark":"","groupId":37,"role":"user","level":0,"collector":"0"},{"email":"test@qq.com","name":"youwg","sex":"male","remark":"www","groupId":37,"role":"user","level":0,"collector":"0"},{"email":"tom@suninfo.com","name":"张悦","sex":"female","remark":null,"groupId":38,"role":"user","level":0,"collector":"0"},{"email":"youwg@suninfo.com","name":"游武刚","sex":"male","remark":"无","groupId":37,"role":"user","level":0,"collector":"0"}]}
*************** response log end ***************

[2018-08-31T10:13:46.030] [INFO] resLog - 
*************** response log start ***************
request method: OPTIONS
request originalUrl:  /group/groupManage/getGroupsMember
request client ip:  ::1
request body: 
{}
response time: 0
response status: 204
response body: 
undefined
*************** response log end ***************

[2018-08-31T10:13:46.041] [INFO] resLog - 
*************** response log start ***************
request method: POST
request originalUrl:  /group/groupManage/getGroupsMember
request client ip:  ::1
request body: 
{"idList":[37]}
response time: 2
response status: 200
response body: 
{"status":true,"data":[{"email":"292354215@qq.com","name":"caolx","sex":"male","remark":"","groupId":37,"role":"user","level":0,"collector":"0"},{"email":"lic2017@suninfo.com","name":"l李聪","sex":"male","remark":"","groupId":37,"role":"user","level":0,"collector":"0"},{"email":"test@qq.com","name":"youwg","sex":"male","remark":"www","groupId":37,"role":"user","level":0,"collector":"0"},{"email":"youwg@suninfo.com","name":"游武刚","sex":"male","remark":"无","groupId":37,"role":"user","level":0,"collector":"0"}]}
*************** response log end ***************

[2018-08-31T10:13:54.082] [INFO] resLog - 
*************** response log start ***************
request method: OPTIONS
request originalUrl:  /group/groupManage/getGroupsMember
request client ip:  ::1
request body: 
{}
response time: 0
response status: 204
response body: 
undefined
*************** response log end ***************

[2018-08-31T10:13:54.094] [INFO] resLog - 
*************** response log start ***************
request method: POST
request originalUrl:  /group/groupManage/getGroupsMember
request client ip:  ::1
request body: 
{"idList":[37]}
response time: 3
response status: 200
response body: 
{"status":true,"data":[{"email":"292354215@qq.com","name":"caolx","sex":"male","remark":"","groupId":37,"role":"user","level":0,"collector":"0"},{"email":"lic2017@suninfo.com","name":"l李聪","sex":"male","remark":"","groupId":37,"role":"user","level":0,"collector":"0"},{"email":"test@qq.com","name":"youwg","sex":"male","remark":"www","groupId":37,"role":"user","level":0,"collector":"0"},{"email":"youwg@suninfo.com","name":"游武刚","sex":"male","remark":"无","groupId":37,"role":"user","level":0,"collector":"0"}]}
*************** response log end ***************

[2018-08-31T10:14:06.557] [INFO] resLog - 
*************** response log start ***************
request method: OPTIONS
request originalUrl:  /group/groupManage/getGroupsMember
request client ip:  ::1
request body: 
{}
response time: 0
response status: 204
response body: 
undefined
*************** response log end ***************

[2018-08-31T10:14:06.569] [INFO] resLog - 
*************** response log start ***************
request method: POST
request originalUrl:  /group/groupManage/getGroupsMember
request client ip:  ::1
request body: 
{"idList":[37,38]}
response time: 2
response status: 200
response body: 
{"status":true,"data":[{"email":"292354215@qq.com","name":"caolx","sex":"male","remark":"","groupId":37,"role":"user","level":0,"collector":"0"},{"email":"lic2017@suninfo.com","name":"l李聪","sex":"male","remark":"","groupId":37,"role":"user","level":0,"collector":"0"},{"email":"test@qq.com","name":"youwg","sex":"male","remark":"www","groupId":37,"role":"user","level":0,"collector":"0"},{"email":"tom@suninfo.com","name":"张悦","sex":"female","remark":null,"groupId":38,"role":"user","level":0,"collector":"0"},{"email":"youwg@suninfo.com","name":"游武刚","sex":"male","remark":"无","groupId":37,"role":"user","level":0,"collector":"0"}]}
*************** response log end ***************

[2018-08-31T10:14:11.911] [INFO] resLog - 
*************** response log start ***************
request method: OPTIONS
request originalUrl:  /group/groupManage/getGroupsMember
request client ip:  ::1
request body: 
{}
response time: 0
response status: 204
response body: 
undefined
*************** response log end ***************

[2018-08-31T10:14:11.928] [INFO] resLog - 
*************** response log start ***************
request method: POST
request originalUrl:  /group/groupManage/getGroupsMember
request client ip:  ::1
request body: 
{"idList":[37]}
response time: 5
response status: 200
response body: 
{"status":true,"data":[{"email":"292354215@qq.com","name":"caolx","sex":"male","remark":"","groupId":37,"role":"user","level":0,"collector":"0"},{"email":"lic2017@suninfo.com","name":"l李聪","sex":"male","remark":"","groupId":37,"role":"user","level":0,"collector":"0"},{"email":"test@qq.com","name":"youwg","sex":"male","remark":"www","groupId":37,"role":"user","level":0,"collector":"0"},{"email":"youwg@suninfo.com","name":"游武刚","sex":"male","remark":"无","groupId":37,"role":"user","level":0,"collector":"0"}]}
*************** response log end ***************

[2018-08-31T10:14:24.692] [INFO] resLog - 
*************** response log start ***************
request method: OPTIONS
request originalUrl:  /group/groupManage/getGroupsMember
request client ip:  ::1
request body: 
{}
response time: 0
response status: 204
response body: 
undefined
*************** response log end ***************

[2018-08-31T10:14:24.707] [INFO] resLog - 
*************** response log start ***************
request method: POST
request originalUrl:  /group/groupManage/getGroupsMember
request client ip:  ::1
request body: 
{"idList":[38]}
response time: 2
response status: 200
response body: 
{"status":true,"data":[{"email":"tom@suninfo.com","name":"张悦","sex":"female","remark":null,"groupId":38,"role":"user","level":0,"collector":"0"}]}
*************** response log end ***************

[2018-08-31T10:14:42.435] [INFO] resLog - 
*************** response log start ***************
request method: OPTIONS
request originalUrl:  /group/groupManage/getGroupsMember
request client ip:  ::1
request body: 
{}
response time: 1
response status: 204
response body: 
undefined
*************** response log end ***************

[2018-08-31T10:14:42.445] [INFO] resLog - 
*************** response log start ***************
request method: POST
request originalUrl:  /group/groupManage/getGroupsMember
request client ip:  ::1
request body: 
{"idList":[38,37]}
response time: 2
response status: 200
response body: 
{"status":true,"data":[{"email":"292354215@qq.com","name":"caolx","sex":"male","remark":"","groupId":37,"role":"user","level":0,"collector":"0"},{"email":"lic2017@suninfo.com","name":"l李聪","sex":"male","remark":"","groupId":37,"role":"user","level":0,"collector":"0"},{"email":"test@qq.com","name":"youwg","sex":"male","remark":"www","groupId":37,"role":"user","level":0,"collector":"0"},{"email":"tom@suninfo.com","name":"张悦","sex":"female","remark":null,"groupId":38,"role":"user","level":0,"collector":"0"},{"email":"youwg@suninfo.com","name":"游武刚","sex":"male","remark":"无","groupId":37,"role":"user","level":0,"collector":"0"}]}
*************** response log end ***************

[2018-08-31T10:15:17.756] [INFO] resLog - 
*************** response log start ***************
request method: OPTIONS
request originalUrl:  /group/groupManage/editGroupsCombine
request client ip:  ::1
request body: 
{}
response time: 0
response status: 204
response body: 
undefined
*************** response log end ***************

[2018-08-31T10:15:17.770] [INFO] resLog - 
*************** response log start ***************
request method: POST
request originalUrl:  /group/groupManage/editGroupsCombine
request client ip:  ::1
request body: 
{"idList":[38,37],"emailList":["tom@suninfo.com","youwg@suninfo.com"]}
response time: 7
response status: 200
response body: 
{"status":true,"data":"编辑成功"}
*************** response log end ***************

[2018-08-31T10:15:21.424] [INFO] resLog - 
*************** response log start ***************
request method: OPTIONS
request originalUrl:  /group/groupManage/get
request client ip:  ::1
request body: 
{}
response time: 0
response status: 204
response body: 
undefined
*************** response log end ***************

[2018-08-31T10:15:21.426] [INFO] resLog - 
*************** response log start ***************
request method: OPTIONS
request originalUrl:  /group/groupManage/get
request client ip:  ::1
request body: 
{}
response time: 1
response status: 204
response body: 
undefined
*************** response log end ***************

[2018-08-31T10:15:21.484] [INFO] resLog - 
*************** response log start ***************
request method: GET
request originalUrl:  /group/groupManage/get
request client ip:  ::1
request query:  {}
response time: 2
response status: 200
response body: 
{"status":true,"data":[{"id":37,"name":"CA大平台-IMP组-前端","memberNum":0,"remark":"CA大平台-IMP组-前端，sunflower，一个潮气蓬勃，潜力无限，有梦想有追求的前端团队。","createTime":"2018-08-31T02:15:17.000Z","combine":1},{"id":38,"name":"测试","memberNum":0,"remark":"测试","createTime":"2018-08-31T02:15:17.000Z","combine":1}]}
*************** response log end ***************

[2018-08-31T10:15:21.493] [INFO] resLog - 
*************** response log start ***************
request method: GET
request originalUrl:  /group/groupManage/get
request client ip:  ::1
request query:  {}
response time: 2
response status: 200
response body: 
{"status":true,"data":[{"id":37,"name":"CA大平台-IMP组-前端","memberNum":0,"remark":"CA大平台-IMP组-前端，sunflower，一个潮气蓬勃，潜力无限，有梦想有追求的前端团队。","createTime":"2018-08-31T02:15:17.000Z","combine":1},{"id":38,"name":"测试","memberNum":0,"remark":"测试","createTime":"2018-08-31T02:15:17.000Z","combine":1}]}
*************** response log end ***************

[2018-08-31T10:15:21.574] [INFO] resLog - 
*************** response log start ***************
request method: OPTIONS
request originalUrl:  /group/groupManage/getGroupsMember
request client ip:  ::1
request body: 
{}
response time: 0
response status: 204
response body: 
undefined
*************** response log end ***************

[2018-08-31T10:15:21.596] [INFO] resLog - 
*************** response log start ***************
request method: POST
request originalUrl:  /group/groupManage/getGroupsMember
request client ip:  ::1
request body: 
{"idList":[37,38]}
response time: 2
response status: 200
response body: 
{"status":true,"data":[{"email":"292354215@qq.com","name":"caolx","sex":"male","remark":"","groupId":37,"role":"user","level":0,"collector":"0"},{"email":"lic2017@suninfo.com","name":"l李聪","sex":"male","remark":"","groupId":37,"role":"user","level":0,"collector":"0"},{"email":"test@qq.com","name":"youwg","sex":"male","remark":"www","groupId":37,"role":"user","level":0,"collector":"0"},{"email":"tom@suninfo.com","name":"张悦","sex":"female","remark":null,"groupId":38,"role":"user","level":0,"collector":1},{"email":"youwg@suninfo.com","name":"游武刚","sex":"male","remark":"无","groupId":37,"role":"user","level":0,"collector":1}]}
*************** response log end ***************

[2018-08-31T10:15:27.518] [INFO] resLog - 
*************** response log start ***************
request method: OPTIONS
request originalUrl:  /group/groupManage/editGroupsCombine
request client ip:  ::1
request body: 
{}
response time: 1
response status: 204
response body: 
undefined
*************** response log end ***************

[2018-08-31T10:15:27.531] [INFO] resLog - 
*************** response log start ***************
request method: POST
request originalUrl:  /group/groupManage/editGroupsCombine
request client ip:  ::1
request body: 
{"idList":[37,38],"emailList":["youwg@suninfo.com"]}
response time: 6
response status: 200
response body: 
{"status":true,"data":"编辑成功"}
*************** response log end ***************

[2018-08-31T10:15:30.480] [INFO] resLog - 
*************** response log start ***************
request method: OPTIONS
request originalUrl:  /group/groupManage/get
request client ip:  ::1
request body: 
{}
response time: 0
response status: 204
response body: 
undefined
*************** response log end ***************

[2018-08-31T10:15:30.482] [INFO] resLog - 
*************** response log start ***************
request method: OPTIONS
request originalUrl:  /group/groupManage/get
request client ip:  ::1
request body: 
{}
response time: 1
response status: 204
response body: 
undefined
*************** response log end ***************

[2018-08-31T10:15:30.523] [INFO] resLog - 
*************** response log start ***************
request method: GET
request originalUrl:  /group/groupManage/get
request client ip:  ::1
request query:  {}
response time: 3
response status: 200
response body: 
{"status":true,"data":[{"id":37,"name":"CA大平台-IMP组-前端","memberNum":0,"remark":"CA大平台-IMP组-前端，sunflower，一个潮气蓬勃，潜力无限，有梦想有追求的前端团队。","createTime":"2018-08-31T02:15:27.000Z","combine":1},{"id":38,"name":"测试","memberNum":0,"remark":"测试","createTime":"2018-08-31T02:15:27.000Z","combine":1}]}
*************** response log end ***************

[2018-08-31T10:15:30.532] [INFO] resLog - 
*************** response log start ***************
request method: GET
request originalUrl:  /group/groupManage/get
request client ip:  ::1
request query:  {}
response time: 4
response status: 200
response body: 
{"status":true,"data":[{"id":37,"name":"CA大平台-IMP组-前端","memberNum":0,"remark":"CA大平台-IMP组-前端，sunflower，一个潮气蓬勃，潜力无限，有梦想有追求的前端团队。","createTime":"2018-08-31T02:15:27.000Z","combine":1},{"id":38,"name":"测试","memberNum":0,"remark":"测试","createTime":"2018-08-31T02:15:27.000Z","combine":1}]}
*************** response log end ***************

[2018-08-31T10:15:30.619] [INFO] resLog - 
*************** response log start ***************
request method: OPTIONS
request originalUrl:  /group/groupManage/getGroupsMember
request client ip:  ::1
request body: 
{}
response time: 1
response status: 204
response body: 
undefined
*************** response log end ***************

[2018-08-31T10:15:30.650] [INFO] resLog - 
*************** response log start ***************
request method: POST
request originalUrl:  /group/groupManage/getGroupsMember
request client ip:  ::1
request body: 
{"idList":[37,38]}
response time: 2
response status: 200
response body: 
{"status":true,"data":[{"email":"292354215@qq.com","name":"caolx","sex":"male","remark":"","groupId":37,"role":"user","level":0,"collector":"0"},{"email":"lic2017@suninfo.com","name":"l李聪","sex":"male","remark":"","groupId":37,"role":"user","level":0,"collector":"0"},{"email":"test@qq.com","name":"youwg","sex":"male","remark":"www","groupId":37,"role":"user","level":0,"collector":"0"},{"email":"tom@suninfo.com","name":"张悦","sex":"female","remark":null,"groupId":38,"role":"user","level":0,"collector":"0"},{"email":"youwg@suninfo.com","name":"游武刚","sex":"male","remark":"无","groupId":37,"role":"user","level":0,"collector":1}]}
*************** response log end ***************

[2018-08-31T10:16:04.419] [INFO] resLog - 
*************** response log start ***************
request method: OPTIONS
request originalUrl:  /group/groupManage/get
request client ip:  ::1
request body: 
{}
response time: 0
response status: 204
response body: 
undefined
*************** response log end ***************

[2018-08-31T10:16:04.420] [INFO] resLog - 
*************** response log start ***************
request method: OPTIONS
request originalUrl:  /group/groupManage/get
request client ip:  ::1
request body: 
{}
response time: 0
response status: 204
response body: 
undefined
*************** response log end ***************

[2018-08-31T10:16:04.470] [INFO] resLog - 
*************** response log start ***************
request method: GET
request originalUrl:  /group/groupManage/get
request client ip:  ::1
request query:  {}
response time: 2
response status: 200
response body: 
{"status":true,"data":[{"id":37,"name":"CA大平台-IMP组-前端","memberNum":0,"remark":"CA大平台-IMP组-前端，sunflower，一个潮气蓬勃，潜力无限，有梦想有追求的前端团队。","createTime":"2018-08-31T02:15:27.000Z","combine":1},{"id":38,"name":"测试","memberNum":0,"remark":"测试","createTime":"2018-08-31T02:15:27.000Z","combine":1}]}
*************** response log end ***************

[2018-08-31T10:16:04.480] [INFO] resLog - 
*************** response log start ***************
request method: GET
request originalUrl:  /group/groupManage/get
request client ip:  ::1
request query:  {}
response time: 2
response status: 200
response body: 
{"status":true,"data":[{"id":37,"name":"CA大平台-IMP组-前端","memberNum":0,"remark":"CA大平台-IMP组-前端，sunflower，一个潮气蓬勃，潜力无限，有梦想有追求的前端团队。","createTime":"2018-08-31T02:15:27.000Z","combine":1},{"id":38,"name":"测试","memberNum":0,"remark":"测试","createTime":"2018-08-31T02:15:27.000Z","combine":1}]}
*************** response log end ***************

[2018-08-31T10:16:04.578] [INFO] resLog - 
*************** response log start ***************
request method: OPTIONS
request originalUrl:  /group/groupManage/getGroupsMember
request client ip:  ::1
request body: 
{}
response time: 1
response status: 204
response body: 
undefined
*************** response log end ***************

[2018-08-31T10:16:04.626] [INFO] resLog - 
*************** response log start ***************
request method: POST
request originalUrl:  /group/groupManage/getGroupsMember
request client ip:  ::1
request body: 
{"idList":[37,38]}
response time: 2
response status: 200
response body: 
{"status":true,"data":[{"email":"292354215@qq.com","name":"caolx","sex":"male","remark":"","groupId":37,"role":"user","level":0,"collector":"0"},{"email":"lic2017@suninfo.com","name":"l李聪","sex":"male","remark":"","groupId":37,"role":"user","level":0,"collector":"0"},{"email":"test@qq.com","name":"youwg","sex":"male","remark":"www","groupId":37,"role":"user","level":0,"collector":"0"},{"email":"tom@suninfo.com","name":"张悦","sex":"female","remark":null,"groupId":38,"role":"user","level":0,"collector":"0"},{"email":"youwg@suninfo.com","name":"游武刚","sex":"male","remark":"无","groupId":37,"role":"user","level":0,"collector":1}]}
*************** response log end ***************

[2018-08-31T10:28:18.109] [INFO] resLog - 
*************** response log start ***************
request method: OPTIONS
request originalUrl:  /group/groupManage/get
request client ip:  ::1
request body: 
{}
response time: 2
response status: 204
response body: 
undefined
*************** response log end ***************

[2018-08-31T10:28:18.201] [INFO] resLog - 
*************** response log start ***************
request method: GET
request originalUrl:  /group/groupManage/get
request client ip:  ::1
request query:  {}
response time: 8
response status: 200
response body: 
{"status":true,"data":[{"id":37,"name":"CA大平台-IMP组-前端","memberNum":0,"remark":"CA大平台-IMP组-前端，sunflower，一个潮气蓬勃，潜力无限，有梦想有追求的前端团队。","createTime":"2018-08-31T02:15:27.000Z","combine":1},{"id":38,"name":"测试","memberNum":0,"remark":"测试","createTime":"2018-08-31T02:15:27.000Z","combine":1}]}
*************** response log end ***************

[2018-08-31T10:28:20.051] [INFO] resLog - 
*************** response log start ***************
request method: GET
request originalUrl:  /group/groupManage/get
request client ip:  ::1
request query:  {}
response time: 3
response status: 200
response body: 
{"status":true,"data":[{"id":37,"name":"CA大平台-IMP组-前端","memberNum":0,"remark":"CA大平台-IMP组-前端，sunflower，一个潮气蓬勃，潜力无限，有梦想有追求的前端团队。","createTime":"2018-08-31T02:15:27.000Z","combine":1},{"id":38,"name":"测试","memberNum":0,"remark":"测试","createTime":"2018-08-31T02:15:27.000Z","combine":1}]}
*************** response log end ***************

[2018-08-31T10:28:20.093] [INFO] resLog - 
*************** response log start ***************
request method: OPTIONS
request originalUrl:  /group/groupManage/getGroupsMember
request client ip:  ::1
request body: 
{}
response time: 1
response status: 204
response body: 
undefined
*************** response log end ***************

[2018-08-31T10:28:20.116] [INFO] resLog - 
*************** response log start ***************
request method: POST
request originalUrl:  /group/groupManage/getGroupsMember
request client ip:  ::1
request body: 
{"idList":[37,38]}
response time: 1
response status: 200
response body: 
{"status":false,"data":"Not Login"}
*************** response log end ***************

[2018-08-31T10:28:23.451] [INFO] resLog - 
*************** response log start ***************
request method: OPTIONS
request originalUrl:  /user/adminLogin
request client ip:  ::1
request body: 
{}
response time: 0
response status: 204
response body: 
undefined
*************** response log end ***************

[2018-08-31T10:28:23.467] [INFO] resLog - 
*************** response log start ***************
request method: POST
request originalUrl:  /user/adminLogin
request client ip:  ::1
request body: 
{"email":"admin","password":"admin"}
response time: 4
response status: 200
response body: 
{"status":true,"data":{"email":"admin","name":"admin","sex":"male","remark":"admin","groupId":0,"role":"admin","level":0,"collector":"0"}}
*************** response log end ***************

[2018-08-31T10:28:23.592] [INFO] resLog - 
*************** response log start ***************
request method: OPTIONS
request originalUrl:  /group/groupManage/get
request client ip:  ::1
request body: 
{}
response time: 1
response status: 204
response body: 
undefined
*************** response log end ***************

[2018-08-31T10:28:23.614] [INFO] resLog - 
*************** response log start ***************
request method: GET
request originalUrl:  /group/groupManage/get
request client ip:  ::1
request query:  {}
response time: 4
response status: 200
response body: 
{"status":true,"data":[{"id":37,"name":"CA大平台-IMP组-前端","memberNum":0,"remark":"CA大平台-IMP组-前端，sunflower，一个潮气蓬勃，潜力无限，有梦想有追求的前端团队。","createTime":"2018-08-31T02:15:27.000Z","combine":1},{"id":38,"name":"测试","memberNum":0,"remark":"测试","createTime":"2018-08-31T02:15:27.000Z","combine":1}]}
*************** response log end ***************

[2018-08-31T10:28:25.056] [INFO] resLog - 
*************** response log start ***************
request method: GET
request originalUrl:  /group/groupManage/get
request client ip:  ::1
request query:  {}
response time: 2
response status: 200
response body: 
{"status":true,"data":[{"id":37,"name":"CA大平台-IMP组-前端","memberNum":0,"remark":"CA大平台-IMP组-前端，sunflower，一个潮气蓬勃，潜力无限，有梦想有追求的前端团队。","createTime":"2018-08-31T02:15:27.000Z","combine":1},{"id":38,"name":"测试","memberNum":0,"remark":"测试","createTime":"2018-08-31T02:15:27.000Z","combine":1}]}
*************** response log end ***************

[2018-08-31T10:28:25.093] [INFO] resLog - 
*************** response log start ***************
request method: POST
request originalUrl:  /group/groupManage/getGroupsMember
request client ip:  ::1
request body: 
{"idList":[37,38]}
response time: 2
response status: 200
response body: 
{"status":true,"data":[{"email":"292354215@qq.com","name":"caolx","sex":"male","remark":"","groupId":37,"role":"user","level":0,"collector":"0"},{"email":"lic2017@suninfo.com","name":"l李聪","sex":"male","remark":"","groupId":37,"role":"user","level":0,"collector":"0"},{"email":"test@qq.com","name":"youwg","sex":"male","remark":"www","groupId":37,"role":"user","level":0,"collector":"0"},{"email":"tom@suninfo.com","name":"张悦","sex":"female","remark":null,"groupId":38,"role":"user","level":0,"collector":"0"},{"email":"youwg@suninfo.com","name":"游武刚","sex":"male","remark":"无","groupId":37,"role":"user","level":0,"collector":1}]}
*************** response log end ***************

[2018-08-31T10:28:36.839] [INFO] resLog - 
*************** response log start ***************
request method: OPTIONS
request originalUrl:  /group/groupManage/editGroupsCombine
request client ip:  ::1
request body: 
{}
response time: 0
response status: 204
response body: 
undefined
*************** response log end ***************

[2018-08-31T10:28:36.850] [INFO] resLog - 
*************** response log start ***************
request method: POST
request originalUrl:  /group/groupManage/editGroupsCombine
request client ip:  ::1
request body: 
{"idList":[],"emailList":[]}
response time: 4
response status: 200
response body: 
{"status":true,"data":"编辑成功"}
*************** response log end ***************

[2018-08-31T10:28:49.709] [INFO] resLog - 
*************** response log start ***************
request method: OPTIONS
request originalUrl:  /user/logOut
request client ip:  ::1
request body: 
{}
response time: 0
response status: 204
response body: 
undefined
*************** response log end ***************

[2018-08-31T10:28:49.721] [INFO] resLog - 
*************** response log start ***************
request method: GET
request originalUrl:  /user/logOut
request client ip:  ::1
request query:  {}
response time: 2
response status: 200
response body: 
{"status":true,"data":"系统已退出！"}
*************** response log end ***************

[2018-08-31T10:29:20.580] [INFO] resLog - 
*************** response log start ***************
request method: OPTIONS
request originalUrl:  /user/login
request client ip:  ::1
request body: 
{}
response time: 0
response status: 204
response body: 
undefined
*************** response log end ***************

[2018-08-31T10:29:20.596] [INFO] resLog - 
*************** response log start ***************
request method: POST
request originalUrl:  /user/login
request client ip:  ::1
request body: 
{"email":"tom@suninfo.com","password":"123456"}
response time: 6
response status: 200
response body: 
{"status":true,"data":{"email":"tom@suninfo.com","name":"张悦","sex":"female","remark":null,"groupId":38,"role":"user","level":0,"collector":"0"}}
*************** response log end ***************

[2018-08-31T10:29:20.672] [INFO] resLog - 
*************** response log start ***************
request method: OPTIONS
request originalUrl:  /report/currentWeekReport/get
request client ip:  ::1
request body: 
{}
response time: 1
response status: 204
response body: 
undefined
*************** response log end ***************

[2018-08-31T10:29:20.711] [INFO] resLog - 
*************** response log start ***************
request method: GET
request originalUrl:  /report/currentWeekReport/get
request client ip:  ::1
request query:  {}
response time: 5
response status: 200
response body: 
{"status":true,"data":[]}
*************** response log end ***************

[2018-08-31T10:29:43.612] [INFO] resLog - 
*************** response log start ***************
request method: OPTIONS
request originalUrl:  /user/getUserInfo
request client ip:  ::1
request body: 
{}
response time: 0
response status: 204
response body: 
undefined
*************** response log end ***************

[2018-08-31T10:29:43.628] [INFO] resLog - 
*************** response log start ***************
request method: GET
request originalUrl:  /user/getUserInfo
request client ip:  ::1
request query:  {}
response time: 6
response status: 200
response body: 
{"status":true,"data":[{"email":"tom@suninfo.com","name":"张悦","sex":"female","remark":null,"groupId":38,"role":"user","level":0,"collector":"0","groupName":"测试"}]}
*************** response log end ***************

[2018-08-31T10:29:46.715] [INFO] resLog - 
*************** response log start ***************
request method: OPTIONS
request originalUrl:  /report/groupCurrentWeekReport/get
request client ip:  ::1
request body: 
{}
response time: 0
response status: 204
response body: 
undefined
*************** response log end ***************

[2018-08-31T10:29:46.717] [INFO] resLog - 
*************** response log start ***************
request method: OPTIONS
request originalUrl:  /group/groupManage/getGroupMember?id=38
request client ip:  ::1
request body: 
{}
response time: 0
response status: 204
response body: 
undefined
*************** response log end ***************

[2018-08-31T10:29:46.718] [INFO] resLog - 
*************** response log start ***************
request method: OPTIONS
request originalUrl:  /user/getSendMailUser?id=38
request client ip:  ::1
request body: 
{}
response time: 0
response status: 204
response body: 
undefined
*************** response log end ***************

[2018-08-31T10:29:46.750] [INFO] resLog - 
*************** response log start ***************
request method: POST
request originalUrl:  /report/groupCurrentWeekReport/get
request client ip:  ::1
request body: 
{}
response time: 18
response status: 200
response body: 
{"status":true,"data":[]}
*************** response log end ***************

[2018-08-31T10:29:46.753] [INFO] resLog - 
*************** response log start ***************
request method: GET
request originalUrl:  /user/getSendMailUser?id=38
request client ip:  ::1
request query:  {"id":"38"}
response time: 9
response status: 200
response body: 
{"status":true,"data":[{"id":1,"email":"you11098@163.com","name":"游武刚"},{"id":2,"email":"1255828611@qq.com","name":"游武刚QQ"},{"id":3,"email":"dgunzi@tom.com","name":"dgunzi"}]}
*************** response log end ***************

[2018-08-31T10:29:46.755] [INFO] resLog - 
*************** response log start ***************
request method: GET
request originalUrl:  /group/groupManage/getGroupMember?id=38
request client ip:  ::1
request query:  {"id":"38"}
response time: 22
response status: 200
response body: 
{"status":true,"data":[{"email":"tom@suninfo.com","name":"张悦","sex":"female","remark":null,"groupId":38,"role":"user","level":0,"collector":"0"}]}
*************** response log end ***************

[2018-08-31T10:30:06.694] [INFO] resLog - 
*************** response log start ***************
request method: OPTIONS
request originalUrl:  /report/groupCurrentWeekReport/get?id=38
request client ip:  ::1
request body: 
{}
response time: 0
response status: 204
response body: 
undefined
*************** response log end ***************

[2018-08-31T10:30:06.700] [INFO] resLog - 
*************** response log start ***************
request method: POST
request originalUrl:  /report/groupCurrentWeekReport/get?id=38
request client ip:  ::1
request body: 
{}
response time: 1
response status: 200
response body: 
{"status":true,"data":[]}
*************** response log end ***************

[2018-08-31T10:30:26.700] [INFO] resLog - 
*************** response log start ***************
request method: OPTIONS
request originalUrl:  /report/groupCurrentWeekReport/get?id=38
request client ip:  ::1
request body: 
{}
response time: 0
response status: 204
response body: 
undefined
*************** response log end ***************

[2018-08-31T10:30:26.710] [INFO] resLog - 
*************** response log start ***************
request method: POST
request originalUrl:  /report/groupCurrentWeekReport/get?id=38
request client ip:  ::1
request body: 
{}
response time: 4
response status: 200
response body: 
{"status":true,"data":[]}
*************** response log end ***************

[2018-08-31T10:30:46.695] [INFO] resLog - 
*************** response log start ***************
request method: OPTIONS
request originalUrl:  /report/groupCurrentWeekReport/get?id=38
request client ip:  ::1
request body: 
{}
response time: 0
response status: 204
response body: 
undefined
*************** response log end ***************

[2018-08-31T10:30:46.703] [INFO] resLog - 
*************** response log start ***************
request method: POST
request originalUrl:  /report/groupCurrentWeekReport/get?id=38
request client ip:  ::1
request body: 
{}
response time: 2
response status: 200
response body: 
{"status":true,"data":[]}
*************** response log end ***************

[2018-08-31T10:31:06.701] [INFO] resLog - 
*************** response log start ***************
request method: OPTIONS
request originalUrl:  /report/groupCurrentWeekReport/get?id=38
request client ip:  ::1
request body: 
{}
response time: 1
response status: 204
response body: 
undefined
*************** response log end ***************

[2018-08-31T10:31:06.709] [INFO] resLog - 
*************** response log start ***************
request method: POST
request originalUrl:  /report/groupCurrentWeekReport/get?id=38
request client ip:  ::1
request body: 
{}
response time: 2
response status: 200
response body: 
{"status":true,"data":[]}
*************** response log end ***************

[2018-08-31T10:31:26.696] [INFO] resLog - 
*************** response log start ***************
request method: OPTIONS
request originalUrl:  /report/groupCurrentWeekReport/get?id=38
request client ip:  ::1
request body: 
{}
response time: 0
response status: 204
response body: 
undefined
*************** response log end ***************

[2018-08-31T10:31:26.704] [INFO] resLog - 
*************** response log start ***************
request method: POST
request originalUrl:  /report/groupCurrentWeekReport/get?id=38
request client ip:  ::1
request body: 
{}
response time: 2
response status: 200
response body: 
{"status":true,"data":[]}
*************** response log end ***************

[2018-08-31T10:31:46.696] [INFO] resLog - 
*************** response log start ***************
request method: OPTIONS
request originalUrl:  /report/groupCurrentWeekReport/get?id=38
request client ip:  ::1
request body: 
{}
response time: 0
response status: 204
response body: 
undefined
*************** response log end ***************

[2018-08-31T10:31:46.704] [INFO] resLog - 
*************** response log start ***************
request method: POST
request originalUrl:  /report/groupCurrentWeekReport/get?id=38
request client ip:  ::1
request body: 
{}
response time: 2
response status: 200
response body: 
{"status":true,"data":[]}
*************** response log end ***************

[2018-08-31T10:32:06.698] [INFO] resLog - 
*************** response log start ***************
request method: OPTIONS
request originalUrl:  /report/groupCurrentWeekReport/get?id=38
request client ip:  ::1
request body: 
{}
response time: 1
response status: 204
response body: 
undefined
*************** response log end ***************

[2018-08-31T10:32:06.707] [INFO] resLog - 
*************** response log start ***************
request method: POST
request originalUrl:  /report/groupCurrentWeekReport/get?id=38
request client ip:  ::1
request body: 
{}
response time: 3
response status: 200
response body: 
{"status":true,"data":[]}
*************** response log end ***************

[2018-08-31T10:32:26.700] [INFO] resLog - 
*************** response log start ***************
request method: OPTIONS
request originalUrl:  /report/groupCurrentWeekReport/get?id=38
request client ip:  ::1
request body: 
{}
response time: 0
response status: 204
response body: 
undefined
*************** response log end ***************

[2018-08-31T10:32:26.710] [INFO] resLog - 
*************** response log start ***************
request method: POST
request originalUrl:  /report/groupCurrentWeekReport/get?id=38
request client ip:  ::1
request body: 
{}
response time: 2
response status: 200
response body: 
{"status":true,"data":[]}
*************** response log end ***************

[2018-08-31T10:32:46.696] [INFO] resLog - 
*************** response log start ***************
request method: OPTIONS
request originalUrl:  /report/groupCurrentWeekReport/get?id=38
request client ip:  ::1
request body: 
{}
response time: 0
response status: 204
response body: 
undefined
*************** response log end ***************

[2018-08-31T10:32:46.702] [INFO] resLog - 
*************** response log start ***************
request method: POST
request originalUrl:  /report/groupCurrentWeekReport/get?id=38
request client ip:  ::1
request body: 
{}
response time: 1
response status: 200
response body: 
{"status":true,"data":[]}
*************** response log end ***************

[2018-08-31T10:33:06.699] [INFO] resLog - 
*************** response log start ***************
request method: OPTIONS
request originalUrl:  /report/groupCurrentWeekReport/get?id=38
request client ip:  ::1
request body: 
{}
response time: 1
response status: 204
response body: 
undefined
*************** response log end ***************

[2018-08-31T10:33:06.707] [INFO] resLog - 
*************** response log start ***************
request method: POST
request originalUrl:  /report/groupCurrentWeekReport/get?id=38
request client ip:  ::1
request body: 
{}
response time: 2
response status: 200
response body: 
{"status":true,"data":[]}
*************** response log end ***************

[2018-08-31T10:33:26.700] [INFO] resLog - 
*************** response log start ***************
request method: OPTIONS
request originalUrl:  /report/groupCurrentWeekReport/get?id=38
request client ip:  ::1
request body: 
{}
response time: 0
response status: 204
response body: 
undefined
*************** response log end ***************

[2018-08-31T10:33:26.712] [INFO] resLog - 
*************** response log start ***************
request method: POST
request originalUrl:  /report/groupCurrentWeekReport/get?id=38
request client ip:  ::1
request body: 
{}
response time: 3
response status: 200
response body: 
{"status":true,"data":[]}
*************** response log end ***************

[2018-08-31T10:33:46.705] [INFO] resLog - 
*************** response log start ***************
request method: OPTIONS
request originalUrl:  /report/groupCurrentWeekReport/get?id=38
request client ip:  ::1
request body: 
{}
response time: 0
response status: 204
response body: 
undefined
*************** response log end ***************

[2018-08-31T10:33:46.714] [INFO] resLog - 
*************** response log start ***************
request method: POST
request originalUrl:  /report/groupCurrentWeekReport/get?id=38
request client ip:  ::1
request body: 
{}
response time: 3
response status: 200
response body: 
{"status":true,"data":[]}
*************** response log end ***************

[2018-08-31T10:34:06.697] [INFO] resLog - 
*************** response log start ***************
request method: OPTIONS
request originalUrl:  /report/groupCurrentWeekReport/get?id=38
request client ip:  ::1
request body: 
{}
response time: 0
response status: 204
response body: 
undefined
*************** response log end ***************

[2018-08-31T10:34:06.705] [INFO] resLog - 
*************** response log start ***************
request method: POST
request originalUrl:  /report/groupCurrentWeekReport/get?id=38
request client ip:  ::1
request body: 
{}
response time: 2
response status: 200
response body: 
{"status":true,"data":[]}
*************** response log end ***************

[2018-08-31T10:34:26.699] [INFO] resLog - 
*************** response log start ***************
request method: OPTIONS
request originalUrl:  /report/groupCurrentWeekReport/get?id=38
request client ip:  ::1
request body: 
{}
response time: 1
response status: 204
response body: 
undefined
*************** response log end ***************

[2018-08-31T10:34:26.707] [INFO] resLog - 
*************** response log start ***************
request method: POST
request originalUrl:  /report/groupCurrentWeekReport/get?id=38
request client ip:  ::1
request body: 
{}
response time: 1
response status: 200
response body: 
{"status":true,"data":[]}
*************** response log end ***************

[2018-08-31T10:34:46.702] [INFO] resLog - 
*************** response log start ***************
request method: OPTIONS
request originalUrl:  /report/groupCurrentWeekReport/get?id=38
request client ip:  ::1
request body: 
{}
response time: 0
response status: 204
response body: 
undefined
*************** response log end ***************

[2018-08-31T10:34:46.710] [INFO] resLog - 
*************** response log start ***************
request method: POST
request originalUrl:  /report/groupCurrentWeekReport/get?id=38
request client ip:  ::1
request body: 
{}
response time: 2
response status: 200
response body: 
{"status":true,"data":[]}
*************** response log end ***************

[2018-08-31T10:35:06.703] [INFO] resLog - 
*************** response log start ***************
request method: OPTIONS
request originalUrl:  /report/groupCurrentWeekReport/get?id=38
request client ip:  ::1
request body: 
{}
response time: 0
response status: 204
response body: 
undefined
*************** response log end ***************

[2018-08-31T10:35:06.711] [INFO] resLog - 
*************** response log start ***************
request method: POST
request originalUrl:  /report/groupCurrentWeekReport/get?id=38
request client ip:  ::1
request body: 
{}
response time: 1
response status: 200
response body: 
{"status":true,"data":[]}
*************** response log end ***************

[2018-08-31T10:35:26.700] [INFO] resLog - 
*************** response log start ***************
request method: OPTIONS
request originalUrl:  /report/groupCurrentWeekReport/get?id=38
request client ip:  ::1
request body: 
{}
response time: 0
response status: 204
response body: 
undefined
*************** response log end ***************

[2018-08-31T10:35:26.709] [INFO] resLog - 
*************** response log start ***************
request method: POST
request originalUrl:  /report/groupCurrentWeekReport/get?id=38
request client ip:  ::1
request body: 
{}
response time: 3
response status: 200
response body: 
{"status":true,"data":[]}
*************** response log end ***************

[2018-08-31T10:35:46.703] [INFO] resLog - 
*************** response log start ***************
request method: OPTIONS
request originalUrl:  /report/groupCurrentWeekReport/get?id=38
request client ip:  ::1
request body: 
{}
response time: 0
response status: 204
response body: 
undefined
*************** response log end ***************

[2018-08-31T10:35:46.711] [INFO] resLog - 
*************** response log start ***************
request method: POST
request originalUrl:  /report/groupCurrentWeekReport/get?id=38
request client ip:  ::1
request body: 
{}
response time: 1
response status: 200
response body: 
{"status":true,"data":[]}
*************** response log end ***************

[2018-08-31T10:36:06.699] [INFO] resLog - 
*************** response log start ***************
request method: OPTIONS
request originalUrl:  /report/groupCurrentWeekReport/get?id=38
request client ip:  ::1
request body: 
{}
response time: 0
response status: 204
response body: 
undefined
*************** response log end ***************

[2018-08-31T10:36:06.706] [INFO] resLog - 
*************** response log start ***************
request method: POST
request originalUrl:  /report/groupCurrentWeekReport/get?id=38
request client ip:  ::1
request body: 
{}
response time: 2
response status: 200
response body: 
{"status":true,"data":[]}
*************** response log end ***************

[2018-08-31T10:36:26.700] [INFO] resLog - 
*************** response log start ***************
request method: OPTIONS
request originalUrl:  /report/groupCurrentWeekReport/get?id=38
request client ip:  ::1
request body: 
{}
response time: 1
response status: 204
response body: 
undefined
*************** response log end ***************

[2018-08-31T10:36:26.708] [INFO] resLog - 
*************** response log start ***************
request method: POST
request originalUrl:  /report/groupCurrentWeekReport/get?id=38
request client ip:  ::1
request body: 
{}
response time: 2
response status: 200
response body: 
{"status":true,"data":[]}
*************** response log end ***************

[2018-08-31T10:36:46.700] [INFO] resLog - 
*************** response log start ***************
request method: OPTIONS
request originalUrl:  /report/groupCurrentWeekReport/get?id=38
request client ip:  ::1
request body: 
{}
response time: 0
response status: 204
response body: 
undefined
*************** response log end ***************

[2018-08-31T10:36:46.708] [INFO] resLog - 
*************** response log start ***************
request method: POST
request originalUrl:  /report/groupCurrentWeekReport/get?id=38
request client ip:  ::1
request body: 
{}
response time: 2
response status: 200
response body: 
{"status":true,"data":[]}
*************** response log end ***************

[2018-08-31T10:37:06.705] [INFO] resLog - 
*************** response log start ***************
request method: OPTIONS
request originalUrl:  /report/groupCurrentWeekReport/get?id=38
request client ip:  ::1
request body: 
{}
response time: 0
response status: 204
response body: 
undefined
*************** response log end ***************

[2018-08-31T10:37:06.714] [INFO] resLog - 
*************** response log start ***************
request method: POST
request originalUrl:  /report/groupCurrentWeekReport/get?id=38
request client ip:  ::1
request body: 
{}
response time: 3
response status: 200
response body: 
{"status":true,"data":[]}
*************** response log end ***************

[2018-08-31T10:37:26.702] [INFO] resLog - 
*************** response log start ***************
request method: OPTIONS
request originalUrl:  /report/groupCurrentWeekReport/get?id=38
request client ip:  ::1
request body: 
{}
response time: 0
response status: 204
response body: 
undefined
*************** response log end ***************

[2018-08-31T10:37:26.710] [INFO] resLog - 
*************** response log start ***************
request method: POST
request originalUrl:  /report/groupCurrentWeekReport/get?id=38
request client ip:  ::1
request body: 
{}
response time: 2
response status: 200
response body: 
{"status":true,"data":[]}
*************** response log end ***************

[2018-08-31T10:37:39.628] [INFO] resLog - 
*************** response log start ***************
request method: OPTIONS
request originalUrl:  /user/logOut?id=38
request client ip:  ::1
request body: 
{}
response time: 0
response status: 204
response body: 
undefined
*************** response log end ***************

[2018-08-31T10:37:39.650] [INFO] resLog - 
*************** response log start ***************
request method: GET
request originalUrl:  /user/logOut?id=38
request client ip:  ::1
request query:  {"id":"38"}
response time: 5
response status: 200
response body: 
{"status":true,"data":"系统已退出！"}
*************** response log end ***************

[2018-08-31T10:37:58.572] [INFO] resLog - 
*************** response log start ***************
request method: OPTIONS
request originalUrl:  /user/login
request client ip:  ::1
request body: 
{}
response time: 0
response status: 204
response body: 
undefined
*************** response log end ***************

[2018-08-31T10:37:58.583] [INFO] resLog - 
*************** response log start ***************
request method: POST
request originalUrl:  /user/login
request client ip:  ::1
request body: 
{"email":"tom@suninfo.com","password":"123456"}
response time: 4
response status: 200
response body: 
{"status":true,"data":{"email":"tom@suninfo.com","name":"张悦","sex":"female","remark":null,"groupId":38,"role":"user","level":0,"collector":"0"}}
*************** response log end ***************

[2018-08-31T10:37:58.646] [INFO] resLog - 
*************** response log start ***************
request method: OPTIONS
request originalUrl:  /report/currentWeekReport/get
request client ip:  ::1
request body: 
{}
response time: 0
response status: 204
response body: 
undefined
*************** response log end ***************

[2018-08-31T10:37:58.686] [INFO] resLog - 
*************** response log start ***************
request method: GET
request originalUrl:  /report/currentWeekReport/get
request client ip:  ::1
request query:  {}
response time: 2
response status: 200
response body: 
{"status":true,"data":[]}
*************** response log end ***************

[2018-08-31T10:40:45.224] [INFO] resLog - 
*************** response log start ***************
request method: OPTIONS
request originalUrl:  /report/myReport/get
request client ip:  ::1
request body: 
{}
response time: 0
response status: 204
response body: 
undefined
*************** response log end ***************

[2018-08-31T10:40:45.249] [INFO] resLog - 
*************** response log start ***************
request method: POST
request originalUrl:  /report/myReport/get
request client ip:  ::1
request body: 
{}
response time: 7
response status: 200
response body: 
{"status":true,"data":[]}
*************** response log end ***************

[2018-08-31T10:48:08.961] [INFO] resLog - 
*************** response log start ***************
request method: OPTIONS
request originalUrl:  /report/currentWeekReport/get
request client ip:  ::1
request body: 
{}
response time: 0
response status: 204
response body: 
undefined
*************** response log end ***************

[2018-08-31T10:48:08.968] [INFO] resLog - 
*************** response log start ***************
request method: OPTIONS
request originalUrl:  /report/myReport/get
request client ip:  ::1
request body: 
{}
response time: 0
response status: 204
response body: 
undefined
*************** response log end ***************

[2018-08-31T10:48:08.987] [INFO] resLog - 
*************** response log start ***************
request method: GET
request originalUrl:  /report/currentWeekReport/get
request client ip:  ::1
request query:  {}
response time: 6
response status: 200
response body: 
{"status":true,"data":[]}
*************** response log end ***************

[2018-08-31T10:48:08.988] [INFO] resLog - 
*************** response log start ***************
request method: POST
request originalUrl:  /report/myReport/get
request client ip:  ::1
request body: 
{}
response time: 6
response status: 200
response body: 
{"status":true,"data":[]}
*************** response log end ***************

[2018-08-31T10:56:28.304] [INFO] resLog - 
*************** response log start ***************
request method: OPTIONS
request originalUrl:  /report/currentWeekReport/get
request client ip:  ::1
request body: 
{}
response time: 1
response status: 204
response body: 
undefined
*************** response log end ***************

[2018-08-31T10:56:28.306] [INFO] resLog - 
*************** response log start ***************
request method: OPTIONS
request originalUrl:  /report/myReport/get
request client ip:  ::1
request body: 
{}
response time: 1
response status: 204
response body: 
undefined
*************** response log end ***************

[2018-08-31T10:56:28.359] [INFO] resLog - 
*************** response log start ***************
request method: POST
request originalUrl:  /report/myReport/get
request client ip:  ::1
request body: 
{}
response time: 3
response status: 200
response body: 
{"status":true,"data":[]}
*************** response log end ***************

[2018-08-31T10:56:28.362] [INFO] resLog - 
*************** response log start ***************
request method: GET
request originalUrl:  /report/currentWeekReport/get
request client ip:  ::1
request query:  {}
response time: 1
response status: 200
response body: 
{"status":true,"data":[]}
*************** response log end ***************

[2018-08-31T10:58:00.952] [INFO] resLog - 
*************** response log start ***************
request method: OPTIONS
request originalUrl:  /report/currentWeekReport/get
request client ip:  ::1
request body: 
{}
response time: 0
response status: 204
response body: 
undefined
*************** response log end ***************

[2018-08-31T10:58:01.002] [INFO] resLog - 
*************** response log start ***************
request method: OPTIONS
request originalUrl:  /report/myReport/get
request client ip:  ::1
request body: 
{}
response time: 1
response status: 204
response body: 
undefined
*************** response log end ***************

[2018-08-31T10:58:01.054] [INFO] resLog - 
*************** response log start ***************
request method: POST
request originalUrl:  /report/myReport/get
request client ip:  ::1
request body: 
{}
response time: 5
response status: 200
response body: 
{"status":true,"data":[]}
*************** response log end ***************

[2018-08-31T10:58:01.056] [INFO] resLog - 
*************** response log start ***************
request method: GET
request originalUrl:  /report/currentWeekReport/get
request client ip:  ::1
request query:  {}
response time: 3
response status: 200
response body: 
{"status":true,"data":[]}
*************** response log end ***************

