[2018-09-12T14:06:02.951] [INFO] resLog - 
*************** response log start ***************
request method: OPTIONS
request originalUrl:  /report/currentWeekReport/get
request client ip:  ::ffff:192.168.212.29
request body: 
{}
response time: 1
response status: 204
response body: 
undefined
*************** response log end ***************

[2018-09-12T14:06:02.956] [INFO] resLog - 
*************** response log start ***************
request method: OPTIONS
request originalUrl:  /punchcard/currentUserMonthList
request client ip:  ::ffff:192.168.212.29
request body: 
{}
response time: 0
response status: 204
response body: 
undefined
*************** response log end ***************

[2018-09-12T14:06:03.037] [INFO] resLog - 
*************** response log start ***************
request method: POST
request originalUrl:  /punchcard/currentUserMonthList
request client ip:  ::ffff:192.168.212.29
request body: 
{"userid":"tom@suninfo.com"}
response time: 20
response status: 200
response body: 
{"status":false,"data":"没有数据"}
*************** response log end ***************

[2018-09-12T14:06:03.041] [INFO] resLog - 
*************** response log start ***************
request method: GET
request originalUrl:  /report/currentWeekReport/get
request client ip:  ::ffff:192.168.212.29
request query:  {}
response time: 14
response status: 200
response body: 
{"status":true,"data":[]}
*************** response log end ***************

[2018-09-12T14:07:15.941] [INFO] resLog - 
*************** response log start ***************
request method: OPTIONS
request originalUrl:  /punchcard/currentUserMonthList
request client ip:  ::ffff:192.168.212.29
request body: 
{}
response time: 0
response status: 204
response body: 
undefined
*************** response log end ***************

[2018-09-12T14:07:15.955] [INFO] resLog - 
*************** response log start ***************
request method: POST
request originalUrl:  /punchcard/currentUserMonthList
request client ip:  ::ffff:192.168.212.29
request body: 
{"userid":"tom@suninfo.com"}
response time: 3
response status: 200
response body: 
{"status":false,"data":"没有数据"}
*************** response log end ***************

[2018-09-12T14:07:30.865] [INFO] resLog - 
*************** response log start ***************
request method: OPTIONS
request originalUrl:  /punchcard/currentUserMonthList
request client ip:  ::ffff:192.168.212.29
request body: 
{}
response time: 0
response status: 204
response body: 
undefined
*************** response log end ***************

[2018-09-12T14:07:30.874] [INFO] resLog - 
*************** response log start ***************
request method: POST
request originalUrl:  /punchcard/currentUserMonthList
request client ip:  ::ffff:192.168.212.29
request body: 
{"userid":"tom@suninfo.com"}
response time: 1
response status: 200
response body: 
{"status":false,"data":"没有数据"}
*************** response log end ***************

[2018-09-12T14:07:34.479] [INFO] resLog - 
*************** response log start ***************
request method: POST
request originalUrl:  /punchcard/currentUserMonthList
request client ip:  ::ffff:192.168.212.29
request body: 
{"userid":"tom@suninfo.com"}
response time: 1
response status: 200
response body: 
{"status":false,"data":"没有数据"}
*************** response log end ***************

[2018-09-12T14:08:30.055] [INFO] resLog - 
*************** response log start ***************
request method: OPTIONS
request originalUrl:  /punchcard/currentUserMonthList
request client ip:  ::ffff:192.168.212.29
request body: 
{}
response time: 0
response status: 204
response body: 
undefined
*************** response log end ***************

[2018-09-12T14:08:30.074] [INFO] resLog - 
*************** response log start ***************
request method: POST
request originalUrl:  /punchcard/currentUserMonthList
request client ip:  ::ffff:192.168.212.29
request body: 
{"userid":"tom@suninfo.com"}
response time: 3
response status: 200
response body: 
{"status":false,"data":"没有数据"}
*************** response log end ***************

[2018-09-12T14:08:53.055] [INFO] resLog - 
*************** response log start ***************
request method: OPTIONS
request originalUrl:  /punchcard/currentUserMonthList
request client ip:  ::ffff:192.168.212.29
request body: 
{}
response time: 0
response status: 204
response body: 
undefined
*************** response log end ***************

[2018-09-12T14:08:53.065] [INFO] resLog - 
*************** response log start ***************
request method: POST
request originalUrl:  /punchcard/currentUserMonthList
request client ip:  ::ffff:192.168.212.29
request body: 
{"userid":"tom@suninfo.com"}
response time: 1
response status: 200
response body: 
{"status":false,"data":"没有数据"}
*************** response log end ***************

[2018-09-12T14:24:18.263] [INFO] resLog - 
*************** response log start ***************
request method: OPTIONS
request originalUrl:  /report/currentWeekReport/get
request client ip:  ::ffff:192.168.212.29
request body: 
{}
response time: 2
response status: 204
response body: 
undefined
*************** response log end ***************

[2018-09-12T14:24:18.269] [INFO] resLog - 
*************** response log start ***************
request method: OPTIONS
request originalUrl:  /punchcard/currentUserMonthList
request client ip:  ::ffff:192.168.212.29
request body: 
{}
response time: 0
response status: 204
response body: 
undefined
*************** response log end ***************

[2018-09-12T14:24:18.361] [INFO] resLog - 
*************** response log start ***************
request method: GET
request originalUrl:  /report/currentWeekReport/get
request client ip:  ::ffff:192.168.212.29
request query:  {}
response time: 15
response status: 200
response body: 
{"status":true,"data":[]}
*************** response log end ***************

[2018-09-12T14:24:42.740] [INFO] resLog - 
*************** response log start ***************
request method: GET
request originalUrl:  /punchcard/currentUserMonthList
request client ip:  ::ffff:192.168.212.29
request query:  {}
response time: 19
response status: 302
response body: 
"Redirecting to <a href=\"/\">/</a>."
*************** response log end ***************

[2018-09-12T14:24:42.805] [INFO] resLog - 
*************** response log start ***************
request method: GET
request originalUrl:  /
request client ip:  ::ffff:192.168.212.29
request query:  {}
response time: 3
response status: 302
response body: 
"Redirecting to <a href=\"/\">/</a>."
*************** response log end ***************

[2018-09-12T14:24:42.812] [INFO] resLog - 
*************** response log start ***************
request method: GET
request originalUrl:  /
request client ip:  ::ffff:192.168.212.29
request query:  {}
response time: 1
response status: 302
response body: 
"Redirecting to <a href=\"/\">/</a>."
*************** response log end ***************

[2018-09-12T14:24:42.819] [INFO] resLog - 
*************** response log start ***************
request method: GET
request originalUrl:  /
request client ip:  ::ffff:192.168.212.29
request query:  {}
response time: 1
response status: 302
response body: 
"Redirecting to <a href=\"/\">/</a>."
*************** response log end ***************

[2018-09-12T14:24:42.826] [INFO] resLog - 
*************** response log start ***************
request method: GET
request originalUrl:  /
request client ip:  ::ffff:192.168.212.29
request query:  {}
response time: 1
response status: 302
response body: 
"Redirecting to <a href=\"/\">/</a>."
*************** response log end ***************

[2018-09-12T14:24:42.832] [INFO] resLog - 
*************** response log start ***************
request method: GET
request originalUrl:  /
request client ip:  ::ffff:192.168.212.29
request query:  {}
response time: 1
response status: 302
response body: 
"Redirecting to <a href=\"/\">/</a>."
*************** response log end ***************

[2018-09-12T14:24:42.840] [INFO] resLog - 
*************** response log start ***************
request method: GET
request originalUrl:  /
request client ip:  ::ffff:192.168.212.29
request query:  {}
response time: 1
response status: 302
response body: 
"Redirecting to <a href=\"/\">/</a>."
*************** response log end ***************

[2018-09-12T14:24:42.848] [INFO] resLog - 
*************** response log start ***************
request method: GET
request originalUrl:  /
request client ip:  ::ffff:192.168.212.29
request query:  {}
response time: 1
response status: 302
response body: 
"Redirecting to <a href=\"/\">/</a>."
*************** response log end ***************

[2018-09-12T14:24:42.857] [INFO] resLog - 
*************** response log start ***************
request method: GET
request originalUrl:  /
request client ip:  ::ffff:192.168.212.29
request query:  {}
response time: 2
response status: 302
response body: 
"Redirecting to <a href=\"/\">/</a>."
*************** response log end ***************

[2018-09-12T14:24:42.867] [INFO] resLog - 
*************** response log start ***************
request method: GET
request originalUrl:  /
request client ip:  ::ffff:192.168.212.29
request query:  {}
response time: 1
response status: 302
response body: 
"Redirecting to <a href=\"/\">/</a>."
*************** response log end ***************

[2018-09-12T14:24:42.875] [INFO] resLog - 
*************** response log start ***************
request method: GET
request originalUrl:  /
request client ip:  ::ffff:192.168.212.29
request query:  {}
response time: 1
response status: 302
response body: 
"Redirecting to <a href=\"/\">/</a>."
*************** response log end ***************

[2018-09-12T14:24:42.884] [INFO] resLog - 
*************** response log start ***************
request method: GET
request originalUrl:  /
request client ip:  ::ffff:192.168.212.29
request query:  {}
response time: 1
response status: 302
response body: 
"Redirecting to <a href=\"/\">/</a>."
*************** response log end ***************

[2018-09-12T14:24:42.893] [INFO] resLog - 
*************** response log start ***************
request method: GET
request originalUrl:  /
request client ip:  ::ffff:192.168.212.29
request query:  {}
response time: 1
response status: 302
response body: 
"Redirecting to <a href=\"/\">/</a>."
*************** response log end ***************

[2018-09-12T14:24:42.901] [INFO] resLog - 
*************** response log start ***************
request method: GET
request originalUrl:  /
request client ip:  ::ffff:192.168.212.29
request query:  {}
response time: 2
response status: 302
response body: 
"Redirecting to <a href=\"/\">/</a>."
*************** response log end ***************

[2018-09-12T14:24:42.921] [INFO] resLog - 
*************** response log start ***************
request method: GET
request originalUrl:  /
request client ip:  ::ffff:192.168.212.29
request query:  {}
response time: 1
response status: 302
response body: 
"Redirecting to <a href=\"/\">/</a>."
*************** response log end ***************

[2018-09-12T14:24:42.929] [INFO] resLog - 
*************** response log start ***************
request method: GET
request originalUrl:  /
request client ip:  ::ffff:192.168.212.29
request query:  {}
response time: 2
response status: 302
response body: 
"Redirecting to <a href=\"/\">/</a>."
*************** response log end ***************

[2018-09-12T14:24:42.934] [INFO] resLog - 
*************** response log start ***************
request method: GET
request originalUrl:  /
request client ip:  ::ffff:192.168.212.29
request query:  {}
response time: 0
response status: 302
response body: 
"Redirecting to <a href=\"/\">/</a>."
*************** response log end ***************

[2018-09-12T14:24:42.941] [INFO] resLog - 
*************** response log start ***************
request method: GET
request originalUrl:  /
request client ip:  ::ffff:192.168.212.29
request query:  {}
response time: 2
response status: 302
response body: 
"Redirecting to <a href=\"/\">/</a>."
*************** response log end ***************

[2018-09-12T14:24:42.946] [INFO] resLog - 
*************** response log start ***************
request method: GET
request originalUrl:  /
request client ip:  ::ffff:192.168.212.29
request query:  {}
response time: 1
response status: 302
response body: 
"Redirecting to <a href=\"/\">/</a>."
*************** response log end ***************

[2018-09-12T14:24:42.952] [INFO] resLog - 
*************** response log start ***************
request method: GET
request originalUrl:  /
request client ip:  ::ffff:192.168.212.29
request query:  {}
response time: 1
response status: 302
response body: 
"Redirecting to <a href=\"/\">/</a>."
*************** response log end ***************

[2018-09-12T14:24:43.086] [INFO] resLog - 
*************** response log start ***************
request method: GET
request originalUrl:  /
request client ip:  ::ffff:192.168.212.29
request query:  {}
response time: 2
response status: 302
response body: 
"Redirecting to <a href=\"/\">/</a>."
*************** response log end ***************

[2018-09-12T14:24:43.095] [INFO] resLog - 
*************** response log start ***************
request method: GET
request originalUrl:  /
request client ip:  ::ffff:192.168.212.29
request query:  {}
response time: 0
response status: 302
response body: 
"Redirecting to <a href=\"/\">/</a>."
*************** response log end ***************

[2018-09-12T14:24:43.102] [INFO] resLog - 
*************** response log start ***************
request method: GET
request originalUrl:  /
request client ip:  ::ffff:192.168.212.29
request query:  {}
response time: 1
response status: 302
response body: 
"Redirecting to <a href=\"/\">/</a>."
*************** response log end ***************

[2018-09-12T14:24:43.108] [INFO] resLog - 
*************** response log start ***************
request method: GET
request originalUrl:  /
request client ip:  ::ffff:192.168.212.29
request query:  {}
response time: 1
response status: 302
response body: 
"Redirecting to <a href=\"/\">/</a>."
*************** response log end ***************

[2018-09-12T14:24:43.113] [INFO] resLog - 
*************** response log start ***************
request method: GET
request originalUrl:  /
request client ip:  ::ffff:192.168.212.29
request query:  {}
response time: 1
response status: 302
response body: 
"Redirecting to <a href=\"/\">/</a>."
*************** response log end ***************

[2018-09-12T14:24:43.121] [INFO] resLog - 
*************** response log start ***************
request method: GET
request originalUrl:  /
request client ip:  ::ffff:192.168.212.29
request query:  {}
response time: 1
response status: 302
response body: 
"Redirecting to <a href=\"/\">/</a>."
*************** response log end ***************

[2018-09-12T14:24:43.127] [INFO] resLog - 
*************** response log start ***************
request method: GET
request originalUrl:  /
request client ip:  ::ffff:192.168.212.29
request query:  {}
response time: 1
response status: 302
response body: 
"Redirecting to <a href=\"/\">/</a>."
*************** response log end ***************

[2018-09-12T14:24:43.133] [INFO] resLog - 
*************** response log start ***************
request method: GET
request originalUrl:  /
request client ip:  ::ffff:192.168.212.29
request query:  {}
response time: 1
response status: 302
response body: 
"Redirecting to <a href=\"/\">/</a>."
*************** response log end ***************

[2018-09-12T14:24:43.139] [INFO] resLog - 
*************** response log start ***************
request method: GET
request originalUrl:  /
request client ip:  ::ffff:192.168.212.29
request query:  {}
response time: 1
response status: 302
response body: 
"Redirecting to <a href=\"/\">/</a>."
*************** response log end ***************

[2018-09-12T14:24:43.145] [INFO] resLog - 
*************** response log start ***************
request method: GET
request originalUrl:  /
request client ip:  ::ffff:192.168.212.29
request query:  {}
response time: 1
response status: 302
response body: 
"Redirecting to <a href=\"/\">/</a>."
*************** response log end ***************

[2018-09-12T14:24:43.150] [INFO] resLog - 
*************** response log start ***************
request method: GET
request originalUrl:  /
request client ip:  ::ffff:192.168.212.29
request query:  {}
response time: 1
response status: 302
response body: 
"Redirecting to <a href=\"/\">/</a>."
*************** response log end ***************

[2018-09-12T14:24:43.157] [INFO] resLog - 
*************** response log start ***************
request method: GET
request originalUrl:  /
request client ip:  ::ffff:192.168.212.29
request query:  {}
response time: 1
response status: 302
response body: 
"Redirecting to <a href=\"/\">/</a>."
*************** response log end ***************

[2018-09-12T14:24:43.162] [INFO] resLog - 
*************** response log start ***************
request method: GET
request originalUrl:  /
request client ip:  ::ffff:192.168.212.29
request query:  {}
response time: 0
response status: 302
response body: 
"Redirecting to <a href=\"/\">/</a>."
*************** response log end ***************

[2018-09-12T14:24:43.167] [INFO] resLog - 
*************** response log start ***************
request method: GET
request originalUrl:  /
request client ip:  ::ffff:192.168.212.29
request query:  {}
response time: 1
response status: 302
response body: 
"Redirecting to <a href=\"/\">/</a>."
*************** response log end ***************

[2018-09-12T14:24:43.173] [INFO] resLog - 
*************** response log start ***************
request method: GET
request originalUrl:  /
request client ip:  ::ffff:192.168.212.29
request query:  {}
response time: 0
response status: 302
response body: 
"Redirecting to <a href=\"/\">/</a>."
*************** response log end ***************

[2018-09-12T14:24:43.177] [INFO] resLog - 
*************** response log start ***************
request method: GET
request originalUrl:  /
request client ip:  ::ffff:192.168.212.29
request query:  {}
response time: 1
response status: 302
response body: 
"Redirecting to <a href=\"/\">/</a>."
*************** response log end ***************

[2018-09-12T14:24:43.183] [INFO] resLog - 
*************** response log start ***************
request method: GET
request originalUrl:  /
request client ip:  ::ffff:192.168.212.29
request query:  {}
response time: 1
response status: 302
response body: 
"Redirecting to <a href=\"/\">/</a>."
*************** response log end ***************

[2018-09-12T14:24:43.188] [INFO] resLog - 
*************** response log start ***************
request method: GET
request originalUrl:  /
request client ip:  ::ffff:192.168.212.29
request query:  {}
response time: 1
response status: 302
response body: 
"Redirecting to <a href=\"/\">/</a>."
*************** response log end ***************

[2018-09-12T14:24:43.193] [INFO] resLog - 
*************** response log start ***************
request method: GET
request originalUrl:  /
request client ip:  ::ffff:192.168.212.29
request query:  {}
response time: 1
response status: 302
response body: 
"Redirecting to <a href=\"/\">/</a>."
*************** response log end ***************

[2018-09-12T14:24:43.197] [INFO] resLog - 
*************** response log start ***************
request method: GET
request originalUrl:  /
request client ip:  ::ffff:192.168.212.29
request query:  {}
response time: 0
response status: 302
response body: 
"Redirecting to <a href=\"/\">/</a>."
*************** response log end ***************

[2018-09-12T14:24:48.038] [INFO] resLog - 
*************** response log start ***************
request method: OPTIONS
request originalUrl:  /report/currentWeekReport/get
request client ip:  ::ffff:192.168.212.29
request body: 
{}
response time: 0
response status: 204
response body: 
undefined
*************** response log end ***************

[2018-09-12T14:24:48.043] [INFO] resLog - 
*************** response log start ***************
request method: OPTIONS
request originalUrl:  /punchcard/currentUserMonthList
request client ip:  ::ffff:192.168.212.29
request body: 
{}
response time: 0
response status: 204
response body: 
undefined
*************** response log end ***************

[2018-09-12T14:24:48.119] [INFO] resLog - 
*************** response log start ***************
request method: GET
request originalUrl:  /report/currentWeekReport/get
request client ip:  ::ffff:192.168.212.29
request query:  {}
response time: 10
response status: 200
response body: 
{"status":true,"data":[]}
*************** response log end ***************

[2018-09-12T14:26:00.626] [INFO] resLog - 
*************** response log start ***************
request method: OPTIONS
request originalUrl:  /punchcard/currentUserMonthList
request client ip:  ::ffff:192.168.212.29
request body: 
{}
response time: 0
response status: 204
response body: 
undefined
*************** response log end ***************

[2018-09-12T14:26:58.584] [INFO] resLog - 
*************** response log start ***************
request method: OPTIONS
request originalUrl:  /report/currentWeekReport/get
request client ip:  ::ffff:192.168.212.29
request body: 
{}
response time: 0
response status: 204
response body: 
undefined
*************** response log end ***************

[2018-09-12T14:26:58.595] [INFO] resLog - 
*************** response log start ***************
request method: OPTIONS
request originalUrl:  /punchcard/currentUserMonthList
request client ip:  ::ffff:192.168.212.29
request body: 
{}
response time: 0
response status: 204
response body: 
undefined
*************** response log end ***************

[2018-09-12T14:26:58.645] [INFO] resLog - 
*************** response log start ***************
request method: GET
request originalUrl:  /report/currentWeekReport/get
request client ip:  ::ffff:192.168.212.29
request query:  {}
response time: 2
response status: 200
response body: 
{"status":true,"data":[]}
*************** response log end ***************

[2018-09-12T14:28:18.157] [INFO] resLog - 
*************** response log start ***************
request method: OPTIONS
request originalUrl:  /user/logOut
request client ip:  ::ffff:192.168.212.29
request body: 
{}
response time: 1
response status: 204
response body: 
undefined
*************** response log end ***************

[2018-09-12T14:28:20.461] [INFO] resLog - 
*************** response log start ***************
request method: OPTIONS
request originalUrl:  /user/login
request client ip:  ::ffff:192.168.212.29
request body: 
{}
response time: 0
response status: 204
response body: 
undefined
*************** response log end ***************

[2018-09-12T14:28:20.491] [INFO] resLog - 
*************** response log start ***************
request method: POST
request originalUrl:  /user/login
request client ip:  ::ffff:192.168.212.29
request body: 
{"email":"tom@suninfo.com","password":"123456"}
response time: 11
response status: 200
response body: 
{"status":true,"data":{"email":"tom@suninfo.com","name":"张悦","sex":"female","remark":null,"groupId":38,"role":"user","level":0,"collector":2}}
*************** response log end ***************

[2018-09-12T14:28:20.552] [INFO] resLog - 
*************** response log start ***************
request method: OPTIONS
request originalUrl:  /report/currentWeekReport/get
request client ip:  ::ffff:192.168.212.29
request body: 
{}
response time: 0
response status: 204
response body: 
undefined
*************** response log end ***************

[2018-09-12T14:28:20.589] [INFO] resLog - 
*************** response log start ***************
request method: GET
request originalUrl:  /report/currentWeekReport/get
request client ip:  ::ffff:192.168.212.29
request query:  {}
response time: 3
response status: 200
response body: 
{"status":true,"data":[]}
*************** response log end ***************

[2018-09-12T14:28:22.220] [INFO] resLog - 
*************** response log start ***************
request method: OPTIONS
request originalUrl:  /punchcard/currentUserMonthList
request client ip:  ::ffff:192.168.212.29
request body: 
{}
response time: 0
response status: 204
response body: 
undefined
*************** response log end ***************

[2018-09-12T14:29:18.345] [INFO] resLog - 
*************** response log start ***************
request method: OPTIONS
request originalUrl:  /report/currentWeekReport/get
request client ip:  ::ffff:192.168.212.29
request body: 
{}
response time: 2
response status: 204
response body: 
undefined
*************** response log end ***************

[2018-09-12T14:29:18.353] [INFO] resLog - 
*************** response log start ***************
request method: OPTIONS
request originalUrl:  /punchcard/currentUserMonthList
request client ip:  ::ffff:192.168.212.29
request body: 
{}
response time: 0
response status: 204
response body: 
undefined
*************** response log end ***************

[2018-09-12T14:29:18.451] [INFO] resLog - 
*************** response log start ***************
request method: POST
request originalUrl:  /punchcard/currentUserMonthList
request client ip:  ::ffff:192.168.212.29
request body: 
{"userid":"tom@suninfo.com","month":"2018-09"}
response time: 12
response status: 200
response body: 
{"status":true,"data":[{"userid":"tom@suninfo.com","card_time":"2018-09-12","card_status":1}]}
*************** response log end ***************

[2018-09-12T14:29:18.454] [INFO] resLog - 
*************** response log start ***************
request method: GET
request originalUrl:  /report/currentWeekReport/get
request client ip:  ::ffff:192.168.212.29
request query:  {}
response time: 12
response status: 200
response body: 
{"status":true,"data":[]}
*************** response log end ***************

[2018-09-12T14:33:22.784] [INFO] resLog - 
*************** response log start ***************
request method: OPTIONS
request originalUrl:  /punchcard/userMonthList
request client ip:  ::ffff:192.168.212.29
request body: 
{}
response time: 1
response status: 204
response body: 
undefined
*************** response log end ***************

[2018-09-12T14:33:22.795] [INFO] resLog - 
*************** response log start ***************
request method: POST
request originalUrl:  /punchcard/userMonthList
request client ip:  ::ffff:192.168.212.29
request body: 
{"userid":"tom@suninfo.com","month":"2018-09"}
response time: 5
response status: 302
response body: 
"Redirecting to <a href=\"/\">/</a>."
*************** response log end ***************

[2018-09-12T14:33:22.801] [INFO] resLog - 
*************** response log start ***************
request method: OPTIONS
request originalUrl:  /
request client ip:  ::ffff:192.168.212.29
request body: 
{}
response time: 0
response status: 204
response body: 
undefined
*************** response log end ***************

[2018-09-12T14:33:22.807] [INFO] resLog - 
*************** response log start ***************
request method: GET
request originalUrl:  /
request client ip:  ::ffff:192.168.212.29
request query:  {}
response time: 1
response status: 302
response body: 
"Redirecting to <a href=\"/\">/</a>."
*************** response log end ***************

[2018-09-12T14:33:22.813] [INFO] resLog - 
*************** response log start ***************
request method: GET
request originalUrl:  /
request client ip:  ::ffff:192.168.212.29
request query:  {}
response time: 0
response status: 302
response body: 
"Redirecting to <a href=\"/\">/</a>."
*************** response log end ***************

[2018-09-12T14:33:22.818] [INFO] resLog - 
*************** response log start ***************
request method: GET
request originalUrl:  /
request client ip:  ::ffff:192.168.212.29
request query:  {}
response time: 0
response status: 302
response body: 
"Redirecting to <a href=\"/\">/</a>."
*************** response log end ***************

[2018-09-12T14:33:22.824] [INFO] resLog - 
*************** response log start ***************
request method: GET
request originalUrl:  /
request client ip:  ::ffff:192.168.212.29
request query:  {}
response time: 1
response status: 302
response body: 
"Redirecting to <a href=\"/\">/</a>."
*************** response log end ***************

[2018-09-12T14:33:22.829] [INFO] resLog - 
*************** response log start ***************
request method: GET
request originalUrl:  /
request client ip:  ::ffff:192.168.212.29
request query:  {}
response time: 0
response status: 302
response body: 
"Redirecting to <a href=\"/\">/</a>."
*************** response log end ***************

[2018-09-12T14:33:22.835] [INFO] resLog - 
*************** response log start ***************
request method: GET
request originalUrl:  /
request client ip:  ::ffff:192.168.212.29
request query:  {}
response time: 1
response status: 302
response body: 
"Redirecting to <a href=\"/\">/</a>."
*************** response log end ***************

[2018-09-12T14:33:22.840] [INFO] resLog - 
*************** response log start ***************
request method: GET
request originalUrl:  /
request client ip:  ::ffff:192.168.212.29
request query:  {}
response time: 0
response status: 302
response body: 
"Redirecting to <a href=\"/\">/</a>."
*************** response log end ***************

[2018-09-12T14:33:22.846] [INFO] resLog - 
*************** response log start ***************
request method: GET
request originalUrl:  /
request client ip:  ::ffff:192.168.212.29
request query:  {}
response time: 1
response status: 302
response body: 
"Redirecting to <a href=\"/\">/</a>."
*************** response log end ***************

[2018-09-12T14:33:22.852] [INFO] resLog - 
*************** response log start ***************
request method: GET
request originalUrl:  /
request client ip:  ::ffff:192.168.212.29
request query:  {}
response time: 0
response status: 302
response body: 
"Redirecting to <a href=\"/\">/</a>."
*************** response log end ***************

[2018-09-12T14:33:22.857] [INFO] resLog - 
*************** response log start ***************
request method: GET
request originalUrl:  /
request client ip:  ::ffff:192.168.212.29
request query:  {}
response time: 1
response status: 302
response body: 
"Redirecting to <a href=\"/\">/</a>."
*************** response log end ***************

[2018-09-12T14:33:22.863] [INFO] resLog - 
*************** response log start ***************
request method: GET
request originalUrl:  /
request client ip:  ::ffff:192.168.212.29
request query:  {}
response time: 1
response status: 302
response body: 
"Redirecting to <a href=\"/\">/</a>."
*************** response log end ***************

[2018-09-12T14:33:22.868] [INFO] resLog - 
*************** response log start ***************
request method: GET
request originalUrl:  /
request client ip:  ::ffff:192.168.212.29
request query:  {}
response time: 1
response status: 302
response body: 
"Redirecting to <a href=\"/\">/</a>."
*************** response log end ***************

[2018-09-12T14:33:22.874] [INFO] resLog - 
*************** response log start ***************
request method: GET
request originalUrl:  /
request client ip:  ::ffff:192.168.212.29
request query:  {}
response time: 1
response status: 302
response body: 
"Redirecting to <a href=\"/\">/</a>."
*************** response log end ***************

[2018-09-12T14:33:22.882] [INFO] resLog - 
*************** response log start ***************
request method: GET
request originalUrl:  /
request client ip:  ::ffff:192.168.212.29
request query:  {}
response time: 1
response status: 302
response body: 
"Redirecting to <a href=\"/\">/</a>."
*************** response log end ***************

[2018-09-12T14:33:22.888] [INFO] resLog - 
*************** response log start ***************
request method: GET
request originalUrl:  /
request client ip:  ::ffff:192.168.212.29
request query:  {}
response time: 1
response status: 302
response body: 
"Redirecting to <a href=\"/\">/</a>."
*************** response log end ***************

[2018-09-12T14:33:22.895] [INFO] resLog - 
*************** response log start ***************
request method: GET
request originalUrl:  /
request client ip:  ::ffff:192.168.212.29
request query:  {}
response time: 1
response status: 302
response body: 
"Redirecting to <a href=\"/\">/</a>."
*************** response log end ***************

[2018-09-12T14:33:22.903] [INFO] resLog - 
*************** response log start ***************
request method: GET
request originalUrl:  /
request client ip:  ::ffff:192.168.212.29
request query:  {}
response time: 1
response status: 302
response body: 
"Redirecting to <a href=\"/\">/</a>."
*************** response log end ***************

[2018-09-12T14:33:22.908] [INFO] resLog - 
*************** response log start ***************
request method: GET
request originalUrl:  /
request client ip:  ::ffff:192.168.212.29
request query:  {}
response time: 0
response status: 302
response body: 
"Redirecting to <a href=\"/\">/</a>."
*************** response log end ***************

[2018-09-12T14:33:22.914] [INFO] resLog - 
*************** response log start ***************
request method: GET
request originalUrl:  /
request client ip:  ::ffff:192.168.212.29
request query:  {}
response time: 0
response status: 302
response body: 
"Redirecting to <a href=\"/\">/</a>."
*************** response log end ***************

[2018-09-12T14:33:22.922] [INFO] resLog - 
*************** response log start ***************
request method: GET
request originalUrl:  /
request client ip:  ::ffff:192.168.212.29
request query:  {}
response time: 1
response status: 302
response body: 
"Redirecting to <a href=\"/\">/</a>."
*************** response log end ***************

[2018-09-12T14:40:51.143] [INFO] resLog - 
*************** response log start ***************
request method: OPTIONS
request originalUrl:  /report/currentWeekReport/get
request client ip:  ::ffff:192.168.212.29
request body: 
{}
response time: 2
response status: 204
response body: 
undefined
*************** response log end ***************

[2018-09-12T14:40:51.149] [INFO] resLog - 
*************** response log start ***************
request method: OPTIONS
request originalUrl:  /punchcard/userMonthList
request client ip:  ::ffff:192.168.212.29
request body: 
{}
response time: 1
response status: 204
response body: 
undefined
*************** response log end ***************

[2018-09-12T14:40:51.229] [INFO] resLog - 
*************** response log start ***************
request method: POST
request originalUrl:  /punchcard/userMonthList
request client ip:  ::ffff:192.168.212.29
request body: 
{"userid":"tom@suninfo.com","month":"2018-09"}
response time: 13
response status: 200
response body: 
{"status":true,"data":[{"userid":"tom@suninfo.com","card_time":"2018-09-12","card_status":1}]}
*************** response log end ***************

[2018-09-12T14:40:51.231] [INFO] resLog - 
*************** response log start ***************
request method: GET
request originalUrl:  /report/currentWeekReport/get
request client ip:  ::ffff:192.168.212.29
request query:  {}
response time: 13
response status: 200
response body: 
{"status":true,"data":[]}
*************** response log end ***************

