[2018-09-13T11:09:09.901] [INFO] resLog - 
*************** response log start ***************
request method: OPTIONS
request originalUrl:  /report/currentWeekReport/get
request client ip:  ::ffff:192.168.212.29
request body: 
{}
response time: 0
response status: 204
response body: 
undefined
*************** response log end ***************

[2018-09-13T11:09:09.902] [INFO] resLog - 
*************** response log start ***************
request method: OPTIONS
request originalUrl:  /punchcard/userMonthList
request client ip:  ::ffff:192.168.212.29
request body: 
{}
response time: 0
response status: 204
response body: 
undefined
*************** response log end ***************

[2018-09-13T11:09:09.913] [INFO] resLog - 
*************** response log start ***************
request method: POST
request originalUrl:  /punchcard/userMonthList
request client ip:  ::ffff:192.168.212.29
request body: 
{"userid":"tom@suninfo.com","month":"2018-09"}
response time: 2
response status: 200
response body: 
{"status":true,"data":[{"userid":"tom@suninfo.com","card_time":"2018-09-11","card_status":1},{"userid":"tom@suninfo.com","card_time":"2018-09-10","card_status":1},{"userid":"tom@suninfo.com","card_time":"2018-09-12","card_status":1},{"userid":"tom@suninfo.com","card_time":"2018-09-09","card_status":1},{"userid":"tom@suninfo.com","card_time":"2018-09-13","card_status":1}]}
*************** response log end ***************

[2018-09-13T11:09:09.917] [INFO] resLog - 
*************** response log start ***************
request method: GET
request originalUrl:  /report/currentWeekReport/get
request client ip:  ::ffff:192.168.212.29
request query:  {}
response time: 5
response status: 200
response body: 
{"status":true,"data":[]}
*************** response log end ***************

[2018-09-13T11:10:51.645] [INFO] resLog - 
*************** response log start ***************
request method: OPTIONS
request originalUrl:  /report/currentWeekReport/get
request client ip:  ::ffff:192.168.212.29
request body: 
{}
response time: 0
response status: 204
response body: 
undefined
*************** response log end ***************

[2018-09-13T11:10:51.649] [INFO] resLog - 
*************** response log start ***************
request method: OPTIONS
request originalUrl:  /punchcard/userMonthList
request client ip:  ::ffff:192.168.212.29
request body: 
{}
response time: 0
response status: 204
response body: 
undefined
*************** response log end ***************

[2018-09-13T11:10:51.669] [INFO] resLog - 
*************** response log start ***************
request method: POST
request originalUrl:  /punchcard/userMonthList
request client ip:  ::ffff:192.168.212.29
request body: 
{"userid":"tom@suninfo.com","month":"2018-09"}
response time: 2
response status: 200
response body: 
{"status":true,"data":[{"userid":"tom@suninfo.com","card_time":"2018-09-11","card_status":1},{"userid":"tom@suninfo.com","card_time":"2018-09-10","card_status":1},{"userid":"tom@suninfo.com","card_time":"2018-09-12","card_status":1},{"userid":"tom@suninfo.com","card_time":"2018-09-09","card_status":1},{"userid":"tom@suninfo.com","card_time":"2018-09-13","card_status":1}]}
*************** response log end ***************

[2018-09-13T11:10:51.670] [INFO] resLog - 
*************** response log start ***************
request method: GET
request originalUrl:  /report/currentWeekReport/get
request client ip:  ::ffff:192.168.212.29
request query:  {}
response time: 2
response status: 200
response body: 
{"status":true,"data":[]}
*************** response log end ***************

[2018-09-13T11:12:53.342] [INFO] resLog - 
*************** response log start ***************
request method: OPTIONS
request originalUrl:  /report/currentWeekReport/get
request client ip:  ::ffff:192.168.212.29
request body: 
{}
response time: 0
response status: 204
response body: 
undefined
*************** response log end ***************

[2018-09-13T11:12:53.343] [INFO] resLog - 
*************** response log start ***************
request method: OPTIONS
request originalUrl:  /punchcard/userMonthList
request client ip:  ::ffff:192.168.212.29
request body: 
{}
response time: 0
response status: 204
response body: 
undefined
*************** response log end ***************

[2018-09-13T11:12:53.373] [INFO] resLog - 
*************** response log start ***************
request method: POST
request originalUrl:  /punchcard/userMonthList
request client ip:  ::ffff:192.168.212.29
request body: 
{"userid":"tom@suninfo.com","month":"2018-09"}
response time: 2
response status: 200
response body: 
{"status":true,"data":[{"userid":"tom@suninfo.com","card_time":"2018-09-11","card_status":1},{"userid":"tom@suninfo.com","card_time":"2018-09-10","card_status":1},{"userid":"tom@suninfo.com","card_time":"2018-09-12","card_status":1},{"userid":"tom@suninfo.com","card_time":"2018-09-09","card_status":1},{"userid":"tom@suninfo.com","card_time":"2018-09-13","card_status":1}]}
*************** response log end ***************

[2018-09-13T11:12:53.375] [INFO] resLog - 
*************** response log start ***************
request method: GET
request originalUrl:  /report/currentWeekReport/get
request client ip:  ::ffff:192.168.212.29
request query:  {}
response time: 3
response status: 200
response body: 
{"status":true,"data":[]}
*************** response log end ***************

[2018-09-13T11:13:23.497] [INFO] resLog - 
*************** response log start ***************
request method: OPTIONS
request originalUrl:  /report/currentWeekReport/get
request client ip:  ::ffff:192.168.212.29
request body: 
{}
response time: 0
response status: 204
response body: 
undefined
*************** response log end ***************

[2018-09-13T11:13:23.498] [INFO] resLog - 
*************** response log start ***************
request method: OPTIONS
request originalUrl:  /punchcard/userMonthList
request client ip:  ::ffff:192.168.212.29
request body: 
{}
response time: 0
response status: 204
response body: 
undefined
*************** response log end ***************

[2018-09-13T11:13:23.615] [INFO] resLog - 
*************** response log start ***************
request method: POST
request originalUrl:  /punchcard/userMonthList
request client ip:  ::ffff:192.168.212.29
request body: 
{"userid":"tom@suninfo.com","month":"2018-09"}
response time: 3
response status: 200
response body: 
{"status":true,"data":[{"userid":"tom@suninfo.com","card_time":"2018-09-11","card_status":1},{"userid":"tom@suninfo.com","card_time":"2018-09-10","card_status":1},{"userid":"tom@suninfo.com","card_time":"2018-09-12","card_status":1},{"userid":"tom@suninfo.com","card_time":"2018-09-09","card_status":1},{"userid":"tom@suninfo.com","card_time":"2018-09-13","card_status":1}]}
*************** response log end ***************

[2018-09-13T11:13:23.617] [INFO] resLog - 
*************** response log start ***************
request method: GET
request originalUrl:  /report/currentWeekReport/get
request client ip:  ::ffff:192.168.212.29
request query:  {}
response time: 2
response status: 200
response body: 
{"status":true,"data":[]}
*************** response log end ***************

[2018-09-13T11:15:19.709] [INFO] resLog - 
*************** response log start ***************
request method: OPTIONS
request originalUrl:  /report/currentWeekReport/get
request client ip:  ::ffff:192.168.212.29
request body: 
{}
response time: 0
response status: 204
response body: 
undefined
*************** response log end ***************

[2018-09-13T11:15:19.711] [INFO] resLog - 
*************** response log start ***************
request method: OPTIONS
request originalUrl:  /punchcard/userMonthList
request client ip:  ::ffff:192.168.212.29
request body: 
{}
response time: 1
response status: 204
response body: 
undefined
*************** response log end ***************

[2018-09-13T11:15:19.770] [INFO] resLog - 
*************** response log start ***************
request method: POST
request originalUrl:  /punchcard/userMonthList
request client ip:  ::ffff:192.168.212.29
request body: 
{"userid":"tom@suninfo.com","month":"2018-09"}
response time: 2
response status: 200
response body: 
{"status":true,"data":[{"userid":"tom@suninfo.com","card_time":"2018-09-11","card_status":1},{"userid":"tom@suninfo.com","card_time":"2018-09-10","card_status":1},{"userid":"tom@suninfo.com","card_time":"2018-09-12","card_status":1},{"userid":"tom@suninfo.com","card_time":"2018-09-09","card_status":1},{"userid":"tom@suninfo.com","card_time":"2018-09-13","card_status":1}]}
*************** response log end ***************

[2018-09-13T11:15:19.774] [INFO] resLog - 
*************** response log start ***************
request method: GET
request originalUrl:  /report/currentWeekReport/get
request client ip:  ::ffff:192.168.212.29
request query:  {}
response time: 5
response status: 200
response body: 
{"status":true,"data":[]}
*************** response log end ***************

[2018-09-13T11:16:05.343] [INFO] resLog - 
*************** response log start ***************
request method: OPTIONS
request originalUrl:  /report/currentWeekReport/get
request client ip:  ::ffff:192.168.212.29
request body: 
{}
response time: 0
response status: 204
response body: 
undefined
*************** response log end ***************

[2018-09-13T11:16:05.344] [INFO] resLog - 
*************** response log start ***************
request method: OPTIONS
request originalUrl:  /punchcard/userMonthList
request client ip:  ::ffff:192.168.212.29
request body: 
{}
response time: 0
response status: 204
response body: 
undefined
*************** response log end ***************

[2018-09-13T11:16:05.378] [INFO] resLog - 
*************** response log start ***************
request method: POST
request originalUrl:  /punchcard/userMonthList
request client ip:  ::ffff:192.168.212.29
request body: 
{"userid":"tom@suninfo.com","month":"2018-09"}
response time: 2
response status: 200
response body: 
{"status":true,"data":[{"userid":"tom@suninfo.com","card_time":"2018-09-11","card_status":1},{"userid":"tom@suninfo.com","card_time":"2018-09-10","card_status":1},{"userid":"tom@suninfo.com","card_time":"2018-09-12","card_status":1},{"userid":"tom@suninfo.com","card_time":"2018-09-09","card_status":1},{"userid":"tom@suninfo.com","card_time":"2018-09-13","card_status":1}]}
*************** response log end ***************

[2018-09-13T11:16:05.382] [INFO] resLog - 
*************** response log start ***************
request method: GET
request originalUrl:  /report/currentWeekReport/get
request client ip:  ::ffff:192.168.212.29
request query:  {}
response time: 5
response status: 200
response body: 
{"status":true,"data":[]}
*************** response log end ***************

[2018-09-13T11:22:13.027] [INFO] resLog - 
*************** response log start ***************
request method: OPTIONS
request originalUrl:  /report/currentWeekReport/get
request client ip:  ::ffff:192.168.212.29
request body: 
{}
response time: 0
response status: 204
response body: 
undefined
*************** response log end ***************

[2018-09-13T11:22:13.028] [INFO] resLog - 
*************** response log start ***************
request method: OPTIONS
request originalUrl:  /punchcard/userMonthList
request client ip:  ::ffff:192.168.212.29
request body: 
{}
response time: 0
response status: 204
response body: 
undefined
*************** response log end ***************

[2018-09-13T11:22:13.038] [INFO] resLog - 
*************** response log start ***************
request method: POST
request originalUrl:  /punchcard/userMonthList
request client ip:  ::ffff:192.168.212.29
request body: 
{"userid":"tom@suninfo.com","month":"2018-09"}
response time: 2
response status: 200
response body: 
{"status":true,"data":[{"userid":"tom@suninfo.com","card_time":"2018-09-11","card_status":1},{"userid":"tom@suninfo.com","card_time":"2018-09-10","card_status":1},{"userid":"tom@suninfo.com","card_time":"2018-09-12","card_status":1},{"userid":"tom@suninfo.com","card_time":"2018-09-09","card_status":1},{"userid":"tom@suninfo.com","card_time":"2018-09-13","card_status":1}]}
*************** response log end ***************

[2018-09-13T11:22:13.040] [INFO] resLog - 
*************** response log start ***************
request method: GET
request originalUrl:  /report/currentWeekReport/get
request client ip:  ::ffff:192.168.212.29
request query:  {}
response time: 2
response status: 200
response body: 
{"status":true,"data":[]}
*************** response log end ***************

[2018-09-13T11:22:41.288] [INFO] resLog - 
*************** response log start ***************
request method: OPTIONS
request originalUrl:  /user/logOut
request client ip:  ::ffff:192.168.212.29
request body: 
{}
response time: 0
response status: 204
response body: 
undefined
*************** response log end ***************

[2018-09-13T11:22:41.298] [INFO] resLog - 
*************** response log start ***************
request method: GET
request originalUrl:  /user/logOut
request client ip:  ::ffff:192.168.212.29
request query:  {}
response time: 2
response status: 200
response body: 
{"status":true,"data":"系统已退出！"}
*************** response log end ***************

[2018-09-13T11:22:43.488] [INFO] resLog - 
*************** response log start ***************
request method: OPTIONS
request originalUrl:  /user/login
request client ip:  ::ffff:192.168.212.29
request body: 
{}
response time: 0
response status: 204
response body: 
undefined
*************** response log end ***************

[2018-09-13T11:22:43.498] [INFO] resLog - 
*************** response log start ***************
request method: POST
request originalUrl:  /user/login
request client ip:  ::ffff:192.168.212.29
request body: 
{"email":"tom@suninfo.com","password":"123456"}
response time: 3
response status: 200
response body: 
{"status":true,"data":{"email":"tom@suninfo.com","name":"张悦","sex":"female","remark":null,"groupId":38,"role":"user","level":1,"collector":"0"}}
*************** response log end ***************

[2018-09-13T11:22:43.540] [INFO] resLog - 
*************** response log start ***************
request method: OPTIONS
request originalUrl:  /report/currentWeekReport/get
request client ip:  ::ffff:192.168.212.29
request body: 
{}
response time: 0
response status: 204
response body: 
undefined
*************** response log end ***************

[2018-09-13T11:22:43.558] [INFO] resLog - 
*************** response log start ***************
request method: GET
request originalUrl:  /report/currentWeekReport/get
request client ip:  ::ffff:192.168.212.29
request query:  {}
response time: 3
response status: 200
response body: 
{"status":true,"data":[]}
*************** response log end ***************

[2018-09-13T11:22:45.037] [INFO] resLog - 
*************** response log start ***************
request method: OPTIONS
request originalUrl:  /punchcard/userMonthList
request client ip:  ::ffff:192.168.212.29
request body: 
{}
response time: 0
response status: 204
response body: 
undefined
*************** response log end ***************

[2018-09-13T11:22:45.054] [INFO] resLog - 
*************** response log start ***************
request method: POST
request originalUrl:  /punchcard/userMonthList
request client ip:  ::ffff:192.168.212.29
request body: 
{"userid":"tom@suninfo.com","month":"2018-09"}
response time: 1
response status: 200
response body: 
{"status":true,"data":[{"userid":"tom@suninfo.com","card_time":"2018-09-11","card_status":1},{"userid":"tom@suninfo.com","card_time":"2018-09-10","card_status":1},{"userid":"tom@suninfo.com","card_time":"2018-09-12","card_status":1},{"userid":"tom@suninfo.com","card_time":"2018-09-09","card_status":1},{"userid":"tom@suninfo.com","card_time":"2018-09-13","card_status":1}]}
*************** response log end ***************

[2018-09-13T11:22:47.586] [INFO] resLog - 
*************** response log start ***************
request method: OPTIONS
request originalUrl:  /user/logOut
request client ip:  ::ffff:192.168.212.29
request body: 
{}
response time: 0
response status: 204
response body: 
undefined
*************** response log end ***************

[2018-09-13T11:22:47.593] [INFO] resLog - 
*************** response log start ***************
request method: GET
request originalUrl:  /user/logOut
request client ip:  ::ffff:192.168.212.29
request query:  {}
response time: 2
response status: 200
response body: 
{"status":true,"data":"系统已退出！"}
*************** response log end ***************

[2018-09-13T11:23:03.290] [INFO] resLog - 
*************** response log start ***************
request method: OPTIONS
request originalUrl:  /user/login
request client ip:  ::ffff:192.168.212.29
request body: 
{}
response time: 0
response status: 204
response body: 
undefined
*************** response log end ***************

[2018-09-13T11:23:03.299] [INFO] resLog - 
*************** response log start ***************
request method: POST
request originalUrl:  /user/login
request client ip:  ::ffff:192.168.212.29
request body: 
{"email":"youwg@suninfo.com","password":"123456"}
response time: 2
response status: 200
response body: 
{"status":true,"data":{"email":"youwg@suninfo.com","name":"游武刚","sex":"male","remark":"无","groupId":37,"role":"user","level":2,"collector":1}}
*************** response log end ***************

[2018-09-13T11:23:03.347] [INFO] resLog - 
*************** response log start ***************
request method: OPTIONS
request originalUrl:  /report/currentWeekReport/get
request client ip:  ::ffff:192.168.212.29
request body: 
{}
response time: 0
response status: 204
response body: 
undefined
*************** response log end ***************

[2018-09-13T11:23:03.360] [INFO] resLog - 
*************** response log start ***************
request method: GET
request originalUrl:  /report/currentWeekReport/get
request client ip:  ::ffff:192.168.212.29
request query:  {}
response time: 1
response status: 200
response body: 
{"status":true,"data":[]}
*************** response log end ***************

[2018-09-13T11:27:33.581] [INFO] resLog - 
*************** response log start ***************
request method: OPTIONS
request originalUrl:  /report/currentWeekReport/get
request client ip:  ::ffff:192.168.212.29
request body: 
{}
response time: 0
response status: 204
response body: 
undefined
*************** response log end ***************

[2018-09-13T11:27:33.605] [INFO] resLog - 
*************** response log start ***************
request method: GET
request originalUrl:  /report/currentWeekReport/get
request client ip:  ::ffff:192.168.212.29
request query:  {}
response time: 1
response status: 200
response body: 
{"status":true,"data":[]}
*************** response log end ***************

[2018-09-13T11:28:08.326] [INFO] resLog - 
*************** response log start ***************
request method: OPTIONS
request originalUrl:  /report/currentWeekReport/get
request client ip:  ::ffff:192.168.212.29
request body: 
{}
response time: 0
response status: 204
response body: 
undefined
*************** response log end ***************

[2018-09-13T11:28:08.334] [INFO] resLog - 
*************** response log start ***************
request method: OPTIONS
request originalUrl:  /punchcard/monthList
request client ip:  ::ffff:192.168.212.29
request body: 
{}
response time: 0
response status: 204
response body: 
undefined
*************** response log end ***************

[2018-09-13T11:28:08.393] [INFO] resLog - 
*************** response log start ***************
request method: POST
request originalUrl:  /punchcard/monthList
request client ip:  ::ffff:192.168.212.29
request body: 
{"month":"2018-9"}
response time: 3
response status: 200
response body: 
{"status":true,"data":[]}
*************** response log end ***************

[2018-09-13T11:28:08.396] [INFO] resLog - 
*************** response log start ***************
request method: GET
request originalUrl:  /report/currentWeekReport/get
request client ip:  ::ffff:192.168.212.29
request query:  {}
response time: 3
response status: 200
response body: 
{"status":true,"data":[]}
*************** response log end ***************

[2018-09-13T11:29:58.509] [INFO] resLog - 
*************** response log start ***************
request method: OPTIONS
request originalUrl:  /report/currentWeekReport/get
request client ip:  ::ffff:192.168.212.29
request body: 
{}
response time: 0
response status: 204
response body: 
undefined
*************** response log end ***************

[2018-09-13T11:29:58.518] [INFO] resLog - 
*************** response log start ***************
request method: OPTIONS
request originalUrl:  /punchcard/monthList
request client ip:  ::ffff:192.168.212.29
request body: 
{}
response time: 0
response status: 204
response body: 
undefined
*************** response log end ***************

[2018-09-13T11:29:58.564] [INFO] resLog - 
*************** response log start ***************
request method: POST
request originalUrl:  /punchcard/monthList
request client ip:  ::ffff:192.168.212.29
request body: 
{"month":"2018-9"}
response time: 3
response status: 200
response body: 
{"status":true,"data":[]}
*************** response log end ***************

[2018-09-13T11:29:58.565] [INFO] resLog - 
*************** response log start ***************
request method: GET
request originalUrl:  /report/currentWeekReport/get
request client ip:  ::ffff:192.168.212.29
request query:  {}
response time: 2
response status: 200
response body: 
{"status":true,"data":[]}
*************** response log end ***************

[2018-09-13T11:31:25.897] [INFO] resLog - 
*************** response log start ***************
request method: OPTIONS
request originalUrl:  /report/currentWeekReport/get
request client ip:  ::ffff:192.168.212.29
request body: 
{}
response time: 1
response status: 204
response body: 
undefined
*************** response log end ***************

[2018-09-13T11:31:25.899] [INFO] resLog - 
*************** response log start ***************
request method: OPTIONS
request originalUrl:  /punchcard/monthList
request client ip:  ::ffff:192.168.212.29
request body: 
{}
response time: 0
response status: 204
response body: 
undefined
*************** response log end ***************

[2018-09-13T11:31:26.080] [INFO] resLog - 
*************** response log start ***************
request method: POST
request originalUrl:  /punchcard/monthList
request client ip:  ::ffff:192.168.212.29
request body: 
{"month":"2018-9"}
response time: 4
response status: 200
response body: 
{"status":true,"data":[]}
*************** response log end ***************

[2018-09-13T11:31:26.082] [INFO] resLog - 
*************** response log start ***************
request method: GET
request originalUrl:  /report/currentWeekReport/get
request client ip:  ::ffff:192.168.212.29
request query:  {}
response time: 4
response status: 200
response body: 
{"status":true,"data":[]}
*************** response log end ***************

[2018-09-13T11:31:57.314] [INFO] resLog - 
*************** response log start ***************
request method: OPTIONS
request originalUrl:  /punchcard/monthList
request client ip:  ::ffff:192.168.212.29
request body: 
{}
response time: 0
response status: 204
response body: 
undefined
*************** response log end ***************

[2018-09-13T11:31:57.322] [INFO] resLog - 
*************** response log start ***************
request method: POST
request originalUrl:  /punchcard/monthList
request client ip:  ::ffff:192.168.212.29
request body: 
{"month":"2018-09"}
response time: 1
response status: 200
response body: 
{"status":true,"data":[{"userid":"tom@suninfo.com","card_time":"2018-09-11","card_status":1},{"userid":"tom@suninfo.com","card_time":"2018-09-10","card_status":1},{"userid":"tom@suninfo.com","card_time":"2018-09-12","card_status":1},{"userid":"tom@suninfo.com","card_time":"2018-09-09","card_status":1},{"userid":"tom@suninfo.com","card_time":"2018-09-13","card_status":1}]}
*************** response log end ***************

