[2018-09-11T19:15:30.880] [INFO] resLog - 
*************** response log start ***************
request method: OPTIONS
request originalUrl:  /user/adminLogin
request client ip:  ::ffff:192.168.212.29
request body: 
{}
response time: 2
response status: 204
response body: 
undefined
*************** response log end ***************

[2018-09-11T19:15:30.917] [INFO] resLog - 
*************** response log start ***************
request method: POST
request originalUrl:  /user/adminLogin
request client ip:  ::ffff:192.168.212.29
request body: 
{"email":"admin","password":"admin"}
response time: 10
response status: 200
response body: 
{"status":true,"data":{"email":"admin","name":"admin","sex":"male","remark":"admin","groupId":0,"role":"admin","level":0,"collector":"0"}}
*************** response log end ***************

[2018-09-11T19:15:31.039] [INFO] resLog - 
*************** response log start ***************
request method: OPTIONS
request originalUrl:  /group/groupManage/get
request client ip:  ::ffff:192.168.212.29
request body: 
{}
response time: 0
response status: 204
response body: 
undefined
*************** response log end ***************

[2018-09-11T19:15:31.070] [INFO] resLog - 
*************** response log start ***************
request method: GET
request originalUrl:  /group/groupManage/get
request client ip:  ::ffff:192.168.212.29
request query:  {}
response time: 3
response status: 200
response body: 
{"status":true,"data":[{"id":37,"name":"CA大平台-IMP组-前端","memberNum":0,"remark":"CA大平台-IMP组-前端，sunflower，一个潮气蓬勃，潜力无限，有梦想有追求的前端团队。","createTime":"2018-08-31T07:17:24.000Z","combine":"0"},{"id":38,"name":"测试","memberNum":0,"remark":"测试","createTime":"2018-08-31T07:17:24.000Z","combine":"0"}]}
*************** response log end ***************

[2018-09-11T19:15:34.806] [INFO] resLog - 
*************** response log start ***************
request method: OPTIONS
request originalUrl:  /system/getSysSetting
request client ip:  ::ffff:192.168.212.29
request body: 
{}
response time: 0
response status: 204
response body: 
undefined
*************** response log end ***************

[2018-09-11T19:15:34.823] [INFO] resLog - 
*************** response log start ***************
request method: GET
request originalUrl:  /system/getSysSetting
request client ip:  ::ffff:192.168.212.29
request query:  {}
response time: 4
response status: 200
response body: 
{"status":true,"data":{"emailSuffix":"@suninfo.com;@qq.com;@163.com","sysAnnouncement":"","timeOut":72000}}
*************** response log end ***************

[2018-09-11T19:15:35.932] [INFO] resLog - 
*************** response log start ***************
request method: GET
request originalUrl:  /group/groupManage/get
request client ip:  ::ffff:192.168.212.29
request query:  {}
response time: 1
response status: 200
response body: 
{"status":true,"data":[{"id":37,"name":"CA大平台-IMP组-前端","memberNum":0,"remark":"CA大平台-IMP组-前端，sunflower，一个潮气蓬勃，潜力无限，有梦想有追求的前端团队。","createTime":"2018-08-31T07:17:24.000Z","combine":"0"},{"id":38,"name":"测试","memberNum":0,"remark":"测试","createTime":"2018-08-31T07:17:24.000Z","combine":"0"}]}
*************** response log end ***************

[2018-09-11T19:15:41.080] [INFO] resLog - 
*************** response log start ***************
request method: OPTIONS
request originalUrl:  /group/groupManage/getGroupsMember
request client ip:  ::ffff:192.168.212.29
request body: 
{}
response time: 0
response status: 204
response body: 
undefined
*************** response log end ***************

[2018-09-11T19:15:41.089] [INFO] resLog - 
*************** response log start ***************
request method: POST
request originalUrl:  /group/groupManage/getGroupsMember
request client ip:  ::ffff:192.168.212.29
request body: 
{"idList":[37,38]}
response time: 2
response status: 200
response body: 
{"status":true,"data":[{"email":"123","name":"caolx","sex":"male","remark":"","groupId":38,"role":"user","level":0,"collector":"0"},{"email":"lic2017@suninfo.com","name":"l李聪","sex":"male","remark":"","groupId":37,"role":"user","level":0,"collector":"0"},{"email":"test@qq.com","name":"youwg","sex":"male","remark":"www","groupId":37,"role":"user","level":0,"collector":"0"},{"email":"tom@suninfo.com","name":"张悦","sex":"female","remark":null,"groupId":38,"role":"user","level":0,"collector":"0"},{"email":"youwg@suninfo.com","name":"游武刚","sex":"male","remark":"无","groupId":37,"role":"user","level":0,"collector":"0"}]}
*************** response log end ***************

[2018-09-11T19:15:44.993] [INFO] resLog - 
*************** response log start ***************
request method: OPTIONS
request originalUrl:  /group/groupManage/editGroupsCombine
request client ip:  ::ffff:192.168.212.29
request body: 
{}
response time: 0
response status: 204
response body: 
undefined
*************** response log end ***************

[2018-09-11T19:15:45.009] [INFO] resLog - 
*************** response log start ***************
request method: POST
request originalUrl:  /group/groupManage/editGroupsCombine
request client ip:  ::ffff:192.168.212.29
request body: 
{"idList":[37,38],"emailList":["youwg@suninfo.com"]}
response time: 10
response status: 200
response body: 
{"status":true,"data":"编辑成功"}
*************** response log end ***************

[2018-09-11T19:16:34.869] [INFO] resLog - 
*************** response log start ***************
request method: OPTIONS
request originalUrl:  /user/logOut
request client ip:  ::ffff:192.168.212.29
request body: 
{}
response time: 0
response status: 204
response body: 
undefined
*************** response log end ***************

[2018-09-11T19:16:34.882] [INFO] resLog - 
*************** response log start ***************
request method: GET
request originalUrl:  /user/logOut
request client ip:  ::ffff:192.168.212.29
request query:  {}
response time: 2
response status: 200
response body: 
{"status":true,"data":"系统已退出！"}
*************** response log end ***************

[2018-09-11T19:17:16.574] [INFO] resLog - 
*************** response log start ***************
request method: OPTIONS
request originalUrl:  /user/login
request client ip:  ::ffff:192.168.212.29
request body: 
{}
response time: 0
response status: 204
response body: 
undefined
*************** response log end ***************

[2018-09-11T19:17:16.584] [INFO] resLog - 
*************** response log start ***************
request method: POST
request originalUrl:  /user/login
request client ip:  ::ffff:192.168.212.29
request body: 
{"email":"test@qq.com","password":"123456"}
response time: 5
response status: 200
response body: 
{"status":false,"data":"unactivated"}
*************** response log end ***************

[2018-09-11T19:17:32.648] [INFO] resLog - 
*************** response log start ***************
request method: OPTIONS
request originalUrl:  /user/login
request client ip:  ::ffff:192.168.212.29
request body: 
{}
response time: 0
response status: 204
response body: 
undefined
*************** response log end ***************

[2018-09-11T19:17:32.658] [INFO] resLog - 
*************** response log start ***************
request method: POST
request originalUrl:  /user/login
request client ip:  ::ffff:192.168.212.29
request body: 
{"email":"tom@suninfo.com","password":"123456"}
response time: 2
response status: 200
response body: 
{"status":true,"data":{"email":"tom@suninfo.com","name":"张悦","sex":"female","remark":null,"groupId":38,"role":"user","level":0,"collector":"0"}}
*************** response log end ***************

[2018-09-11T19:17:32.709] [INFO] resLog - 
*************** response log start ***************
request method: OPTIONS
request originalUrl:  /report/currentWeekReport/get
request client ip:  ::ffff:192.168.212.29
request body: 
{}
response time: 0
response status: 204
response body: 
undefined
*************** response log end ***************

[2018-09-11T19:17:32.735] [INFO] resLog - 
*************** response log start ***************
request method: GET
request originalUrl:  /report/currentWeekReport/get
request client ip:  ::ffff:192.168.212.29
request query:  {}
response time: 11
response status: 200
response body: 
{"status":true,"data":[]}
*************** response log end ***************

[2018-09-11T19:17:35.797] [INFO] resLog - 
*************** response log start ***************
request method: OPTIONS
request originalUrl:  /report/groupHistoryWeekReport/get
request client ip:  ::ffff:192.168.212.29
request body: 
{}
response time: 0
response status: 204
response body: 
undefined
*************** response log end ***************

[2018-09-11T19:17:35.798] [INFO] resLog - 
*************** response log start ***************
request method: OPTIONS
request originalUrl:  /group/groupManage/getGroupMember?id=38
request client ip:  ::ffff:192.168.212.29
request body: 
{}
response time: 0
response status: 204
response body: 
undefined
*************** response log end ***************

[2018-09-11T19:17:35.819] [INFO] resLog - 
*************** response log start ***************
request method: POST
request originalUrl:  /report/groupHistoryWeekReport/get
request client ip:  ::ffff:192.168.212.29
request body: 
{}
response time: 5
response status: 200
response body: 
{"status":true,"data":[{"id":5,"title":"未命名周报","summary":"1.我的周报测试\n2.水淀粉即可了解","plan":"1.测试\n2.吸新鲜深度开发及卡拉斯京会计课","createTime":"2018-08-31T06:36:16.000Z","lastUpdateTime":"2018-08-31T06:36:16.000Z","week":"2018-08-26T16:00:00.000Z","status":"public","email":"tom@suninfo.com","groupId":38,"name":"张悦","sex":"female","remark":null,"password":"123456","role":"user","level":0,"collector":"0"}]}
*************** response log end ***************

[2018-09-11T19:17:35.822] [INFO] resLog - 
*************** response log start ***************
request method: GET
request originalUrl:  /group/groupManage/getGroupMember?id=38
request client ip:  ::ffff:192.168.212.29
request query:  {"id":"38"}
response time: 5
response status: 200
response body: 
{"status":true,"data":[{"email":"123","name":"caolx","sex":"male","remark":"","groupId":38,"role":"user","level":0,"collector":"0"},{"email":"tom@suninfo.com","name":"张悦","sex":"female","remark":null,"groupId":38,"role":"user","level":0,"collector":"0"}]}
*************** response log end ***************

[2018-09-11T19:17:36.477] [INFO] resLog - 
*************** response log start ***************
request method: OPTIONS
request originalUrl:  /report/groupCurrentWeekReport/get?id=38
request client ip:  ::ffff:192.168.212.29
request body: 
{}
response time: 0
response status: 204
response body: 
undefined
*************** response log end ***************

[2018-09-11T19:17:36.479] [INFO] resLog - 
*************** response log start ***************
request method: OPTIONS
request originalUrl:  /user/getSendMailUser?id=38
request client ip:  ::ffff:192.168.212.29
request body: 
{}
response time: 0
response status: 204
response body: 
undefined
*************** response log end ***************

[2018-09-11T19:17:36.483] [INFO] resLog - 
*************** response log start ***************
request method: GET
request originalUrl:  /group/groupManage/getGroupMember?id=38
request client ip:  ::ffff:192.168.212.29
request query:  {"id":"38"}
response time: 5
response status: 200
response body: 
{"status":true,"data":[{"email":"123","name":"caolx","sex":"male","remark":"","groupId":38,"role":"user","level":0,"collector":"0"},{"email":"tom@suninfo.com","name":"张悦","sex":"female","remark":null,"groupId":38,"role":"user","level":0,"collector":"0"}]}
*************** response log end ***************

[2018-09-11T19:17:36.498] [INFO] resLog - 
*************** response log start ***************
request method: POST
request originalUrl:  /report/groupCurrentWeekReport/get?id=38
request client ip:  ::ffff:192.168.212.29
request body: 
{}
response time: 5
response status: 200
response body: 
{"status":true,"data":[]}
*************** response log end ***************

[2018-09-11T19:17:36.501] [INFO] resLog - 
*************** response log start ***************
request method: GET
request originalUrl:  /user/getSendMailUser?id=38
request client ip:  ::ffff:192.168.212.29
request query:  {"id":"38"}
response time: 5
response status: 200
response body: 
{"status":true,"data":[{"id":1,"email":"you11098@163.com","name":"游武刚"},{"id":2,"email":"1255828611@qq.com","name":"游武刚QQ"},{"id":3,"email":"dgunzi@tom.com","name":"dgunzi"}]}
*************** response log end ***************

[2018-09-11T19:17:37.292] [INFO] resLog - 
*************** response log start ***************
request method: OPTIONS
request originalUrl:  /report/groupHistoryWeekReport/get?id=38
request client ip:  ::ffff:192.168.212.29
request body: 
{}
response time: 0
response status: 204
response body: 
undefined
*************** response log end ***************

[2018-09-11T19:17:37.295] [INFO] resLog - 
*************** response log start ***************
request method: GET
request originalUrl:  /group/groupManage/getGroupMember?id=38
request client ip:  ::ffff:192.168.212.29
request query:  {"id":"38"}
response time: 2
response status: 200
response body: 
{"status":true,"data":[{"email":"123","name":"caolx","sex":"male","remark":"","groupId":38,"role":"user","level":0,"collector":"0"},{"email":"tom@suninfo.com","name":"张悦","sex":"female","remark":null,"groupId":38,"role":"user","level":0,"collector":"0"}]}
*************** response log end ***************

[2018-09-11T19:17:37.310] [INFO] resLog - 
*************** response log start ***************
request method: POST
request originalUrl:  /report/groupHistoryWeekReport/get?id=38
request client ip:  ::ffff:192.168.212.29
request body: 
{}
response time: 2
response status: 200
response body: 
{"status":true,"data":[{"id":5,"title":"未命名周报","summary":"1.我的周报测试\n2.水淀粉即可了解","plan":"1.测试\n2.吸新鲜深度开发及卡拉斯京会计课","createTime":"2018-08-31T06:36:16.000Z","lastUpdateTime":"2018-08-31T06:36:16.000Z","week":"2018-08-26T16:00:00.000Z","status":"public","email":"tom@suninfo.com","groupId":38,"name":"张悦","sex":"female","remark":null,"password":"123456","role":"user","level":0,"collector":"0"}]}
*************** response log end ***************

[2018-09-11T19:17:41.569] [INFO] resLog - 
*************** response log start ***************
request method: OPTIONS
request originalUrl:  /report/currentWeekReport/get?id=38
request client ip:  ::ffff:192.168.212.29
request body: 
{}
response time: 0
response status: 204
response body: 
undefined
*************** response log end ***************

[2018-09-11T19:17:41.578] [INFO] resLog - 
*************** response log start ***************
request method: GET
request originalUrl:  /report/currentWeekReport/get?id=38
request client ip:  ::ffff:192.168.212.29
request query:  {"id":"38"}
response time: 2
response status: 200
response body: 
{"status":true,"data":[]}
*************** response log end ***************

[2018-09-11T19:17:56.467] [INFO] resLog - 
*************** response log start ***************
request method: OPTIONS
request originalUrl:  /report/groupCurrentWeekReport/get?id=38
request client ip:  ::ffff:192.168.212.29
request body: 
{}
response time: 0
response status: 204
response body: 
undefined
*************** response log end ***************

[2018-09-11T19:17:56.480] [INFO] resLog - 
*************** response log start ***************
request method: POST
request originalUrl:  /report/groupCurrentWeekReport/get?id=38
request client ip:  ::ffff:192.168.212.29
request body: 
{}
response time: 1
response status: 200
response body: 
{"status":true,"data":[]}
*************** response log end ***************

[2018-09-11T19:18:16.469] [INFO] resLog - 
*************** response log start ***************
request method: OPTIONS
request originalUrl:  /report/groupCurrentWeekReport/get?id=38
request client ip:  ::ffff:192.168.212.29
request body: 
{}
response time: 1
response status: 204
response body: 
undefined
*************** response log end ***************

[2018-09-11T19:18:16.479] [INFO] resLog - 
*************** response log start ***************
request method: POST
request originalUrl:  /report/groupCurrentWeekReport/get?id=38
request client ip:  ::ffff:192.168.212.29
request body: 
{}
response time: 3
response status: 200
response body: 
{"status":true,"data":[]}
*************** response log end ***************

[2018-09-11T19:18:36.473] [INFO] resLog - 
*************** response log start ***************
request method: OPTIONS
request originalUrl:  /report/groupCurrentWeekReport/get?id=38
request client ip:  ::ffff:192.168.212.29
request body: 
{}
response time: 0
response status: 204
response body: 
undefined
*************** response log end ***************

[2018-09-11T19:18:36.485] [INFO] resLog - 
*************** response log start ***************
request method: POST
request originalUrl:  /report/groupCurrentWeekReport/get?id=38
request client ip:  ::ffff:192.168.212.29
request body: 
{}
response time: 2
response status: 200
response body: 
{"status":true,"data":[]}
*************** response log end ***************

[2018-09-11T19:18:56.474] [INFO] resLog - 
*************** response log start ***************
request method: OPTIONS
request originalUrl:  /report/groupCurrentWeekReport/get?id=38
request client ip:  ::ffff:192.168.212.29
request body: 
{}
response time: 0
response status: 204
response body: 
undefined
*************** response log end ***************

[2018-09-11T19:18:56.483] [INFO] resLog - 
*************** response log start ***************
request method: POST
request originalUrl:  /report/groupCurrentWeekReport/get?id=38
request client ip:  ::ffff:192.168.212.29
request body: 
{}
response time: 2
response status: 200
response body: 
{"status":true,"data":[]}
*************** response log end ***************

[2018-09-11T19:19:16.472] [INFO] resLog - 
*************** response log start ***************
request method: OPTIONS
request originalUrl:  /report/groupCurrentWeekReport/get?id=38
request client ip:  ::ffff:192.168.212.29
request body: 
{}
response time: 0
response status: 204
response body: 
undefined
*************** response log end ***************

[2018-09-11T19:19:16.481] [INFO] resLog - 
*************** response log start ***************
request method: POST
request originalUrl:  /report/groupCurrentWeekReport/get?id=38
request client ip:  ::ffff:192.168.212.29
request body: 
{}
response time: 2
response status: 200
response body: 
{"status":true,"data":[]}
*************** response log end ***************

[2018-09-11T19:19:36.477] [INFO] resLog - 
*************** response log start ***************
request method: OPTIONS
request originalUrl:  /report/groupCurrentWeekReport/get?id=38
request client ip:  ::ffff:192.168.212.29
request body: 
{}
response time: 0
response status: 204
response body: 
undefined
*************** response log end ***************

[2018-09-11T19:19:36.485] [INFO] resLog - 
*************** response log start ***************
request method: POST
request originalUrl:  /report/groupCurrentWeekReport/get?id=38
request client ip:  ::ffff:192.168.212.29
request body: 
{}
response time: 2
response status: 200
response body: 
{"status":true,"data":[]}
*************** response log end ***************

[2018-09-11T19:19:56.472] [INFO] resLog - 
*************** response log start ***************
request method: OPTIONS
request originalUrl:  /report/groupCurrentWeekReport/get?id=38
request client ip:  ::ffff:192.168.212.29
request body: 
{}
response time: 0
response status: 204
response body: 
undefined
*************** response log end ***************

[2018-09-11T19:19:56.479] [INFO] resLog - 
*************** response log start ***************
request method: POST
request originalUrl:  /report/groupCurrentWeekReport/get?id=38
request client ip:  ::ffff:192.168.212.29
request body: 
{}
response time: 1
response status: 200
response body: 
{"status":true,"data":[]}
*************** response log end ***************

[2018-09-11T19:20:16.475] [INFO] resLog - 
*************** response log start ***************
request method: OPTIONS
request originalUrl:  /report/groupCurrentWeekReport/get?id=38
request client ip:  ::ffff:192.168.212.29
request body: 
{}
response time: 0
response status: 204
response body: 
undefined
*************** response log end ***************

[2018-09-11T19:20:16.486] [INFO] resLog - 
*************** response log start ***************
request method: POST
request originalUrl:  /report/groupCurrentWeekReport/get?id=38
request client ip:  ::ffff:192.168.212.29
request body: 
{}
response time: 2
response status: 200
response body: 
{"status":true,"data":[]}
*************** response log end ***************

[2018-09-11T19:20:37.027] [INFO] resLog - 
*************** response log start ***************
request method: OPTIONS
request originalUrl:  /report/groupCurrentWeekReport/get?id=38
request client ip:  ::ffff:192.168.212.29
request body: 
{}
response time: 0
response status: 204
response body: 
undefined
*************** response log end ***************

[2018-09-11T19:20:37.036] [INFO] resLog - 
*************** response log start ***************
request method: POST
request originalUrl:  /report/groupCurrentWeekReport/get?id=38
request client ip:  ::ffff:192.168.212.29
request body: 
{}
response time: 3
response status: 200
response body: 
{"status":true,"data":[]}
*************** response log end ***************

[2018-09-11T19:20:57.064] [INFO] resLog - 
*************** response log start ***************
request method: OPTIONS
request originalUrl:  /report/groupCurrentWeekReport/get?id=38
request client ip:  ::ffff:192.168.212.29
request body: 
{}
response time: 0
response status: 204
response body: 
undefined
*************** response log end ***************

[2018-09-11T19:20:57.073] [INFO] resLog - 
*************** response log start ***************
request method: POST
request originalUrl:  /report/groupCurrentWeekReport/get?id=38
request client ip:  ::ffff:192.168.212.29
request body: 
{}
response time: 2
response status: 200
response body: 
{"status":true,"data":[]}
*************** response log end ***************

[2018-09-11T19:21:17.078] [INFO] resLog - 
*************** response log start ***************
request method: OPTIONS
request originalUrl:  /report/groupCurrentWeekReport/get?id=38
request client ip:  ::ffff:192.168.212.29
request body: 
{}
response time: 0
response status: 204
response body: 
undefined
*************** response log end ***************

[2018-09-11T19:21:17.084] [INFO] resLog - 
*************** response log start ***************
request method: POST
request originalUrl:  /report/groupCurrentWeekReport/get?id=38
request client ip:  ::ffff:192.168.212.29
request body: 
{}
response time: 2
response status: 200
response body: 
{"status":true,"data":[]}
*************** response log end ***************

[2018-09-11T19:21:37.076] [INFO] resLog - 
*************** response log start ***************
request method: OPTIONS
request originalUrl:  /report/groupCurrentWeekReport/get?id=38
request client ip:  ::ffff:192.168.212.29
request body: 
{}
response time: 0
response status: 204
response body: 
undefined
*************** response log end ***************

[2018-09-11T19:21:37.087] [INFO] resLog - 
*************** response log start ***************
request method: POST
request originalUrl:  /report/groupCurrentWeekReport/get?id=38
request client ip:  ::ffff:192.168.212.29
request body: 
{}
response time: 2
response status: 200
response body: 
{"status":true,"data":[]}
*************** response log end ***************

[2018-09-11T19:21:56.998] [INFO] resLog - 
*************** response log start ***************
request method: OPTIONS
request originalUrl:  /report/groupCurrentWeekReport/get?id=38
request client ip:  ::ffff:192.168.212.29
request body: 
{}
response time: 0
response status: 204
response body: 
undefined
*************** response log end ***************

[2018-09-11T19:21:57.012] [INFO] resLog - 
*************** response log start ***************
request method: POST
request originalUrl:  /report/groupCurrentWeekReport/get?id=38
request client ip:  ::ffff:192.168.212.29
request body: 
{}
response time: 3
response status: 200
response body: 
{"status":true,"data":[]}
*************** response log end ***************

[2018-09-11T19:22:17.065] [INFO] resLog - 
*************** response log start ***************
request method: OPTIONS
request originalUrl:  /report/groupCurrentWeekReport/get?id=38
request client ip:  ::ffff:192.168.212.29
request body: 
{}
response time: 0
response status: 204
response body: 
undefined
*************** response log end ***************

[2018-09-11T19:22:17.075] [INFO] resLog - 
*************** response log start ***************
request method: POST
request originalUrl:  /report/groupCurrentWeekReport/get?id=38
request client ip:  ::ffff:192.168.212.29
request body: 
{}
response time: 3
response status: 200
response body: 
{"status":true,"data":[]}
*************** response log end ***************

[2018-09-11T19:22:37.070] [INFO] resLog - 
*************** response log start ***************
request method: OPTIONS
request originalUrl:  /report/groupCurrentWeekReport/get?id=38
request client ip:  ::ffff:192.168.212.29
request body: 
{}
response time: 0
response status: 204
response body: 
undefined
*************** response log end ***************

[2018-09-11T19:22:37.081] [INFO] resLog - 
*************** response log start ***************
request method: POST
request originalUrl:  /report/groupCurrentWeekReport/get?id=38
request client ip:  ::ffff:192.168.212.29
request body: 
{}
response time: 1
response status: 200
response body: 
{"status":true,"data":[]}
*************** response log end ***************

[2018-09-11T19:22:46.303] [INFO] resLog - 
*************** response log start ***************
request method: OPTIONS
request originalUrl:  /report/currentWeekReport/get?id=38
request client ip:  ::ffff:192.168.212.29
request body: 
{}
response time: 0
response status: 204
response body: 
undefined
*************** response log end ***************

[2018-09-11T19:22:46.309] [INFO] resLog - 
*************** response log start ***************
request method: GET
request originalUrl:  /report/currentWeekReport/get?id=38
request client ip:  ::ffff:192.168.212.29
request query:  {"id":"38"}
response time: 1
response status: 200
response body: 
{"status":true,"data":[]}
*************** response log end ***************

[2018-09-11T19:22:57.097] [INFO] resLog - 
*************** response log start ***************
request method: OPTIONS
request originalUrl:  /report/groupCurrentWeekReport/get?id=38
request client ip:  ::ffff:192.168.212.29
request body: 
{}
response time: 0
response status: 204
response body: 
undefined
*************** response log end ***************

[2018-09-11T19:22:57.106] [INFO] resLog - 
*************** response log start ***************
request method: POST
request originalUrl:  /report/groupCurrentWeekReport/get?id=38
request client ip:  ::ffff:192.168.212.29
request body: 
{}
response time: 1
response status: 200
response body: 
{"status":true,"data":[]}
*************** response log end ***************

[2018-09-11T19:23:17.082] [INFO] resLog - 
*************** response log start ***************
request method: OPTIONS
request originalUrl:  /report/groupCurrentWeekReport/get?id=38
request client ip:  ::ffff:192.168.212.29
request body: 
{}
response time: 0
response status: 204
response body: 
undefined
*************** response log end ***************

[2018-09-11T19:23:17.089] [INFO] resLog - 
*************** response log start ***************
request method: POST
request originalUrl:  /report/groupCurrentWeekReport/get?id=38
request client ip:  ::ffff:192.168.212.29
request body: 
{}
response time: 2
response status: 200
response body: 
{"status":true,"data":[]}
*************** response log end ***************

[2018-09-11T19:23:37.069] [INFO] resLog - 
*************** response log start ***************
request method: OPTIONS
request originalUrl:  /report/groupCurrentWeekReport/get?id=38
request client ip:  ::ffff:192.168.212.29
request body: 
{}
response time: 0
response status: 204
response body: 
undefined
*************** response log end ***************

[2018-09-11T19:23:37.079] [INFO] resLog - 
*************** response log start ***************
request method: POST
request originalUrl:  /report/groupCurrentWeekReport/get?id=38
request client ip:  ::ffff:192.168.212.29
request body: 
{}
response time: 2
response status: 200
response body: 
{"status":true,"data":[]}
*************** response log end ***************

[2018-09-11T19:23:56.928] [INFO] resLog - 
*************** response log start ***************
request method: OPTIONS
request originalUrl:  /report/groupCurrentWeekReport/get?id=38
request client ip:  ::ffff:192.168.212.29
request body: 
{}
response time: 0
response status: 204
response body: 
undefined
*************** response log end ***************

[2018-09-11T19:23:56.944] [INFO] resLog - 
*************** response log start ***************
request method: POST
request originalUrl:  /report/groupCurrentWeekReport/get?id=38
request client ip:  ::ffff:192.168.212.29
request body: 
{}
response time: 2
response status: 200
response body: 
{"status":true,"data":[]}
*************** response log end ***************

[2018-09-11T19:24:17.131] [INFO] resLog - 
*************** response log start ***************
request method: OPTIONS
request originalUrl:  /report/groupCurrentWeekReport/get?id=38
request client ip:  ::ffff:192.168.212.29
request body: 
{}
response time: 0
response status: 204
response body: 
undefined
*************** response log end ***************

[2018-09-11T19:24:17.139] [INFO] resLog - 
*************** response log start ***************
request method: POST
request originalUrl:  /report/groupCurrentWeekReport/get?id=38
request client ip:  ::ffff:192.168.212.29
request body: 
{}
response time: 2
response status: 200
response body: 
{"status":true,"data":[]}
*************** response log end ***************

[2018-09-11T19:24:37.080] [INFO] resLog - 
*************** response log start ***************
request method: OPTIONS
request originalUrl:  /report/groupCurrentWeekReport/get?id=38
request client ip:  ::ffff:192.168.212.29
request body: 
{}
response time: 0
response status: 204
response body: 
undefined
*************** response log end ***************

[2018-09-11T19:24:37.088] [INFO] resLog - 
*************** response log start ***************
request method: POST
request originalUrl:  /report/groupCurrentWeekReport/get?id=38
request client ip:  ::ffff:192.168.212.29
request body: 
{}
response time: 2
response status: 200
response body: 
{"status":true,"data":[]}
*************** response log end ***************

[2018-09-11T19:24:57.089] [INFO] resLog - 
*************** response log start ***************
request method: OPTIONS
request originalUrl:  /report/groupCurrentWeekReport/get?id=38
request client ip:  ::ffff:192.168.212.29
request body: 
{}
response time: 0
response status: 204
response body: 
undefined
*************** response log end ***************

[2018-09-11T19:24:57.098] [INFO] resLog - 
*************** response log start ***************
request method: POST
request originalUrl:  /report/groupCurrentWeekReport/get?id=38
request client ip:  ::ffff:192.168.212.29
request body: 
{}
response time: 1
response status: 200
response body: 
{"status":true,"data":[]}
*************** response log end ***************

[2018-09-11T19:25:16.962] [INFO] resLog - 
*************** response log start ***************
request method: OPTIONS
request originalUrl:  /report/groupCurrentWeekReport/get?id=38
request client ip:  ::ffff:192.168.212.29
request body: 
{}
response time: 0
response status: 204
response body: 
undefined
*************** response log end ***************

[2018-09-11T19:25:16.970] [INFO] resLog - 
*************** response log start ***************
request method: POST
request originalUrl:  /report/groupCurrentWeekReport/get?id=38
request client ip:  ::ffff:192.168.212.29
request body: 
{}
response time: 2
response status: 200
response body: 
{"status":true,"data":[]}
*************** response log end ***************

[2018-09-11T19:25:36.931] [INFO] resLog - 
*************** response log start ***************
request method: OPTIONS
request originalUrl:  /report/groupCurrentWeekReport/get?id=38
request client ip:  ::ffff:192.168.212.29
request body: 
{}
response time: 0
response status: 204
response body: 
undefined
*************** response log end ***************

[2018-09-11T19:25:36.940] [INFO] resLog - 
*************** response log start ***************
request method: POST
request originalUrl:  /report/groupCurrentWeekReport/get?id=38
request client ip:  ::ffff:192.168.212.29
request body: 
{}
response time: 2
response status: 200
response body: 
{"status":true,"data":[]}
*************** response log end ***************

[2018-09-11T19:25:57.075] [INFO] resLog - 
*************** response log start ***************
request method: OPTIONS
request originalUrl:  /report/groupCurrentWeekReport/get?id=38
request client ip:  ::ffff:192.168.212.29
request body: 
{}
response time: 0
response status: 204
response body: 
undefined
*************** response log end ***************

[2018-09-11T19:25:57.083] [INFO] resLog - 
*************** response log start ***************
request method: POST
request originalUrl:  /report/groupCurrentWeekReport/get?id=38
request client ip:  ::ffff:192.168.212.29
request body: 
{}
response time: 2
response status: 200
response body: 
{"status":true,"data":[]}
*************** response log end ***************

[2018-09-11T19:26:17.078] [INFO] resLog - 
*************** response log start ***************
request method: OPTIONS
request originalUrl:  /report/groupCurrentWeekReport/get?id=38
request client ip:  ::ffff:192.168.212.29
request body: 
{}
response time: 0
response status: 204
response body: 
undefined
*************** response log end ***************

[2018-09-11T19:26:17.085] [INFO] resLog - 
*************** response log start ***************
request method: POST
request originalUrl:  /report/groupCurrentWeekReport/get?id=38
request client ip:  ::ffff:192.168.212.29
request body: 
{}
response time: 1
response status: 200
response body: 
{"status":true,"data":[]}
*************** response log end ***************

[2018-09-11T19:26:37.075] [INFO] resLog - 
*************** response log start ***************
request method: OPTIONS
request originalUrl:  /report/groupCurrentWeekReport/get?id=38
request client ip:  ::ffff:192.168.212.29
request body: 
{}
response time: 0
response status: 204
response body: 
undefined
*************** response log end ***************

[2018-09-11T19:26:37.082] [INFO] resLog - 
*************** response log start ***************
request method: POST
request originalUrl:  /report/groupCurrentWeekReport/get?id=38
request client ip:  ::ffff:192.168.212.29
request body: 
{}
response time: 1
response status: 200
response body: 
{"status":true,"data":[]}
*************** response log end ***************

[2018-09-11T19:26:57.075] [INFO] resLog - 
*************** response log start ***************
request method: OPTIONS
request originalUrl:  /report/groupCurrentWeekReport/get?id=38
request client ip:  ::ffff:192.168.212.29
request body: 
{}
response time: 1
response status: 204
response body: 
undefined
*************** response log end ***************

[2018-09-11T19:26:57.083] [INFO] resLog - 
*************** response log start ***************
request method: POST
request originalUrl:  /report/groupCurrentWeekReport/get?id=38
request client ip:  ::ffff:192.168.212.29
request body: 
{}
response time: 2
response status: 200
response body: 
{"status":true,"data":[]}
*************** response log end ***************

[2018-09-11T19:27:17.071] [INFO] resLog - 
*************** response log start ***************
request method: OPTIONS
request originalUrl:  /report/groupCurrentWeekReport/get?id=38
request client ip:  ::ffff:192.168.212.29
request body: 
{}
response time: 0
response status: 204
response body: 
undefined
*************** response log end ***************

[2018-09-11T19:27:17.079] [INFO] resLog - 
*************** response log start ***************
request method: POST
request originalUrl:  /report/groupCurrentWeekReport/get?id=38
request client ip:  ::ffff:192.168.212.29
request body: 
{}
response time: 2
response status: 200
response body: 
{"status":true,"data":[]}
*************** response log end ***************

[2018-09-11T19:27:37.084] [INFO] resLog - 
*************** response log start ***************
request method: OPTIONS
request originalUrl:  /report/groupCurrentWeekReport/get?id=38
request client ip:  ::ffff:192.168.212.29
request body: 
{}
response time: 1
response status: 204
response body: 
undefined
*************** response log end ***************

[2018-09-11T19:27:37.092] [INFO] resLog - 
*************** response log start ***************
request method: POST
request originalUrl:  /report/groupCurrentWeekReport/get?id=38
request client ip:  ::ffff:192.168.212.29
request body: 
{}
response time: 2
response status: 200
response body: 
{"status":true,"data":[]}
*************** response log end ***************

[2018-09-11T19:27:57.072] [INFO] resLog - 
*************** response log start ***************
request method: OPTIONS
request originalUrl:  /report/groupCurrentWeekReport/get?id=38
request client ip:  ::ffff:192.168.212.29
request body: 
{}
response time: 1
response status: 204
response body: 
undefined
*************** response log end ***************

[2018-09-11T19:27:57.080] [INFO] resLog - 
*************** response log start ***************
request method: POST
request originalUrl:  /report/groupCurrentWeekReport/get?id=38
request client ip:  ::ffff:192.168.212.29
request body: 
{}
response time: 2
response status: 200
response body: 
{"status":true,"data":[]}
*************** response log end ***************

[2018-09-11T19:28:16.933] [INFO] resLog - 
*************** response log start ***************
request method: OPTIONS
request originalUrl:  /report/groupCurrentWeekReport/get?id=38
request client ip:  ::ffff:192.168.212.29
request body: 
{}
response time: 0
response status: 204
response body: 
undefined
*************** response log end ***************

[2018-09-11T19:28:16.941] [INFO] resLog - 
*************** response log start ***************
request method: POST
request originalUrl:  /report/groupCurrentWeekReport/get?id=38
request client ip:  ::ffff:192.168.212.29
request body: 
{}
response time: 2
response status: 200
response body: 
{"status":true,"data":[]}
*************** response log end ***************

[2018-09-11T19:28:37.084] [INFO] resLog - 
*************** response log start ***************
request method: OPTIONS
request originalUrl:  /report/groupCurrentWeekReport/get?id=38
request client ip:  ::ffff:192.168.212.29
request body: 
{}
response time: 0
response status: 204
response body: 
undefined
*************** response log end ***************

[2018-09-11T19:28:37.094] [INFO] resLog - 
*************** response log start ***************
request method: POST
request originalUrl:  /report/groupCurrentWeekReport/get?id=38
request client ip:  ::ffff:192.168.212.29
request body: 
{}
response time: 3
response status: 200
response body: 
{"status":true,"data":[]}
*************** response log end ***************

[2018-09-11T19:28:56.934] [INFO] resLog - 
*************** response log start ***************
request method: OPTIONS
request originalUrl:  /report/groupCurrentWeekReport/get?id=38
request client ip:  ::ffff:192.168.212.29
request body: 
{}
response time: 0
response status: 204
response body: 
undefined
*************** response log end ***************

[2018-09-11T19:28:56.943] [INFO] resLog - 
*************** response log start ***************
request method: POST
request originalUrl:  /report/groupCurrentWeekReport/get?id=38
request client ip:  ::ffff:192.168.212.29
request body: 
{}
response time: 2
response status: 200
response body: 
{"status":true,"data":[]}
*************** response log end ***************

[2018-09-11T19:29:17.079] [INFO] resLog - 
*************** response log start ***************
request method: OPTIONS
request originalUrl:  /report/groupCurrentWeekReport/get?id=38
request client ip:  ::ffff:192.168.212.29
request body: 
{}
response time: 0
response status: 204
response body: 
undefined
*************** response log end ***************

[2018-09-11T19:29:17.086] [INFO] resLog - 
*************** response log start ***************
request method: POST
request originalUrl:  /report/groupCurrentWeekReport/get?id=38
request client ip:  ::ffff:192.168.212.29
request body: 
{}
response time: 1
response status: 200
response body: 
{"status":true,"data":[]}
*************** response log end ***************

[2018-09-11T19:29:36.934] [INFO] resLog - 
*************** response log start ***************
request method: OPTIONS
request originalUrl:  /report/groupCurrentWeekReport/get?id=38
request client ip:  ::ffff:192.168.212.29
request body: 
{}
response time: 1
response status: 204
response body: 
undefined
*************** response log end ***************

[2018-09-11T19:29:36.941] [INFO] resLog - 
*************** response log start ***************
request method: POST
request originalUrl:  /report/groupCurrentWeekReport/get?id=38
request client ip:  ::ffff:192.168.212.29
request body: 
{}
response time: 2
response status: 200
response body: 
{"status":true,"data":[]}
*************** response log end ***************

[2018-09-11T19:29:56.483] [INFO] resLog - 
*************** response log start ***************
request method: OPTIONS
request originalUrl:  /report/groupCurrentWeekReport/get?id=38
request client ip:  ::ffff:192.168.212.29
request body: 
{}
response time: 0
response status: 204
response body: 
undefined
*************** response log end ***************

[2018-09-11T19:29:56.490] [INFO] resLog - 
*************** response log start ***************
request method: POST
request originalUrl:  /report/groupCurrentWeekReport/get?id=38
request client ip:  ::ffff:192.168.212.29
request body: 
{}
response time: 1
response status: 200
response body: 
{"status":true,"data":[]}
*************** response log end ***************

[2018-09-11T19:30:16.478] [INFO] resLog - 
*************** response log start ***************
request method: OPTIONS
request originalUrl:  /report/groupCurrentWeekReport/get?id=38
request client ip:  ::ffff:192.168.212.29
request body: 
{}
response time: 0
response status: 204
response body: 
undefined
*************** response log end ***************

[2018-09-11T19:30:16.486] [INFO] resLog - 
*************** response log start ***************
request method: POST
request originalUrl:  /report/groupCurrentWeekReport/get?id=38
request client ip:  ::ffff:192.168.212.29
request body: 
{}
response time: 2
response status: 200
response body: 
{"status":true,"data":[]}
*************** response log end ***************

[2018-09-11T19:30:36.491] [INFO] resLog - 
*************** response log start ***************
request method: OPTIONS
request originalUrl:  /report/groupCurrentWeekReport/get?id=38
request client ip:  ::ffff:192.168.212.29
request body: 
{}
response time: 3
response status: 204
response body: 
undefined
*************** response log end ***************

[2018-09-11T19:30:36.508] [INFO] resLog - 
*************** response log start ***************
request method: POST
request originalUrl:  /report/groupCurrentWeekReport/get?id=38
request client ip:  ::ffff:192.168.212.29
request body: 
{}
response time: 4
response status: 200
response body: 
{"status":true,"data":[]}
*************** response log end ***************

[2018-09-11T19:35:14.482] [INFO] resLog - 
*************** response log start ***************
request method: OPTIONS
request originalUrl:  /report/currentWeekReport/get
request client ip:  ::ffff:192.168.212.29
request body: 
{}
response time: 0
response status: 204
response body: 
undefined
*************** response log end ***************

[2018-09-11T19:35:14.514] [INFO] resLog - 
*************** response log start ***************
request method: GET
request originalUrl:  /report/currentWeekReport/get
request client ip:  ::ffff:192.168.212.29
request query:  {}
response time: 3
response status: 200
response body: 
{"status":true,"data":[]}
*************** response log end ***************

[2018-09-11T19:35:16.193] [INFO] resLog - 
*************** response log start ***************
request method: OPTIONS
request originalUrl:  /report/groupCurrentWeekReport/get
request client ip:  ::ffff:192.168.212.29
request body: 
{}
response time: 0
response status: 204
response body: 
undefined
*************** response log end ***************

[2018-09-11T19:35:16.195] [INFO] resLog - 
*************** response log start ***************
request method: OPTIONS
request originalUrl:  /group/groupManage/getGroupMember?id=38
request client ip:  ::ffff:192.168.212.29
request body: 
{}
response time: 0
response status: 204
response body: 
undefined
*************** response log end ***************

[2018-09-11T19:35:16.196] [INFO] resLog - 
*************** response log start ***************
request method: OPTIONS
request originalUrl:  /user/getSendMailUser?id=38
request client ip:  ::ffff:192.168.212.29
request body: 
{}
response time: 0
response status: 204
response body: 
undefined
*************** response log end ***************

[2018-09-11T19:35:16.209] [INFO] resLog - 
*************** response log start ***************
request method: POST
request originalUrl:  /report/groupCurrentWeekReport/get
request client ip:  ::ffff:192.168.212.29
request body: 
{}
response time: 4
response status: 200
response body: 
{"status":true,"data":[]}
*************** response log end ***************

[2018-09-11T19:35:16.215] [INFO] resLog - 
*************** response log start ***************
request method: GET
request originalUrl:  /group/groupManage/getGroupMember?id=38
request client ip:  ::ffff:192.168.212.29
request query:  {"id":"38"}
response time: 5
response status: 200
response body: 
{"status":true,"data":[{"email":"123","name":"caolx","sex":"male","remark":"","groupId":38,"role":"user","level":0,"collector":"0"},{"email":"tom@suninfo.com","name":"张悦","sex":"female","remark":null,"groupId":38,"role":"user","level":0,"collector":"0"}]}
*************** response log end ***************

[2018-09-11T19:35:16.220] [INFO] resLog - 
*************** response log start ***************
request method: GET
request originalUrl:  /user/getSendMailUser?id=38
request client ip:  ::ffff:192.168.212.29
request query:  {"id":"38"}
response time: 10
response status: 200
response body: 
{"status":true,"data":[{"id":1,"email":"you11098@163.com","name":"游武刚"},{"id":2,"email":"1255828611@qq.com","name":"游武刚QQ"},{"id":3,"email":"dgunzi@tom.com","name":"dgunzi"}]}
*************** response log end ***************

[2018-09-11T19:35:17.914] [INFO] resLog - 
*************** response log start ***************
request method: OPTIONS
request originalUrl:  /report/myReport/get?id=38
request client ip:  ::ffff:192.168.212.29
request body: 
{}
response time: 0
response status: 204
response body: 
undefined
*************** response log end ***************

[2018-09-11T19:35:17.926] [INFO] resLog - 
*************** response log start ***************
request method: POST
request originalUrl:  /report/myReport/get?id=38
request client ip:  ::ffff:192.168.212.29
request body: 
{}
response time: 2
response status: 200
response body: 
{"status":true,"data":[{"id":5,"title":"未命名周报","summary":"1.我的周报测试\n2.水淀粉即可了解","plan":"1.测试\n2.吸新鲜深度开发及卡拉斯京会计课","createTime":"2018-08-31T06:36:16.000Z","lastUpdateTime":"2018-08-31T06:36:16.000Z","week":"2018-08-26T16:00:00.000Z","status":"public","email":"tom@suninfo.com","groupId":38}]}
*************** response log end ***************

[2018-09-11T19:35:20.076] [INFO] resLog - 
*************** response log start ***************
request method: OPTIONS
request originalUrl:  /report/groupHistoryWeekReport/get?id=38
request client ip:  ::ffff:192.168.212.29
request body: 
{}
response time: 0
response status: 204
response body: 
undefined
*************** response log end ***************

[2018-09-11T19:35:20.079] [INFO] resLog - 
*************** response log start ***************
request method: GET
request originalUrl:  /group/groupManage/getGroupMember?id=38
request client ip:  ::ffff:192.168.212.29
request query:  {"id":"38"}
response time: 2
response status: 200
response body: 
{"status":true,"data":[{"email":"123","name":"caolx","sex":"male","remark":"","groupId":38,"role":"user","level":0,"collector":"0"},{"email":"tom@suninfo.com","name":"张悦","sex":"female","remark":null,"groupId":38,"role":"user","level":0,"collector":"0"}]}
*************** response log end ***************

[2018-09-11T19:35:20.090] [INFO] resLog - 
*************** response log start ***************
request method: POST
request originalUrl:  /report/groupHistoryWeekReport/get?id=38
request client ip:  ::ffff:192.168.212.29
request body: 
{}
response time: 1
response status: 200
response body: 
{"status":true,"data":[{"id":5,"title":"未命名周报","summary":"1.我的周报测试\n2.水淀粉即可了解","plan":"1.测试\n2.吸新鲜深度开发及卡拉斯京会计课","createTime":"2018-08-31T06:36:16.000Z","lastUpdateTime":"2018-08-31T06:36:16.000Z","week":"2018-08-26T16:00:00.000Z","status":"public","email":"tom@suninfo.com","groupId":38,"name":"张悦","sex":"female","remark":null,"password":"123456","role":"user","level":0,"collector":"0"}]}
*************** response log end ***************

[2018-09-11T19:35:21.575] [INFO] resLog - 
*************** response log start ***************
request method: OPTIONS
request originalUrl:  /journal/currentWeekJournal/getAll?id=38
request client ip:  ::ffff:192.168.212.29
request body: 
{}
response time: 0
response status: 204
response body: 
undefined
*************** response log end ***************

[2018-09-11T19:35:21.589] [INFO] resLog - 
*************** response log start ***************
request method: GET
request originalUrl:  /journal/currentWeekJournal/getAll?id=38
request client ip:  ::ffff:192.168.212.29
request query:  {"id":"38"}
response time: 5
response status: 200
response body: 
{"status":true,"data":[]}
*************** response log end ***************

[2018-09-11T19:35:31.533] [INFO] resLog - 
*************** response log start ***************
request method: OPTIONS
request originalUrl:  /report/currentWeekReport/get
request client ip:  ::ffff:192.168.212.29
request body: 
{}
response time: 0
response status: 204
response body: 
undefined
*************** response log end ***************

[2018-09-11T19:35:31.539] [INFO] resLog - 
*************** response log start ***************
request method: OPTIONS
request originalUrl:  /journal/currentWeekJournal/getAll
request client ip:  ::ffff:192.168.212.29
request body: 
{}
response time: 0
response status: 204
response body: 
undefined
*************** response log end ***************

[2018-09-11T19:35:31.676] [INFO] resLog - 
*************** response log start ***************
request method: GET
request originalUrl:  /report/currentWeekReport/get
request client ip:  ::ffff:192.168.212.29
request query:  {}
response time: 3
response status: 200
response body: 
{"status":true,"data":[]}
*************** response log end ***************

[2018-09-11T19:35:31.677] [INFO] resLog - 
*************** response log start ***************
request method: GET
request originalUrl:  /journal/currentWeekJournal/getAll
request client ip:  ::ffff:192.168.212.29
request query:  {}
response time: 3
response status: 200
response body: 
{"status":true,"data":[]}
*************** response log end ***************

[2018-09-11T19:35:35.294] [INFO] resLog - 
*************** response log start ***************
request method: GET
request originalUrl:  /report/currentWeekReport/get
request client ip:  ::ffff:192.168.212.29
request query:  {}
response time: 1
response status: 200
response body: 
{"status":true,"data":[]}
*************** response log end ***************

[2018-09-11T19:35:35.300] [INFO] resLog - 
*************** response log start ***************
request method: GET
request originalUrl:  /journal/currentWeekJournal/getAll
request client ip:  ::ffff:192.168.212.29
request query:  {}
response time: 1
response status: 200
response body: 
{"status":true,"data":[]}
*************** response log end ***************

[2018-09-11T19:35:38.727] [INFO] resLog - 
*************** response log start ***************
request method: OPTIONS
request originalUrl:  /user/logOut
request client ip:  ::ffff:192.168.212.29
request body: 
{}
response time: 0
response status: 204
response body: 
undefined
*************** response log end ***************

[2018-09-11T19:35:38.741] [INFO] resLog - 
*************** response log start ***************
request method: GET
request originalUrl:  /user/logOut
request client ip:  ::ffff:192.168.212.29
request query:  {}
response time: 3
response status: 200
response body: 
{"status":true,"data":"系统已退出！"}
*************** response log end ***************

[2018-09-11T19:35:40.174] [INFO] resLog - 
*************** response log start ***************
request method: OPTIONS
request originalUrl:  /user/login
request client ip:  ::ffff:192.168.212.29
request body: 
{}
response time: 0
response status: 204
response body: 
undefined
*************** response log end ***************

[2018-09-11T19:35:40.182] [INFO] resLog - 
*************** response log start ***************
request method: POST
request originalUrl:  /user/login
request client ip:  ::ffff:192.168.212.29
request body: 
{"email":"tom@suninfo.com","password":"123456"}
response time: 3
response status: 200
response body: 
{"status":true,"data":{"email":"tom@suninfo.com","name":"张悦","sex":"female","remark":null,"groupId":38,"role":"user","level":0,"collector":2}}
*************** response log end ***************

[2018-09-11T19:35:40.227] [INFO] resLog - 
*************** response log start ***************
request method: OPTIONS
request originalUrl:  /report/currentWeekReport/get
request client ip:  ::ffff:192.168.212.29
request body: 
{}
response time: 0
response status: 204
response body: 
undefined
*************** response log end ***************

[2018-09-11T19:35:40.239] [INFO] resLog - 
*************** response log start ***************
request method: GET
request originalUrl:  /report/currentWeekReport/get
request client ip:  ::ffff:192.168.212.29
request query:  {}
response time: 1
response status: 200
response body: 
{"status":true,"data":[]}
*************** response log end ***************

[2018-09-11T19:52:26.780] [INFO] resLog - 
*************** response log start ***************
request method: OPTIONS
request originalUrl:  /report/currentWeekReport/get
request client ip:  ::ffff:192.168.212.29
request body: 
{}
response time: 0
response status: 204
response body: 
undefined
*************** response log end ***************

[2018-09-11T19:52:26.806] [INFO] resLog - 
*************** response log start ***************
request method: GET
request originalUrl:  /report/currentWeekReport/get
request client ip:  ::ffff:192.168.212.29
request query:  {}
response time: 2
response status: 200
response body: 
{"status":true,"data":[]}
*************** response log end ***************

[2018-09-11T19:53:41.393] [INFO] resLog - 
*************** response log start ***************
request method: OPTIONS
request originalUrl:  /report/currentWeekReport/get
request client ip:  ::ffff:192.168.212.29
request body: 
{}
response time: 0
response status: 204
response body: 
undefined
*************** response log end ***************

[2018-09-11T19:53:41.417] [INFO] resLog - 
*************** response log start ***************
request method: GET
request originalUrl:  /report/currentWeekReport/get
request client ip:  ::ffff:192.168.212.29
request query:  {}
response time: 2
response status: 200
response body: 
{"status":true,"data":[]}
*************** response log end ***************

[2018-09-11T19:56:41.969] [INFO] resLog - 
*************** response log start ***************
request method: OPTIONS
request originalUrl:  /report/currentWeekReport/get
request client ip:  ::ffff:192.168.212.29
request body: 
{}
response time: 1
response status: 204
response body: 
undefined
*************** response log end ***************

[2018-09-11T19:56:42.008] [INFO] resLog - 
*************** response log start ***************
request method: GET
request originalUrl:  /report/currentWeekReport/get
request client ip:  ::ffff:192.168.212.29
request query:  {}
response time: 2
response status: 200
response body: 
{"status":true,"data":[]}
*************** response log end ***************

[2018-09-11T19:57:07.392] [INFO] resLog - 
*************** response log start ***************
request method: OPTIONS
request originalUrl:  /report/currentWeekReport/get
request client ip:  ::ffff:192.168.212.29
request body: 
{}
response time: 0
response status: 204
response body: 
undefined
*************** response log end ***************

[2018-09-11T19:57:07.428] [INFO] resLog - 
*************** response log start ***************
request method: GET
request originalUrl:  /report/currentWeekReport/get
request client ip:  ::ffff:192.168.212.29
request query:  {}
response time: 2
response status: 200
response body: 
{"status":true,"data":[]}
*************** response log end ***************

[2018-09-11T19:57:22.449] [INFO] resLog - 
*************** response log start ***************
request method: OPTIONS
request originalUrl:  /report/currentWeekReport/get
request client ip:  ::ffff:192.168.212.29
request body: 
{}
response time: 1
response status: 204
response body: 
undefined
*************** response log end ***************

[2018-09-11T19:57:22.473] [INFO] resLog - 
*************** response log start ***************
request method: GET
request originalUrl:  /report/currentWeekReport/get
request client ip:  ::ffff:192.168.212.29
request query:  {}
response time: 2
response status: 200
response body: 
{"status":true,"data":[]}
*************** response log end ***************

[2018-09-11T19:57:24.504] [INFO] resLog - 
*************** response log start ***************
request method: GET
request originalUrl:  /report/currentWeekReport/get
request client ip:  ::ffff:192.168.212.29
request query:  {}
response time: 1
response status: 200
response body: 
{"status":true,"data":[]}
*************** response log end ***************

[2018-09-11T19:57:54.007] [INFO] resLog - 
*************** response log start ***************
request method: OPTIONS
request originalUrl:  /report/currentWeekReport/get
request client ip:  ::ffff:192.168.212.29
request body: 
{}
response time: 0
response status: 204
response body: 
undefined
*************** response log end ***************

[2018-09-11T19:57:54.033] [INFO] resLog - 
*************** response log start ***************
request method: GET
request originalUrl:  /report/currentWeekReport/get
request client ip:  ::ffff:192.168.212.29
request query:  {}
response time: 2
response status: 200
response body: 
{"status":true,"data":[]}
*************** response log end ***************

[2018-09-11T19:59:10.040] [INFO] resLog - 
*************** response log start ***************
request method: OPTIONS
request originalUrl:  /report/currentWeekReport/get
request client ip:  ::ffff:192.168.212.29
request body: 
{}
response time: 0
response status: 204
response body: 
undefined
*************** response log end ***************

[2018-09-11T19:59:10.149] [INFO] resLog - 
*************** response log start ***************
request method: GET
request originalUrl:  /report/currentWeekReport/get
request client ip:  ::ffff:192.168.212.29
request query:  {}
response time: 2
response status: 200
response body: 
{"status":true,"data":[]}
*************** response log end ***************

