[2018-10-23T16:01:15.187] [INFO] resLog - 
*************** response log start ***************
request method: OPTIONS
request originalUrl:  /user/logOut?id=37
request client ip:  ::ffff:192.168.212.29
request body: 
{}
response time: 0
response status: 204
response body: 
undefined
*************** response log end ***************

[2018-10-23T16:01:15.208] [INFO] resLog - 
*************** response log start ***************
request method: GET
request originalUrl:  /user/logOut?id=37
request client ip:  ::ffff:192.168.212.29
request query:  {"id":"37"}
response time: 6
response status: 200
response body: 
{"status":true,"data":"系统已退出！"}
*************** response log end ***************

[2018-10-23T16:01:34.774] [INFO] resLog - 
*************** response log start ***************
request method: OPTIONS
request originalUrl:  /user/login
request client ip:  ::ffff:192.168.212.29
request body: 
{}
response time: 0
response status: 204
response body: 
undefined
*************** response log end ***************

[2018-10-23T16:01:34.788] [INFO] resLog - 
*************** response log start ***************
request method: POST
request originalUrl:  /user/login
request client ip:  ::ffff:192.168.212.29
request body: 
{"email":"dingyf@suninfo.com","password":"ding39580726"}
response time: 6
response status: 200
response body: 
{"status":true,"data":{"email":"dingyf@suninfo.com","name":"丁亚飞","sex":"male","remark":"","groupId":37,"role":"user","collector":2,"level":"0"}}
*************** response log end ***************

[2018-10-23T16:01:34.861] [INFO] resLog - 
*************** response log start ***************
request method: OPTIONS
request originalUrl:  /report/currentWeekReport/get
request client ip:  ::ffff:192.168.212.29
request body: 
{}
response time: 0
response status: 204
response body: 
undefined
*************** response log end ***************

[2018-10-23T16:01:34.885] [INFO] resLog - 
*************** response log start ***************
request method: GET
request originalUrl:  /report/currentWeekReport/get
request client ip:  ::ffff:192.168.212.29
request query:  {}
response time: 9
response status: 200
response body: 
{"status":true,"data":[]}
*************** response log end ***************

[2018-10-23T16:01:37.157] [INFO] resLog - 
*************** response log start ***************
request method: OPTIONS
request originalUrl:  /user/getUserInfo
request client ip:  ::ffff:192.168.212.29
request body: 
{}
response time: 0
response status: 204
response body: 
undefined
*************** response log end ***************

[2018-10-23T16:01:37.178] [INFO] resLog - 
*************** response log start ***************
request method: GET
request originalUrl:  /user/getUserInfo
request client ip:  ::ffff:192.168.212.29
request query:  {}
response time: 4
response status: 200
response body: 
{"status":true,"data":[{"email":"dingyf@suninfo.com","name":"丁亚飞","sex":"male","remark":"","groupId":37,"role":"user","collector":2,"level":"0","groupName":"前端"}]}
*************** response log end ***************

