[2018-10-12T20:05:17.551] [INFO] resLog - 
*************** response log start ***************
request method: OPTIONS
request originalUrl:  /group/groupManage/get
request client ip:  ::ffff:192.168.212.29
request body: 
{}
response time: 0
response status: 204
response body: 
undefined
*************** response log end ***************

[2018-10-12T20:05:17.666] [INFO] resLog - 
*************** response log start ***************
request method: GET
request originalUrl:  /group/groupManage/get
request client ip:  ::ffff:192.168.212.29
request query:  {}
response time: 10
response status: 200
response body: 
{"status":true,"data":[{"id":37,"name":"前端","memberNum":9,"remark":"前端","createTime":"2018-09-03T03:10:08.000Z","combine":1},{"id":43,"name":"美工","memberNum":3,"remark":"美工","createTime":"2018-03-23T06:20:19.000Z","combine":"0"},{"id":44,"name":"测试","memberNum":8,"remark":"测试小组","createTime":"2018-04-13T09:09:05.000Z","combine":"0"},{"id":45,"name":"后端","memberNum":14,"remark":"后端","createTime":"2018-09-03T03:10:08.000Z","combine":1}]}
*************** response log end ***************

[2018-10-12T20:05:37.258] [INFO] resLog - 
*************** response log start ***************
request method: OPTIONS
request originalUrl:  /group/groupManage/get
request client ip:  ::ffff:192.168.212.29
request body: 
{}
response time: 1
response status: 204
response body: 
undefined
*************** response log end ***************

[2018-10-12T20:05:37.310] [INFO] resLog - 
*************** response log start ***************
request method: GET
request originalUrl:  /group/groupManage/get
request client ip:  ::ffff:192.168.212.29
request query:  {}
response time: 2
response status: 200
response body: 
{"status":true,"data":[{"id":37,"name":"前端","memberNum":9,"remark":"前端","createTime":"2018-09-03T03:10:08.000Z","combine":1},{"id":43,"name":"美工","memberNum":3,"remark":"美工","createTime":"2018-03-23T06:20:19.000Z","combine":"0"},{"id":44,"name":"测试","memberNum":8,"remark":"测试小组","createTime":"2018-04-13T09:09:05.000Z","combine":"0"},{"id":45,"name":"后端","memberNum":14,"remark":"后端","createTime":"2018-09-03T03:10:08.000Z","combine":1}]}
*************** response log end ***************

[2018-10-12T20:05:43.516] [INFO] resLog - 
*************** response log start ***************
request method: OPTIONS
request originalUrl:  /group/groupManage/add
request client ip:  ::ffff:192.168.212.29
request body: 
{}
response time: 1
response status: 204
response body: 
undefined
*************** response log end ***************

[2018-10-12T20:05:43.539] [INFO] resLog - 
*************** response log start ***************
request method: POST
request originalUrl:  /group/groupManage/add
request client ip:  ::ffff:192.168.212.29
request body: 
{"name":"产品","remark":""}
response time: 1
response status: 200
response body: 
{"status":false,"data":"Not Login"}
*************** response log end ***************

[2018-10-12T20:05:46.993] [INFO] resLog - 
*************** response log start ***************
request method: OPTIONS
request originalUrl:  /user/adminLogin
request client ip:  ::ffff:192.168.212.29
request body: 
{}
response time: 1
response status: 204
response body: 
undefined
*************** response log end ***************

[2018-10-12T20:05:47.003] [INFO] resLog - 
*************** response log start ***************
request method: POST
request originalUrl:  /user/adminLogin
request client ip:  ::ffff:192.168.212.29
request body: 
{"email":"admin","password":"admin"}
response time: 4
response status: 200
response body: 
{"status":true,"data":{"email":"admin","name":"admin","sex":"male","remark":"admin","groupId":1,"role":"admin","collector":"0","level":"0"}}
*************** response log end ***************

[2018-10-12T20:05:47.121] [INFO] resLog - 
*************** response log start ***************
request method: OPTIONS
request originalUrl:  /group/groupManage/get
request client ip:  ::ffff:192.168.212.29
request body: 
{}
response time: 0
response status: 204
response body: 
undefined
*************** response log end ***************

[2018-10-12T20:05:47.143] [INFO] resLog - 
*************** response log start ***************
request method: GET
request originalUrl:  /group/groupManage/get
request client ip:  ::ffff:192.168.212.29
request query:  {}
response time: 6
response status: 200
response body: 
{"status":true,"data":[{"id":37,"name":"前端","memberNum":9,"remark":"前端","createTime":"2018-09-03T03:10:08.000Z","combine":1},{"id":43,"name":"美工","memberNum":3,"remark":"美工","createTime":"2018-03-23T06:20:19.000Z","combine":"0"},{"id":44,"name":"测试","memberNum":8,"remark":"测试小组","createTime":"2018-04-13T09:09:05.000Z","combine":"0"},{"id":45,"name":"后端","memberNum":14,"remark":"后端","createTime":"2018-09-03T03:10:08.000Z","combine":1}]}
*************** response log end ***************

[2018-10-12T20:05:51.709] [INFO] resLog - 
*************** response log start ***************
request method: OPTIONS
request originalUrl:  /group/groupManage/add
request client ip:  ::ffff:192.168.212.29
request body: 
{}
response time: 0
response status: 204
response body: 
undefined
*************** response log end ***************

[2018-10-12T20:05:51.722] [INFO] resLog - 
*************** response log start ***************
request method: POST
request originalUrl:  /group/groupManage/add
request client ip:  ::ffff:192.168.212.29
request body: 
{"name":"产品","remark":""}
response time: 6
response status: 200
response body: 
{"status":true,"data":"新增成功"}
*************** response log end ***************

[2018-10-12T20:05:51.752] [INFO] resLog - 
*************** response log start ***************
request method: GET
request originalUrl:  /group/groupManage/get
request client ip:  ::ffff:192.168.212.29
request query:  {}
response time: 3
response status: 200
response body: 
{"status":true,"data":[{"id":37,"name":"前端","memberNum":9,"remark":"前端","createTime":"2018-09-03T03:10:08.000Z","combine":1},{"id":43,"name":"美工","memberNum":3,"remark":"美工","createTime":"2018-03-23T06:20:19.000Z","combine":"0"},{"id":44,"name":"测试","memberNum":8,"remark":"测试小组","createTime":"2018-04-13T09:09:05.000Z","combine":"0"},{"id":45,"name":"后端","memberNum":14,"remark":"后端","createTime":"2018-09-03T03:10:08.000Z","combine":1},{"id":46,"name":"产品","memberNum":0,"remark":"","createTime":"2018-10-12T12:05:51.000Z","combine":"0"}]}
*************** response log end ***************

[2018-10-12T20:06:06.552] [INFO] resLog - 
*************** response log start ***************
request method: OPTIONS
request originalUrl:  /group/groupManage/delete
request client ip:  ::ffff:192.168.212.29
request body: 
{}
response time: 0
response status: 204
response body: 
undefined
*************** response log end ***************

[2018-10-12T20:06:06.565] [INFO] resLog - 
*************** response log start ***************
request method: POST
request originalUrl:  /group/groupManage/delete
request client ip:  ::ffff:192.168.212.29
request body: 
{"idList":[46]}
response time: 6
response status: 200
response body: 
{"status":true,"data":"删除成功！"}
*************** response log end ***************

[2018-10-12T20:06:06.582] [INFO] resLog - 
*************** response log start ***************
request method: OPTIONS
request originalUrl:  /group/groupManage/get
request client ip:  ::ffff:192.168.212.29
request body: 
{}
response time: 1
response status: 204
response body: 
undefined
*************** response log end ***************

[2018-10-12T20:06:06.596] [INFO] resLog - 
*************** response log start ***************
request method: GET
request originalUrl:  /group/groupManage/get
request client ip:  ::ffff:192.168.212.29
request query:  {}
response time: 3
response status: 200
response body: 
{"status":true,"data":[{"id":37,"name":"前端","memberNum":9,"remark":"前端","createTime":"2018-09-03T03:10:08.000Z","combine":1},{"id":43,"name":"美工","memberNum":3,"remark":"美工","createTime":"2018-03-23T06:20:19.000Z","combine":"0"},{"id":44,"name":"测试","memberNum":8,"remark":"测试小组","createTime":"2018-04-13T09:09:05.000Z","combine":"0"},{"id":45,"name":"后端","memberNum":14,"remark":"后端","createTime":"2018-09-03T03:10:08.000Z","combine":1}]}
*************** response log end ***************

[2018-10-12T20:06:12.654] [INFO] resLog - 
*************** response log start ***************
request method: OPTIONS
request originalUrl:  /group/groupManage/add
request client ip:  ::ffff:192.168.212.29
request body: 
{}
response time: 0
response status: 204
response body: 
undefined
*************** response log end ***************

[2018-10-12T20:06:12.665] [INFO] resLog - 
*************** response log start ***************
request method: POST
request originalUrl:  /group/groupManage/add
request client ip:  ::ffff:192.168.212.29
request body: 
{"name":"产品","remark":""}
response time: 4
response status: 200
response body: 
{"status":true,"data":"新增成功"}
*************** response log end ***************

[2018-10-12T20:06:12.695] [INFO] resLog - 
*************** response log start ***************
request method: OPTIONS
request originalUrl:  /group/groupManage/get
request client ip:  ::ffff:192.168.212.29
request body: 
{}
response time: 1
response status: 204
response body: 
undefined
*************** response log end ***************

[2018-10-12T20:06:12.714] [INFO] resLog - 
*************** response log start ***************
request method: GET
request originalUrl:  /group/groupManage/get
request client ip:  ::ffff:192.168.212.29
request query:  {}
response time: 2
response status: 200
response body: 
{"status":true,"data":[{"id":37,"name":"前端","memberNum":9,"remark":"前端","createTime":"2018-09-03T03:10:08.000Z","combine":1},{"id":43,"name":"美工","memberNum":3,"remark":"美工","createTime":"2018-03-23T06:20:19.000Z","combine":"0"},{"id":44,"name":"测试","memberNum":8,"remark":"测试小组","createTime":"2018-04-13T09:09:05.000Z","combine":"0"},{"id":45,"name":"后端","memberNum":14,"remark":"后端","createTime":"2018-09-03T03:10:08.000Z","combine":1},{"id":47,"name":"产品","memberNum":0,"remark":"","createTime":"2018-10-12T12:06:12.000Z","combine":"0"}]}
*************** response log end ***************

[2018-10-12T20:06:17.289] [INFO] resLog - 
*************** response log start ***************
request method: OPTIONS
request originalUrl:  /group/groupManage/delete
request client ip:  ::ffff:192.168.212.29
request body: 
{}
response time: 0
response status: 204
response body: 
undefined
*************** response log end ***************

[2018-10-12T20:06:17.304] [INFO] resLog - 
*************** response log start ***************
request method: POST
request originalUrl:  /group/groupManage/delete
request client ip:  ::ffff:192.168.212.29
request body: 
{"idList":[47]}
response time: 7
response status: 200
response body: 
{"status":true,"data":"删除成功！"}
*************** response log end ***************

[2018-10-12T20:06:17.323] [INFO] resLog - 
*************** response log start ***************
request method: GET
request originalUrl:  /group/groupManage/get
request client ip:  ::ffff:192.168.212.29
request query:  {}
response time: 5
response status: 200
response body: 
{"status":true,"data":[{"id":37,"name":"前端","memberNum":9,"remark":"前端","createTime":"2018-09-03T03:10:08.000Z","combine":1},{"id":43,"name":"美工","memberNum":3,"remark":"美工","createTime":"2018-03-23T06:20:19.000Z","combine":"0"},{"id":44,"name":"测试","memberNum":8,"remark":"测试小组","createTime":"2018-04-13T09:09:05.000Z","combine":"0"},{"id":45,"name":"后端","memberNum":14,"remark":"后端","createTime":"2018-09-03T03:10:08.000Z","combine":1}]}
*************** response log end ***************

[2018-10-12T20:06:22.021] [INFO] resLog - 
*************** response log start ***************
request method: OPTIONS
request originalUrl:  /group/groupManage/add
request client ip:  ::ffff:192.168.212.29
request body: 
{}
response time: 1
response status: 204
response body: 
undefined
*************** response log end ***************

[2018-10-12T20:06:22.030] [INFO] resLog - 
*************** response log start ***************
request method: POST
request originalUrl:  /group/groupManage/add
request client ip:  ::ffff:192.168.212.29
request body: 
{"name":"产品","remark":"123123"}
response time: 4
response status: 200
response body: 
{"status":true,"data":"新增成功"}
*************** response log end ***************

[2018-10-12T20:06:22.052] [INFO] resLog - 
*************** response log start ***************
request method: OPTIONS
request originalUrl:  /group/groupManage/get
request client ip:  ::ffff:192.168.212.29
request body: 
{}
response time: 0
response status: 204
response body: 
undefined
*************** response log end ***************

[2018-10-12T20:06:22.059] [INFO] resLog - 
*************** response log start ***************
request method: GET
request originalUrl:  /group/groupManage/get
request client ip:  ::ffff:192.168.212.29
request query:  {}
response time: 2
response status: 200
response body: 
{"status":true,"data":[{"id":37,"name":"前端","memberNum":9,"remark":"前端","createTime":"2018-09-03T03:10:08.000Z","combine":1},{"id":43,"name":"美工","memberNum":3,"remark":"美工","createTime":"2018-03-23T06:20:19.000Z","combine":"0"},{"id":44,"name":"测试","memberNum":8,"remark":"测试小组","createTime":"2018-04-13T09:09:05.000Z","combine":"0"},{"id":45,"name":"后端","memberNum":14,"remark":"后端","createTime":"2018-09-03T03:10:08.000Z","combine":1},{"id":48,"name":"产品","memberNum":0,"remark":"123123","createTime":"2018-10-12T12:06:22.000Z","combine":"0"}]}
*************** response log end ***************

[2018-10-12T20:46:19.141] [INFO] resLog - 
*************** response log start ***************
request method: OPTIONS
request originalUrl:  /punchcard/getLevelMember
request client ip:  ::ffff:192.168.212.29
request body: 
{}
response time: 0
response status: 204
response body: 
undefined
*************** response log end ***************

[2018-10-12T20:46:19.142] [INFO] resLog - 
*************** response log start ***************
request method: OPTIONS
request originalUrl:  /punchcard/getLevelMember
request client ip:  ::ffff:192.168.212.29
request body: 
{}
response time: 0
response status: 204
response body: 
undefined
*************** response log end ***************

[2018-10-12T20:46:19.155] [INFO] resLog - 
*************** response log start ***************
request method: POST
request originalUrl:  /punchcard/getLevelMember
request client ip:  ::ffff:192.168.212.29
request body: 
{"id":"1"}
response time: 0
response status: 200
response body: 
{"status":false,"data":"Not Login"}
*************** response log end ***************

[2018-10-12T20:46:19.158] [INFO] resLog - 
*************** response log start ***************
request method: POST
request originalUrl:  /punchcard/getLevelMember
request client ip:  ::ffff:192.168.212.29
request body: 
{"id":"2"}
response time: 1
response status: 200
response body: 
{"status":false,"data":"Not Login"}
*************** response log end ***************

[2018-10-12T20:46:22.776] [INFO] resLog - 
*************** response log start ***************
request method: OPTIONS
request originalUrl:  /user/adminLogin
request client ip:  ::ffff:192.168.212.29
request body: 
{}
response time: 0
response status: 204
response body: 
undefined
*************** response log end ***************

[2018-10-12T20:46:22.783] [INFO] resLog - 
*************** response log start ***************
request method: POST
request originalUrl:  /user/adminLogin
request client ip:  ::ffff:192.168.212.29
request body: 
{"email":"admin","password":"admin"}
response time: 2
response status: 200
response body: 
{"status":true,"data":{"email":"admin","name":"admin","sex":"male","remark":"admin","groupId":1,"role":"admin","collector":"0","level":"0"}}
*************** response log end ***************

[2018-10-12T20:46:22.891] [INFO] resLog - 
*************** response log start ***************
request method: OPTIONS
request originalUrl:  /group/groupManage/get
request client ip:  ::ffff:192.168.212.29
request body: 
{}
response time: 0
response status: 204
response body: 
undefined
*************** response log end ***************

[2018-10-12T20:46:22.908] [INFO] resLog - 
*************** response log start ***************
request method: GET
request originalUrl:  /group/groupManage/get
request client ip:  ::ffff:192.168.212.29
request query:  {}
response time: 2
response status: 200
response body: 
{"status":true,"data":[{"id":37,"name":"前端","memberNum":9,"remark":"前端","createTime":"2018-09-03T03:10:08.000Z","combine":1},{"id":43,"name":"美工","memberNum":3,"remark":"美工","createTime":"2018-03-23T06:20:19.000Z","combine":"0"},{"id":44,"name":"测试","memberNum":8,"remark":"测试小组","createTime":"2018-04-13T09:09:05.000Z","combine":"0"},{"id":45,"name":"后端","memberNum":14,"remark":"后端","createTime":"2018-09-03T03:10:08.000Z","combine":1},{"id":48,"name":"产品","memberNum":0,"remark":"123123","createTime":"2018-10-12T12:06:22.000Z","combine":"0"}]}
*************** response log end ***************

[2018-10-12T20:46:28.350] [INFO] resLog - 
*************** response log start ***************
request method: OPTIONS
request originalUrl:  /group/groupManage/get
request client ip:  ::ffff:192.168.212.29
request body: 
{}
response time: 0
response status: 204
response body: 
undefined
*************** response log end ***************

[2018-10-12T20:46:28.486] [INFO] resLog - 
*************** response log start ***************
request method: GET
request originalUrl:  /group/groupManage/get
request client ip:  ::ffff:192.168.212.29
request query:  {}
response time: 4
response status: 200
response body: 
{"status":true,"data":[{"id":37,"name":"前端","memberNum":9,"remark":"前端","createTime":"2018-09-03T03:10:08.000Z","combine":1},{"id":43,"name":"美工","memberNum":3,"remark":"美工","createTime":"2018-03-23T06:20:19.000Z","combine":"0"},{"id":44,"name":"测试","memberNum":8,"remark":"测试小组","createTime":"2018-04-13T09:09:05.000Z","combine":"0"},{"id":45,"name":"后端","memberNum":14,"remark":"后端","createTime":"2018-09-03T03:10:08.000Z","combine":1},{"id":48,"name":"产品","memberNum":0,"remark":"123123","createTime":"2018-10-12T12:06:22.000Z","combine":"0"}]}
*************** response log end ***************

[2018-10-12T20:46:34.103] [INFO] resLog - 
*************** response log start ***************
request method: OPTIONS
request originalUrl:  /group/groupManage/get
request client ip:  ::ffff:192.168.212.29
request body: 
{}
response time: 0
response status: 204
response body: 
undefined
*************** response log end ***************

[2018-10-12T20:46:34.127] [INFO] resLog - 
*************** response log start ***************
request method: GET
request originalUrl:  /group/groupManage/get
request client ip:  ::ffff:192.168.212.29
request query:  {}
response time: 2
response status: 200
response body: 
{"status":true,"data":[{"id":37,"name":"前端","memberNum":9,"remark":"前端","createTime":"2018-09-03T03:10:08.000Z","combine":1},{"id":43,"name":"美工","memberNum":3,"remark":"美工","createTime":"2018-03-23T06:20:19.000Z","combine":"0"},{"id":44,"name":"测试","memberNum":8,"remark":"测试小组","createTime":"2018-04-13T09:09:05.000Z","combine":"0"},{"id":45,"name":"后端","memberNum":14,"remark":"后端","createTime":"2018-09-03T03:10:08.000Z","combine":1},{"id":48,"name":"产品","memberNum":0,"remark":"产品","createTime":"2018-10-12T12:46:32.000Z","combine":"0"}]}
*************** response log end ***************

[2018-10-12T20:46:36.245] [INFO] resLog - 
*************** response log start ***************
request method: OPTIONS
request originalUrl:  /system/getSysSetting
request client ip:  ::ffff:192.168.212.29
request body: 
{}
response time: 0
response status: 204
response body: 
undefined
*************** response log end ***************

[2018-10-12T20:46:36.256] [INFO] resLog - 
*************** response log start ***************
request method: GET
request originalUrl:  /system/getSysSetting
request client ip:  ::ffff:192.168.212.29
request query:  {}
response time: 3
response status: 200
response body: 
{"status":true,"data":{"emailSuffix":"@suninfo.com;@qq.com;@163.com","sysAnnouncement":"","timeOut":72000}}
*************** response log end ***************

[2018-10-12T20:46:37.787] [INFO] resLog - 
*************** response log start ***************
request method: OPTIONS
request originalUrl:  /user/getSendMailUser
request client ip:  ::ffff:192.168.212.29
request body: 
{}
response time: 0
response status: 204
response body: 
undefined
*************** response log end ***************

[2018-10-12T20:46:37.798] [INFO] resLog - 
*************** response log start ***************
request method: GET
request originalUrl:  /user/getSendMailUser
request client ip:  ::ffff:192.168.212.29
request query:  {}
response time: 1
response status: 200
response body: 
{"status":true,"data":[{"id":3,"email":"you11098@163.com","name":"测试用户"}]}
*************** response log end ***************

[2018-10-12T20:46:39.014] [INFO] resLog - 
*************** response log start ***************
request method: GET
request originalUrl:  /group/groupManage/get
request client ip:  ::ffff:192.168.212.29
request query:  {}
response time: 1
response status: 200
response body: 
{"status":true,"data":[{"id":37,"name":"前端","memberNum":9,"remark":"前端","createTime":"2018-09-03T03:10:08.000Z","combine":1},{"id":43,"name":"美工","memberNum":3,"remark":"美工","createTime":"2018-03-23T06:20:19.000Z","combine":"0"},{"id":44,"name":"测试","memberNum":8,"remark":"测试小组","createTime":"2018-04-13T09:09:05.000Z","combine":"0"},{"id":45,"name":"后端","memberNum":14,"remark":"后端","createTime":"2018-09-03T03:10:08.000Z","combine":1},{"id":48,"name":"产品","memberNum":0,"remark":"产品","createTime":"2018-10-12T12:46:32.000Z","combine":"0"}]}
*************** response log end ***************

[2018-10-12T20:46:43.827] [INFO] resLog - 
*************** response log start ***************
request method: OPTIONS
request originalUrl:  /system/getSysSetting
request client ip:  ::ffff:192.168.212.29
request body: 
{}
response time: 0
response status: 204
response body: 
undefined
*************** response log end ***************

[2018-10-12T20:46:43.841] [INFO] resLog - 
*************** response log start ***************
request method: GET
request originalUrl:  /system/getSysSetting
request client ip:  ::ffff:192.168.212.29
request query:  {}
response time: 2
response status: 200
response body: 
{"status":true,"data":{"emailSuffix":"@suninfo.com;@qq.com;@163.com","sysAnnouncement":"","timeOut":72000}}
*************** response log end ***************

[2018-10-12T20:46:45.448] [INFO] resLog - 
*************** response log start ***************
request method: OPTIONS
request originalUrl:  /user/getSendMailUser
request client ip:  ::ffff:192.168.212.29
request body: 
{}
response time: 1
response status: 204
response body: 
undefined
*************** response log end ***************

[2018-10-12T20:46:45.459] [INFO] resLog - 
*************** response log start ***************
request method: GET
request originalUrl:  /user/getSendMailUser
request client ip:  ::ffff:192.168.212.29
request query:  {}
response time: 3
response status: 200
response body: 
{"status":true,"data":[{"id":3,"email":"you11098@163.com","name":"测试用户"}]}
*************** response log end ***************

[2018-10-12T20:46:46.712] [INFO] resLog - 
*************** response log start ***************
request method: GET
request originalUrl:  /system/getSysSetting
request client ip:  ::ffff:192.168.212.29
request query:  {}
response time: 4
response status: 200
response body: 
{"status":true,"data":{"emailSuffix":"@suninfo.com;@qq.com;@163.com","sysAnnouncement":"","timeOut":72000}}
*************** response log end ***************

[2018-10-12T20:46:47.291] [INFO] resLog - 
*************** response log start ***************
request method: GET
request originalUrl:  /user/getSendMailUser
request client ip:  ::ffff:192.168.212.29
request query:  {}
response time: 5
response status: 200
response body: 
{"status":true,"data":[{"id":3,"email":"you11098@163.com","name":"测试用户"}]}
*************** response log end ***************

[2018-10-12T20:46:49.235] [INFO] resLog - 
*************** response log start ***************
request method: OPTIONS
request originalUrl:  /group/groupManage/get
request client ip:  ::ffff:192.168.212.29
request body: 
{}
response time: 0
response status: 204
response body: 
undefined
*************** response log end ***************

[2018-10-12T20:46:49.250] [INFO] resLog - 
*************** response log start ***************
request method: GET
request originalUrl:  /group/groupManage/get
request client ip:  ::ffff:192.168.212.29
request query:  {}
response time: 2
response status: 200
response body: 
{"status":true,"data":[{"id":37,"name":"前端","memberNum":9,"remark":"前端","createTime":"2018-09-03T03:10:08.000Z","combine":1},{"id":43,"name":"美工","memberNum":3,"remark":"美工","createTime":"2018-03-23T06:20:19.000Z","combine":"0"},{"id":44,"name":"测试","memberNum":8,"remark":"测试小组","createTime":"2018-04-13T09:09:05.000Z","combine":"0"},{"id":45,"name":"后端","memberNum":14,"remark":"后端","createTime":"2018-09-03T03:10:08.000Z","combine":1},{"id":48,"name":"产品","memberNum":0,"remark":"产品","createTime":"2018-10-12T12:46:32.000Z","combine":"0"}]}
*************** response log end ***************

[2018-10-12T20:46:52.084] [INFO] resLog - 
*************** response log start ***************
request method: GET
request originalUrl:  /group/groupManage/get
request client ip:  ::ffff:192.168.212.29
request query:  {}
response time: 2
response status: 200
response body: 
{"status":true,"data":[{"id":37,"name":"前端","memberNum":9,"remark":"前端","createTime":"2018-09-03T03:10:08.000Z","combine":1},{"id":43,"name":"美工","memberNum":3,"remark":"美工","createTime":"2018-03-23T06:20:19.000Z","combine":"0"},{"id":44,"name":"测试","memberNum":8,"remark":"测试小组","createTime":"2018-04-13T09:09:05.000Z","combine":"0"},{"id":45,"name":"后端","memberNum":14,"remark":"后端","createTime":"2018-09-03T03:10:08.000Z","combine":1},{"id":48,"name":"产品","memberNum":0,"remark":"产品","createTime":"2018-10-12T12:46:32.000Z","combine":"0"}]}
*************** response log end ***************

[2018-10-12T20:46:52.121] [INFO] resLog - 
*************** response log start ***************
request method: OPTIONS
request originalUrl:  /group/groupManage/getGroupsMember
request client ip:  ::ffff:192.168.212.29
request body: 
{}
response time: 0
response status: 204
response body: 
undefined
*************** response log end ***************

[2018-10-12T20:46:52.133] [INFO] resLog - 
*************** response log start ***************
request method: POST
request originalUrl:  /group/groupManage/getGroupsMember
request client ip:  ::ffff:192.168.212.29
request body: 
{"idList":[37,45]}
response time: 3
response status: 200
response body: 
{"status":true,"data":[{"email":"caolx@suninfo.com","name":"曹立鑫","sex":"male","remark":"Sunflower — 前端工程师一枚","groupId":37,"role":"user","collector":"0","level":"0"},{"email":"chao_wang@suninfo.com","name":"王超","sex":"male","remark":"","groupId":45,"role":"user","collector":1,"level":"0"},{"email":"chenkun@suninfo.com","name":"陈坤","sex":"male","remark":"实习","groupId":45,"role":"user","collector":"0","level":1},{"email":"dingyf@suninfo.com","name":"丁亚飞","sex":"male","remark":"","groupId":37,"role":"user","collector":1,"level":"0"},{"email":"fant@suninfo.com","name":"樊婷","sex":"female","remark":"","groupId":45,"role":"user","collector":1,"level":"0"},{"email":"gaoyu@suninfo.com","name":"高瑜","sex":"female","remark":"","groupId":45,"role":"user","collector":"0","level":"0"},{"email":"geal@suninfo.com","name":"葛阿雷","sex":"male","remark":"","groupId":45,"role":"user","collector":"0","level":"0"},{"email":"huog@suninfo.com","name":"霍鸽","sex":"female","remark":"","groupId":37,"role":"user","collector":"0","level":"0"},{"email":"jingjw@suninfo.com","name":"景俊伟","sex":"male","remark":"","groupId":45,"role":"user","collector":1,"level":"0"},{"email":"liaofc@suninfo.com","name":"廖霏苍","sex":"male","remark":"陈独秀 你坐下","groupId":37,"role":"user","collector":"0","level":"0"},{"email":"lic2017@suninfo.com","name":"李聪","sex":"male","remark":"","groupId":37,"role":"user","collector":"0","level":"0"},{"email":"liushp@suninfo.com","name":"刘书鹏","sex":"male","remark":"","groupId":37,"role":"user","collector":"0","level":"0"},{"email":"liw@suninfo.com","name":"李巍","sex":"male","remark":"","groupId":45,"role":"user","collector":"0","level":2},{"email":"liyanna@suninfo.com","name":"李妍娜","sex":"female","remark":"","groupId":45,"role":"user","collector":"0","level":1},{"email":"luxx@suninfo.com","name":"路星星","sex":"female","remark":"","groupId":45,"role":"user","collector":"0","level":"0"},{"email":"shifeng@suninfo.com","name":"师峰","sex":"male","remark":"123","groupId":37,"role":"user","collector":"0","level":"0"},{"email":"wanght@suninfo.com","name":"王洪涛","sex":"male","remark":"","groupId":45,"role":"user","collector":"0","level":"0"},{"email":"wangxc@suninfo.com","name":"汪宣成","sex":"male","remark":"","groupId":45,"role":"user","collector":"0","level":"0"},{"email":"weish@suninfo.com","name":"韦帅","sex":"male","remark":"","groupId":45,"role":"user","collector":"0","level":"0"},{"email":"yanghf@suninfo.com","name":"杨海飞","sex":"male","remark":"","groupId":45,"role":"user","collector":"0","level":2},{"email":"youwg@suninfo.com","name":"游武刚","sex":"male","remark":"无","groupId":37,"role":"user","collector":"0","level":"0"},{"email":"zhengx@suninfo.com","name":"郑鑫","sex":"male","remark":"","groupId":37,"role":"user","collector":"0","level":"0"},{"email":"zhujq@suninfo.com","name":"朱金奇","sex":"male","remark":"","groupId":45,"role":"user","collector":1,"level":"0"}]}
*************** response log end ***************

[2018-10-12T20:55:42.453] [INFO] resLog - 
*************** response log start ***************
request method: OPTIONS
request originalUrl:  /group/groupManage/get
request client ip:  ::ffff:192.168.212.29
request body: 
{}
response time: 0
response status: 204
response body: 
undefined
*************** response log end ***************

[2018-10-12T20:55:42.461] [INFO] resLog - 
*************** response log start ***************
request method: GET
request originalUrl:  /group/groupManage/get
request client ip:  ::ffff:192.168.212.29
request query:  {}
response time: 3
response status: 200
response body: 
{"status":true,"data":[{"id":37,"name":"前端","memberNum":9,"remark":"前端","createTime":"2018-09-03T03:10:08.000Z","combine":1},{"id":43,"name":"美工","memberNum":3,"remark":"美工","createTime":"2018-03-23T06:20:19.000Z","combine":"0"},{"id":44,"name":"测试","memberNum":8,"remark":"测试小组","createTime":"2018-04-13T09:09:05.000Z","combine":"0"},{"id":45,"name":"后端","memberNum":14,"remark":"后端","createTime":"2018-09-03T03:10:08.000Z","combine":1},{"id":48,"name":"产品","memberNum":0,"remark":"产品","createTime":"2018-10-12T12:46:32.000Z","combine":"0"}]}
*************** response log end ***************

[2018-10-12T20:55:47.316] [INFO] resLog - 
*************** response log start ***************
request method: GET
request originalUrl:  /group/groupManage/get
request client ip:  ::ffff:192.168.212.29
request query:  {}
response time: 12
response status: 200
response body: 
{"status":true,"data":[{"id":37,"name":"前端","memberNum":9,"remark":"前端","createTime":"2018-09-03T03:10:08.000Z","combine":1},{"id":43,"name":"美工","memberNum":3,"remark":"美工","createTime":"2018-03-23T06:20:19.000Z","combine":"0"},{"id":44,"name":"测试","memberNum":8,"remark":"测试小组","createTime":"2018-04-13T09:09:05.000Z","combine":"0"},{"id":45,"name":"后端","memberNum":14,"remark":"后端","createTime":"2018-09-03T03:10:08.000Z","combine":1},{"id":48,"name":"产品","memberNum":0,"remark":"产品","createTime":"2018-10-12T12:46:32.000Z","combine":"0"}]}
*************** response log end ***************

[2018-10-12T20:55:50.755] [INFO] resLog - 
*************** response log start ***************
request method: OPTIONS
request originalUrl:  /group/groupManage/get
request client ip:  ::ffff:192.168.212.29
request body: 
{}
response time: 0
response status: 204
response body: 
undefined
*************** response log end ***************

[2018-10-12T20:55:50.763] [INFO] resLog - 
*************** response log start ***************
request method: GET
request originalUrl:  /group/groupManage/get
request client ip:  ::ffff:192.168.212.29
request query:  {}
response time: 2
response status: 200
response body: 
{"status":true,"data":[{"id":37,"name":"前端","memberNum":9,"remark":"前端","createTime":"2018-09-03T03:10:08.000Z","combine":1},{"id":43,"name":"美工","memberNum":3,"remark":"美工","createTime":"2018-03-23T06:20:19.000Z","combine":"0"},{"id":44,"name":"测试","memberNum":8,"remark":"测试小组","createTime":"2018-04-13T09:09:05.000Z","combine":"0"},{"id":45,"name":"后端","memberNum":14,"remark":"后端","createTime":"2018-09-03T03:10:08.000Z","combine":1},{"id":48,"name":"产品","memberNum":0,"remark":"产品","createTime":"2018-10-12T12:46:32.000Z","combine":"0"}]}
*************** response log end ***************

[2018-10-12T20:56:07.613] [INFO] resLog - 
*************** response log start ***************
request method: OPTIONS
request originalUrl:  /group/groupManage/get
request client ip:  ::ffff:192.168.212.29
request body: 
{}
response time: 0
response status: 204
response body: 
undefined
*************** response log end ***************

[2018-10-12T20:56:07.614] [INFO] resLog - 
*************** response log start ***************
request method: OPTIONS
request originalUrl:  /group/groupManage/get
request client ip:  ::ffff:192.168.212.29
request body: 
{}
response time: 0
response status: 204
response body: 
undefined
*************** response log end ***************

[2018-10-12T20:56:07.638] [INFO] resLog - 
*************** response log start ***************
request method: GET
request originalUrl:  /group/groupManage/get
request client ip:  ::ffff:192.168.212.29
request query:  {}
response time: 2
response status: 200
response body: 
{"status":true,"data":[{"id":37,"name":"前端","memberNum":9,"remark":"前端","createTime":"2018-09-03T03:10:08.000Z","combine":1},{"id":43,"name":"美工","memberNum":3,"remark":"美工","createTime":"2018-03-23T06:20:19.000Z","combine":"0"},{"id":44,"name":"测试","memberNum":8,"remark":"测试小组","createTime":"2018-04-13T09:09:05.000Z","combine":"0"},{"id":45,"name":"后端","memberNum":14,"remark":"后端","createTime":"2018-09-03T03:10:08.000Z","combine":1},{"id":48,"name":"产品","memberNum":0,"remark":"产品","createTime":"2018-10-12T12:46:32.000Z","combine":"0"}]}
*************** response log end ***************

[2018-10-12T20:56:07.643] [INFO] resLog - 
*************** response log start ***************
request method: GET
request originalUrl:  /group/groupManage/get
request client ip:  ::ffff:192.168.212.29
request query:  {}
response time: 2
response status: 200
response body: 
{"status":true,"data":[{"id":37,"name":"前端","memberNum":9,"remark":"前端","createTime":"2018-09-03T03:10:08.000Z","combine":1},{"id":43,"name":"美工","memberNum":3,"remark":"美工","createTime":"2018-03-23T06:20:19.000Z","combine":"0"},{"id":44,"name":"测试","memberNum":8,"remark":"测试小组","createTime":"2018-04-13T09:09:05.000Z","combine":"0"},{"id":45,"name":"后端","memberNum":14,"remark":"后端","createTime":"2018-09-03T03:10:08.000Z","combine":1},{"id":48,"name":"产品","memberNum":0,"remark":"产品","createTime":"2018-10-12T12:46:32.000Z","combine":"0"}]}
*************** response log end ***************

[2018-10-12T20:56:33.341] [INFO] resLog - 
*************** response log start ***************
request method: OPTIONS
request originalUrl:  /group/groupManage/get
request client ip:  ::ffff:192.168.212.29
request body: 
{}
response time: 1
response status: 204
response body: 
undefined
*************** response log end ***************

[2018-10-12T20:56:33.348] [INFO] resLog - 
*************** response log start ***************
request method: GET
request originalUrl:  /group/groupManage/get
request client ip:  ::ffff:192.168.212.29
request query:  {}
response time: 2
response status: 200
response body: 
{"status":true,"data":[{"id":37,"name":"前端","memberNum":9,"remark":"前端","createTime":"2018-09-03T03:10:08.000Z","combine":1},{"id":43,"name":"美工","memberNum":3,"remark":"美工","createTime":"2018-03-23T06:20:19.000Z","combine":"0"},{"id":44,"name":"测试","memberNum":8,"remark":"测试小组","createTime":"2018-04-13T09:09:05.000Z","combine":"0"},{"id":45,"name":"后端","memberNum":14,"remark":"后端","createTime":"2018-09-03T03:10:08.000Z","combine":1},{"id":48,"name":"产品","memberNum":0,"remark":"产品","createTime":"2018-10-12T12:46:32.000Z","combine":"0"}]}
*************** response log end ***************

[2018-10-12T20:57:02.957] [INFO] resLog - 
*************** response log start ***************
request method: OPTIONS
request originalUrl:  /group/groupManage/get
request client ip:  ::ffff:192.168.212.29
request body: 
{}
response time: 1
response status: 204
response body: 
undefined
*************** response log end ***************

[2018-10-12T20:57:02.967] [INFO] resLog - 
*************** response log start ***************
request method: GET
request originalUrl:  /group/groupManage/get
request client ip:  ::ffff:192.168.212.29
request query:  {}
response time: 2
response status: 200
response body: 
{"status":true,"data":[{"id":37,"name":"前端","memberNum":9,"remark":"前端","createTime":"2018-09-03T03:10:08.000Z","combine":1},{"id":43,"name":"美工","memberNum":3,"remark":"美工","createTime":"2018-03-23T06:20:19.000Z","combine":"0"},{"id":44,"name":"测试","memberNum":8,"remark":"测试小组","createTime":"2018-04-13T09:09:05.000Z","combine":"0"},{"id":45,"name":"后端","memberNum":14,"remark":"后端","createTime":"2018-09-03T03:10:08.000Z","combine":1},{"id":48,"name":"产品","memberNum":0,"remark":"产品","createTime":"2018-10-12T12:46:32.000Z","combine":"0"}]}
*************** response log end ***************

[2018-10-12T20:58:37.136] [INFO] resLog - 
*************** response log start ***************
request method: OPTIONS
request originalUrl:  /group/groupManage/get
request client ip:  ::ffff:192.168.212.29
request body: 
{}
response time: 0
response status: 204
response body: 
undefined
*************** response log end ***************

[2018-10-12T20:58:37.147] [INFO] resLog - 
*************** response log start ***************
request method: GET
request originalUrl:  /group/groupManage/get
request client ip:  ::ffff:192.168.212.29
request query:  {}
response time: 1
response status: 200
response body: 
{"status":true,"data":[{"id":37,"name":"前端","memberNum":9,"remark":"前端","createTime":"2018-09-03T03:10:08.000Z","combine":1},{"id":43,"name":"美工","memberNum":3,"remark":"美工","createTime":"2018-03-23T06:20:19.000Z","combine":"0"},{"id":44,"name":"测试","memberNum":8,"remark":"测试小组","createTime":"2018-04-13T09:09:05.000Z","combine":"0"},{"id":45,"name":"后端","memberNum":14,"remark":"后端","createTime":"2018-09-03T03:10:08.000Z","combine":1},{"id":48,"name":"产品","memberNum":0,"remark":"产品","createTime":"2018-10-12T12:46:32.000Z","combine":"0"}]}
*************** response log end ***************

[2018-10-12T20:58:47.537] [INFO] resLog - 
*************** response log start ***************
request method: OPTIONS
request originalUrl:  /group/groupManage/get
request client ip:  ::ffff:192.168.212.29
request body: 
{}
response time: 0
response status: 204
response body: 
undefined
*************** response log end ***************

[2018-10-12T20:58:47.547] [INFO] resLog - 
*************** response log start ***************
request method: GET
request originalUrl:  /group/groupManage/get
request client ip:  ::ffff:192.168.212.29
request query:  {}
response time: 1
response status: 200
response body: 
{"status":true,"data":[{"id":37,"name":"前端","memberNum":9,"remark":"前端","createTime":"2018-09-03T03:10:08.000Z","combine":1},{"id":43,"name":"美工","memberNum":3,"remark":"美工","createTime":"2018-03-23T06:20:19.000Z","combine":"0"},{"id":44,"name":"测试","memberNum":8,"remark":"测试小组","createTime":"2018-04-13T09:09:05.000Z","combine":"0"},{"id":45,"name":"后端","memberNum":14,"remark":"后端","createTime":"2018-09-03T03:10:08.000Z","combine":1},{"id":48,"name":"产品","memberNum":0,"remark":"产品","createTime":"2018-10-12T12:46:32.000Z","combine":"0"}]}
*************** response log end ***************

[2018-10-12T20:59:05.653] [INFO] resLog - 
*************** response log start ***************
request method: OPTIONS
request originalUrl:  /group/groupManage/get
request client ip:  ::ffff:192.168.212.29
request body: 
{}
response time: 0
response status: 204
response body: 
undefined
*************** response log end ***************

[2018-10-12T20:59:05.663] [INFO] resLog - 
*************** response log start ***************
request method: GET
request originalUrl:  /group/groupManage/get
request client ip:  ::ffff:192.168.212.29
request query:  {}
response time: 1
response status: 200
response body: 
{"status":true,"data":[{"id":37,"name":"前端","memberNum":9,"remark":"前端","createTime":"2018-09-03T03:10:08.000Z","combine":1},{"id":43,"name":"美工","memberNum":3,"remark":"美工","createTime":"2018-03-23T06:20:19.000Z","combine":"0"},{"id":44,"name":"测试","memberNum":8,"remark":"测试小组","createTime":"2018-04-13T09:09:05.000Z","combine":"0"},{"id":45,"name":"后端","memberNum":14,"remark":"后端","createTime":"2018-09-03T03:10:08.000Z","combine":1},{"id":48,"name":"产品","memberNum":0,"remark":"产品","createTime":"2018-10-12T12:46:32.000Z","combine":"0"}]}
*************** response log end ***************

[2018-10-12T20:59:10.762] [INFO] resLog - 
*************** response log start ***************
request method: OPTIONS
request originalUrl:  /group/groupManage/get
request client ip:  ::ffff:192.168.212.29
request body: 
{}
response time: 0
response status: 204
response body: 
undefined
*************** response log end ***************

[2018-10-12T20:59:10.765] [INFO] resLog - 
*************** response log start ***************
request method: OPTIONS
request originalUrl:  /group/groupManage/get
request client ip:  ::ffff:192.168.212.29
request body: 
{}
response time: 0
response status: 204
response body: 
undefined
*************** response log end ***************

[2018-10-12T20:59:10.795] [INFO] resLog - 
*************** response log start ***************
request method: GET
request originalUrl:  /group/groupManage/get
request client ip:  ::ffff:192.168.212.29
request query:  {}
response time: 1
response status: 200
response body: 
{"status":true,"data":[{"id":37,"name":"前端","memberNum":9,"remark":"前端","createTime":"2018-09-03T03:10:08.000Z","combine":1},{"id":43,"name":"美工","memberNum":3,"remark":"美工","createTime":"2018-03-23T06:20:19.000Z","combine":"0"},{"id":44,"name":"测试","memberNum":8,"remark":"测试小组","createTime":"2018-04-13T09:09:05.000Z","combine":"0"},{"id":45,"name":"后端","memberNum":14,"remark":"后端","createTime":"2018-09-03T03:10:08.000Z","combine":1},{"id":48,"name":"产品","memberNum":0,"remark":"产品","createTime":"2018-10-12T12:46:32.000Z","combine":"0"}]}
*************** response log end ***************

[2018-10-12T20:59:10.800] [INFO] resLog - 
*************** response log start ***************
request method: GET
request originalUrl:  /group/groupManage/get
request client ip:  ::ffff:192.168.212.29
request query:  {}
response time: 1
response status: 200
response body: 
{"status":true,"data":[{"id":37,"name":"前端","memberNum":9,"remark":"前端","createTime":"2018-09-03T03:10:08.000Z","combine":1},{"id":43,"name":"美工","memberNum":3,"remark":"美工","createTime":"2018-03-23T06:20:19.000Z","combine":"0"},{"id":44,"name":"测试","memberNum":8,"remark":"测试小组","createTime":"2018-04-13T09:09:05.000Z","combine":"0"},{"id":45,"name":"后端","memberNum":14,"remark":"后端","createTime":"2018-09-03T03:10:08.000Z","combine":1},{"id":48,"name":"产品","memberNum":0,"remark":"产品","createTime":"2018-10-12T12:46:32.000Z","combine":"0"}]}
*************** response log end ***************

[2018-10-12T20:59:16.293] [INFO] resLog - 
*************** response log start ***************
request method: OPTIONS
request originalUrl:  /group/groupManage/get
request client ip:  ::ffff:192.168.212.29
request body: 
{}
response time: 0
response status: 204
response body: 
undefined
*************** response log end ***************

[2018-10-12T20:59:16.305] [INFO] resLog - 
*************** response log start ***************
request method: GET
request originalUrl:  /group/groupManage/get
request client ip:  ::ffff:192.168.212.29
request query:  {}
response time: 1
response status: 200
response body: 
{"status":true,"data":[{"id":37,"name":"前端","memberNum":9,"remark":"前端","createTime":"2018-09-03T03:10:08.000Z","combine":1},{"id":43,"name":"美工","memberNum":3,"remark":"美工","createTime":"2018-03-23T06:20:19.000Z","combine":"0"},{"id":44,"name":"测试","memberNum":8,"remark":"测试小组","createTime":"2018-04-13T09:09:05.000Z","combine":"0"},{"id":45,"name":"后端","memberNum":14,"remark":"后端","createTime":"2018-09-03T03:10:08.000Z","combine":1},{"id":48,"name":"产品","memberNum":0,"remark":"产品","createTime":"2018-10-12T12:46:32.000Z","combine":"0"}]}
*************** response log end ***************

