[2018-09-14T08:52:39.652] [INFO] resLog - 
*************** response log start ***************
request method: OPTIONS
request originalUrl:  /report/currentWeekReport/get
request client ip:  ::ffff:192.168.212.29
request body: 
{}
response time: 1
response status: 204
response body: 
undefined
*************** response log end ***************

[2018-09-14T08:52:39.656] [INFO] resLog - 
*************** response log start ***************
request method: OPTIONS
request originalUrl:  /punchcard/getLevelMember
request client ip:  ::ffff:192.168.212.29
request body: 
{}
response time: 0
response status: 204
response body: 
undefined
*************** response log end ***************

[2018-09-14T08:52:39.838] [INFO] resLog - 
*************** response log start ***************
request method: POST
request originalUrl:  /punchcard/getLevelMember
request client ip:  ::ffff:192.168.212.29
request body: 
{"id":"1"}
response time: 47
response status: 200
response body: 
{"status":true,"data":[{"email":"lic2017@suninfo.com","name":"l李聪","sex":"male","remark":"","groupId":37,"role":"user","level":1,"collector":"0"},{"email":"test@qq.com","name":"youwg","sex":"male","remark":"www","groupId":37,"role":"user","level":1,"collector":"0"},{"email":"tom@suninfo.com","name":"张悦","sex":"female","remark":null,"groupId":38,"role":"user","level":1,"collector":"0"}]}
*************** response log end ***************

[2018-09-14T08:52:39.839] [INFO] resLog - 
*************** response log start ***************
request method: GET
request originalUrl:  /report/currentWeekReport/get
request client ip:  ::ffff:192.168.212.29
request query:  {}
response time: 37
response status: 200
response body: 
{"status":true,"data":[]}
*************** response log end ***************

[2018-09-14T08:52:39.851] [INFO] resLog - 
*************** response log start ***************
request method: OPTIONS
request originalUrl:  /punchcard/monthList
request client ip:  ::ffff:192.168.212.29
request body: 
{}
response time: 0
response status: 204
response body: 
undefined
*************** response log end ***************

[2018-09-14T08:52:39.871] [INFO] resLog - 
*************** response log start ***************
request method: POST
request originalUrl:  /punchcard/monthList
request client ip:  ::ffff:192.168.212.29
request body: 
{"month":"2018-09"}
response time: 9
response status: 200
response body: 
{"status":true,"data":[{"userid":"tom@suninfo.com","card_time":"2018-09-11","card_status":1},{"userid":"tom@suninfo.com","card_time":"2018-09-10","card_status":1},{"userid":"tom@suninfo.com","card_time":"2018-09-12","card_status":1},{"userid":"tom@suninfo.com","card_time":"2018-09-09","card_status":1},{"userid":"tom@suninfo.com","card_time":"2018-09-13","card_status":1},{"userid":"lic2017@suninfo.com","card_time":"2018-09-13","card_status":1}]}
*************** response log end ***************

[2018-09-14T08:53:47.421] [INFO] resLog - 
*************** response log start ***************
request method: OPTIONS
request originalUrl:  /report/currentWeekReport/get
request client ip:  ::ffff:192.168.212.29
request body: 
{}
response time: 0
response status: 204
response body: 
undefined
*************** response log end ***************

[2018-09-14T08:53:47.431] [INFO] resLog - 
*************** response log start ***************
request method: OPTIONS
request originalUrl:  /punchcard/getLevelMember
request client ip:  ::ffff:192.168.212.29
request body: 
{}
response time: 1
response status: 204
response body: 
undefined
*************** response log end ***************

[2018-09-14T08:53:47.464] [INFO] resLog - 
*************** response log start ***************
request method: GET
request originalUrl:  /report/currentWeekReport/get
request client ip:  ::ffff:192.168.212.29
request query:  {}
response time: 3
response status: 200
response body: 
{"status":true,"data":[]}
*************** response log end ***************

[2018-09-14T08:53:47.508] [INFO] resLog - 
*************** response log start ***************
request method: POST
request originalUrl:  /punchcard/getLevelMember
request client ip:  ::ffff:192.168.212.29
request body: 
{"id":"1"}
response time: 2
response status: 200
response body: 
{"status":true,"data":[{"email":"lic2017@suninfo.com","name":"l李聪","sex":"male","remark":"","groupId":37,"role":"user","level":1,"collector":"0"},{"email":"test@qq.com","name":"youwg","sex":"male","remark":"www","groupId":37,"role":"user","level":1,"collector":"0"},{"email":"tom@suninfo.com","name":"张悦","sex":"female","remark":null,"groupId":38,"role":"user","level":1,"collector":"0"}]}
*************** response log end ***************

[2018-09-14T08:53:47.544] [INFO] resLog - 
*************** response log start ***************
request method: OPTIONS
request originalUrl:  /punchcard/monthList
request client ip:  ::ffff:192.168.212.29
request body: 
{}
response time: 0
response status: 204
response body: 
undefined
*************** response log end ***************

[2018-09-14T08:53:47.559] [INFO] resLog - 
*************** response log start ***************
request method: POST
request originalUrl:  /punchcard/monthList
request client ip:  ::ffff:192.168.212.29
request body: 
{"month":"2018-09"}
response time: 3
response status: 200
response body: 
{"status":true,"data":[{"userid":"tom@suninfo.com","card_time":"2018-09-11","card_status":1},{"userid":"tom@suninfo.com","card_time":"2018-09-10","card_status":1},{"userid":"tom@suninfo.com","card_time":"2018-09-12","card_status":1},{"userid":"tom@suninfo.com","card_time":"2018-09-09","card_status":1},{"userid":"tom@suninfo.com","card_time":"2018-09-13","card_status":1},{"userid":"lic2017@suninfo.com","card_time":"2018-09-13","card_status":1}]}
*************** response log end ***************

[2018-09-14T08:55:09.009] [INFO] resLog - 
*************** response log start ***************
request method: OPTIONS
request originalUrl:  /report/currentWeekReport/get
request client ip:  ::ffff:192.168.212.29
request body: 
{}
response time: 0
response status: 204
response body: 
undefined
*************** response log end ***************

[2018-09-14T08:55:09.014] [INFO] resLog - 
*************** response log start ***************
request method: OPTIONS
request originalUrl:  /punchcard/getLevelMember
request client ip:  ::ffff:192.168.212.29
request body: 
{}
response time: 1
response status: 204
response body: 
undefined
*************** response log end ***************

[2018-09-14T08:55:09.040] [INFO] resLog - 
*************** response log start ***************
request method: GET
request originalUrl:  /report/currentWeekReport/get
request client ip:  ::ffff:192.168.212.29
request query:  {}
response time: 2
response status: 200
response body: 
{"status":true,"data":[]}
*************** response log end ***************

[2018-09-14T08:55:09.060] [INFO] resLog - 
*************** response log start ***************
request method: POST
request originalUrl:  /punchcard/getLevelMember
request client ip:  ::ffff:192.168.212.29
request body: 
{"id":"1"}
response time: 3
response status: 200
response body: 
{"status":true,"data":[{"email":"lic2017@suninfo.com","name":"l李聪","sex":"male","remark":"","groupId":37,"role":"user","level":1,"collector":"0"},{"email":"test@qq.com","name":"youwg","sex":"male","remark":"www","groupId":37,"role":"user","level":1,"collector":"0"},{"email":"tom@suninfo.com","name":"张悦","sex":"female","remark":null,"groupId":38,"role":"user","level":1,"collector":"0"}]}
*************** response log end ***************

[2018-09-14T08:55:09.101] [INFO] resLog - 
*************** response log start ***************
request method: OPTIONS
request originalUrl:  /punchcard/monthList
request client ip:  ::ffff:192.168.212.29
request body: 
{}
response time: 0
response status: 204
response body: 
undefined
*************** response log end ***************

[2018-09-14T08:55:09.138] [INFO] resLog - 
*************** response log start ***************
request method: POST
request originalUrl:  /punchcard/monthList
request client ip:  ::ffff:192.168.212.29
request body: 
{"month":"2018-09"}
response time: 2
response status: 200
response body: 
{"status":true,"data":[{"userid":"tom@suninfo.com","card_time":"2018-09-11","card_status":1},{"userid":"tom@suninfo.com","card_time":"2018-09-10","card_status":1},{"userid":"tom@suninfo.com","card_time":"2018-09-12","card_status":1},{"userid":"tom@suninfo.com","card_time":"2018-09-09","card_status":1},{"userid":"tom@suninfo.com","card_time":"2018-09-13","card_status":1},{"userid":"lic2017@suninfo.com","card_time":"2018-09-13","card_status":1}]}
*************** response log end ***************

[2018-09-14T08:55:31.893] [INFO] resLog - 
*************** response log start ***************
request method: OPTIONS
request originalUrl:  /report/currentWeekReport/get
request client ip:  ::ffff:192.168.212.29
request body: 
{}
response time: 0
response status: 204
response body: 
undefined
*************** response log end ***************

[2018-09-14T08:55:31.898] [INFO] resLog - 
*************** response log start ***************
request method: OPTIONS
request originalUrl:  /punchcard/getLevelMember
request client ip:  ::ffff:192.168.212.29
request body: 
{}
response time: 0
response status: 204
response body: 
undefined
*************** response log end ***************

[2018-09-14T08:55:31.930] [INFO] resLog - 
*************** response log start ***************
request method: GET
request originalUrl:  /report/currentWeekReport/get
request client ip:  ::ffff:192.168.212.29
request query:  {}
response time: 2
response status: 200
response body: 
{"status":true,"data":[]}
*************** response log end ***************

[2018-09-14T08:55:31.967] [INFO] resLog - 
*************** response log start ***************
request method: POST
request originalUrl:  /punchcard/getLevelMember
request client ip:  ::ffff:192.168.212.29
request body: 
{"id":"1"}
response time: 2
response status: 200
response body: 
{"status":true,"data":[{"email":"lic2017@suninfo.com","name":"l李聪","sex":"male","remark":"","groupId":37,"role":"user","level":1,"collector":"0"},{"email":"test@qq.com","name":"youwg","sex":"male","remark":"www","groupId":37,"role":"user","level":1,"collector":"0"},{"email":"tom@suninfo.com","name":"张悦","sex":"female","remark":null,"groupId":38,"role":"user","level":1,"collector":"0"}]}
*************** response log end ***************

[2018-09-14T08:55:31.988] [INFO] resLog - 
*************** response log start ***************
request method: OPTIONS
request originalUrl:  /punchcard/monthList
request client ip:  ::ffff:192.168.212.29
request body: 
{}
response time: 0
response status: 204
response body: 
undefined
*************** response log end ***************

[2018-09-14T08:55:32.017] [INFO] resLog - 
*************** response log start ***************
request method: POST
request originalUrl:  /punchcard/monthList
request client ip:  ::ffff:192.168.212.29
request body: 
{"month":"2018-09"}
response time: 2
response status: 200
response body: 
{"status":true,"data":[{"userid":"tom@suninfo.com","card_time":"2018-09-11","card_status":1},{"userid":"tom@suninfo.com","card_time":"2018-09-10","card_status":1},{"userid":"tom@suninfo.com","card_time":"2018-09-12","card_status":1},{"userid":"tom@suninfo.com","card_time":"2018-09-09","card_status":1},{"userid":"tom@suninfo.com","card_time":"2018-09-13","card_status":1},{"userid":"lic2017@suninfo.com","card_time":"2018-09-13","card_status":1}]}
*************** response log end ***************

[2018-09-14T08:56:37.880] [INFO] resLog - 
*************** response log start ***************
request method: OPTIONS
request originalUrl:  /punchcard/getLevelMember
request client ip:  ::ffff:192.168.212.29
request body: 
{}
response time: 0
response status: 204
response body: 
undefined
*************** response log end ***************

[2018-09-14T08:56:37.890] [INFO] resLog - 
*************** response log start ***************
request method: POST
request originalUrl:  /punchcard/getLevelMember
request client ip:  ::ffff:192.168.212.29
request body: 
{"id":"1"}
response time: 2
response status: 200
response body: 
{"status":true,"data":[{"email":"lic2017@suninfo.com","name":"l李聪","sex":"male","remark":"","groupId":37,"role":"user","level":1,"collector":"0"},{"email":"test@qq.com","name":"youwg","sex":"male","remark":"www","groupId":37,"role":"user","level":1,"collector":"0"},{"email":"tom@suninfo.com","name":"张悦","sex":"female","remark":null,"groupId":38,"role":"user","level":1,"collector":"0"}]}
*************** response log end ***************

[2018-09-14T08:56:37.896] [INFO] resLog - 
*************** response log start ***************
request method: OPTIONS
request originalUrl:  /punchcard/monthList
request client ip:  ::ffff:192.168.212.29
request body: 
{}
response time: 0
response status: 204
response body: 
undefined
*************** response log end ***************

[2018-09-14T08:56:37.903] [INFO] resLog - 
*************** response log start ***************
request method: POST
request originalUrl:  /punchcard/monthList
request client ip:  ::ffff:192.168.212.29
request body: 
{"month":"2018-09"}
response time: 2
response status: 200
response body: 
{"status":true,"data":[{"userid":"tom@suninfo.com","card_time":"2018-09-11","card_status":1},{"userid":"tom@suninfo.com","card_time":"2018-09-10","card_status":1},{"userid":"tom@suninfo.com","card_time":"2018-09-12","card_status":1},{"userid":"tom@suninfo.com","card_time":"2018-09-09","card_status":1},{"userid":"tom@suninfo.com","card_time":"2018-09-13","card_status":1},{"userid":"lic2017@suninfo.com","card_time":"2018-09-13","card_status":1}]}
*************** response log end ***************

[2018-09-14T08:56:46.097] [INFO] resLog - 
*************** response log start ***************
request method: OPTIONS
request originalUrl:  /punchcard/getLevelMember
request client ip:  ::ffff:192.168.212.29
request body: 
{}
response time: 1
response status: 204
response body: 
undefined
*************** response log end ***************

[2018-09-14T08:56:46.106] [INFO] resLog - 
*************** response log start ***************
request method: POST
request originalUrl:  /punchcard/getLevelMember
request client ip:  ::ffff:192.168.212.29
request body: 
{"id":"1"}
response time: 2
response status: 200
response body: 
{"status":true,"data":[{"email":"lic2017@suninfo.com","name":"l李聪","sex":"male","remark":"","groupId":37,"role":"user","level":1,"collector":"0"},{"email":"test@qq.com","name":"youwg","sex":"male","remark":"www","groupId":37,"role":"user","level":1,"collector":"0"},{"email":"tom@suninfo.com","name":"张悦","sex":"female","remark":null,"groupId":38,"role":"user","level":1,"collector":"0"}]}
*************** response log end ***************

[2018-09-14T08:56:46.118] [INFO] resLog - 
*************** response log start ***************
request method: OPTIONS
request originalUrl:  /punchcard/monthList
request client ip:  ::ffff:192.168.212.29
request body: 
{}
response time: 0
response status: 204
response body: 
undefined
*************** response log end ***************

[2018-09-14T08:56:46.130] [INFO] resLog - 
*************** response log start ***************
request method: POST
request originalUrl:  /punchcard/monthList
request client ip:  ::ffff:192.168.212.29
request body: 
{"month":"2018-09"}
response time: 3
response status: 200
response body: 
{"status":true,"data":[{"userid":"tom@suninfo.com","card_time":"2018-09-11","card_status":1},{"userid":"tom@suninfo.com","card_time":"2018-09-10","card_status":1},{"userid":"tom@suninfo.com","card_time":"2018-09-12","card_status":1},{"userid":"tom@suninfo.com","card_time":"2018-09-09","card_status":1},{"userid":"tom@suninfo.com","card_time":"2018-09-13","card_status":1},{"userid":"lic2017@suninfo.com","card_time":"2018-09-13","card_status":1}]}
*************** response log end ***************

[2018-09-14T08:56:51.928] [INFO] resLog - 
*************** response log start ***************
request method: OPTIONS
request originalUrl:  /report/currentWeekReport/get
request client ip:  ::ffff:192.168.212.29
request body: 
{}
response time: 0
response status: 204
response body: 
undefined
*************** response log end ***************

[2018-09-14T08:56:51.933] [INFO] resLog - 
*************** response log start ***************
request method: OPTIONS
request originalUrl:  /punchcard/getLevelMember
request client ip:  ::ffff:192.168.212.29
request body: 
{}
response time: 0
response status: 204
response body: 
undefined
*************** response log end ***************

[2018-09-14T08:56:51.954] [INFO] resLog - 
*************** response log start ***************
request method: GET
request originalUrl:  /report/currentWeekReport/get
request client ip:  ::ffff:192.168.212.29
request query:  {}
response time: 2
response status: 200
response body: 
{"status":true,"data":[]}
*************** response log end ***************

[2018-09-14T08:56:51.978] [INFO] resLog - 
*************** response log start ***************
request method: POST
request originalUrl:  /punchcard/getLevelMember
request client ip:  ::ffff:192.168.212.29
request body: 
{"id":"1"}
response time: 3
response status: 200
response body: 
{"status":true,"data":[{"email":"lic2017@suninfo.com","name":"l李聪","sex":"male","remark":"","groupId":37,"role":"user","level":1,"collector":"0"},{"email":"test@qq.com","name":"youwg","sex":"male","remark":"www","groupId":37,"role":"user","level":1,"collector":"0"},{"email":"tom@suninfo.com","name":"张悦","sex":"female","remark":null,"groupId":38,"role":"user","level":1,"collector":"0"}]}
*************** response log end ***************

[2018-09-14T08:56:52.025] [INFO] resLog - 
*************** response log start ***************
request method: OPTIONS
request originalUrl:  /punchcard/monthList
request client ip:  ::ffff:192.168.212.29
request body: 
{}
response time: 0
response status: 204
response body: 
undefined
*************** response log end ***************

[2018-09-14T08:56:52.044] [INFO] resLog - 
*************** response log start ***************
request method: POST
request originalUrl:  /punchcard/monthList
request client ip:  ::ffff:192.168.212.29
request body: 
{"month":"2018-09"}
response time: 3
response status: 200
response body: 
{"status":true,"data":[{"userid":"tom@suninfo.com","card_time":"2018-09-11","card_status":1},{"userid":"tom@suninfo.com","card_time":"2018-09-10","card_status":1},{"userid":"tom@suninfo.com","card_time":"2018-09-12","card_status":1},{"userid":"tom@suninfo.com","card_time":"2018-09-09","card_status":1},{"userid":"tom@suninfo.com","card_time":"2018-09-13","card_status":1},{"userid":"lic2017@suninfo.com","card_time":"2018-09-13","card_status":1}]}
*************** response log end ***************

[2018-09-14T08:57:14.720] [INFO] resLog - 
*************** response log start ***************
request method: OPTIONS
request originalUrl:  /report/currentWeekReport/get
request client ip:  ::ffff:192.168.212.29
request body: 
{}
response time: 0
response status: 204
response body: 
undefined
*************** response log end ***************

[2018-09-14T08:57:14.726] [INFO] resLog - 
*************** response log start ***************
request method: OPTIONS
request originalUrl:  /punchcard/getLevelMember
request client ip:  ::ffff:192.168.212.29
request body: 
{}
response time: 0
response status: 204
response body: 
undefined
*************** response log end ***************

[2018-09-14T08:57:14.751] [INFO] resLog - 
*************** response log start ***************
request method: GET
request originalUrl:  /report/currentWeekReport/get
request client ip:  ::ffff:192.168.212.29
request query:  {}
response time: 2
response status: 200
response body: 
{"status":true,"data":[]}
*************** response log end ***************

[2018-09-14T08:57:14.758] [INFO] resLog - 
*************** response log start ***************
request method: POST
request originalUrl:  /punchcard/getLevelMember
request client ip:  ::ffff:192.168.212.29
request body: 
{"id":"1"}
response time: 3
response status: 200
response body: 
{"status":true,"data":[{"email":"lic2017@suninfo.com","name":"l李聪","sex":"male","remark":"","groupId":37,"role":"user","level":1,"collector":"0"},{"email":"test@qq.com","name":"youwg","sex":"male","remark":"www","groupId":37,"role":"user","level":1,"collector":"0"},{"email":"tom@suninfo.com","name":"张悦","sex":"female","remark":null,"groupId":38,"role":"user","level":1,"collector":"0"}]}
*************** response log end ***************

[2018-09-14T08:57:14.823] [INFO] resLog - 
*************** response log start ***************
request method: OPTIONS
request originalUrl:  /punchcard/monthList
request client ip:  ::ffff:192.168.212.29
request body: 
{}
response time: 0
response status: 204
response body: 
undefined
*************** response log end ***************

[2018-09-14T08:57:14.862] [INFO] resLog - 
*************** response log start ***************
request method: POST
request originalUrl:  /punchcard/monthList
request client ip:  ::ffff:192.168.212.29
request body: 
{"month":"2018-09"}
response time: 2
response status: 200
response body: 
{"status":true,"data":[{"userid":"tom@suninfo.com","card_time":"2018-09-11","card_status":1},{"userid":"tom@suninfo.com","card_time":"2018-09-10","card_status":1},{"userid":"tom@suninfo.com","card_time":"2018-09-12","card_status":1},{"userid":"tom@suninfo.com","card_time":"2018-09-09","card_status":1},{"userid":"tom@suninfo.com","card_time":"2018-09-13","card_status":1},{"userid":"lic2017@suninfo.com","card_time":"2018-09-13","card_status":1}]}
*************** response log end ***************

[2018-09-14T08:57:32.772] [INFO] resLog - 
*************** response log start ***************
request method: OPTIONS
request originalUrl:  /report/currentWeekReport/get
request client ip:  ::ffff:192.168.212.29
request body: 
{}
response time: 0
response status: 204
response body: 
undefined
*************** response log end ***************

[2018-09-14T08:57:32.779] [INFO] resLog - 
*************** response log start ***************
request method: OPTIONS
request originalUrl:  /punchcard/getLevelMember
request client ip:  ::ffff:192.168.212.29
request body: 
{}
response time: 0
response status: 204
response body: 
undefined
*************** response log end ***************

[2018-09-14T08:57:32.813] [INFO] resLog - 
*************** response log start ***************
request method: GET
request originalUrl:  /report/currentWeekReport/get
request client ip:  ::ffff:192.168.212.29
request query:  {}
response time: 2
response status: 200
response body: 
{"status":true,"data":[]}
*************** response log end ***************

[2018-09-14T08:57:32.847] [INFO] resLog - 
*************** response log start ***************
request method: POST
request originalUrl:  /punchcard/getLevelMember
request client ip:  ::ffff:192.168.212.29
request body: 
{"id":"1"}
response time: 1
response status: 200
response body: 
{"status":true,"data":[{"email":"lic2017@suninfo.com","name":"l李聪","sex":"male","remark":"","groupId":37,"role":"user","level":1,"collector":"0"},{"email":"test@qq.com","name":"youwg","sex":"male","remark":"www","groupId":37,"role":"user","level":1,"collector":"0"},{"email":"tom@suninfo.com","name":"张悦","sex":"female","remark":null,"groupId":38,"role":"user","level":1,"collector":"0"}]}
*************** response log end ***************

[2018-09-14T08:57:32.874] [INFO] resLog - 
*************** response log start ***************
request method: OPTIONS
request originalUrl:  /punchcard/monthList
request client ip:  ::ffff:192.168.212.29
request body: 
{}
response time: 0
response status: 204
response body: 
undefined
*************** response log end ***************

[2018-09-14T08:57:32.907] [INFO] resLog - 
*************** response log start ***************
request method: POST
request originalUrl:  /punchcard/monthList
request client ip:  ::ffff:192.168.212.29
request body: 
{"month":"2018-09"}
response time: 4
response status: 200
response body: 
{"status":true,"data":[{"userid":"tom@suninfo.com","card_time":"2018-09-11","card_status":1},{"userid":"tom@suninfo.com","card_time":"2018-09-10","card_status":1},{"userid":"tom@suninfo.com","card_time":"2018-09-12","card_status":1},{"userid":"tom@suninfo.com","card_time":"2018-09-09","card_status":1},{"userid":"tom@suninfo.com","card_time":"2018-09-13","card_status":1},{"userid":"lic2017@suninfo.com","card_time":"2018-09-13","card_status":1}]}
*************** response log end ***************

[2018-09-14T08:57:57.605] [INFO] resLog - 
*************** response log start ***************
request method: OPTIONS
request originalUrl:  /report/currentWeekReport/get
request client ip:  ::ffff:192.168.212.29
request body: 
{}
response time: 0
response status: 204
response body: 
undefined
*************** response log end ***************

[2018-09-14T08:57:57.609] [INFO] resLog - 
*************** response log start ***************
request method: OPTIONS
request originalUrl:  /punchcard/getLevelMember
request client ip:  ::ffff:192.168.212.29
request body: 
{}
response time: 0
response status: 204
response body: 
undefined
*************** response log end ***************

[2018-09-14T08:57:57.632] [INFO] resLog - 
*************** response log start ***************
request method: GET
request originalUrl:  /report/currentWeekReport/get
request client ip:  ::ffff:192.168.212.29
request query:  {}
response time: 4
response status: 200
response body: 
{"status":true,"data":[]}
*************** response log end ***************

[2018-09-14T08:57:57.638] [INFO] resLog - 
*************** response log start ***************
request method: POST
request originalUrl:  /punchcard/getLevelMember
request client ip:  ::ffff:192.168.212.29
request body: 
{"id":"1"}
response time: 1
response status: 200
response body: 
{"status":true,"data":[{"email":"lic2017@suninfo.com","name":"l李聪","sex":"male","remark":"","groupId":37,"role":"user","level":1,"collector":"0"},{"email":"test@qq.com","name":"youwg","sex":"male","remark":"www","groupId":37,"role":"user","level":1,"collector":"0"},{"email":"tom@suninfo.com","name":"张悦","sex":"female","remark":null,"groupId":38,"role":"user","level":1,"collector":"0"}]}
*************** response log end ***************

[2018-09-14T08:57:57.691] [INFO] resLog - 
*************** response log start ***************
request method: OPTIONS
request originalUrl:  /punchcard/monthList
request client ip:  ::ffff:192.168.212.29
request body: 
{}
response time: 0
response status: 204
response body: 
undefined
*************** response log end ***************

[2018-09-14T08:57:57.711] [INFO] resLog - 
*************** response log start ***************
request method: POST
request originalUrl:  /punchcard/monthList
request client ip:  ::ffff:192.168.212.29
request body: 
{"month":"2018-09"}
response time: 2
response status: 200
response body: 
{"status":true,"data":[{"userid":"tom@suninfo.com","card_time":"2018-09-11","card_status":1},{"userid":"tom@suninfo.com","card_time":"2018-09-10","card_status":1},{"userid":"tom@suninfo.com","card_time":"2018-09-12","card_status":1},{"userid":"tom@suninfo.com","card_time":"2018-09-09","card_status":1},{"userid":"tom@suninfo.com","card_time":"2018-09-13","card_status":1},{"userid":"lic2017@suninfo.com","card_time":"2018-09-13","card_status":1}]}
*************** response log end ***************

[2018-09-14T08:58:20.247] [INFO] resLog - 
*************** response log start ***************
request method: OPTIONS
request originalUrl:  /punchcard/monthList
request client ip:  ::ffff:192.168.212.29
request body: 
{}
response time: 0
response status: 204
response body: 
undefined
*************** response log end ***************

[2018-09-14T08:58:20.255] [INFO] resLog - 
*************** response log start ***************
request method: POST
request originalUrl:  /punchcard/monthList
request client ip:  ::ffff:192.168.212.29
request body: 
{"month":"2018-02"}
response time: 1
response status: 200
response body: 
{"status":true,"data":[]}
*************** response log end ***************

[2018-09-14T08:58:29.396] [INFO] resLog - 
*************** response log start ***************
request method: OPTIONS
request originalUrl:  /report/currentWeekReport/get
request client ip:  ::ffff:192.168.212.29
request body: 
{}
response time: 0
response status: 204
response body: 
undefined
*************** response log end ***************

[2018-09-14T08:58:29.402] [INFO] resLog - 
*************** response log start ***************
request method: OPTIONS
request originalUrl:  /punchcard/getLevelMember
request client ip:  ::ffff:192.168.212.29
request body: 
{}
response time: 1
response status: 204
response body: 
undefined
*************** response log end ***************

[2018-09-14T08:58:29.436] [INFO] resLog - 
*************** response log start ***************
request method: GET
request originalUrl:  /report/currentWeekReport/get
request client ip:  ::ffff:192.168.212.29
request query:  {}
response time: 1
response status: 200
response body: 
{"status":true,"data":[]}
*************** response log end ***************

[2018-09-14T08:58:29.478] [INFO] resLog - 
*************** response log start ***************
request method: POST
request originalUrl:  /punchcard/getLevelMember
request client ip:  ::ffff:192.168.212.29
request body: 
{"id":"1"}
response time: 2
response status: 200
response body: 
{"status":true,"data":[{"email":"lic2017@suninfo.com","name":"l李聪","sex":"male","remark":"","groupId":37,"role":"user","level":1,"collector":"0"},{"email":"test@qq.com","name":"youwg","sex":"male","remark":"www","groupId":37,"role":"user","level":1,"collector":"0"},{"email":"tom@suninfo.com","name":"张悦","sex":"female","remark":null,"groupId":38,"role":"user","level":1,"collector":"0"}]}
*************** response log end ***************

[2018-09-14T08:58:29.499] [INFO] resLog - 
*************** response log start ***************
request method: OPTIONS
request originalUrl:  /punchcard/monthList
request client ip:  ::ffff:192.168.212.29
request body: 
{}
response time: 0
response status: 204
response body: 
undefined
*************** response log end ***************

[2018-09-14T08:58:29.526] [INFO] resLog - 
*************** response log start ***************
request method: POST
request originalUrl:  /punchcard/monthList
request client ip:  ::ffff:192.168.212.29
request body: 
{"month":"2018-09"}
response time: 1
response status: 200
response body: 
{"status":true,"data":[{"userid":"tom@suninfo.com","card_time":"2018-09-11","card_status":1},{"userid":"tom@suninfo.com","card_time":"2018-09-10","card_status":1},{"userid":"tom@suninfo.com","card_time":"2018-09-12","card_status":1},{"userid":"tom@suninfo.com","card_time":"2018-09-09","card_status":1},{"userid":"tom@suninfo.com","card_time":"2018-09-13","card_status":1},{"userid":"lic2017@suninfo.com","card_time":"2018-09-13","card_status":1}]}
*************** response log end ***************

[2018-09-14T08:59:40.129] [INFO] resLog - 
*************** response log start ***************
request method: OPTIONS
request originalUrl:  /report/currentWeekReport/get
request client ip:  ::ffff:192.168.212.29
request body: 
{}
response time: 1
response status: 204
response body: 
undefined
*************** response log end ***************

[2018-09-14T08:59:40.133] [INFO] resLog - 
*************** response log start ***************
request method: OPTIONS
request originalUrl:  /punchcard/getLevelMember
request client ip:  ::ffff:192.168.212.29
request body: 
{}
response time: 0
response status: 204
response body: 
undefined
*************** response log end ***************

[2018-09-14T08:59:40.166] [INFO] resLog - 
*************** response log start ***************
request method: GET
request originalUrl:  /report/currentWeekReport/get
request client ip:  ::ffff:192.168.212.29
request query:  {}
response time: 2
response status: 200
response body: 
{"status":true,"data":[]}
*************** response log end ***************

[2018-09-14T08:59:40.181] [INFO] resLog - 
*************** response log start ***************
request method: POST
request originalUrl:  /punchcard/getLevelMember
request client ip:  ::ffff:192.168.212.29
request body: 
{"id":"1"}
response time: 3
response status: 200
response body: 
{"status":true,"data":[{"email":"lic2017@suninfo.com","name":"l李聪","sex":"male","remark":"","groupId":37,"role":"user","level":1,"collector":"0"},{"email":"test@qq.com","name":"youwg","sex":"male","remark":"www","groupId":37,"role":"user","level":1,"collector":"0"},{"email":"tom@suninfo.com","name":"张悦","sex":"female","remark":null,"groupId":38,"role":"user","level":1,"collector":"0"}]}
*************** response log end ***************

[2018-09-14T08:59:40.230] [INFO] resLog - 
*************** response log start ***************
request method: OPTIONS
request originalUrl:  /punchcard/monthList
request client ip:  ::ffff:192.168.212.29
request body: 
{}
response time: 0
response status: 204
response body: 
undefined
*************** response log end ***************

[2018-09-14T08:59:40.271] [INFO] resLog - 
*************** response log start ***************
request method: POST
request originalUrl:  /punchcard/monthList
request client ip:  ::ffff:192.168.212.29
request body: 
{"month":"2018-09"}
response time: 8
response status: 200
response body: 
{"status":true,"data":[{"userid":"tom@suninfo.com","card_time":"2018-09-11","card_status":1},{"userid":"tom@suninfo.com","card_time":"2018-09-10","card_status":1},{"userid":"tom@suninfo.com","card_time":"2018-09-12","card_status":1},{"userid":"tom@suninfo.com","card_time":"2018-09-09","card_status":1},{"userid":"tom@suninfo.com","card_time":"2018-09-13","card_status":1},{"userid":"lic2017@suninfo.com","card_time":"2018-09-13","card_status":1}]}
*************** response log end ***************

[2018-09-14T08:59:46.760] [INFO] resLog - 
*************** response log start ***************
request method: OPTIONS
request originalUrl:  /user/logOut
request client ip:  ::ffff:192.168.212.29
request body: 
{}
response time: 0
response status: 204
response body: 
undefined
*************** response log end ***************

[2018-09-14T08:59:46.770] [INFO] resLog - 
*************** response log start ***************
request method: GET
request originalUrl:  /user/logOut
request client ip:  ::ffff:192.168.212.29
request query:  {}
response time: 1
response status: 200
response body: 
{"status":true,"data":"系统已退出！"}
*************** response log end ***************

[2018-09-14T08:59:56.095] [INFO] resLog - 
*************** response log start ***************
request method: OPTIONS
request originalUrl:  /user/adminLogin
request client ip:  ::ffff:192.168.212.29
request body: 
{}
response time: 0
response status: 204
response body: 
undefined
*************** response log end ***************

[2018-09-14T08:59:56.103] [INFO] resLog - 
*************** response log start ***************
request method: POST
request originalUrl:  /user/adminLogin
request client ip:  ::ffff:192.168.212.29
request body: 
{"email":"admin","password":"123456"}
response time: 2
response status: 200
response body: 
{"status":false,"data":"密码有误！"}
*************** response log end ***************

[2018-09-14T08:59:58.868] [INFO] resLog - 
*************** response log start ***************
request method: POST
request originalUrl:  /user/adminLogin
request client ip:  ::ffff:192.168.212.29
request body: 
{"email":"admin","password":"admin"}
response time: 2
response status: 200
response body: 
{"status":true,"data":{"email":"admin","name":"admin","sex":"male","remark":"admin","groupId":0,"role":"admin","level":"0","collector":"0"}}
*************** response log end ***************

[2018-09-14T08:59:58.972] [INFO] resLog - 
*************** response log start ***************
request method: OPTIONS
request originalUrl:  /group/groupManage/get
request client ip:  ::ffff:192.168.212.29
request body: 
{}
response time: 0
response status: 204
response body: 
undefined
*************** response log end ***************

[2018-09-14T08:59:58.986] [INFO] resLog - 
*************** response log start ***************
request method: GET
request originalUrl:  /group/groupManage/get
request client ip:  ::ffff:192.168.212.29
request query:  {}
response time: 1
response status: 200
response body: 
{"status":true,"data":[{"id":37,"name":"CA大平台-IMP组-前端","memberNum":0,"remark":"CA大平台-IMP组-前端，sunflower，一个潮气蓬勃，潜力无限，有梦想有追求的前端团队。","createTime":"2018-09-11T11:15:45.000Z","combine":1},{"id":38,"name":"测试","memberNum":0,"remark":"测试","createTime":"2018-09-11T11:15:45.000Z","combine":1}]}
*************** response log end ***************

