[2018-10-15T09:04:55.152] [INFO] resLog - 
*************** response log start ***************
request method: OPTIONS
request originalUrl:  /group/groupManage/get
request client ip:  ::ffff:192.168.212.29
request body: 
{}
response time: 6
response status: 204
response body: 
undefined
*************** response log end ***************

[2018-10-15T09:04:55.181] [INFO] resLog - 
*************** response log start ***************
request method: GET
request originalUrl:  /group/groupManage/get
request client ip:  ::ffff:192.168.212.29
request query:  {}
response time: 4
response status: 200
response body: 
{"status":true,"data":[{"id":37,"name":"前端","memberNum":9,"remark":"前端","createTime":"2018-09-03T03:10:08.000Z","combine":1},{"id":43,"name":"美工","memberNum":3,"remark":"美工","createTime":"2018-03-23T06:20:19.000Z","combine":"0"},{"id":44,"name":"测试","memberNum":8,"remark":"测试小组","createTime":"2018-04-13T09:09:05.000Z","combine":"0"},{"id":45,"name":"后端","memberNum":14,"remark":"后端","createTime":"2018-09-03T03:10:08.000Z","combine":1},{"id":48,"name":"产品","memberNum":0,"remark":"产品","createTime":"2018-10-12T12:46:32.000Z","combine":"0"}]}
*************** response log end ***************

[2018-10-15T09:04:55.999] [INFO] resLog - 
*************** response log start ***************
request method: OPTIONS
request originalUrl:  /user/getSendMailUser
request client ip:  ::ffff:192.168.212.29
request body: 
{}
response time: 0
response status: 204
response body: 
undefined
*************** response log end ***************

[2018-10-15T09:04:56.009] [INFO] resLog - 
*************** response log start ***************
request method: GET
request originalUrl:  /user/getSendMailUser
request client ip:  ::ffff:192.168.212.29
request query:  {}
response time: 0
response status: 200
response body: 
{"status":false,"data":"Not Login"}
*************** response log end ***************

[2018-10-15T09:05:00.690] [INFO] resLog - 
*************** response log start ***************
request method: OPTIONS
request originalUrl:  /user/adminLogin
request client ip:  ::ffff:192.168.212.29
request body: 
{}
response time: 0
response status: 204
response body: 
undefined
*************** response log end ***************

[2018-10-15T09:05:00.699] [INFO] resLog - 
*************** response log start ***************
request method: POST
request originalUrl:  /user/adminLogin
request client ip:  ::ffff:192.168.212.29
request body: 
{"email":"admin","password":"admin"}
response time: 2
response status: 200
response body: 
{"status":true,"data":{"email":"admin","name":"admin","sex":"male","remark":"admin","groupId":1,"role":"admin","collector":"0","level":"0"}}
*************** response log end ***************

[2018-10-15T09:05:00.830] [INFO] resLog - 
*************** response log start ***************
request method: OPTIONS
request originalUrl:  /group/groupManage/get
request client ip:  ::ffff:192.168.212.29
request body: 
{}
response time: 0
response status: 204
response body: 
undefined
*************** response log end ***************

[2018-10-15T09:05:00.851] [INFO] resLog - 
*************** response log start ***************
request method: GET
request originalUrl:  /group/groupManage/get
request client ip:  ::ffff:192.168.212.29
request query:  {}
response time: 3
response status: 200
response body: 
{"status":true,"data":[{"id":37,"name":"前端","memberNum":9,"remark":"前端","createTime":"2018-09-03T03:10:08.000Z","combine":1},{"id":43,"name":"美工","memberNum":3,"remark":"美工","createTime":"2018-03-23T06:20:19.000Z","combine":"0"},{"id":44,"name":"测试","memberNum":8,"remark":"测试小组","createTime":"2018-04-13T09:09:05.000Z","combine":"0"},{"id":45,"name":"后端","memberNum":14,"remark":"后端","createTime":"2018-09-03T03:10:08.000Z","combine":1},{"id":48,"name":"产品","memberNum":0,"remark":"产品","createTime":"2018-10-12T12:46:32.000Z","combine":"0"}]}
*************** response log end ***************

[2018-10-15T09:05:23.196] [INFO] resLog - 
*************** response log start ***************
request method: OPTIONS
request originalUrl:  /punchcard/getLevelMember
request client ip:  ::ffff:192.168.212.29
request body: 
{}
response time: 0
response status: 204
response body: 
undefined
*************** response log end ***************

[2018-10-15T09:05:23.197] [INFO] resLog - 
*************** response log start ***************
request method: OPTIONS
request originalUrl:  /punchcard/getLevelMember
request client ip:  ::ffff:192.168.212.29
request body: 
{}
response time: 0
response status: 204
response body: 
undefined
*************** response log end ***************

[2018-10-15T09:05:23.223] [INFO] resLog - 
*************** response log start ***************
request method: POST
request originalUrl:  /punchcard/getLevelMember
request client ip:  ::ffff:192.168.212.29
request body: 
{"id":"1"}
response time: 10
response status: 200
response body: 
{"status":true,"data":[{"email":"chenkun@suninfo.com","name":"陈坤","sex":"male"},{"email":"liyanna@suninfo.com","name":"李妍娜","sex":"female"}]}
*************** response log end ***************

[2018-10-15T09:05:23.228] [INFO] resLog - 
*************** response log start ***************
request method: POST
request originalUrl:  /punchcard/getLevelMember
request client ip:  ::ffff:192.168.212.29
request body: 
{"id":"2"}
response time: 7
response status: 200
response body: 
{"status":true,"data":[{"email":"liw@suninfo.com","name":"李巍","sex":"male"},{"email":"yanghf@suninfo.com","name":"杨海飞","sex":"male"},{"email":"zhouj@suninfo.com","name":"周靖","sex":"female"}]}
*************** response log end ***************

[2018-10-15T09:05:28.819] [INFO] resLog - 
*************** response log start ***************
request method: OPTIONS
request originalUrl:  /group/groupManage/get
request client ip:  ::ffff:192.168.212.29
request body: 
{}
response time: 0
response status: 204
response body: 
undefined
*************** response log end ***************

[2018-10-15T09:05:28.833] [INFO] resLog - 
*************** response log start ***************
request method: GET
request originalUrl:  /group/groupManage/get
request client ip:  ::ffff:192.168.212.29
request query:  {}
response time: 2
response status: 200
response body: 
{"status":true,"data":[{"id":37,"name":"前端","memberNum":9,"remark":"前端","createTime":"2018-09-03T03:10:08.000Z","combine":1},{"id":43,"name":"美工","memberNum":3,"remark":"美工","createTime":"2018-03-23T06:20:19.000Z","combine":"0"},{"id":44,"name":"测试","memberNum":8,"remark":"测试小组","createTime":"2018-04-13T09:09:05.000Z","combine":"0"},{"id":45,"name":"后端","memberNum":14,"remark":"后端","createTime":"2018-09-03T03:10:08.000Z","combine":1},{"id":48,"name":"产品","memberNum":0,"remark":"产品","createTime":"2018-10-12T12:46:32.000Z","combine":"0"}]}
*************** response log end ***************

[2018-10-15T09:05:29.421] [INFO] resLog - 
*************** response log start ***************
request method: OPTIONS
request originalUrl:  /punchcard/getLevelMember
request client ip:  ::ffff:192.168.212.29
request body: 
{}
response time: 0
response status: 204
response body: 
undefined
*************** response log end ***************

[2018-10-15T09:05:29.423] [INFO] resLog - 
*************** response log start ***************
request method: OPTIONS
request originalUrl:  /punchcard/getLevelMember
request client ip:  ::ffff:192.168.212.29
request body: 
{}
response time: 1
response status: 204
response body: 
undefined
*************** response log end ***************

[2018-10-15T09:05:29.445] [INFO] resLog - 
*************** response log start ***************
request method: POST
request originalUrl:  /punchcard/getLevelMember
request client ip:  ::ffff:192.168.212.29
request body: 
{"id":"1"}
response time: 8
response status: 200
response body: 
{"status":true,"data":[{"email":"chenkun@suninfo.com","name":"陈坤","sex":"male"},{"email":"liyanna@suninfo.com","name":"李妍娜","sex":"female"}]}
*************** response log end ***************

[2018-10-15T09:05:29.448] [INFO] resLog - 
*************** response log start ***************
request method: POST
request originalUrl:  /punchcard/getLevelMember
request client ip:  ::ffff:192.168.212.29
request body: 
{"id":"2"}
response time: 10
response status: 200
response body: 
{"status":true,"data":[{"email":"liw@suninfo.com","name":"李巍","sex":"male"},{"email":"yanghf@suninfo.com","name":"杨海飞","sex":"male"},{"email":"zhouj@suninfo.com","name":"周靖","sex":"female"}]}
*************** response log end ***************

[2018-10-15T09:05:30.862] [INFO] resLog - 
*************** response log start ***************
request method: GET
request originalUrl:  /group/groupManage/get
request client ip:  ::ffff:192.168.212.29
request query:  {}
response time: 6
response status: 200
response body: 
{"status":true,"data":[{"id":37,"name":"前端","memberNum":9,"remark":"前端","createTime":"2018-09-03T03:10:08.000Z","combine":1},{"id":43,"name":"美工","memberNum":3,"remark":"美工","createTime":"2018-03-23T06:20:19.000Z","combine":"0"},{"id":44,"name":"测试","memberNum":8,"remark":"测试小组","createTime":"2018-04-13T09:09:05.000Z","combine":"0"},{"id":45,"name":"后端","memberNum":14,"remark":"后端","createTime":"2018-09-03T03:10:08.000Z","combine":1},{"id":48,"name":"产品","memberNum":0,"remark":"产品","createTime":"2018-10-12T12:46:32.000Z","combine":"0"}]}
*************** response log end ***************

[2018-10-15T09:22:43.335] [INFO] resLog - 
*************** response log start ***************
request method: OPTIONS
request originalUrl:  /group/groupManage/get
request client ip:  ::ffff:192.168.212.29
request body: 
{}
response time: 0
response status: 204
response body: 
undefined
*************** response log end ***************

[2018-10-15T09:22:43.336] [INFO] resLog - 
*************** response log start ***************
request method: OPTIONS
request originalUrl:  /group/groupManage/get
request client ip:  ::ffff:192.168.212.29
request body: 
{}
response time: 1
response status: 204
response body: 
undefined
*************** response log end ***************

[2018-10-15T09:22:43.378] [INFO] resLog - 
*************** response log start ***************
request method: GET
request originalUrl:  /group/groupManage/get
request client ip:  ::ffff:192.168.212.29
request query:  {}
response time: 1
response status: 200
response body: 
{"status":true,"data":[{"id":37,"name":"前端","memberNum":9,"remark":"前端","createTime":"2018-09-03T03:10:08.000Z","combine":1},{"id":43,"name":"美工","memberNum":3,"remark":"美工","createTime":"2018-03-23T06:20:19.000Z","combine":"0"},{"id":44,"name":"测试","memberNum":8,"remark":"测试小组","createTime":"2018-04-13T09:09:05.000Z","combine":"0"},{"id":45,"name":"后端","memberNum":14,"remark":"后端","createTime":"2018-09-03T03:10:08.000Z","combine":1},{"id":48,"name":"产品","memberNum":0,"remark":"产品","createTime":"2018-10-12T12:46:32.000Z","combine":"0"}]}
*************** response log end ***************

[2018-10-15T09:22:43.387] [INFO] resLog - 
*************** response log start ***************
request method: GET
request originalUrl:  /group/groupManage/get
request client ip:  ::ffff:192.168.212.29
request query:  {}
response time: 1
response status: 200
response body: 
{"status":true,"data":[{"id":37,"name":"前端","memberNum":9,"remark":"前端","createTime":"2018-09-03T03:10:08.000Z","combine":1},{"id":43,"name":"美工","memberNum":3,"remark":"美工","createTime":"2018-03-23T06:20:19.000Z","combine":"0"},{"id":44,"name":"测试","memberNum":8,"remark":"测试小组","createTime":"2018-04-13T09:09:05.000Z","combine":"0"},{"id":45,"name":"后端","memberNum":14,"remark":"后端","createTime":"2018-09-03T03:10:08.000Z","combine":1},{"id":48,"name":"产品","memberNum":0,"remark":"产品","createTime":"2018-10-12T12:46:32.000Z","combine":"0"}]}
*************** response log end ***************

[2018-10-15T09:39:20.962] [INFO] resLog - 
*************** response log start ***************
request method: OPTIONS
request originalUrl:  /group/groupManage/get
request client ip:  ::ffff:192.168.212.29
request body: 
{}
response time: 0
response status: 204
response body: 
undefined
*************** response log end ***************

[2018-10-15T09:39:20.964] [INFO] resLog - 
*************** response log start ***************
request method: OPTIONS
request originalUrl:  /group/groupManage/get
request client ip:  ::ffff:192.168.212.29
request body: 
{}
response time: 0
response status: 204
response body: 
undefined
*************** response log end ***************

[2018-10-15T09:39:21.003] [INFO] resLog - 
*************** response log start ***************
request method: GET
request originalUrl:  /group/groupManage/get
request client ip:  ::ffff:192.168.212.29
request query:  {}
response time: 1
response status: 200
response body: 
{"status":true,"data":[{"id":37,"name":"前端","memberNum":9,"remark":"前端","createTime":"2018-09-03T03:10:08.000Z","combine":1},{"id":43,"name":"美工","memberNum":3,"remark":"美工","createTime":"2018-03-23T06:20:19.000Z","combine":"0"},{"id":44,"name":"测试","memberNum":8,"remark":"测试小组","createTime":"2018-04-13T09:09:05.000Z","combine":"0"},{"id":45,"name":"后端","memberNum":14,"remark":"后端","createTime":"2018-09-03T03:10:08.000Z","combine":1},{"id":48,"name":"产品","memberNum":0,"remark":"产品","createTime":"2018-10-12T12:46:32.000Z","combine":"0"}]}
*************** response log end ***************

[2018-10-15T09:39:21.009] [INFO] resLog - 
*************** response log start ***************
request method: GET
request originalUrl:  /group/groupManage/get
request client ip:  ::ffff:192.168.212.29
request query:  {}
response time: 1
response status: 200
response body: 
{"status":true,"data":[{"id":37,"name":"前端","memberNum":9,"remark":"前端","createTime":"2018-09-03T03:10:08.000Z","combine":1},{"id":43,"name":"美工","memberNum":3,"remark":"美工","createTime":"2018-03-23T06:20:19.000Z","combine":"0"},{"id":44,"name":"测试","memberNum":8,"remark":"测试小组","createTime":"2018-04-13T09:09:05.000Z","combine":"0"},{"id":45,"name":"后端","memberNum":14,"remark":"后端","createTime":"2018-09-03T03:10:08.000Z","combine":1},{"id":48,"name":"产品","memberNum":0,"remark":"产品","createTime":"2018-10-12T12:46:32.000Z","combine":"0"}]}
*************** response log end ***************

[2018-10-15T09:41:36.030] [INFO] resLog - 
*************** response log start ***************
request method: OPTIONS
request originalUrl:  /group/groupManage/get
request client ip:  ::ffff:192.168.212.29
request body: 
{}
response time: 2
response status: 204
response body: 
undefined
*************** response log end ***************

[2018-10-15T09:41:36.036] [INFO] resLog - 
*************** response log start ***************
request method: OPTIONS
request originalUrl:  /group/groupManage/get
request client ip:  ::ffff:192.168.212.29
request body: 
{}
response time: 0
response status: 204
response body: 
undefined
*************** response log end ***************

[2018-10-15T09:41:36.174] [INFO] resLog - 
*************** response log start ***************
request method: GET
request originalUrl:  /group/groupManage/get
request client ip:  ::ffff:192.168.212.29
request query:  {}
response time: 10
response status: 200
response body: 
{"status":true,"data":[{"id":37,"name":"前端","memberNum":9,"remark":"前端","createTime":"2018-09-03T03:10:08.000Z","combine":1},{"id":43,"name":"美工","memberNum":3,"remark":"美工","createTime":"2018-03-23T06:20:19.000Z","combine":"0"},{"id":44,"name":"测试","memberNum":8,"remark":"测试小组","createTime":"2018-04-13T09:09:05.000Z","combine":"0"},{"id":45,"name":"后端","memberNum":14,"remark":"后端","createTime":"2018-09-03T03:10:08.000Z","combine":1},{"id":48,"name":"产品","memberNum":0,"remark":"产品","createTime":"2018-10-12T12:46:32.000Z","combine":"0"}]}
*************** response log end ***************

[2018-10-15T09:41:36.184] [INFO] resLog - 
*************** response log start ***************
request method: GET
request originalUrl:  /group/groupManage/get
request client ip:  ::ffff:192.168.212.29
request query:  {}
response time: 4
response status: 200
response body: 
{"status":true,"data":[{"id":37,"name":"前端","memberNum":9,"remark":"前端","createTime":"2018-09-03T03:10:08.000Z","combine":1},{"id":43,"name":"美工","memberNum":3,"remark":"美工","createTime":"2018-03-23T06:20:19.000Z","combine":"0"},{"id":44,"name":"测试","memberNum":8,"remark":"测试小组","createTime":"2018-04-13T09:09:05.000Z","combine":"0"},{"id":45,"name":"后端","memberNum":14,"remark":"后端","createTime":"2018-09-03T03:10:08.000Z","combine":1},{"id":48,"name":"产品","memberNum":0,"remark":"产品","createTime":"2018-10-12T12:46:32.000Z","combine":"0"}]}
*************** response log end ***************

[2018-10-15T09:41:45.088] [INFO] resLog - 
*************** response log start ***************
request method: OPTIONS
request originalUrl:  /user/logOut
request client ip:  ::ffff:192.168.212.29
request body: 
{}
response time: 0
response status: 204
response body: 
undefined
*************** response log end ***************

[2018-10-15T09:41:45.108] [INFO] resLog - 
*************** response log start ***************
request method: GET
request originalUrl:  /user/logOut
request client ip:  ::ffff:192.168.212.29
request query:  {}
response time: 0
response status: 200
response body: 
{"status":false,"data":"Not Login"}
*************** response log end ***************

[2018-10-15T09:42:06.612] [INFO] resLog - 
*************** response log start ***************
request method: OPTIONS
request originalUrl:  /user/login
request client ip:  ::ffff:192.168.212.29
request body: 
{}
response time: 1
response status: 204
response body: 
undefined
*************** response log end ***************

[2018-10-15T09:42:06.644] [INFO] resLog - 
*************** response log start ***************
request method: POST
request originalUrl:  /user/login
request client ip:  ::ffff:192.168.212.29
request body: 
{"email":"dingyf@suninfo.com","password":"ding39580726"}
response time: 6
response status: 200
response body: 
{"status":true,"data":{"email":"dingyf@suninfo.com","name":"丁亚飞","sex":"male","remark":"","groupId":37,"role":"user","collector":1,"level":"0"}}
*************** response log end ***************

[2018-10-15T09:42:06.718] [INFO] resLog - 
*************** response log start ***************
request method: OPTIONS
request originalUrl:  /report/currentWeekReport/get
request client ip:  ::ffff:192.168.212.29
request body: 
{}
response time: 4
response status: 204
response body: 
undefined
*************** response log end ***************

[2018-10-15T09:42:06.772] [INFO] resLog - 
*************** response log start ***************
request method: GET
request originalUrl:  /report/currentWeekReport/get
request client ip:  ::ffff:192.168.212.29
request query:  {}
response time: 5
response status: 200
response body: 
{"status":true,"data":[]}
*************** response log end ***************

[2018-10-15T09:42:08.387] [INFO] resLog - 
*************** response log start ***************
request method: OPTIONS
request originalUrl:  /report/getCollectGroupCurrentWeekPort/get
request client ip:  ::ffff:192.168.212.29
request body: 
{}
response time: 0
response status: 204
response body: 
undefined
*************** response log end ***************

[2018-10-15T09:42:08.389] [INFO] resLog - 
*************** response log start ***************
request method: OPTIONS
request originalUrl:  /group/groupManage/get
request client ip:  ::ffff:192.168.212.29
request body: 
{}
response time: 0
response status: 204
response body: 
undefined
*************** response log end ***************

[2018-10-15T09:42:08.419] [INFO] resLog - 
*************** response log start ***************
request method: POST
request originalUrl:  /report/getCollectGroupCurrentWeekPort/get
request client ip:  ::ffff:192.168.212.29
request body: 
{"collector":1}
response time: 13
response status: 200
response body: 
{"status":true,"data":[]}
*************** response log end ***************

[2018-10-15T09:42:08.426] [INFO] resLog - 
*************** response log start ***************
request method: GET
request originalUrl:  /group/groupManage/get
request client ip:  ::ffff:192.168.212.29
request query:  {}
response time: 17
response status: 200
response body: 
{"status":true,"data":[{"id":37,"name":"前端","memberNum":9,"remark":"前端","createTime":"2018-09-03T03:10:08.000Z","combine":1},{"id":43,"name":"美工","memberNum":3,"remark":"美工","createTime":"2018-03-23T06:20:19.000Z","combine":"0"},{"id":44,"name":"测试","memberNum":8,"remark":"测试小组","createTime":"2018-04-13T09:09:05.000Z","combine":"0"},{"id":45,"name":"后端","memberNum":14,"remark":"后端","createTime":"2018-09-03T03:10:08.000Z","combine":1},{"id":48,"name":"产品","memberNum":0,"remark":"产品","createTime":"2018-10-12T12:46:32.000Z","combine":"0"}]}
*************** response log end ***************

[2018-10-15T09:42:08.450] [INFO] resLog - 
*************** response log start ***************
request method: OPTIONS
request originalUrl:  /group/groupManage/getGroupsMember
request client ip:  ::ffff:192.168.212.29
request body: 
{}
response time: 1
response status: 204
response body: 
undefined
*************** response log end ***************

[2018-10-15T09:42:08.452] [INFO] resLog - 
*************** response log start ***************
request method: OPTIONS
request originalUrl:  /user/getSendMailUser
request client ip:  ::ffff:192.168.212.29
request body: 
{}
response time: 1
response status: 204
response body: 
undefined
*************** response log end ***************

[2018-10-15T09:42:08.479] [INFO] resLog - 
*************** response log start ***************
request method: POST
request originalUrl:  /group/groupManage/getGroupsMember
request client ip:  ::ffff:192.168.212.29
request body: 
{"idList":[37,45]}
response time: 10
response status: 200
response body: 
{"status":true,"data":[{"email":"caolx@suninfo.com","name":"曹立鑫","sex":"male","remark":"Sunflower — 前端工程师一枚","groupId":37,"role":"user","collector":"0","level":"0"},{"email":"chao_wang@suninfo.com","name":"王超","sex":"male","remark":"","groupId":45,"role":"user","collector":1,"level":"0"},{"email":"chenkun@suninfo.com","name":"陈坤","sex":"male","remark":"实习","groupId":45,"role":"user","collector":"0","level":1},{"email":"dingyf@suninfo.com","name":"丁亚飞","sex":"male","remark":"","groupId":37,"role":"user","collector":1,"level":"0"},{"email":"fant@suninfo.com","name":"樊婷","sex":"female","remark":"","groupId":45,"role":"user","collector":1,"level":"0"},{"email":"gaoyu@suninfo.com","name":"高瑜","sex":"female","remark":"","groupId":45,"role":"user","collector":"0","level":"0"},{"email":"geal@suninfo.com","name":"葛阿雷","sex":"male","remark":"","groupId":45,"role":"user","collector":"0","level":"0"},{"email":"huog@suninfo.com","name":"霍鸽","sex":"female","remark":"","groupId":37,"role":"user","collector":"0","level":"0"},{"email":"jingjw@suninfo.com","name":"景俊伟","sex":"male","remark":"","groupId":45,"role":"user","collector":1,"level":"0"},{"email":"liaofc@suninfo.com","name":"廖霏苍","sex":"male","remark":"陈独秀 你坐下","groupId":37,"role":"user","collector":"0","level":"0"},{"email":"lic2017@suninfo.com","name":"李聪","sex":"male","remark":"","groupId":37,"role":"user","collector":"0","level":"0"},{"email":"liushp@suninfo.com","name":"刘书鹏","sex":"male","remark":"","groupId":37,"role":"user","collector":"0","level":"0"},{"email":"liw@suninfo.com","name":"李巍","sex":"male","remark":"","groupId":45,"role":"user","collector":"0","level":2},{"email":"liyanna@suninfo.com","name":"李妍娜","sex":"female","remark":"","groupId":45,"role":"user","collector":"0","level":1},{"email":"luxx@suninfo.com","name":"路星星","sex":"female","remark":"","groupId":45,"role":"user","collector":"0","level":"0"},{"email":"shifeng@suninfo.com","name":"师峰","sex":"male","remark":"123","groupId":37,"role":"user","collector":"0","level":"0"},{"email":"wanght@suninfo.com","name":"王洪涛","sex":"male","remark":"","groupId":45,"role":"user","collector":"0","level":"0"},{"email":"wangxc@suninfo.com","name":"汪宣成","sex":"male","remark":"","groupId":45,"role":"user","collector":"0","level":"0"},{"email":"weish@suninfo.com","name":"韦帅","sex":"male","remark":"","groupId":45,"role":"user","collector":"0","level":"0"},{"email":"yanghf@suninfo.com","name":"杨海飞","sex":"male","remark":"","groupId":45,"role":"user","collector":"0","level":2},{"email":"youwg@suninfo.com","name":"游武刚","sex":"male","remark":"无","groupId":37,"role":"user","collector":"0","level":"0"},{"email":"zhengx@suninfo.com","name":"郑鑫","sex":"male","remark":"","groupId":37,"role":"user","collector":"0","level":"0"},{"email":"zhujq@suninfo.com","name":"朱金奇","sex":"male","remark":"","groupId":45,"role":"user","collector":1,"level":"0"}]}
*************** response log end ***************

[2018-10-15T09:42:08.482] [INFO] resLog - 
*************** response log start ***************
request method: GET
request originalUrl:  /user/getSendMailUser
request client ip:  ::ffff:192.168.212.29
request query:  {}
response time: 6
response status: 200
response body: 
{"status":true,"data":[{"id":3,"email":"you11098@163.com","name":"测试用户"}]}
*************** response log end ***************

[2018-10-15T09:42:28.451] [INFO] resLog - 
*************** response log start ***************
request method: OPTIONS
request originalUrl:  /report/getCollectGroupCurrentWeekPort/get
request client ip:  ::ffff:192.168.212.29
request body: 
{}
response time: 0
response status: 204
response body: 
undefined
*************** response log end ***************

[2018-10-15T09:42:28.461] [INFO] resLog - 
*************** response log start ***************
request method: POST
request originalUrl:  /report/getCollectGroupCurrentWeekPort/get
request client ip:  ::ffff:192.168.212.29
request body: 
{"collector":1}
response time: 3
response status: 200
response body: 
{"status":true,"data":[]}
*************** response log end ***************

[2018-10-15T09:42:48.447] [INFO] resLog - 
*************** response log start ***************
request method: OPTIONS
request originalUrl:  /report/getCollectGroupCurrentWeekPort/get
request client ip:  ::ffff:192.168.212.29
request body: 
{}
response time: 0
response status: 204
response body: 
undefined
*************** response log end ***************

[2018-10-15T09:42:48.461] [INFO] resLog - 
*************** response log start ***************
request method: POST
request originalUrl:  /report/getCollectGroupCurrentWeekPort/get
request client ip:  ::ffff:192.168.212.29
request body: 
{"collector":1}
response time: 6
response status: 200
response body: 
{"status":true,"data":[]}
*************** response log end ***************

[2018-10-15T09:43:08.448] [INFO] resLog - 
*************** response log start ***************
request method: OPTIONS
request originalUrl:  /report/getCollectGroupCurrentWeekPort/get
request client ip:  ::ffff:192.168.212.29
request body: 
{}
response time: 0
response status: 204
response body: 
undefined
*************** response log end ***************

[2018-10-15T09:43:08.458] [INFO] resLog - 
*************** response log start ***************
request method: POST
request originalUrl:  /report/getCollectGroupCurrentWeekPort/get
request client ip:  ::ffff:192.168.212.29
request body: 
{"collector":1}
response time: 3
response status: 200
response body: 
{"status":true,"data":[]}
*************** response log end ***************

[2018-10-15T09:43:28.450] [INFO] resLog - 
*************** response log start ***************
request method: OPTIONS
request originalUrl:  /report/getCollectGroupCurrentWeekPort/get
request client ip:  ::ffff:192.168.212.29
request body: 
{}
response time: 0
response status: 204
response body: 
undefined
*************** response log end ***************

[2018-10-15T09:43:28.464] [INFO] resLog - 
*************** response log start ***************
request method: POST
request originalUrl:  /report/getCollectGroupCurrentWeekPort/get
request client ip:  ::ffff:192.168.212.29
request body: 
{"collector":1}
response time: 4
response status: 200
response body: 
{"status":true,"data":[]}
*************** response log end ***************

[2018-10-15T09:43:48.449] [INFO] resLog - 
*************** response log start ***************
request method: OPTIONS
request originalUrl:  /report/getCollectGroupCurrentWeekPort/get
request client ip:  ::ffff:192.168.212.29
request body: 
{}
response time: 0
response status: 204
response body: 
undefined
*************** response log end ***************

[2018-10-15T09:43:48.460] [INFO] resLog - 
*************** response log start ***************
request method: POST
request originalUrl:  /report/getCollectGroupCurrentWeekPort/get
request client ip:  ::ffff:192.168.212.29
request body: 
{"collector":1}
response time: 4
response status: 200
response body: 
{"status":true,"data":[]}
*************** response log end ***************

[2018-10-15T09:43:57.213] [INFO] resLog - 
*************** response log start ***************
request method: OPTIONS
request originalUrl:  /report/myReport/get
request client ip:  ::ffff:192.168.212.29
request body: 
{}
response time: 0
response status: 204
response body: 
undefined
*************** response log end ***************

[2018-10-15T09:43:57.253] [INFO] resLog - 
*************** response log start ***************
request method: POST
request originalUrl:  /report/myReport/get
request client ip:  ::ffff:192.168.212.29
request body: 
{}
response time: 15
response status: 200
response body: 
{"status":true,"data":[{"id":56,"title":"丁亚飞","summary":"1.了解ITSM业务细节，与美工讨论部分细节；\n2.协调团队工作，确定本周工作内容主要两个方向SIEM新需求开发和Q3的移动运维技术预研；\n3.移动运维技术方案确定和技术细节的进一步确认。\n4.完成Q1到Q2前端工程文件比对和合并。","plan":"1.完成ITSM流程图部分的细节确认和demo编写\n2.协调团队开始ITSM功能的开发。","createTime":"2018-03-16T02:58:06.000Z","lastUpdateTime":"2018-03-16T08:34:11.000Z","week":"2018-03-11T16:00:00.000Z","status":"public","email":"dingyf@suninfo.com","groupId":37},{"id":82,"title":"本周周报","summary":"1.编写ITSM功能的流程图demo\n2.与产品讨论流程图部分的业务，提出设计不合理的地方。\n3.参与移动端RDP协议工具的测试\n4.添加团队的Redmine工作项","plan":"1.继续完善ITSM流程图demo\n2.研究Theejs的3d机房例子代码","createTime":"2018-03-23T09:04:53.000Z","lastUpdateTime":"2018-03-23T21:06:26.000Z","week":"2018-03-18T16:00:00.000Z","status":"public","email":"dingyf@suninfo.com","groupId":37},{"id":118,"title":"本周周报","summary":"1.完善ITSM流程图\n2.参与了权限修改的讨论\n3.完成对mxGraph英文手册的翻译\n4.开始CreateJS的学习和知识点梳理","plan":"1.将ITSM流程图迁入项目中\n2.继续CreateJS的学习。","createTime":"2018-04-01T09:07:34.000Z","lastUpdateTime":"2018-04-01T09:07:34.000Z","week":"2018-03-25T16:00:00.000Z","status":"public","email":"dingyf@suninfo.com","groupId":37},{"id":132,"title":"本周周报","summary":"1.完善流程图的细节和并完成两个主题下的样式\n2.开会分享流程图的开发细节。\n","plan":"1.协调ITSM部分功能的开发，推动开发进程","createTime":"2018-04-08T09:33:41.000Z","lastUpdateTime":"2018-04-08T09:33:41.000Z","week":"2018-04-01T16:00:00.000Z","status":"public","email":"dingyf@suninfo.com","groupId":37},{"id":143,"title":"本周周报","summary":"1.完善流程图功能\n2.细化现有的样式表，将没有采用变量的样式表进行处理","plan":"1.细化现有样式表，为后面新的主题做好准备工作。\n2.了解新的CMDB功能\n3.组织产品和前端开发人员对ITSM进行梳理和功能确认","createTime":"2018-04-13T08:52:53.000Z","lastUpdateTime":"2018-04-13T20:54:32.000Z","week":"2018-04-08T16:00:00.000Z","status":"public","email":"dingyf@suninfo.com","groupId":37},{"id":165,"title":"周报","summary":"1.完成对系统内部分页面的样式变量的替换\n2.找出部分样式有问题的页面，并找到相关人进行处理\n3.出于美观考虑，请美工重新设计资产附加字段页面，并开始编写新的页面。\n4.组织产品、前端、后端开发人员对ITSM的已经开发功能进行确认和初步检查。\n","plan":"1.完成资产附加字段页面的编写\n2.开始协调开始新版主题的编写工作\n3.设计自定义首页功能","createTime":"2018-04-20T09:30:12.000Z","lastUpdateTime":"2018-04-20T09:30:12.000Z","week":"2018-04-15T16:00:00.000Z","status":"public","email":"dingyf@suninfo.com","groupId":37},{"id":168,"title":"本周周报","summary":"1.对系统首页再次修改，保证其边距不是太大\n2.替换流程页面的样式中的颜色值为变量\n3.预研自定义首页的机制\n","plan":"1.预研自定义首页的机制","createTime":"2018-04-28T08:25:06.000Z","lastUpdateTime":"2018-04-28T08:25:06.000Z","week":"2018-04-22T16:00:00.000Z","status":"public","email":"dingyf@suninfo.com","groupId":37},{"id":185,"title":"本周周报","summary":"1.  技术预研自定义首页，完成初步想法，需要进一步细化\n2. 考虑到自定义首页问题，系统现有权限机制和存储方式进行进一步了解","plan":"1.内部讨论自定义首页\n\n","createTime":"2018-05-04T08:35:28.000Z","lastUpdateTime":"2018-05-04T20:37:50.000Z","week":"2018-04-29T16:00:00.000Z","status":"public","email":"dingyf@suninfo.com","groupId":37},{"id":195,"title":"本周周报","summary":"1.内部开会讨论如何设计自定义首页和Win10磁贴效果\n2.参与CMDB需求讨论会议\n3.学习electronjs，准备开发辅助工具","plan":"1.细化CMDB需求\n2.技术预研electronjs，完善自己的部分设想","createTime":"2018-05-11T09:39:17.000Z","lastUpdateTime":"2018-05-11T09:39:17.000Z","week":"2018-05-06T16:00:00.000Z","status":"public","email":"dingyf@suninfo.com","groupId":37},{"id":209,"title":"本周周报2018/5/18 下午5:12:39","summary":"1.资产管理页面首页修改\n2.修改资产关系图，使其能够一次加载所有数据","plan":"1.完成资产关系图","createTime":"2018-05-18T09:13:56.000Z","lastUpdateTime":"2018-05-18T09:13:56.000Z","week":"2018-05-13T16:00:00.000Z","status":"public","email":"dingyf@suninfo.com","groupId":37},{"id":245,"title":"本周周报","summary":"1.修改资产关系图，使其能够一次加载所有数据\n2.优化资产关系图代码，优化掉prototype.js库，并将示例代码移交给刘书鹏。\n3.研究从网上得到的theejs相关3D机房代码，进行翻译处理。","plan":"1.继续研究3D机房代码","createTime":"2018-05-25T08:52:51.000Z","lastUpdateTime":"2018-05-25T08:52:51.000Z","week":"2018-05-20T16:00:00.000Z","status":"public","email":"dingyf@suninfo.com","groupId":37},{"id":282,"title":"6月1日周报","summary":"1.翻阅了TypeScript的文档\n2.查看3d室内设计的程序例子，并进入技术预研阶段","plan":"1.完善基础预研demo","createTime":"2018-06-01T09:10:05.000Z","lastUpdateTime":"2018-06-01T09:10:05.000Z","week":"2018-05-27T16:00:00.000Z","status":"public","email":"dingyf@suninfo.com","groupId":37},{"id":307,"title":"本周周报","summary":"1.对应有3D机房程序进行阅读和拆解，并增加了部分小功能\n2.对房间设计程序进行拆解，熟悉2d设计编辑器整体流程进行了深入了解。","plan":"1.将现有的两个项目进行初步整合","createTime":"2018-06-08T09:14:35.000Z","lastUpdateTime":"2018-06-08T09:14:35.000Z","week":"2018-06-03T16:00:00.000Z","status":"public","email":"dingyf@suninfo.com","groupId":37},{"id":341,"title":"本周周报","summary":"1.对3D场景设计器代码进行重构，将原有的grunt构建改为webpack，并升级了内部使用的threejs版本\n2.常识整合3d机房项目与3d场景编辑器。","plan":"1.整合3D场景设计代码，初步完成最原始的设想。","createTime":"2018-06-15T08:36:46.000Z","lastUpdateTime":"2018-06-15T08:36:46.000Z","week":"2018-06-10T16:00:00.000Z","status":"public","email":"dingyf@suninfo.com","groupId":37},{"id":356,"title":"本周周报","summary":"1.完善场景编辑器内部元素，增加机柜、电视\n2.尝试编辑交互，增加对机柜门的操作\n3.协调“华电网络安全保障与信息通报管理平台”开发","plan":"1.完成交互功能\n2.在增加更多物体到场景编辑器中","createTime":"2018-06-22T09:12:46.000Z","lastUpdateTime":"2018-06-22T09:12:46.000Z","week":"2018-06-17T16:00:00.000Z","status":"public","email":"dingyf@suninfo.com","groupId":37},{"id":377,"title":"本周周报","summary":"1.增加了打开机柜门的交互操作\n2.增加了新的物体，有玻璃的门和窗\n3.打开了墙的限制，让正对着的墙可见\n","plan":"1.完善机柜的细节，考虑如何对机柜的内容进行编辑\n2.完善整体的交互操作，增加更多的交互内容","createTime":"2018-06-29T09:26:24.000Z","lastUpdateTime":"2018-06-29T09:26:24.000Z","week":"2018-06-24T16:00:00.000Z","status":"public","email":"dingyf@suninfo.com","groupId":37},{"id":399,"title":"本周周报","summary":"1.修改SiCap部分bug\n2.增加了机柜交互、玻璃门交互\n3.完善整体的业务逻辑，对编辑模式和查看模式进一步区分。","plan":"1.增加告警交互逻辑。\n2.考虑2d编辑机柜逻辑的设计。","createTime":"2018-07-06T09:01:11.000Z","lastUpdateTime":"2018-07-06T21:05:14.000Z","week":"2018-07-01T16:00:00.000Z","status":"public","email":"dingyf@suninfo.com","groupId":37},{"id":419,"title":"本周周报","summary":"1.完成对3d模型合并的研究，组合生成了摄像头。\n2.对3D物体的材质部分进行深入研究\n3.完成团队Q3开发任务的人员分配\n","plan":"1.继续完善3D机房","createTime":"2018-07-13T09:36:24.000Z","lastUpdateTime":"2018-07-13T09:36:24.000Z","week":"2018-07-08T16:00:00.000Z","status":"public","email":"dingyf@suninfo.com","groupId":37},{"id":445,"title":"未命名周报","summary":"1.参与Q3业务需求的讨论\n2.完成第一人称视角访问3D场景的实验\n3.完成3D机房数据序列化的处理\n4.尝试将现有的3D机房部分打包生成一个库文件\n5.完善了摄像头在机房中的展示和处理机制","plan":"1.考虑将导出的库进一步梳理和测试","createTime":"2018-07-20T09:10:53.000Z","lastUpdateTime":"2018-07-20T09:10:53.000Z","week":"2018-07-15T16:00:00.000Z","status":"public","email":"dingyf@suninfo.com","groupId":37},{"id":483,"title":"本周周报","summary":"1.对3D机房代码按照面向对象思想进行部分重构\n2.尝试增加投影效果，最后仅在玻璃门上增加了投影。\n3.考虑到代码需要合并后按照库的方式引入项目中，做了些删除库依赖的优化。\n4.在SiCAP项目中编写3D机房静态页面框架","plan":"1.完善静态页面框架，并进行3D库的引入的尝试","createTime":"2018-07-27T08:52:04.000Z","lastUpdateTime":"2018-07-27T20:53:34.000Z","week":"2018-07-22T16:00:00.000Z","status":"public","email":"dingyf@suninfo.com","groupId":37},{"id":516,"title":"本周周报","summary":"1.为了能够将代码打包合并，对3D机房代码进行代码eslint检查。\n2.参与自动化运维需求讨论会议。\n3.开始甘肃中行，定制化电视墙需求编写。","plan":"1.完成甘肃中行定制化电视墙需求开发。\n2.对eslint处理后代码上SiCAP框架进行测试。","createTime":"2018-08-03T09:16:15.000Z","lastUpdateTime":"2018-08-03T09:16:15.000Z","week":"2018-07-29T16:00:00.000Z","status":"public","email":"dingyf@suninfo.com","groupId":37},{"id":554,"title":"本周周报","summary":"1.编写完成甘肃银行电视墙定制功能。\n2.将3d机房的demo编辑成库，打包后进入SiCAP项目。\n3.完善SiCAP上3D机房demo页面","plan":"1.继续编写3D机房demo页面","createTime":"2018-08-10T09:25:06.000Z","lastUpdateTime":"2018-08-10T09:25:06.000Z","week":"2018-08-05T16:00:00.000Z","status":"public","email":"dingyf@suninfo.com","groupId":37},{"id":592,"title":"本周周报","summary":"1.完成了3d机房的代码基本迁移工作。\n2.参与移动端设计串讲会议。\n3.深入研究webpack，并对老项目的框架进行了打包实验。","plan":"1.完善3d机房代码，处理交互和代码设计问题。\n2.完成对老项目框架的打包工作。","createTime":"2018-08-17T09:31:43.000Z","lastUpdateTime":"2018-08-17T09:31:43.000Z","week":"2018-08-12T16:00:00.000Z","status":"public","email":"dingyf@suninfo.com","groupId":37},{"id":610,"title":"本周周报","summary":"1. 整理完善老框架的全部模块，深入了解部分webpack构建的机制。\n2. 对3D机房增加了双击事件回调函数机制。\n3. 对部分3D机房部分交互进行修改。\n","plan":"1. 增加3D机房更多机房内交互\n2. 研究反向编译方法，处理一些代码上遇到的问题。","createTime":"2018-08-24T09:09:30.000Z","lastUpdateTime":"2018-08-24T09:09:30.000Z","week":"2018-08-19T16:00:00.000Z","status":"public","email":"dingyf@suninfo.com","groupId":37},{"id":645,"title":"本周周报","summary":"1.修正了3d机房内地板显示闪烁问题。\n2.找到了在第一人称视角情况下如何交互的解决方案。\n3.处理了拓扑功能，点击左侧树交互的bug\n4.完成了老框架的整理工作\n5.对周报管理系统进行了一个功能升级。","plan":"1.增加3d机房的全局交互功能。\n2.尝试将第一视角功能引入。","createTime":"2018-08-31T08:40:43.000Z","lastUpdateTime":"2018-08-31T08:40:43.000Z","week":"2018-08-26T16:00:00.000Z","status":"public","email":"dingyf@suninfo.com","groupId":37},{"id":668,"title":"本周周报","summary":"1.完成3D机房的上下拖动机制\n2.在3D机房中增加了“门禁”物品，可以上下左右拖动\n3.修改拓扑图相关bug","plan":"1.修改拓扑图相关bug\n2.完善3d机房demo","createTime":"2018-09-07T09:17:48.000Z","lastUpdateTime":"2018-09-07T09:17:48.000Z","week":"2018-09-02T16:00:00.000Z","status":"public","email":"dingyf@suninfo.com","groupId":37},{"id":710,"title":"未命名周报","summary":"1.处理拓扑图相关bug\n2.完善3D机房uuid和name相关的设计\n3.参与Q4权限相关会议\n4.研究ThingJS的代码结构设计\n5.为周报系统增加实习生签到功能","plan":"1.3D机房uuid和name相关的代码编写\n2.修改拓扑图相关bug","createTime":"2018-09-14T09:16:12.000Z","lastUpdateTime":"2018-09-14T09:16:12.000Z","week":"2018-09-09T16:00:00.000Z","status":"public","email":"dingyf@suninfo.com","groupId":37},{"id":732,"title":"本周周报","summary":"1.支持甘肃中行项目。\n2.研究某个3D库的代码，为3D机房部分难点问题找解决方案。","plan":"1.继续研究某3D库的代码，试着拆解部分机制到3D机房中来。\n2.参与Q4需求讨论。","createTime":"2018-09-21T09:32:09.000Z","lastUpdateTime":"2018-09-21T09:32:09.000Z","week":"2018-09-16T16:00:00.000Z","status":"public","email":"dingyf@suninfo.com","groupId":37},{"id":748,"title":"未命名周报","summary":"","plan":"","createTime":"2018-09-30T01:21:04.000Z","lastUpdateTime":"2018-09-30T01:21:04.000Z","week":"2018-09-23T16:00:00.000Z","status":"private","email":"dingyf@suninfo.com","groupId":37},{"id":749,"title":"本周周报2018/9/30 上午9:21:26","summary":"1.研究thingjs的对象查询机制\n2.根据Q4阶段UI/UE修改任务，对某些页面进行修改。\n3.学习并了解webgl的glTF文件格式\n4. 参与Q4阶段所有需求的讨论工作。","plan":"1.开始Q4阶段开发工作。\n","createTime":"2018-09-30T01:21:33.000Z","lastUpdateTime":"2018-09-30T01:24:05.000Z","week":"2018-09-23T16:00:00.000Z","status":"public","email":"dingyf@suninfo.com","groupId":37}]}
*************** response log end ***************

[2018-10-15T09:43:59.155] [INFO] resLog - 
*************** response log start ***************
request method: OPTIONS
request originalUrl:  /report/currentWeekReport/get
request client ip:  ::ffff:192.168.212.29
request body: 
{}
response time: 0
response status: 204
response body: 
undefined
*************** response log end ***************

[2018-10-15T09:43:59.181] [INFO] resLog - 
*************** response log start ***************
request method: GET
request originalUrl:  /report/currentWeekReport/get
request client ip:  ::ffff:192.168.212.29
request query:  {}
response time: 6
response status: 200
response body: 
{"status":true,"data":[]}
*************** response log end ***************

[2018-10-15T09:44:00.153] [INFO] resLog - 
*************** response log start ***************
request method: OPTIONS
request originalUrl:  /report/currentWeekReport/add
request client ip:  ::ffff:192.168.212.29
request body: 
{}
response time: 0
response status: 204
response body: 
undefined
*************** response log end ***************

[2018-10-15T09:44:00.169] [INFO] resLog - 
*************** response log start ***************
request method: POST
request originalUrl:  /report/currentWeekReport/add
request client ip:  ::ffff:192.168.212.29
request body: 
{"title":"未命名周报","summary":"","plan":""}
response time: 8
response status: 200
response body: 
{"status":true,"data":"新增成功！"}
*************** response log end ***************

[2018-10-15T09:44:00.198] [INFO] resLog - 
*************** response log start ***************
request method: GET
request originalUrl:  /report/currentWeekReport/get
request client ip:  ::ffff:192.168.212.29
request query:  {}
response time: 5
response status: 200
response body: 
{"status":true,"data":[{"id":751,"title":"未命名周报","summary":"","plan":"","createTime":"2018-10-15T01:44:00.000Z","lastUpdateTime":"2018-10-15T01:44:00.000Z","week":"2018-10-14T16:00:00.000Z","status":"private","email":"dingyf@suninfo.com","groupId":37}]}
*************** response log end ***************

[2018-10-15T09:44:04.109] [INFO] resLog - 
*************** response log start ***************
request method: OPTIONS
request originalUrl:  /report/currentWeekReport/edit
request client ip:  ::ffff:192.168.212.29
request body: 
{}
response time: 0
response status: 204
response body: 
undefined
*************** response log end ***************

[2018-10-15T09:44:04.137] [INFO] resLog - 
*************** response log start ***************
request method: POST
request originalUrl:  /report/currentWeekReport/edit
request client ip:  ::ffff:192.168.212.29
request body: 
{"id":751,"title":"未命名周报","summary":"1","plan":"","lastTime":1539567841068,"saving":null}
response time: 11
response status: 200
response body: 
{"status":true,"data":"编辑成功！"}
*************** response log end ***************

[2018-10-15T09:44:04.656] [INFO] resLog - 
*************** response log start ***************
request method: OPTIONS
request originalUrl:  /report/currentWeekReport/get
request client ip:  ::ffff:192.168.212.29
request body: 
{}
response time: 1
response status: 204
response body: 
undefined
*************** response log end ***************

[2018-10-15T09:44:04.675] [INFO] resLog - 
*************** response log start ***************
request method: GET
request originalUrl:  /report/currentWeekReport/get
request client ip:  ::ffff:192.168.212.29
request query:  {}
response time: 6
response status: 200
response body: 
{"status":true,"data":[{"id":751,"title":"未命名周报","summary":"1","plan":"","createTime":"2018-10-15T01:44:00.000Z","lastUpdateTime":"2018-10-15T01:44:04.000Z","week":"2018-10-14T16:00:00.000Z","status":"private","email":"dingyf@suninfo.com","groupId":37}]}
*************** response log end ***************

[2018-10-15T09:44:05.200] [INFO] resLog - 
*************** response log start ***************
request method: POST
request originalUrl:  /report/currentWeekReport/edit
request client ip:  ::ffff:192.168.212.29
request body: 
{"id":751,"title":"未命名周报","summary":"1.","plan":"","lastTime":1539567841068,"saving":null}
response time: 5
response status: 200
response body: 
{"status":true,"data":"编辑成功！"}
*************** response log end ***************

[2018-10-15T09:44:05.723] [INFO] resLog - 
*************** response log start ***************
request method: GET
request originalUrl:  /report/currentWeekReport/get
request client ip:  ::ffff:192.168.212.29
request query:  {}
response time: 4
response status: 200
response body: 
{"status":true,"data":[{"id":751,"title":"未命名周报","summary":"1.","plan":"","createTime":"2018-10-15T01:44:00.000Z","lastUpdateTime":"2018-10-15T01:44:05.000Z","week":"2018-10-14T16:00:00.000Z","status":"private","email":"dingyf@suninfo.com","groupId":37}]}
*************** response log end ***************

[2018-10-15T09:44:06.871] [INFO] resLog - 
*************** response log start ***************
request method: POST
request originalUrl:  /report/currentWeekReport/edit
request client ip:  ::ffff:192.168.212.29
request body: 
{"id":751,"title":"未命名周报","summary":"1.123123\n","plan":"","lastTime":1539567841068,"saving":null}
response time: 4
response status: 200
response body: 
{"status":true,"data":"编辑成功！"}
*************** response log end ***************

[2018-10-15T09:44:07.394] [INFO] resLog - 
*************** response log start ***************
request method: GET
request originalUrl:  /report/currentWeekReport/get
request client ip:  ::ffff:192.168.212.29
request query:  {}
response time: 3
response status: 200
response body: 
{"status":true,"data":[{"id":751,"title":"未命名周报","summary":"1.123123\n","plan":"","createTime":"2018-10-15T01:44:00.000Z","lastUpdateTime":"2018-10-15T01:44:06.000Z","week":"2018-10-14T16:00:00.000Z","status":"private","email":"dingyf@suninfo.com","groupId":37}]}
*************** response log end ***************

[2018-10-15T09:44:08.025] [INFO] resLog - 
*************** response log start ***************
request method: POST
request originalUrl:  /report/currentWeekReport/edit
request client ip:  ::ffff:192.168.212.29
request body: 
{"id":751,"title":"未命名周报","summary":"1.123123\n2.k","plan":"","lastTime":1539567841068,"saving":null}
response time: 5
response status: 200
response body: 
{"status":true,"data":"编辑成功！"}
*************** response log end ***************

[2018-10-15T09:44:08.449] [INFO] resLog - 
*************** response log start ***************
request method: OPTIONS
request originalUrl:  /report/getCollectGroupCurrentWeekPort/get
request client ip:  ::ffff:192.168.212.29
request body: 
{}
response time: 0
response status: 204
response body: 
undefined
*************** response log end ***************

[2018-10-15T09:44:08.464] [INFO] resLog - 
*************** response log start ***************
request method: POST
request originalUrl:  /report/getCollectGroupCurrentWeekPort/get
request client ip:  ::ffff:192.168.212.29
request body: 
{"collector":1}
response time: 5
response status: 200
response body: 
{"status":true,"data":[]}
*************** response log end ***************

[2018-10-15T09:44:08.542] [INFO] resLog - 
*************** response log start ***************
request method: GET
request originalUrl:  /report/currentWeekReport/get
request client ip:  ::ffff:192.168.212.29
request query:  {}
response time: 3
response status: 200
response body: 
{"status":true,"data":[{"id":751,"title":"未命名周报","summary":"1.123123\n2.k","plan":"","createTime":"2018-10-15T01:44:00.000Z","lastUpdateTime":"2018-10-15T01:44:08.000Z","week":"2018-10-14T16:00:00.000Z","status":"private","email":"dingyf@suninfo.com","groupId":37}]}
*************** response log end ***************

[2018-10-15T09:44:09.172] [INFO] resLog - 
*************** response log start ***************
request method: OPTIONS
request originalUrl:  /report/currentWeekReport/edit
request client ip:  ::ffff:192.168.212.29
request body: 
{}
response time: 1
response status: 204
response body: 
undefined
*************** response log end ***************

[2018-10-15T09:44:09.190] [INFO] resLog - 
*************** response log start ***************
request method: POST
request originalUrl:  /report/currentWeekReport/edit
request client ip:  ::ffff:192.168.212.29
request body: 
{"id":751,"title":"未命名周报","summary":"1.123123\n2.ksjdfkjaksdj","plan":"","lastTime":1539567841068,"saving":null}
response time: 6
response status: 200
response body: 
{"status":true,"data":"编辑成功！"}
*************** response log end ***************

[2018-10-15T09:44:09.705] [INFO] resLog - 
*************** response log start ***************
request method: OPTIONS
request originalUrl:  /report/currentWeekReport/get
request client ip:  ::ffff:192.168.212.29
request body: 
{}
response time: 0
response status: 204
response body: 
undefined
*************** response log end ***************

[2018-10-15T09:44:09.726] [INFO] resLog - 
*************** response log start ***************
request method: GET
request originalUrl:  /report/currentWeekReport/get
request client ip:  ::ffff:192.168.212.29
request query:  {}
response time: 3
response status: 200
response body: 
{"status":true,"data":[{"id":751,"title":"未命名周报","summary":"1.123123\n2.ksjdfkjaksdj","plan":"","createTime":"2018-10-15T01:44:00.000Z","lastUpdateTime":"2018-10-15T01:44:09.000Z","week":"2018-10-14T16:00:00.000Z","status":"private","email":"dingyf@suninfo.com","groupId":37}]}
*************** response log end ***************

[2018-10-15T09:44:10.279] [INFO] resLog - 
*************** response log start ***************
request method: POST
request originalUrl:  /report/currentWeekReport/edit
request client ip:  ::ffff:192.168.212.29
request body: 
{"id":751,"title":"未命名周报","summary":"1.12312\n2.ksjdfkjaksdj","plan":"","lastTime":1539567841068,"saving":null}
response time: 5
response status: 200
response body: 
{"status":true,"data":"编辑成功！"}
*************** response log end ***************

[2018-10-15T09:44:10.795] [INFO] resLog - 
*************** response log start ***************
request method: GET
request originalUrl:  /report/currentWeekReport/get
request client ip:  ::ffff:192.168.212.29
request query:  {}
response time: 2
response status: 200
response body: 
{"status":true,"data":[{"id":751,"title":"未命名周报","summary":"1.12312\n2.ksjdfkjaksdj","plan":"","createTime":"2018-10-15T01:44:00.000Z","lastUpdateTime":"2018-10-15T01:44:10.000Z","week":"2018-10-14T16:00:00.000Z","status":"private","email":"dingyf@suninfo.com","groupId":37}]}
*************** response log end ***************

[2018-10-15T09:44:11.986] [INFO] resLog - 
*************** response log start ***************
request method: POST
request originalUrl:  /report/currentWeekReport/edit
request client ip:  ::ffff:192.168.212.29
request body: 
{"id":751,"title":"未命名周报","summary":"1.c\n2.ksjdfkjaksdj","plan":"","lastTime":1539567841068,"saving":null}
response time: 2
response status: 200
response body: 
{"status":true,"data":"编辑成功！"}
*************** response log end ***************

[2018-10-15T09:44:12.496] [INFO] resLog - 
*************** response log start ***************
request method: GET
request originalUrl:  /report/currentWeekReport/get
request client ip:  ::ffff:192.168.212.29
request query:  {}
response time: 2
response status: 200
response body: 
{"status":true,"data":[{"id":751,"title":"未命名周报","summary":"1.c\n2.ksjdfkjaksdj","plan":"","createTime":"2018-10-15T01:44:00.000Z","lastUpdateTime":"2018-10-15T01:44:11.000Z","week":"2018-10-14T16:00:00.000Z","status":"private","email":"dingyf@suninfo.com","groupId":37}]}
*************** response log end ***************

[2018-10-15T09:44:13.018] [INFO] resLog - 
*************** response log start ***************
request method: POST
request originalUrl:  /report/currentWeekReport/edit
request client ip:  ::ffff:192.168.212.29
request body: 
{"id":751,"title":"未命名周报","summary":"1.测试c\n2.ksjdfkjaksdj","plan":"","lastTime":1539567841068,"saving":null}
response time: 3
response status: 200
response body: 
{"status":true,"data":"编辑成功！"}
*************** response log end ***************

[2018-10-15T09:44:13.528] [INFO] resLog - 
*************** response log start ***************
request method: GET
request originalUrl:  /report/currentWeekReport/get
request client ip:  ::ffff:192.168.212.29
request query:  {}
response time: 2
response status: 200
response body: 
{"status":true,"data":[{"id":751,"title":"未命名周报","summary":"1.测试c\n2.ksjdfkjaksdj","plan":"","createTime":"2018-10-15T01:44:00.000Z","lastUpdateTime":"2018-10-15T01:44:13.000Z","week":"2018-10-14T16:00:00.000Z","status":"private","email":"dingyf@suninfo.com","groupId":37}]}
*************** response log end ***************

[2018-10-15T09:44:14.689] [INFO] resLog - 
*************** response log start ***************
request method: OPTIONS
request originalUrl:  /report/currentWeekReport/edit
request client ip:  ::ffff:192.168.212.29
request body: 
{}
response time: 0
response status: 204
response body: 
undefined
*************** response log end ***************

[2018-10-15T09:44:14.708] [INFO] resLog - 
*************** response log start ***************
request method: POST
request originalUrl:  /report/currentWeekReport/edit
request client ip:  ::ffff:192.168.212.29
request body: 
{"id":751,"title":"未命名周报","summary":"1.测试测试\n2.ksjdfkjaksdj","plan":"","lastTime":1539567841068,"saving":null}
response time: 5
response status: 200
response body: 
{"status":true,"data":"编辑成功！"}
*************** response log end ***************

[2018-10-15T09:44:15.222] [INFO] resLog - 
*************** response log start ***************
request method: OPTIONS
request originalUrl:  /report/currentWeekReport/get
request client ip:  ::ffff:192.168.212.29
request body: 
{}
response time: 0
response status: 204
response body: 
undefined
*************** response log end ***************

[2018-10-15T09:44:15.240] [INFO] resLog - 
*************** response log start ***************
request method: GET
request originalUrl:  /report/currentWeekReport/get
request client ip:  ::ffff:192.168.212.29
request query:  {}
response time: 9
response status: 200
response body: 
{"status":true,"data":[{"id":751,"title":"未命名周报","summary":"1.测试测试\n2.ksjdfkjaksdj","plan":"","createTime":"2018-10-15T01:44:00.000Z","lastUpdateTime":"2018-10-15T01:44:14.000Z","week":"2018-10-14T16:00:00.000Z","status":"private","email":"dingyf@suninfo.com","groupId":37}]}
*************** response log end ***************

[2018-10-15T09:44:15.329] [INFO] resLog - 
*************** response log start ***************
request method: POST
request originalUrl:  /report/currentWeekReport/edit
request client ip:  ::ffff:192.168.212.29
request body: 
{"id":751,"title":"未命名周报","summary":"1.测试测试\n2.ksjdfkjaksd","plan":"","lastTime":1539567841068,"saving":null}
response time: 4
response status: 200
response body: 
{"status":true,"data":"编辑成功！"}
*************** response log end ***************

[2018-10-15T09:44:15.842] [INFO] resLog - 
*************** response log start ***************
request method: GET
request originalUrl:  /report/currentWeekReport/get
request client ip:  ::ffff:192.168.212.29
request query:  {}
response time: 2
response status: 200
response body: 
{"status":true,"data":[{"id":751,"title":"未命名周报","summary":"1.测试测试\n2.ksjdfkjaksd","plan":"","createTime":"2018-10-15T01:44:00.000Z","lastUpdateTime":"2018-10-15T01:44:15.000Z","week":"2018-10-14T16:00:00.000Z","status":"private","email":"dingyf@suninfo.com","groupId":37}]}
*************** response log end ***************

[2018-10-15T09:44:16.378] [INFO] resLog - 
*************** response log start ***************
request method: POST
request originalUrl:  /report/currentWeekReport/edit
request client ip:  ::ffff:192.168.212.29
request body: 
{"id":751,"title":"未命名周报","summary":"1.测试测试\n2.ksj","plan":"","lastTime":1539567841068,"saving":null}
response time: 3
response status: 200
response body: 
{"status":true,"data":"编辑成功！"}
*************** response log end ***************

[2018-10-15T09:44:16.893] [INFO] resLog - 
*************** response log start ***************
request method: GET
request originalUrl:  /report/currentWeekReport/get
request client ip:  ::ffff:192.168.212.29
request query:  {}
response time: 2
response status: 200
response body: 
{"status":true,"data":[{"id":751,"title":"未命名周报","summary":"1.测试测试\n2.ksj","plan":"","createTime":"2018-10-15T01:44:00.000Z","lastUpdateTime":"2018-10-15T01:44:16.000Z","week":"2018-10-14T16:00:00.000Z","status":"private","email":"dingyf@suninfo.com","groupId":37}]}
*************** response log end ***************

[2018-10-15T09:44:17.415] [INFO] resLog - 
*************** response log start ***************
request method: POST
request originalUrl:  /report/currentWeekReport/edit
request client ip:  ::ffff:192.168.212.29
request body: 
{"id":751,"title":"未命名周报","summary":"1.测试测试\n2.ce","plan":"","lastTime":1539567841068,"saving":null}
response time: 3
response status: 200
response body: 
{"status":true,"data":"编辑成功！"}
*************** response log end ***************

[2018-10-15T09:44:17.928] [INFO] resLog - 
*************** response log start ***************
request method: GET
request originalUrl:  /report/currentWeekReport/get
request client ip:  ::ffff:192.168.212.29
request query:  {}
response time: 3
response status: 200
response body: 
{"status":true,"data":[{"id":751,"title":"未命名周报","summary":"1.测试测试\n2.ce","plan":"","createTime":"2018-10-15T01:44:00.000Z","lastUpdateTime":"2018-10-15T01:44:17.000Z","week":"2018-10-14T16:00:00.000Z","status":"private","email":"dingyf@suninfo.com","groupId":37}]}
*************** response log end ***************

[2018-10-15T09:44:18.727] [INFO] resLog - 
*************** response log start ***************
request method: POST
request originalUrl:  /report/currentWeekReport/edit
request client ip:  ::ffff:192.168.212.29
request body: 
{"id":751,"title":"未命名周报","summary":"1.测试测试\n2.测试","plan":"","lastTime":1539567841068,"saving":null}
response time: 3
response status: 200
response body: 
{"status":true,"data":"编辑成功！"}
*************** response log end ***************

[2018-10-15T09:44:19.244] [INFO] resLog - 
*************** response log start ***************
request method: GET
request originalUrl:  /report/currentWeekReport/get
request client ip:  ::ffff:192.168.212.29
request query:  {}
response time: 3
response status: 200
response body: 
{"status":true,"data":[{"id":751,"title":"未命名周报","summary":"1.测试测试\n2.测试","plan":"","createTime":"2018-10-15T01:44:00.000Z","lastUpdateTime":"2018-10-15T01:44:18.000Z","week":"2018-10-14T16:00:00.000Z","status":"private","email":"dingyf@suninfo.com","groupId":37}]}
*************** response log end ***************

[2018-10-15T09:44:20.157] [INFO] resLog - 
*************** response log start ***************
request method: OPTIONS
request originalUrl:  /report/currentWeekReport/edit
request client ip:  ::ffff:192.168.212.29
request body: 
{}
response time: 0
response status: 204
response body: 
undefined
*************** response log end ***************

[2018-10-15T09:44:20.168] [INFO] resLog - 
*************** response log start ***************
request method: POST
request originalUrl:  /report/currentWeekReport/edit
request client ip:  ::ffff:192.168.212.29
request body: 
{"id":751,"title":"未命名周报","summary":"1.测试测试\n2.测试2c","plan":"","lastTime":1539567841068,"saving":null}
response time: 4
response status: 200
response body: 
{"status":true,"data":"编辑成功！"}
*************** response log end ***************

[2018-10-15T09:44:20.678] [INFO] resLog - 
*************** response log start ***************
request method: OPTIONS
request originalUrl:  /report/currentWeekReport/get
request client ip:  ::ffff:192.168.212.29
request body: 
{}
response time: 0
response status: 204
response body: 
undefined
*************** response log end ***************

[2018-10-15T09:44:20.690] [INFO] resLog - 
*************** response log start ***************
request method: GET
request originalUrl:  /report/currentWeekReport/get
request client ip:  ::ffff:192.168.212.29
request query:  {}
response time: 3
response status: 200
response body: 
{"status":true,"data":[{"id":751,"title":"未命名周报","summary":"1.测试测试\n2.测试2c","plan":"","createTime":"2018-10-15T01:44:00.000Z","lastUpdateTime":"2018-10-15T01:44:20.000Z","week":"2018-10-14T16:00:00.000Z","status":"private","email":"dingyf@suninfo.com","groupId":37}]}
*************** response log end ***************

[2018-10-15T09:44:21.256] [INFO] resLog - 
*************** response log start ***************
request method: POST
request originalUrl:  /report/currentWeekReport/edit
request client ip:  ::ffff:192.168.212.29
request body: 
{"id":751,"title":"未命名周报","summary":"1.测试测试\n2.测试2测试3","plan":"","lastTime":1539567841068,"saving":null}
response time: 2
response status: 200
response body: 
{"status":true,"data":"编辑成功！"}
*************** response log end ***************

[2018-10-15T09:44:21.773] [INFO] resLog - 
*************** response log start ***************
request method: GET
request originalUrl:  /report/currentWeekReport/get
request client ip:  ::ffff:192.168.212.29
request query:  {}
response time: 4
response status: 200
response body: 
{"status":true,"data":[{"id":751,"title":"未命名周报","summary":"1.测试测试\n2.测试2测试3","plan":"","createTime":"2018-10-15T01:44:00.000Z","lastUpdateTime":"2018-10-15T01:44:21.000Z","week":"2018-10-14T16:00:00.000Z","status":"private","email":"dingyf@suninfo.com","groupId":37}]}
*************** response log end ***************

[2018-10-15T09:44:23.044] [INFO] resLog - 
*************** response log start ***************
request method: POST
request originalUrl:  /report/currentWeekReport/edit
request client ip:  ::ffff:192.168.212.29
request body: 
{"id":751,"title":"未命名周报","summary":"1.测试测试\n2.测试2测试3\n","plan":"","lastTime":1539567841068,"saving":null}
response time: 4
response status: 200
response body: 
{"status":true,"data":"编辑成功！"}
*************** response log end ***************

[2018-10-15T09:44:23.559] [INFO] resLog - 
*************** response log start ***************
request method: GET
request originalUrl:  /report/currentWeekReport/get
request client ip:  ::ffff:192.168.212.29
request query:  {}
response time: 2
response status: 200
response body: 
{"status":true,"data":[{"id":751,"title":"未命名周报","summary":"1.测试测试\n2.测试2测试3\n","plan":"","createTime":"2018-10-15T01:44:00.000Z","lastUpdateTime":"2018-10-15T01:44:23.000Z","week":"2018-10-14T16:00:00.000Z","status":"private","email":"dingyf@suninfo.com","groupId":37}]}
*************** response log end ***************

[2018-10-15T09:44:23.664] [INFO] resLog - 
*************** response log start ***************
request method: POST
request originalUrl:  /report/currentWeekReport/edit
request client ip:  ::ffff:192.168.212.29
request body: 
{"id":751,"title":"未命名周报","summary":"1.测试测试\n2.测试2测试3\n3","plan":"","lastTime":1539567841068,"saving":null}
response time: 4
response status: 200
response body: 
{"status":true,"data":"编辑成功！"}
*************** response log end ***************

[2018-10-15T09:44:24.176] [INFO] resLog - 
*************** response log start ***************
request method: GET
request originalUrl:  /report/currentWeekReport/get
request client ip:  ::ffff:192.168.212.29
request query:  {}
response time: 3
response status: 200
response body: 
{"status":true,"data":[{"id":751,"title":"未命名周报","summary":"1.测试测试\n2.测试2测试3\n3","plan":"","createTime":"2018-10-15T01:44:00.000Z","lastUpdateTime":"2018-10-15T01:44:23.000Z","week":"2018-10-14T16:00:00.000Z","status":"private","email":"dingyf@suninfo.com","groupId":37}]}
*************** response log end ***************

[2018-10-15T09:44:24.687] [INFO] resLog - 
*************** response log start ***************
request method: POST
request originalUrl:  /report/currentWeekReport/edit
request client ip:  ::ffff:192.168.212.29
request body: 
{"id":751,"title":"未命名周报","summary":"1.测试测试\n2.测试2测试3\n3.a","plan":"","lastTime":1539567841068,"saving":null}
response time: 3
response status: 200
response body: 
{"status":true,"data":"编辑成功！"}
*************** response log end ***************

[2018-10-15T09:44:25.206] [INFO] resLog - 
*************** response log start ***************
request method: GET
request originalUrl:  /report/currentWeekReport/get
request client ip:  ::ffff:192.168.212.29
request query:  {}
response time: 5
response status: 200
response body: 
{"status":true,"data":[{"id":751,"title":"未命名周报","summary":"1.测试测试\n2.测试2测试3\n3.a","plan":"","createTime":"2018-10-15T01:44:00.000Z","lastUpdateTime":"2018-10-15T01:44:24.000Z","week":"2018-10-14T16:00:00.000Z","status":"private","email":"dingyf@suninfo.com","groupId":37}]}
*************** response log end ***************

[2018-10-15T09:44:26.222] [INFO] resLog - 
*************** response log start ***************
request method: OPTIONS
request originalUrl:  /report/currentWeekReport/edit
request client ip:  ::ffff:192.168.212.29
request body: 
{}
response time: 0
response status: 204
response body: 
undefined
*************** response log end ***************

[2018-10-15T09:44:26.241] [INFO] resLog - 
*************** response log start ***************
request method: POST
request originalUrl:  /report/currentWeekReport/edit
request client ip:  ::ffff:192.168.212.29
request body: 
{"id":751,"title":"未命名周报","summary":"1.测试测试\n2.测试2测试3\n3.阿斯顿开发房间空间\n","plan":"","lastTime":1539567841068,"saving":null}
response time: 4
response status: 200
response body: 
{"status":true,"data":"编辑成功！"}
*************** response log end ***************

[2018-10-15T09:44:26.756] [INFO] resLog - 
*************** response log start ***************
request method: OPTIONS
request originalUrl:  /report/currentWeekReport/get
request client ip:  ::ffff:192.168.212.29
request body: 
{}
response time: 0
response status: 204
response body: 
undefined
*************** response log end ***************

[2018-10-15T09:44:26.771] [INFO] resLog - 
*************** response log start ***************
request method: GET
request originalUrl:  /report/currentWeekReport/get
request client ip:  ::ffff:192.168.212.29
request query:  {}
response time: 6
response status: 200
response body: 
{"status":true,"data":[{"id":751,"title":"未命名周报","summary":"1.测试测试\n2.测试2测试3\n3.阿斯顿开发房间空间\n","plan":"","createTime":"2018-10-15T01:44:00.000Z","lastUpdateTime":"2018-10-15T01:44:26.000Z","week":"2018-10-14T16:00:00.000Z","status":"private","email":"dingyf@suninfo.com","groupId":37}]}
*************** response log end ***************

[2018-10-15T09:44:27.266] [INFO] resLog - 
*************** response log start ***************
request method: POST
request originalUrl:  /report/currentWeekReport/edit
request client ip:  ::ffff:192.168.212.29
request body: 
{"id":751,"title":"未命名周报","summary":"1.测试测试\n2.测试2测试3\n3.阿斯顿开发房间空间\n4.","plan":"","lastTime":1539567841068,"saving":null}
response time: 4
response status: 200
response body: 
{"status":true,"data":"编辑成功！"}
*************** response log end ***************

[2018-10-15T09:44:27.776] [INFO] resLog - 
*************** response log start ***************
request method: GET
request originalUrl:  /report/currentWeekReport/get
request client ip:  ::ffff:192.168.212.29
request query:  {}
response time: 2
response status: 200
response body: 
{"status":true,"data":[{"id":751,"title":"未命名周报","summary":"1.测试测试\n2.测试2测试3\n3.阿斯顿开发房间空间\n4.","plan":"","createTime":"2018-10-15T01:44:00.000Z","lastUpdateTime":"2018-10-15T01:44:27.000Z","week":"2018-10-14T16:00:00.000Z","status":"private","email":"dingyf@suninfo.com","groupId":37}]}
*************** response log end ***************

[2018-10-15T09:44:28.452] [INFO] resLog - 
*************** response log start ***************
request method: OPTIONS
request originalUrl:  /report/getCollectGroupCurrentWeekPort/get
request client ip:  ::ffff:192.168.212.29
request body: 
{}
response time: 0
response status: 204
response body: 
undefined
*************** response log end ***************

[2018-10-15T09:44:28.461] [INFO] resLog - 
*************** response log start ***************
request method: POST
request originalUrl:  /report/getCollectGroupCurrentWeekPort/get
request client ip:  ::ffff:192.168.212.29
request body: 
{"collector":1}
response time: 3
response status: 200
response body: 
{"status":true,"data":[]}
*************** response log end ***************

[2018-10-15T09:44:28.572] [INFO] resLog - 
*************** response log start ***************
request method: POST
request originalUrl:  /report/currentWeekReport/edit
request client ip:  ::ffff:192.168.212.29
request body: 
{"id":751,"title":"未命名周报","summary":"1.测试测试\n2.测试2测试3\n3.阿斯顿开发房间空间\n4.看见阿斯顿开发房间卡觉得","plan":"","lastTime":1539567841068,"saving":null}
response time: 3
response status: 200
response body: 
{"status":true,"data":"编辑成功！"}
*************** response log end ***************

[2018-10-15T09:44:29.089] [INFO] resLog - 
*************** response log start ***************
request method: GET
request originalUrl:  /report/currentWeekReport/get
request client ip:  ::ffff:192.168.212.29
request query:  {}
response time: 3
response status: 200
response body: 
{"status":true,"data":[{"id":751,"title":"未命名周报","summary":"1.测试测试\n2.测试2测试3\n3.阿斯顿开发房间空间\n4.看见阿斯顿开发房间卡觉得","plan":"","createTime":"2018-10-15T01:44:00.000Z","lastUpdateTime":"2018-10-15T01:44:28.000Z","week":"2018-10-14T16:00:00.000Z","status":"private","email":"dingyf@suninfo.com","groupId":37}]}
*************** response log end ***************

[2018-10-15T09:44:30.525] [INFO] resLog - 
*************** response log start ***************
request method: POST
request originalUrl:  /report/currentWeekReport/edit
request client ip:  ::ffff:192.168.212.29
request body: 
{"id":751,"title":"未命名周报","summary":"1.测试测试\n2.测试2测试3\n3.阿斯顿开发房间空间\n4.看见阿斯顿开发房间卡觉得","plan":"","lastTime":1539567841068,"saving":null}
response time: 4
response status: 200
response body: 
{"status":true,"data":"编辑成功！"}
*************** response log end ***************

[2018-10-15T09:44:30.545] [INFO] resLog - 
*************** response log start ***************
request method: GET
request originalUrl:  /report/currentWeekReport/get
request client ip:  ::ffff:192.168.212.29
request query:  {}
response time: 4
response status: 200
response body: 
{"status":true,"data":[{"id":751,"title":"未命名周报","summary":"1.测试测试\n2.测试2测试3\n3.阿斯顿开发房间空间\n4.看见阿斯顿开发房间卡觉得","plan":"","createTime":"2018-10-15T01:44:00.000Z","lastUpdateTime":"2018-10-15T01:44:30.000Z","week":"2018-10-14T16:00:00.000Z","status":"private","email":"dingyf@suninfo.com","groupId":37}]}
*************** response log end ***************

[2018-10-15T09:44:33.621] [INFO] resLog - 
*************** response log start ***************
request method: OPTIONS
request originalUrl:  /report/currentWeekReport/submit
request client ip:  ::ffff:192.168.212.29
request body: 
{}
response time: 1
response status: 204
response body: 
undefined
*************** response log end ***************

[2018-10-15T09:44:33.641] [INFO] resLog - 
*************** response log start ***************
request method: POST
request originalUrl:  /report/currentWeekReport/submit
request client ip:  ::ffff:192.168.212.29
request body: 
{"id":751}
response time: 11
response status: 200
response body: 
{"status":true,"data":"提交成功！"}
*************** response log end ***************

[2018-10-15T09:44:33.657] [INFO] resLog - 
*************** response log start ***************
request method: OPTIONS
request originalUrl:  /report/currentWeekReport/get
request client ip:  ::ffff:192.168.212.29
request body: 
{}
response time: 1
response status: 204
response body: 
undefined
*************** response log end ***************

[2018-10-15T09:44:33.682] [INFO] resLog - 
*************** response log start ***************
request method: GET
request originalUrl:  /report/currentWeekReport/get
request client ip:  ::ffff:192.168.212.29
request query:  {}
response time: 6
response status: 200
response body: 
{"status":true,"data":[{"id":751,"title":"未命名周报","summary":"1.测试测试\n2.测试2测试3\n3.阿斯顿开发房间空间\n4.看见阿斯顿开发房间卡觉得","plan":"","createTime":"2018-10-15T01:44:33.000Z","lastUpdateTime":"2018-10-15T01:44:33.000Z","week":"2018-10-14T16:00:00.000Z","status":"public","email":"dingyf@suninfo.com","groupId":37}]}
*************** response log end ***************

[2018-10-15T09:44:35.253] [INFO] resLog - 
*************** response log start ***************
request method: OPTIONS
request originalUrl:  /report/getCollectGroupCurrentWeekPort/get
request client ip:  ::ffff:192.168.212.29
request body: 
{}
response time: 1
response status: 204
response body: 
undefined
*************** response log end ***************

[2018-10-15T09:44:35.255] [INFO] resLog - 
*************** response log start ***************
request method: OPTIONS
request originalUrl:  /group/groupManage/get
request client ip:  ::ffff:192.168.212.29
request body: 
{}
response time: 0
response status: 204
response body: 
undefined
*************** response log end ***************

[2018-10-15T09:44:35.300] [INFO] resLog - 
*************** response log start ***************
request method: POST
request originalUrl:  /report/getCollectGroupCurrentWeekPort/get
request client ip:  ::ffff:192.168.212.29
request body: 
{"collector":1}
response time: 5
response status: 200
response body: 
{"status":true,"data":[{"id":751,"title":"未命名周报","summary":"1.测试测试\n2.测试2测试3\n3.阿斯顿开发房间空间\n4.看见阿斯顿开发房间卡觉得","plan":"","createTime":"2018-10-15T01:44:33.000Z","lastUpdateTime":"2018-10-15T01:44:33.000Z","week":"2018-10-14T16:00:00.000Z","status":"public","email":"dingyf@suninfo.com","groupId":37,"name":"丁亚飞","sex":"male","remark":"","password":"ding39580726","role":"user","collector":1,"level":"0"}]}
*************** response log end ***************

[2018-10-15T09:44:35.307] [INFO] resLog - 
*************** response log start ***************
request method: GET
request originalUrl:  /group/groupManage/get
request client ip:  ::ffff:192.168.212.29
request query:  {}
response time: 3
response status: 200
response body: 
{"status":true,"data":[{"id":37,"name":"前端","memberNum":9,"remark":"前端","createTime":"2018-09-03T03:10:08.000Z","combine":1},{"id":43,"name":"美工","memberNum":3,"remark":"美工","createTime":"2018-03-23T06:20:19.000Z","combine":"0"},{"id":44,"name":"测试","memberNum":8,"remark":"测试小组","createTime":"2018-04-13T09:09:05.000Z","combine":"0"},{"id":45,"name":"后端","memberNum":14,"remark":"后端","createTime":"2018-09-03T03:10:08.000Z","combine":1},{"id":48,"name":"产品","memberNum":0,"remark":"产品","createTime":"2018-10-12T12:46:32.000Z","combine":"0"}]}
*************** response log end ***************

[2018-10-15T09:44:35.367] [INFO] resLog - 
*************** response log start ***************
request method: OPTIONS
request originalUrl:  /group/groupManage/getGroupsMember
request client ip:  ::ffff:192.168.212.29
request body: 
{}
response time: 0
response status: 204
response body: 
undefined
*************** response log end ***************

[2018-10-15T09:44:35.376] [INFO] resLog - 
*************** response log start ***************
request method: OPTIONS
request originalUrl:  /user/getSendMailUser
request client ip:  ::ffff:192.168.212.29
request body: 
{}
response time: 1
response status: 204
response body: 
undefined
*************** response log end ***************

[2018-10-15T09:44:35.391] [INFO] resLog - 
*************** response log start ***************
request method: POST
request originalUrl:  /group/groupManage/getGroupsMember
request client ip:  ::ffff:192.168.212.29
request body: 
{"idList":[37,45]}
response time: 5
response status: 200
response body: 
{"status":true,"data":[{"email":"caolx@suninfo.com","name":"曹立鑫","sex":"male","remark":"Sunflower — 前端工程师一枚","groupId":37,"role":"user","collector":"0","level":"0"},{"email":"chao_wang@suninfo.com","name":"王超","sex":"male","remark":"","groupId":45,"role":"user","collector":1,"level":"0"},{"email":"chenkun@suninfo.com","name":"陈坤","sex":"male","remark":"实习","groupId":45,"role":"user","collector":"0","level":1},{"email":"dingyf@suninfo.com","name":"丁亚飞","sex":"male","remark":"","groupId":37,"role":"user","collector":1,"level":"0"},{"email":"fant@suninfo.com","name":"樊婷","sex":"female","remark":"","groupId":45,"role":"user","collector":1,"level":"0"},{"email":"gaoyu@suninfo.com","name":"高瑜","sex":"female","remark":"","groupId":45,"role":"user","collector":"0","level":"0"},{"email":"geal@suninfo.com","name":"葛阿雷","sex":"male","remark":"","groupId":45,"role":"user","collector":"0","level":"0"},{"email":"huog@suninfo.com","name":"霍鸽","sex":"female","remark":"","groupId":37,"role":"user","collector":"0","level":"0"},{"email":"jingjw@suninfo.com","name":"景俊伟","sex":"male","remark":"","groupId":45,"role":"user","collector":1,"level":"0"},{"email":"liaofc@suninfo.com","name":"廖霏苍","sex":"male","remark":"陈独秀 你坐下","groupId":37,"role":"user","collector":"0","level":"0"},{"email":"lic2017@suninfo.com","name":"李聪","sex":"male","remark":"","groupId":37,"role":"user","collector":"0","level":"0"},{"email":"liushp@suninfo.com","name":"刘书鹏","sex":"male","remark":"","groupId":37,"role":"user","collector":"0","level":"0"},{"email":"liw@suninfo.com","name":"李巍","sex":"male","remark":"","groupId":45,"role":"user","collector":"0","level":2},{"email":"liyanna@suninfo.com","name":"李妍娜","sex":"female","remark":"","groupId":45,"role":"user","collector":"0","level":1},{"email":"luxx@suninfo.com","name":"路星星","sex":"female","remark":"","groupId":45,"role":"user","collector":"0","level":"0"},{"email":"shifeng@suninfo.com","name":"师峰","sex":"male","remark":"123","groupId":37,"role":"user","collector":"0","level":"0"},{"email":"wanght@suninfo.com","name":"王洪涛","sex":"male","remark":"","groupId":45,"role":"user","collector":"0","level":"0"},{"email":"wangxc@suninfo.com","name":"汪宣成","sex":"male","remark":"","groupId":45,"role":"user","collector":"0","level":"0"},{"email":"weish@suninfo.com","name":"韦帅","sex":"male","remark":"","groupId":45,"role":"user","collector":"0","level":"0"},{"email":"yanghf@suninfo.com","name":"杨海飞","sex":"male","remark":"","groupId":45,"role":"user","collector":"0","level":2},{"email":"youwg@suninfo.com","name":"游武刚","sex":"male","remark":"无","groupId":37,"role":"user","collector":"0","level":"0"},{"email":"zhengx@suninfo.com","name":"郑鑫","sex":"male","remark":"","groupId":37,"role":"user","collector":"0","level":"0"},{"email":"zhujq@suninfo.com","name":"朱金奇","sex":"male","remark":"","groupId":45,"role":"user","collector":1,"level":"0"}]}
*************** response log end ***************

[2018-10-15T09:44:35.401] [INFO] resLog - 
*************** response log start ***************
request method: GET
request originalUrl:  /user/getSendMailUser
request client ip:  ::ffff:192.168.212.29
request query:  {}
response time: 3
response status: 200
response body: 
{"status":true,"data":[{"id":3,"email":"you11098@163.com","name":"测试用户"}]}
*************** response log end ***************

[2018-10-15T09:44:48.452] [INFO] resLog - 
*************** response log start ***************
request method: OPTIONS
request originalUrl:  /report/getCollectGroupCurrentWeekPort/get
request client ip:  ::ffff:192.168.212.29
request body: 
{}
response time: 0
response status: 204
response body: 
undefined
*************** response log end ***************

[2018-10-15T09:44:48.461] [INFO] resLog - 
*************** response log start ***************
request method: POST
request originalUrl:  /report/getCollectGroupCurrentWeekPort/get
request client ip:  ::ffff:192.168.212.29
request body: 
{"collector":1}
response time: 3
response status: 200
response body: 
{"status":true,"data":[{"id":751,"title":"未命名周报","summary":"1.测试测试\n2.测试2测试3\n3.阿斯顿开发房间空间\n4.看见阿斯顿开发房间卡觉得","plan":"","createTime":"2018-10-15T01:44:33.000Z","lastUpdateTime":"2018-10-15T01:44:33.000Z","week":"2018-10-14T16:00:00.000Z","status":"public","email":"dingyf@suninfo.com","groupId":37,"name":"丁亚飞","sex":"male","remark":"","password":"ding39580726","role":"user","collector":1,"level":"0"}]}
*************** response log end ***************

[2018-10-15T09:44:55.367] [INFO] resLog - 
*************** response log start ***************
request method: OPTIONS
request originalUrl:  /report/getCollectGroupCurrentWeekPort/get
request client ip:  ::ffff:192.168.212.29
request body: 
{}
response time: 0
response status: 204
response body: 
undefined
*************** response log end ***************

[2018-10-15T09:44:55.380] [INFO] resLog - 
*************** response log start ***************
request method: POST
request originalUrl:  /report/getCollectGroupCurrentWeekPort/get
request client ip:  ::ffff:192.168.212.29
request body: 
{"collector":1}
response time: 5
response status: 200
response body: 
{"status":true,"data":[{"id":751,"title":"未命名周报","summary":"1.测试测试\n2.测试2测试3\n3.阿斯顿开发房间空间\n4.看见阿斯顿开发房间卡觉得","plan":"","createTime":"2018-10-15T01:44:33.000Z","lastUpdateTime":"2018-10-15T01:44:33.000Z","week":"2018-10-14T16:00:00.000Z","status":"public","email":"dingyf@suninfo.com","groupId":37,"name":"丁亚飞","sex":"male","remark":"","password":"ding39580726","role":"user","collector":1,"level":"0"}]}
*************** response log end ***************

[2018-10-15T09:44:58.555] [INFO] resLog - 
*************** response log start ***************
request method: OPTIONS
request originalUrl:  /report/currentWeekReport/get
request client ip:  ::ffff:192.168.212.29
request body: 
{}
response time: 1
response status: 204
response body: 
undefined
*************** response log end ***************

[2018-10-15T09:44:58.566] [INFO] resLog - 
*************** response log start ***************
request method: POST
request originalUrl:  /report/getCollectGroupCurrentWeekPort/get
request client ip:  ::ffff:192.168.212.29
request body: 
{"collector":1}
response time: 3
response status: 200
response body: 
{"status":true,"data":[{"id":751,"title":"未命名周报","summary":"1.测试测试\n2.测试2测试3\n3.阿斯顿开发房间空间\n4.看见阿斯顿开发房间卡觉得","plan":"","createTime":"2018-10-15T01:44:33.000Z","lastUpdateTime":"2018-10-15T01:44:33.000Z","week":"2018-10-14T16:00:00.000Z","status":"public","email":"dingyf@suninfo.com","groupId":37,"name":"丁亚飞","sex":"male","remark":"","password":"ding39580726","role":"user","collector":1,"level":"0"}]}
*************** response log end ***************

[2018-10-15T09:44:58.566] [INFO] resLog - 
*************** response log start ***************
request method: OPTIONS
request originalUrl:  /group/groupManage/get
request client ip:  ::ffff:192.168.212.29
request body: 
{}
response time: 0
response status: 204
response body: 
undefined
*************** response log end ***************

[2018-10-15T09:44:58.625] [INFO] resLog - 
*************** response log start ***************
request method: GET
request originalUrl:  /report/currentWeekReport/get
request client ip:  ::ffff:192.168.212.29
request query:  {}
response time: 2
response status: 200
response body: 
{"status":true,"data":[{"id":751,"title":"未命名周报","summary":"1.测试测试\n2.测试2测试3\n3.阿斯顿开发房间空间\n4.看见阿斯顿开发房间卡觉得","plan":"","createTime":"2018-10-15T01:44:33.000Z","lastUpdateTime":"2018-10-15T01:44:33.000Z","week":"2018-10-14T16:00:00.000Z","status":"public","email":"dingyf@suninfo.com","groupId":37}]}
*************** response log end ***************

[2018-10-15T09:44:58.679] [INFO] resLog - 
*************** response log start ***************
request method: GET
request originalUrl:  /group/groupManage/get
request client ip:  ::ffff:192.168.212.29
request query:  {}
response time: 1
response status: 200
response body: 
{"status":true,"data":[{"id":37,"name":"前端","memberNum":9,"remark":"前端","createTime":"2018-09-03T03:10:08.000Z","combine":1},{"id":43,"name":"美工","memberNum":3,"remark":"美工","createTime":"2018-03-23T06:20:19.000Z","combine":"0"},{"id":44,"name":"测试","memberNum":8,"remark":"测试小组","createTime":"2018-04-13T09:09:05.000Z","combine":"0"},{"id":45,"name":"后端","memberNum":14,"remark":"后端","createTime":"2018-09-03T03:10:08.000Z","combine":1},{"id":48,"name":"产品","memberNum":0,"remark":"产品","createTime":"2018-10-12T12:46:32.000Z","combine":"0"}]}
*************** response log end ***************

[2018-10-15T09:44:58.798] [INFO] resLog - 
*************** response log start ***************
request method: OPTIONS
request originalUrl:  /group/groupManage/getGroupsMember
request client ip:  ::ffff:192.168.212.29
request body: 
{}
response time: 0
response status: 204
response body: 
undefined
*************** response log end ***************

[2018-10-15T09:44:58.800] [INFO] resLog - 
*************** response log start ***************
request method: OPTIONS
request originalUrl:  /user/getSendMailUser
request client ip:  ::ffff:192.168.212.29
request body: 
{}
response time: 0
response status: 204
response body: 
undefined
*************** response log end ***************

[2018-10-15T09:44:58.856] [INFO] resLog - 
*************** response log start ***************
request method: POST
request originalUrl:  /group/groupManage/getGroupsMember
request client ip:  ::ffff:192.168.212.29
request body: 
{"idList":[37,45]}
response time: 2
response status: 200
response body: 
{"status":true,"data":[{"email":"caolx@suninfo.com","name":"曹立鑫","sex":"male","remark":"Sunflower — 前端工程师一枚","groupId":37,"role":"user","collector":"0","level":"0"},{"email":"chao_wang@suninfo.com","name":"王超","sex":"male","remark":"","groupId":45,"role":"user","collector":1,"level":"0"},{"email":"chenkun@suninfo.com","name":"陈坤","sex":"male","remark":"实习","groupId":45,"role":"user","collector":"0","level":1},{"email":"dingyf@suninfo.com","name":"丁亚飞","sex":"male","remark":"","groupId":37,"role":"user","collector":1,"level":"0"},{"email":"fant@suninfo.com","name":"樊婷","sex":"female","remark":"","groupId":45,"role":"user","collector":1,"level":"0"},{"email":"gaoyu@suninfo.com","name":"高瑜","sex":"female","remark":"","groupId":45,"role":"user","collector":"0","level":"0"},{"email":"geal@suninfo.com","name":"葛阿雷","sex":"male","remark":"","groupId":45,"role":"user","collector":"0","level":"0"},{"email":"huog@suninfo.com","name":"霍鸽","sex":"female","remark":"","groupId":37,"role":"user","collector":"0","level":"0"},{"email":"jingjw@suninfo.com","name":"景俊伟","sex":"male","remark":"","groupId":45,"role":"user","collector":1,"level":"0"},{"email":"liaofc@suninfo.com","name":"廖霏苍","sex":"male","remark":"陈独秀 你坐下","groupId":37,"role":"user","collector":"0","level":"0"},{"email":"lic2017@suninfo.com","name":"李聪","sex":"male","remark":"","groupId":37,"role":"user","collector":"0","level":"0"},{"email":"liushp@suninfo.com","name":"刘书鹏","sex":"male","remark":"","groupId":37,"role":"user","collector":"0","level":"0"},{"email":"liw@suninfo.com","name":"李巍","sex":"male","remark":"","groupId":45,"role":"user","collector":"0","level":2},{"email":"liyanna@suninfo.com","name":"李妍娜","sex":"female","remark":"","groupId":45,"role":"user","collector":"0","level":1},{"email":"luxx@suninfo.com","name":"路星星","sex":"female","remark":"","groupId":45,"role":"user","collector":"0","level":"0"},{"email":"shifeng@suninfo.com","name":"师峰","sex":"male","remark":"123","groupId":37,"role":"user","collector":"0","level":"0"},{"email":"wanght@suninfo.com","name":"王洪涛","sex":"male","remark":"","groupId":45,"role":"user","collector":"0","level":"0"},{"email":"wangxc@suninfo.com","name":"汪宣成","sex":"male","remark":"","groupId":45,"role":"user","collector":"0","level":"0"},{"email":"weish@suninfo.com","name":"韦帅","sex":"male","remark":"","groupId":45,"role":"user","collector":"0","level":"0"},{"email":"yanghf@suninfo.com","name":"杨海飞","sex":"male","remark":"","groupId":45,"role":"user","collector":"0","level":2},{"email":"youwg@suninfo.com","name":"游武刚","sex":"male","remark":"无","groupId":37,"role":"user","collector":"0","level":"0"},{"email":"zhengx@suninfo.com","name":"郑鑫","sex":"male","remark":"","groupId":37,"role":"user","collector":"0","level":"0"},{"email":"zhujq@suninfo.com","name":"朱金奇","sex":"male","remark":"","groupId":45,"role":"user","collector":1,"level":"0"}]}
*************** response log end ***************

[2018-10-15T09:44:58.859] [INFO] resLog - 
*************** response log start ***************
request method: GET
request originalUrl:  /user/getSendMailUser
request client ip:  ::ffff:192.168.212.29
request query:  {}
response time: 1
response status: 200
response body: 
{"status":true,"data":[{"id":3,"email":"you11098@163.com","name":"测试用户"}]}
*************** response log end ***************

[2018-10-15T09:45:15.239] [INFO] resLog - 
*************** response log start ***************
request method: OPTIONS
request originalUrl:  /user/logOut
request client ip:  ::ffff:192.168.212.29
request body: 
{}
response time: 0
response status: 204
response body: 
undefined
*************** response log end ***************

[2018-10-15T09:45:15.259] [INFO] resLog - 
*************** response log start ***************
request method: GET
request originalUrl:  /user/logOut
request client ip:  ::ffff:192.168.212.29
request query:  {}
response time: 3
response status: 200
response body: 
{"status":true,"data":"系统已退出！"}
*************** response log end ***************

[2018-10-15T09:45:19.670] [INFO] resLog - 
*************** response log start ***************
request method: OPTIONS
request originalUrl:  /user/adminLogin
request client ip:  ::ffff:192.168.212.29
request body: 
{}
response time: 0
response status: 204
response body: 
undefined
*************** response log end ***************

[2018-10-15T09:45:19.687] [INFO] resLog - 
*************** response log start ***************
request method: POST
request originalUrl:  /user/adminLogin
request client ip:  ::ffff:192.168.212.29
request body: 
{"email":"admin","password":"admin"}
response time: 3
response status: 200
response body: 
{"status":true,"data":{"email":"admin","name":"admin","sex":"male","remark":"admin","groupId":1,"role":"admin","collector":"0","level":"0"}}
*************** response log end ***************

[2018-10-15T09:45:19.829] [INFO] resLog - 
*************** response log start ***************
request method: OPTIONS
request originalUrl:  /group/groupManage/get
request client ip:  ::ffff:192.168.212.29
request body: 
{}
response time: 0
response status: 204
response body: 
undefined
*************** response log end ***************

[2018-10-15T09:45:19.867] [INFO] resLog - 
*************** response log start ***************
request method: GET
request originalUrl:  /group/groupManage/get
request client ip:  ::ffff:192.168.212.29
request query:  {}
response time: 2
response status: 200
response body: 
{"status":true,"data":[{"id":37,"name":"前端","memberNum":9,"remark":"前端","createTime":"2018-09-03T03:10:08.000Z","combine":1},{"id":43,"name":"美工","memberNum":3,"remark":"美工","createTime":"2018-03-23T06:20:19.000Z","combine":"0"},{"id":44,"name":"测试","memberNum":8,"remark":"测试小组","createTime":"2018-04-13T09:09:05.000Z","combine":"0"},{"id":45,"name":"后端","memberNum":14,"remark":"后端","createTime":"2018-09-03T03:10:08.000Z","combine":1},{"id":48,"name":"产品","memberNum":0,"remark":"产品","createTime":"2018-10-12T12:46:32.000Z","combine":"0"}]}
*************** response log end ***************

[2018-10-15T09:53:15.737] [INFO] resLog - 
*************** response log start ***************
request method: OPTIONS
request originalUrl:  /group/groupManage/get
request client ip:  ::ffff:192.168.212.29
request body: 
{}
response time: 0
response status: 204
response body: 
undefined
*************** response log end ***************

[2018-10-15T09:53:15.766] [INFO] resLog - 
*************** response log start ***************
request method: GET
request originalUrl:  /group/groupManage/get
request client ip:  ::ffff:192.168.212.29
request query:  {}
response time: 7
response status: 200
response body: 
{"status":true,"data":[{"id":37,"name":"前端","memberNum":9,"remark":"前端","createTime":"2018-09-03T03:10:08.000Z","combine":1},{"id":43,"name":"美工","memberNum":3,"remark":"美工","createTime":"2018-03-23T06:20:19.000Z","combine":"0"},{"id":44,"name":"测试","memberNum":8,"remark":"测试小组","createTime":"2018-04-13T09:09:05.000Z","combine":"0"},{"id":45,"name":"后端","memberNum":14,"remark":"后端","createTime":"2018-09-03T03:10:08.000Z","combine":1},{"id":48,"name":"产品","memberNum":0,"remark":"产品","createTime":"2018-10-12T12:46:32.000Z","combine":"0"}]}
*************** response log end ***************

[2018-10-15T09:53:16.715] [INFO] resLog - 
*************** response log start ***************
request method: OPTIONS
request originalUrl:  /punchcard/getLevelMember
request client ip:  ::ffff:192.168.212.29
request body: 
{}
response time: 0
response status: 204
response body: 
undefined
*************** response log end ***************

[2018-10-15T09:53:16.717] [INFO] resLog - 
*************** response log start ***************
request method: OPTIONS
request originalUrl:  /punchcard/getLevelMember
request client ip:  ::ffff:192.168.212.29
request body: 
{}
response time: 1
response status: 204
response body: 
undefined
*************** response log end ***************

[2018-10-15T09:53:16.749] [INFO] resLog - 
*************** response log start ***************
request method: POST
request originalUrl:  /punchcard/getLevelMember
request client ip:  ::ffff:192.168.212.29
request body: 
{"id":"1"}
response time: 10
response status: 200
response body: 
{"status":true,"data":[{"email":"chenkun@suninfo.com","name":"陈坤","sex":"male"},{"email":"liyanna@suninfo.com","name":"李妍娜","sex":"female"}]}
*************** response log end ***************

[2018-10-15T09:53:16.754] [INFO] resLog - 
*************** response log start ***************
request method: POST
request originalUrl:  /punchcard/getLevelMember
request client ip:  ::ffff:192.168.212.29
request body: 
{"id":"2"}
response time: 12
response status: 200
response body: 
{"status":true,"data":[{"email":"liw@suninfo.com","name":"李巍","sex":"male"},{"email":"yanghf@suninfo.com","name":"杨海飞","sex":"male"},{"email":"zhouj@suninfo.com","name":"周靖","sex":"female"}]}
*************** response log end ***************

[2018-10-15T09:53:18.368] [INFO] resLog - 
*************** response log start ***************
request method: GET
request originalUrl:  /group/groupManage/get
request client ip:  ::ffff:192.168.212.29
request query:  {}
response time: 7
response status: 200
response body: 
{"status":true,"data":[{"id":37,"name":"前端","memberNum":9,"remark":"前端","createTime":"2018-09-03T03:10:08.000Z","combine":1},{"id":43,"name":"美工","memberNum":3,"remark":"美工","createTime":"2018-03-23T06:20:19.000Z","combine":"0"},{"id":44,"name":"测试","memberNum":8,"remark":"测试小组","createTime":"2018-04-13T09:09:05.000Z","combine":"0"},{"id":45,"name":"后端","memberNum":14,"remark":"后端","createTime":"2018-09-03T03:10:08.000Z","combine":1},{"id":48,"name":"产品","memberNum":0,"remark":"产品","createTime":"2018-10-12T12:46:32.000Z","combine":"0"}]}
*************** response log end ***************

[2018-10-15T09:53:19.000] [INFO] resLog - 
*************** response log start ***************
request method: OPTIONS
request originalUrl:  /system/getSysSetting
request client ip:  ::ffff:192.168.212.29
request body: 
{}
response time: 1
response status: 204
response body: 
undefined
*************** response log end ***************

[2018-10-15T09:53:19.021] [INFO] resLog - 
*************** response log start ***************
request method: GET
request originalUrl:  /system/getSysSetting
request client ip:  ::ffff:192.168.212.29
request query:  {}
response time: 2
response status: 200
response body: 
{"status":true,"data":{"emailSuffix":"@suninfo.com;@qq.com;@163.com","sysAnnouncement":"","timeOut":72000}}
*************** response log end ***************

[2018-10-15T09:53:20.179] [INFO] resLog - 
*************** response log start ***************
request method: GET
request originalUrl:  /group/groupManage/get
request client ip:  ::ffff:192.168.212.29
request query:  {}
response time: 7
response status: 200
response body: 
{"status":true,"data":[{"id":37,"name":"前端","memberNum":9,"remark":"前端","createTime":"2018-09-03T03:10:08.000Z","combine":1},{"id":43,"name":"美工","memberNum":3,"remark":"美工","createTime":"2018-03-23T06:20:19.000Z","combine":"0"},{"id":44,"name":"测试","memberNum":8,"remark":"测试小组","createTime":"2018-04-13T09:09:05.000Z","combine":"0"},{"id":45,"name":"后端","memberNum":14,"remark":"后端","createTime":"2018-09-03T03:10:08.000Z","combine":1},{"id":48,"name":"产品","memberNum":0,"remark":"产品","createTime":"2018-10-12T12:46:32.000Z","combine":"0"}]}
*************** response log end ***************

[2018-10-15T09:59:41.969] [INFO] resLog - 
*************** response log start ***************
request method: OPTIONS
request originalUrl:  /group/groupManage/get
request client ip:  ::ffff:192.168.212.29
request body: 
{}
response time: 0
response status: 204
response body: 
undefined
*************** response log end ***************

[2018-10-15T09:59:41.974] [INFO] resLog - 
*************** response log start ***************
request method: OPTIONS
request originalUrl:  /group/groupManage/get
request client ip:  ::ffff:192.168.212.29
request body: 
{}
response time: 0
response status: 204
response body: 
undefined
*************** response log end ***************

[2018-10-15T09:59:42.033] [INFO] resLog - 
*************** response log start ***************
request method: GET
request originalUrl:  /group/groupManage/get
request client ip:  ::ffff:192.168.212.29
request query:  {}
response time: 4
response status: 200
response body: 
{"status":true,"data":[{"id":37,"name":"前端","memberNum":9,"remark":"前端","createTime":"2018-09-03T03:10:08.000Z","combine":1},{"id":43,"name":"美工","memberNum":3,"remark":"美工","createTime":"2018-03-23T06:20:19.000Z","combine":"0"},{"id":44,"name":"测试","memberNum":8,"remark":"测试小组","createTime":"2018-04-13T09:09:05.000Z","combine":"0"},{"id":45,"name":"后端","memberNum":14,"remark":"后端","createTime":"2018-09-03T03:10:08.000Z","combine":1},{"id":48,"name":"产品","memberNum":0,"remark":"产品","createTime":"2018-10-12T12:46:32.000Z","combine":"0"}]}
*************** response log end ***************

[2018-10-15T09:59:42.042] [INFO] resLog - 
*************** response log start ***************
request method: GET
request originalUrl:  /group/groupManage/get
request client ip:  ::ffff:192.168.212.29
request query:  {}
response time: 1
response status: 200
response body: 
{"status":true,"data":[{"id":37,"name":"前端","memberNum":9,"remark":"前端","createTime":"2018-09-03T03:10:08.000Z","combine":1},{"id":43,"name":"美工","memberNum":3,"remark":"美工","createTime":"2018-03-23T06:20:19.000Z","combine":"0"},{"id":44,"name":"测试","memberNum":8,"remark":"测试小组","createTime":"2018-04-13T09:09:05.000Z","combine":"0"},{"id":45,"name":"后端","memberNum":14,"remark":"后端","createTime":"2018-09-03T03:10:08.000Z","combine":1},{"id":48,"name":"产品","memberNum":0,"remark":"产品","createTime":"2018-10-12T12:46:32.000Z","combine":"0"}]}
*************** response log end ***************

