[2018-09-12T15:45:01.694] [INFO] resLog - 
*************** response log start ***************
request method: OPTIONS
request originalUrl:  /report/currentWeekReport/get
request client ip:  ::ffff:192.168.212.29
request body: 
{}
response time: 0
response status: 204
response body: 
undefined
*************** response log end ***************

[2018-09-12T15:45:01.699] [INFO] resLog - 
*************** response log start ***************
request method: OPTIONS
request originalUrl:  /punchcard/userMonthList
request client ip:  ::ffff:192.168.212.29
request body: 
{}
response time: 0
response status: 204
response body: 
undefined
*************** response log end ***************

[2018-09-12T15:45:01.828] [INFO] resLog - 
*************** response log start ***************
request method: POST
request originalUrl:  /punchcard/userMonthList
request client ip:  ::ffff:192.168.212.29
request body: 
{"userid":"tom@suninfo.com","month":"2018-09"}
response time: 1
response status: 200
response body: 
{"status":false,"data":"Not Login"}
*************** response log end ***************

[2018-09-12T15:45:01.830] [INFO] resLog - 
*************** response log start ***************
request method: GET
request originalUrl:  /report/currentWeekReport/get
request client ip:  ::ffff:192.168.212.29
request query:  {}
response time: 0
response status: 200
response body: 
{"status":false,"data":"Not Login"}
*************** response log end ***************

[2018-09-12T15:45:03.692] [INFO] resLog - 
*************** response log start ***************
request method: OPTIONS
request originalUrl:  /user/login
request client ip:  ::ffff:192.168.212.29
request body: 
{}
response time: 0
response status: 204
response body: 
undefined
*************** response log end ***************

[2018-09-12T15:45:03.703] [INFO] resLog - 
*************** response log start ***************
request method: POST
request originalUrl:  /user/login
request client ip:  ::ffff:192.168.212.29
request body: 
{"email":"tom@suninfo.com","password":"123456"}
response time: 3
response status: 200
response body: 
{"status":true,"data":{"email":"tom@suninfo.com","name":"张悦","sex":"female","remark":null,"groupId":38,"role":"user","level":0,"collector":2}}
*************** response log end ***************

[2018-09-12T15:45:03.745] [INFO] resLog - 
*************** response log start ***************
request method: GET
request originalUrl:  /report/currentWeekReport/get
request client ip:  ::ffff:192.168.212.29
request query:  {}
response time: 1
response status: 200
response body: 
{"status":true,"data":[]}
*************** response log end ***************

[2018-09-12T15:45:06.419] [INFO] resLog - 
*************** response log start ***************
request method: POST
request originalUrl:  /punchcard/userMonthList
request client ip:  ::ffff:192.168.212.29
request body: 
{"userid":"tom@suninfo.com","month":"2018-09"}
response time: 1
response status: 200
response body: 
{"status":true,"data":[{"userid":"tom@suninfo.com","card_time":"2018-09-12","card_status":1}]}
*************** response log end ***************

[2018-09-12T15:45:14.202] [INFO] resLog - 
*************** response log start ***************
request method: OPTIONS
request originalUrl:  /report/currentWeekReport/get
request client ip:  ::ffff:192.168.212.29
request body: 
{}
response time: 1
response status: 204
response body: 
undefined
*************** response log end ***************

[2018-09-12T15:45:14.203] [INFO] resLog - 
*************** response log start ***************
request method: OPTIONS
request originalUrl:  /punchcard/userMonthList
request client ip:  ::ffff:192.168.212.29
request body: 
{}
response time: 0
response status: 204
response body: 
undefined
*************** response log end ***************

[2018-09-12T15:45:14.236] [INFO] resLog - 
*************** response log start ***************
request method: GET
request originalUrl:  /report/currentWeekReport/get
request client ip:  ::ffff:192.168.212.29
request query:  {}
response time: 5
response status: 200
response body: 
{"status":true,"data":[]}
*************** response log end ***************

[2018-09-12T15:45:14.240] [INFO] resLog - 
*************** response log start ***************
request method: POST
request originalUrl:  /punchcard/userMonthList
request client ip:  ::ffff:192.168.212.29
request body: 
{"userid":"tom@suninfo.com","month":"2018-09"}
response time: 8
response status: 200
response body: 
{"status":true,"data":[{"userid":"tom@suninfo.com","card_time":"2018-09-12","card_status":1}]}
*************** response log end ***************

[2018-09-12T15:46:09.569] [INFO] resLog - 
*************** response log start ***************
request method: OPTIONS
request originalUrl:  /punchcard/signin
request client ip:  ::ffff:192.168.212.29
request body: 
{}
response time: 0
response status: 204
response body: 
undefined
*************** response log end ***************

[2018-09-12T15:46:09.578] [INFO] resLog - 
*************** response log start ***************
request method: POST
request originalUrl:  /punchcard/signin
request client ip:  ::ffff:192.168.212.29
request body: 
{"userid":"tom@suninfo.com"}
response time: 3
response status: 200
response body: 
{"status":true,"data":"签到成功！"}
*************** response log end ***************

[2018-09-12T15:46:17.240] [INFO] resLog - 
*************** response log start ***************
request method: OPTIONS
request originalUrl:  /punchcard/signin
request client ip:  ::ffff:192.168.212.29
request body: 
{}
response time: 0
response status: 204
response body: 
undefined
*************** response log end ***************

[2018-09-12T15:46:17.247] [INFO] resLog - 
*************** response log start ***************
request method: POST
request originalUrl:  /punchcard/signin
request client ip:  ::ffff:192.168.212.29
request body: 
{"userid":"tom@suninfo.com"}
response time: 1
response status: 200
response body: 
{"status":false,"data":"已签到！"}
*************** response log end ***************

[2018-09-12T15:46:17.418] [INFO] resLog - 
*************** response log start ***************
request method: POST
request originalUrl:  /punchcard/signin
request client ip:  ::ffff:192.168.212.29
request body: 
{"userid":"tom@suninfo.com"}
response time: 2
response status: 200
response body: 
{"status":false,"data":"已签到！"}
*************** response log end ***************

