[2018-09-12T10:06:37.086] [INFO] resLog - 
*************** response log start ***************
request method: OPTIONS
request originalUrl:  /punchcard/currentUserMonthList
request client ip:  ::ffff:192.168.212.29
request body: 
{}
response time: 0
response status: 204
response body: 
undefined
*************** response log end ***************

[2018-09-12T10:06:37.097] [INFO] resLog - 
*************** response log start ***************
request method: POST
request originalUrl:  /punchcard/currentUserMonthList
request client ip:  ::ffff:192.168.212.29
request body: 
{"userid":"tom@suninfo.com"}
response time: 2
response status: 200
response body: 
{"status":false,"data":"没有数据"}
*************** response log end ***************

[2018-09-12T10:06:58.233] [INFO] resLog - 
*************** response log start ***************
request method: OPTIONS
request originalUrl:  /punchcard/currentUserMonthList
request client ip:  ::ffff:192.168.212.29
request body: 
{}
response time: 0
response status: 204
response body: 
undefined
*************** response log end ***************

[2018-09-12T10:06:58.243] [INFO] resLog - 
*************** response log start ***************
request method: POST
request originalUrl:  /punchcard/currentUserMonthList
request client ip:  ::ffff:192.168.212.29
request body: 
{"userid":"tom@suninfo.com"}
response time: 2
response status: 200
response body: 
{"status":false,"data":"没有数据"}
*************** response log end ***************

[2018-09-12T10:07:00.370] [INFO] resLog - 
*************** response log start ***************
request method: OPTIONS
request originalUrl:  /report/currentWeekReport/get
request client ip:  ::ffff:192.168.212.29
request body: 
{}
response time: 0
response status: 204
response body: 
undefined
*************** response log end ***************

[2018-09-12T10:07:00.373] [INFO] resLog - 
*************** response log start ***************
request method: POST
request originalUrl:  /punchcard/currentUserMonthList
request client ip:  ::ffff:192.168.212.29
request body: 
{"userid":"tom@suninfo.com"}
response time: 2
response status: 200
response body: 
{"status":false,"data":"没有数据"}
*************** response log end ***************

[2018-09-12T10:07:00.398] [INFO] resLog - 
*************** response log start ***************
request method: GET
request originalUrl:  /report/currentWeekReport/get
request client ip:  ::ffff:192.168.212.29
request query:  {}
response time: 2
response status: 200
response body: 
{"status":true,"data":[]}
*************** response log end ***************

[2018-09-12T10:07:08.114] [INFO] resLog - 
*************** response log start ***************
request method: OPTIONS
request originalUrl:  /punchcard/signin
request client ip:  ::ffff:192.168.212.29
request body: 
{}
response time: 0
response status: 204
response body: 
undefined
*************** response log end ***************

[2018-09-12T10:07:08.137] [INFO] resLog - 
*************** response log start ***************
request method: POST
request originalUrl:  /punchcard/signin
request client ip:  ::ffff:192.168.212.29
request body: 
{"userid":"tom@suninfo.com"}
response time: 15
response status: 200
response body: 
{"status":true,"data":"新增成功"}
*************** response log end ***************

[2018-09-12T10:08:00.190] [INFO] resLog - 
*************** response log start ***************
request method: OPTIONS
request originalUrl:  /punchcard/currentUserMonthList
request client ip:  ::ffff:192.168.212.29
request body: 
{}
response time: 0
response status: 204
response body: 
undefined
*************** response log end ***************

[2018-09-12T10:08:00.203] [INFO] resLog - 
*************** response log start ***************
request method: POST
request originalUrl:  /punchcard/currentUserMonthList
request client ip:  ::ffff:192.168.212.29
request body: 
{"userid":"tom@suninfo.com"}
response time: 2
response status: 200
response body: 
{"status":true,"data":[{"userid":"tom@suninfo.com","card_time":"2018-9-12","card_status":1}]}
*************** response log end ***************

[2018-09-12T10:13:44.939] [INFO] resLog - 
*************** response log start ***************
request method: OPTIONS
request originalUrl:  /punchcard/currentUserMonthList
request client ip:  ::ffff:192.168.212.29
request body: 
{}
response time: 0
response status: 204
response body: 
undefined
*************** response log end ***************

[2018-09-12T10:13:44.948] [INFO] resLog - 
*************** response log start ***************
request method: POST
request originalUrl:  /punchcard/currentUserMonthList
request client ip:  ::ffff:192.168.212.29
request body: 
{"userid":"tom@suninfo.com"}
response time: 2
response status: 200
response body: 
{"status":true,"data":[{"userid":"tom@suninfo.com","card_time":"2018-9-12","card_status":1}]}
*************** response log end ***************

[2018-09-12T10:14:00.166] [INFO] resLog - 
*************** response log start ***************
request method: OPTIONS
request originalUrl:  /punchcard/currentUserMonthList
request client ip:  ::ffff:192.168.212.29
request body: 
{}
response time: 0
response status: 204
response body: 
undefined
*************** response log end ***************

[2018-09-12T10:14:00.175] [INFO] resLog - 
*************** response log start ***************
request method: POST
request originalUrl:  /punchcard/currentUserMonthList
request client ip:  ::ffff:192.168.212.29
request body: 
{"userid":"tom@suninfo.com"}
response time: 1
response status: 200
response body: 
{"status":true,"data":[{"userid":"tom@suninfo.com","card_time":"2018-9-12","card_status":1}]}
*************** response log end ***************

[2018-09-12T10:14:32.622] [INFO] resLog - 
*************** response log start ***************
request method: OPTIONS
request originalUrl:  /punchcard/currentUserMonthList
request client ip:  ::ffff:192.168.212.29
request body: 
{}
response time: 1
response status: 204
response body: 
undefined
*************** response log end ***************

[2018-09-12T10:14:32.630] [INFO] resLog - 
*************** response log start ***************
request method: POST
request originalUrl:  /punchcard/currentUserMonthList
request client ip:  ::ffff:192.168.212.29
request body: 
{"userid":"tom@suninfo.com"}
response time: 1
response status: 200
response body: 
{"status":true,"data":[{"userid":"tom@suninfo.com","card_time":"2018-9-12","card_status":1}]}
*************** response log end ***************

[2018-09-12T10:18:08.949] [INFO] resLog - 
*************** response log start ***************
request method: OPTIONS
request originalUrl:  /punchcard/currentUserMonthList
request client ip:  ::ffff:192.168.212.29
request body: 
{}
response time: 0
response status: 204
response body: 
undefined
*************** response log end ***************

[2018-09-12T10:18:08.961] [INFO] resLog - 
*************** response log start ***************
request method: POST
request originalUrl:  /punchcard/currentUserMonthList
request client ip:  ::ffff:192.168.212.29
request body: 
{"userid":"tom@suninfo.com"}
response time: 2
response status: 200
response body: 
{"status":true,"data":[{"userid":"tom@suninfo.com","card_time":"2018-9-12","card_status":1}]}
*************** response log end ***************

[2018-09-12T10:18:57.651] [INFO] resLog - 
*************** response log start ***************
request method: OPTIONS
request originalUrl:  /punchcard/currentUserMonthList
request client ip:  ::ffff:192.168.212.29
request body: 
{}
response time: 0
response status: 204
response body: 
undefined
*************** response log end ***************

[2018-09-12T10:18:57.662] [INFO] resLog - 
*************** response log start ***************
request method: POST
request originalUrl:  /punchcard/currentUserMonthList
request client ip:  ::ffff:192.168.212.29
request body: 
{"userid":"tom@suninfo.com"}
response time: 2
response status: 200
response body: 
{"status":true,"data":[{"userid":"tom@suninfo.com","card_time":"2018-9-12","card_status":1}]}
*************** response log end ***************

[2018-09-12T10:21:22.165] [INFO] resLog - 
*************** response log start ***************
request method: OPTIONS
request originalUrl:  /report/currentWeekReport/get
request client ip:  ::ffff:192.168.212.29
request body: 
{}
response time: 0
response status: 204
response body: 
undefined
*************** response log end ***************

[2018-09-12T10:21:22.167] [INFO] resLog - 
*************** response log start ***************
request method: OPTIONS
request originalUrl:  /punchcard/currentUserMonthList
request client ip:  ::ffff:192.168.212.29
request body: 
{}
response time: 0
response status: 204
response body: 
undefined
*************** response log end ***************

[2018-09-12T10:21:22.216] [INFO] resLog - 
*************** response log start ***************
request method: GET
request originalUrl:  /report/currentWeekReport/get
request client ip:  ::ffff:192.168.212.29
request query:  {}
response time: 3
response status: 200
response body: 
{"status":true,"data":[]}
*************** response log end ***************

[2018-09-12T10:21:22.223] [INFO] resLog - 
*************** response log start ***************
request method: POST
request originalUrl:  /punchcard/currentUserMonthList
request client ip:  ::ffff:192.168.212.29
request body: 
{"userid":"tom@suninfo.com"}
response time: 5
response status: 200
response body: 
{"status":true,"data":[{"userid":"tom@suninfo.com","card_time":"2018-9-12","card_status":1}]}
*************** response log end ***************

[2018-09-12T10:23:17.735] [INFO] resLog - 
*************** response log start ***************
request method: OPTIONS
request originalUrl:  /report/currentWeekReport/get
request client ip:  ::ffff:192.168.212.29
request body: 
{}
response time: 0
response status: 204
response body: 
undefined
*************** response log end ***************

[2018-09-12T10:23:17.746] [INFO] resLog - 
*************** response log start ***************
request method: OPTIONS
request originalUrl:  /punchcard/currentUserMonthList
request client ip:  ::ffff:192.168.212.29
request body: 
{}
response time: 0
response status: 204
response body: 
undefined
*************** response log end ***************

[2018-09-12T10:23:17.795] [INFO] resLog - 
*************** response log start ***************
request method: GET
request originalUrl:  /report/currentWeekReport/get
request client ip:  ::ffff:192.168.212.29
request query:  {}
response time: 2
response status: 200
response body: 
{"status":true,"data":[]}
*************** response log end ***************

[2018-09-12T10:23:17.814] [INFO] resLog - 
*************** response log start ***************
request method: POST
request originalUrl:  /punchcard/currentUserMonthList
request client ip:  ::ffff:192.168.212.29
request body: 
{"userid":"tom@suninfo.com"}
response time: 2
response status: 200
response body: 
{"status":true,"data":[{"userid":"tom@suninfo.com","card_time":"2018-9-12","card_status":1}]}
*************** response log end ***************

[2018-09-12T10:23:44.215] [INFO] resLog - 
*************** response log start ***************
request method: OPTIONS
request originalUrl:  /punchcard/currentUserMonthList
request client ip:  ::ffff:192.168.212.29
request body: 
{}
response time: 0
response status: 204
response body: 
undefined
*************** response log end ***************

[2018-09-12T10:23:44.224] [INFO] resLog - 
*************** response log start ***************
request method: POST
request originalUrl:  /punchcard/currentUserMonthList
request client ip:  ::ffff:192.168.212.29
request body: 
{"userid":"tom@suninfo.com"}
response time: 1
response status: 200
response body: 
{"status":true,"data":[{"userid":"tom@suninfo.com","card_time":"2018-9-12","card_status":1}]}
*************** response log end ***************

[2018-09-12T10:25:56.012] [INFO] resLog - 
*************** response log start ***************
request method: OPTIONS
request originalUrl:  /punchcard/currentUserMonthList
request client ip:  ::ffff:192.168.212.29
request body: 
{}
response time: 0
response status: 204
response body: 
undefined
*************** response log end ***************

[2018-09-12T10:25:56.020] [INFO] resLog - 
*************** response log start ***************
request method: POST
request originalUrl:  /punchcard/currentUserMonthList
request client ip:  ::ffff:192.168.212.29
request body: 
{"userid":"tom@suninfo.com"}
response time: 1
response status: 200
response body: 
{"status":true,"data":[{"userid":"tom@suninfo.com","card_time":"2018-9-12","card_status":1}]}
*************** response log end ***************

[2018-09-12T10:26:16.095] [INFO] resLog - 
*************** response log start ***************
request method: OPTIONS
request originalUrl:  /report/currentWeekReport/get
request client ip:  ::ffff:192.168.212.29
request body: 
{}
response time: 0
response status: 204
response body: 
undefined
*************** response log end ***************

[2018-09-12T10:26:16.096] [INFO] resLog - 
*************** response log start ***************
request method: OPTIONS
request originalUrl:  /punchcard/currentUserMonthList
request client ip:  ::ffff:192.168.212.29
request body: 
{}
response time: 0
response status: 204
response body: 
undefined
*************** response log end ***************

[2018-09-12T10:26:16.145] [INFO] resLog - 
*************** response log start ***************
request method: POST
request originalUrl:  /punchcard/currentUserMonthList
request client ip:  ::ffff:192.168.212.29
request body: 
{"userid":"tom@suninfo.com"}
response time: 3
response status: 200
response body: 
{"status":true,"data":[{"userid":"tom@suninfo.com","card_time":"2018-9-12","card_status":1}]}
*************** response log end ***************

[2018-09-12T10:26:16.147] [INFO] resLog - 
*************** response log start ***************
request method: GET
request originalUrl:  /report/currentWeekReport/get
request client ip:  ::ffff:192.168.212.29
request query:  {}
response time: 2
response status: 200
response body: 
{"status":true,"data":[]}
*************** response log end ***************

[2018-09-12T10:26:42.844] [INFO] resLog - 
*************** response log start ***************
request method: OPTIONS
request originalUrl:  /punchcard/currentUserMonthList
request client ip:  ::ffff:192.168.212.29
request body: 
{}
response time: 1
response status: 204
response body: 
undefined
*************** response log end ***************

[2018-09-12T10:26:42.855] [INFO] resLog - 
*************** response log start ***************
request method: POST
request originalUrl:  /punchcard/currentUserMonthList
request client ip:  ::ffff:192.168.212.29
request body: 
{"userid":"tom@suninfo.com"}
response time: 2
response status: 200
response body: 
{"status":true,"data":[{"userid":"tom@suninfo.com","card_time":"2018-9-12","card_status":1}]}
*************** response log end ***************

[2018-09-12T10:26:47.766] [INFO] resLog - 
*************** response log start ***************
request method: OPTIONS
request originalUrl:  /report/currentWeekReport/get
request client ip:  ::ffff:192.168.212.29
request body: 
{}
response time: 0
response status: 204
response body: 
undefined
*************** response log end ***************

[2018-09-12T10:26:47.777] [INFO] resLog - 
*************** response log start ***************
request method: POST
request originalUrl:  /punchcard/currentUserMonthList
request client ip:  ::ffff:192.168.212.29
request body: 
{"userid":"tom@suninfo.com"}
response time: 2
response status: 200
response body: 
{"status":true,"data":[{"userid":"tom@suninfo.com","card_time":"2018-9-12","card_status":1}]}
*************** response log end ***************

[2018-09-12T10:26:47.827] [INFO] resLog - 
*************** response log start ***************
request method: GET
request originalUrl:  /report/currentWeekReport/get
request client ip:  ::ffff:192.168.212.29
request query:  {}
response time: 2
response status: 200
response body: 
{"status":true,"data":[]}
*************** response log end ***************

[2018-09-12T10:26:56.263] [INFO] resLog - 
*************** response log start ***************
request method: OPTIONS
request originalUrl:  /report/currentWeekReport/get
request client ip:  ::ffff:192.168.212.29
request body: 
{}
response time: 0
response status: 204
response body: 
undefined
*************** response log end ***************

[2018-09-12T10:26:56.266] [INFO] resLog - 
*************** response log start ***************
request method: OPTIONS
request originalUrl:  /punchcard/currentUserMonthList
request client ip:  ::ffff:192.168.212.29
request body: 
{}
response time: 0
response status: 204
response body: 
undefined
*************** response log end ***************

[2018-09-12T10:26:56.329] [INFO] resLog - 
*************** response log start ***************
request method: GET
request originalUrl:  /report/currentWeekReport/get
request client ip:  ::ffff:192.168.212.29
request query:  {}
response time: 7
response status: 200
response body: 
{"status":true,"data":[]}
*************** response log end ***************

[2018-09-12T10:26:56.330] [INFO] resLog - 
*************** response log start ***************
request method: POST
request originalUrl:  /punchcard/currentUserMonthList
request client ip:  ::ffff:192.168.212.29
request body: 
{"userid":"tom@suninfo.com"}
response time: 3
response status: 200
response body: 
{"status":true,"data":[{"userid":"tom@suninfo.com","card_time":"2018-9-12","card_status":1}]}
*************** response log end ***************

[2018-09-12T10:27:29.419] [INFO] resLog - 
*************** response log start ***************
request method: OPTIONS
request originalUrl:  /punchcard/currentUserMonthList
request client ip:  ::ffff:192.168.212.29
request body: 
{}
response time: 0
response status: 204
response body: 
undefined
*************** response log end ***************

[2018-09-12T10:27:29.427] [INFO] resLog - 
*************** response log start ***************
request method: POST
request originalUrl:  /punchcard/currentUserMonthList
request client ip:  ::ffff:192.168.212.29
request body: 
{"userid":"tom@suninfo.com"}
response time: 1
response status: 200
response body: 
{"status":true,"data":[{"userid":"tom@suninfo.com","card_time":"2018-9-12","card_status":1}]}
*************** response log end ***************

[2018-09-12T10:27:39.575] [INFO] resLog - 
*************** response log start ***************
request method: OPTIONS
request originalUrl:  /report/currentWeekReport/get
request client ip:  ::ffff:192.168.212.29
request body: 
{}
response time: 0
response status: 204
response body: 
undefined
*************** response log end ***************

[2018-09-12T10:27:39.580] [INFO] resLog - 
*************** response log start ***************
request method: OPTIONS
request originalUrl:  /punchcard/currentUserMonthList
request client ip:  ::ffff:192.168.212.29
request body: 
{}
response time: 0
response status: 204
response body: 
undefined
*************** response log end ***************

[2018-09-12T10:27:39.630] [INFO] resLog - 
*************** response log start ***************
request method: POST
request originalUrl:  /punchcard/currentUserMonthList
request client ip:  ::ffff:192.168.212.29
request body: 
{"userid":"tom@suninfo.com"}
response time: 2
response status: 200
response body: 
{"status":true,"data":[{"userid":"tom@suninfo.com","card_time":"2018-9-12","card_status":1}]}
*************** response log end ***************

[2018-09-12T10:27:39.631] [INFO] resLog - 
*************** response log start ***************
request method: GET
request originalUrl:  /report/currentWeekReport/get
request client ip:  ::ffff:192.168.212.29
request query:  {}
response time: 2
response status: 200
response body: 
{"status":true,"data":[]}
*************** response log end ***************

[2018-09-12T10:28:56.340] [INFO] resLog - 
*************** response log start ***************
request method: OPTIONS
request originalUrl:  /report/currentWeekReport/get
request client ip:  ::ffff:192.168.212.29
request body: 
{}
response time: 1
response status: 204
response body: 
undefined
*************** response log end ***************

[2018-09-12T10:28:56.347] [INFO] resLog - 
*************** response log start ***************
request method: OPTIONS
request originalUrl:  /punchcard/currentUserMonthList
request client ip:  ::ffff:192.168.212.29
request body: 
{}
response time: 0
response status: 204
response body: 
undefined
*************** response log end ***************

[2018-09-12T10:28:56.499] [INFO] resLog - 
*************** response log start ***************
request method: POST
request originalUrl:  /punchcard/currentUserMonthList
request client ip:  ::ffff:192.168.212.29
request body: 
{"userid":"tom@suninfo.com"}
response time: 22
response status: 200
response body: 
{"status":true,"data":[{"userid":"tom@suninfo.com","card_time":"2018-9-12","card_status":1}]}
*************** response log end ***************

[2018-09-12T10:28:56.502] [INFO] resLog - 
*************** response log start ***************
request method: GET
request originalUrl:  /report/currentWeekReport/get
request client ip:  ::ffff:192.168.212.29
request query:  {}
response time: 20
response status: 200
response body: 
{"status":true,"data":[]}
*************** response log end ***************

[2018-09-12T10:29:01.189] [INFO] resLog - 
*************** response log start ***************
request method: POST
request originalUrl:  /punchcard/currentUserMonthList
request client ip:  ::ffff:192.168.212.29
request body: 
{"userid":"tom@suninfo.com"}
response time: 4
response status: 200
response body: 
{"status":true,"data":[{"userid":"tom@suninfo.com","card_time":"2018-9-12","card_status":1}]}
*************** response log end ***************

[2018-09-12T10:29:01.190] [INFO] resLog - 
*************** response log start ***************
request method: GET
request originalUrl:  /report/currentWeekReport/get
request client ip:  ::ffff:192.168.212.29
request query:  {}
response time: 5
response status: 200
response body: 
{"status":true,"data":[]}
*************** response log end ***************

[2018-09-12T10:29:03.052] [INFO] resLog - 
*************** response log start ***************
request method: OPTIONS
request originalUrl:  /punchcard/signin
request client ip:  ::ffff:192.168.212.29
request body: 
{}
response time: 0
response status: 204
response body: 
undefined
*************** response log end ***************

[2018-09-12T10:29:03.061] [INFO] resLog - 
*************** response log start ***************
request method: POST
request originalUrl:  /punchcard/signin
request client ip:  ::ffff:192.168.212.29
request body: 
{"userid":"tom@suninfo.com"}
response time: 2
response status: 200
response body: 
{"status":false,"data":"已签！"}
*************** response log end ***************

[2018-09-12T10:29:09.566] [INFO] resLog - 
*************** response log start ***************
request method: OPTIONS
request originalUrl:  /report/currentWeekReport/get
request client ip:  ::ffff:192.168.212.29
request body: 
{}
response time: 0
response status: 204
response body: 
undefined
*************** response log end ***************

[2018-09-12T10:29:09.567] [INFO] resLog - 
*************** response log start ***************
request method: OPTIONS
request originalUrl:  /punchcard/currentUserMonthList
request client ip:  ::ffff:192.168.212.29
request body: 
{}
response time: 0
response status: 204
response body: 
undefined
*************** response log end ***************

[2018-09-12T10:29:09.600] [INFO] resLog - 
*************** response log start ***************
request method: POST
request originalUrl:  /punchcard/currentUserMonthList
request client ip:  ::ffff:192.168.212.29
request body: 
{"userid":"tom@suninfo.com"}
response time: 4
response status: 200
response body: 
{"status":true,"data":[{"userid":"tom@suninfo.com","card_time":"2018-9-12","card_status":1}]}
*************** response log end ***************

[2018-09-12T10:29:09.600] [INFO] resLog - 
*************** response log start ***************
request method: GET
request originalUrl:  /report/currentWeekReport/get
request client ip:  ::ffff:192.168.212.29
request query:  {}
response time: 3
response status: 200
response body: 
{"status":true,"data":[]}
*************** response log end ***************

[2018-09-12T10:29:51.106] [INFO] resLog - 
*************** response log start ***************
request method: OPTIONS
request originalUrl:  /report/currentWeekReport/get
request client ip:  ::ffff:192.168.212.29
request body: 
{}
response time: 0
response status: 204
response body: 
undefined
*************** response log end ***************

[2018-09-12T10:29:51.108] [INFO] resLog - 
*************** response log start ***************
request method: OPTIONS
request originalUrl:  /punchcard/currentUserMonthList
request client ip:  ::ffff:192.168.212.29
request body: 
{}
response time: 1
response status: 204
response body: 
undefined
*************** response log end ***************

[2018-09-12T10:29:51.141] [INFO] resLog - 
*************** response log start ***************
request method: POST
request originalUrl:  /punchcard/currentUserMonthList
request client ip:  ::ffff:192.168.212.29
request body: 
{"userid":"tom@suninfo.com"}
response time: 3
response status: 200
response body: 
{"status":true,"data":[{"userid":"tom@suninfo.com","card_time":"2018-9-12","card_status":1}]}
*************** response log end ***************

[2018-09-12T10:29:51.143] [INFO] resLog - 
*************** response log start ***************
request method: GET
request originalUrl:  /report/currentWeekReport/get
request client ip:  ::ffff:192.168.212.29
request query:  {}
response time: 3
response status: 200
response body: 
{"status":true,"data":[]}
*************** response log end ***************

[2018-09-12T10:30:20.585] [INFO] resLog - 
*************** response log start ***************
request method: OPTIONS
request originalUrl:  /report/currentWeekReport/get
request client ip:  ::ffff:192.168.212.29
request body: 
{}
response time: 0
response status: 204
response body: 
undefined
*************** response log end ***************

[2018-09-12T10:30:20.587] [INFO] resLog - 
*************** response log start ***************
request method: OPTIONS
request originalUrl:  /punchcard/currentUserMonthList
request client ip:  ::ffff:192.168.212.29
request body: 
{}
response time: 0
response status: 204
response body: 
undefined
*************** response log end ***************

[2018-09-12T10:30:20.628] [INFO] resLog - 
*************** response log start ***************
request method: POST
request originalUrl:  /punchcard/currentUserMonthList
request client ip:  ::ffff:192.168.212.29
request body: 
{"userid":"tom@suninfo.com"}
response time: 3
response status: 200
response body: 
{"status":true,"data":[{"userid":"tom@suninfo.com","card_time":"2018-9-12","card_status":1}]}
*************** response log end ***************

[2018-09-12T10:30:20.628] [INFO] resLog - 
*************** response log start ***************
request method: GET
request originalUrl:  /report/currentWeekReport/get
request client ip:  ::ffff:192.168.212.29
request query:  {}
response time: 3
response status: 200
response body: 
{"status":true,"data":[]}
*************** response log end ***************

[2018-09-12T10:33:56.657] [INFO] resLog - 
*************** response log start ***************
request method: OPTIONS
request originalUrl:  /report/currentWeekReport/get
request client ip:  ::ffff:192.168.212.29
request body: 
{}
response time: 0
response status: 204
response body: 
undefined
*************** response log end ***************

[2018-09-12T10:33:56.665] [INFO] resLog - 
*************** response log start ***************
request method: OPTIONS
request originalUrl:  /punchcard/currentUserMonthList
request client ip:  ::ffff:192.168.212.29
request body: 
{}
response time: 1
response status: 204
response body: 
undefined
*************** response log end ***************

[2018-09-12T10:33:56.716] [INFO] resLog - 
*************** response log start ***************
request method: GET
request originalUrl:  /report/currentWeekReport/get
request client ip:  ::ffff:192.168.212.29
request query:  {}
response time: 2
response status: 200
response body: 
{"status":true,"data":[]}
*************** response log end ***************

[2018-09-12T10:33:56.733] [INFO] resLog - 
*************** response log start ***************
request method: POST
request originalUrl:  /punchcard/currentUserMonthList
request client ip:  ::ffff:192.168.212.29
request body: 
{"userid":"tom@suninfo.com"}
response time: 1
response status: 200
response body: 
{"status":true,"data":[{"userid":"tom@suninfo.com","card_time":"2018-9-12","card_status":1}]}
*************** response log end ***************

[2018-09-12T10:47:23.376] [INFO] resLog - 
*************** response log start ***************
request method: OPTIONS
request originalUrl:  /punchcard/currentUserMonthList
request client ip:  ::ffff:192.168.212.29
request body: 
{}
response time: 1
response status: 204
response body: 
undefined
*************** response log end ***************

[2018-09-12T10:47:23.382] [INFO] resLog - 
*************** response log start ***************
request method: POST
request originalUrl:  /punchcard/currentUserMonthList
request client ip:  ::ffff:192.168.212.29
request body: 
{"userid":"tom@suninfo.com"}
response time: 1
response status: 200
response body: 
{"status":true,"data":[{"userid":"tom@suninfo.com","card_time":"2018-9-12","card_status":1}]}
*************** response log end ***************

[2018-09-12T10:57:09.577] [INFO] resLog - 
*************** response log start ***************
request method: OPTIONS
request originalUrl:  /punchcard/currentUserMonthList
request client ip:  ::ffff:192.168.212.29
request body: 
{}
response time: 0
response status: 204
response body: 
undefined
*************** response log end ***************

[2018-09-12T10:57:09.585] [INFO] resLog - 
*************** response log start ***************
request method: POST
request originalUrl:  /punchcard/currentUserMonthList
request client ip:  ::ffff:192.168.212.29
request body: 
{"userid":"tom@suninfo.com"}
response time: 2
response status: 200
response body: 
{"status":true,"data":[{"userid":"tom@suninfo.com","card_time":"2018-9-12","card_status":1}]}
*************** response log end ***************

