[2018-10-23T15:58:39.627] [INFO] resLog - 
*************** response log start ***************
request method: OPTIONS
request originalUrl:  /report/currentWeekReport/get
request client ip:  ::ffff:192.168.212.29
request body: 
{}
response time: 4
response status: 204
response body: 
undefined
*************** response log end ***************

[2018-10-23T15:58:39.763] [INFO] resLog - 
*************** response log start ***************
request method: GET
request originalUrl:  /report/currentWeekReport/get
request client ip:  ::ffff:192.168.212.29
request query:  {}
response time: 1
response status: 200
response body: 
{"status":false,"data":"Not Login"}
*************** response log end ***************

[2018-10-23T15:58:40.794] [INFO] resLog - 
*************** response log start ***************
request method: OPTIONS
request originalUrl:  /report/currentWeekReport/get
request client ip:  ::ffff:192.168.212.29
request body: 
{}
response time: 1
response status: 204
response body: 
undefined
*************** response log end ***************

[2018-10-23T15:58:40.814] [INFO] resLog - 
*************** response log start ***************
request method: OPTIONS
request originalUrl:  /report/myReport/get
request client ip:  ::ffff:192.168.212.29
request body: 
{}
response time: 0
response status: 204
response body: 
undefined
*************** response log end ***************

[2018-10-23T15:58:40.872] [INFO] resLog - 
*************** response log start ***************
request method: POST
request originalUrl:  /report/myReport/get
request client ip:  ::ffff:192.168.212.29
request body: 
{}
response time: 1
response status: 200
response body: 
{"status":false,"data":"Not Login"}
*************** response log end ***************

[2018-10-23T15:58:40.873] [INFO] resLog - 
*************** response log start ***************
request method: GET
request originalUrl:  /report/currentWeekReport/get
request client ip:  ::ffff:192.168.212.29
request query:  {}
response time: 0
response status: 200
response body: 
{"status":false,"data":"Not Login"}
*************** response log end ***************

[2018-10-23T15:58:51.548] [INFO] resLog - 
*************** response log start ***************
request method: OPTIONS
request originalUrl:  /user/adminLogin
request client ip:  ::ffff:192.168.212.29
request body: 
{}
response time: 0
response status: 204
response body: 
undefined
*************** response log end ***************

[2018-10-23T15:58:51.599] [INFO] resLog - 
*************** response log start ***************
request method: POST
request originalUrl:  /user/adminLogin
request client ip:  ::ffff:192.168.212.29
request body: 
{"email":"admin","password":"admin"}
response time: 19
response status: 200
response body: 
{"status":true,"data":{"email":"admin","name":"admin","sex":"male","remark":"admin","groupId":1,"role":"admin","collector":"0","level":"0"}}
*************** response log end ***************

[2018-10-23T15:58:51.727] [INFO] resLog - 
*************** response log start ***************
request method: OPTIONS
request originalUrl:  /group/groupManage/get
request client ip:  ::ffff:192.168.212.29
request body: 
{}
response time: 0
response status: 204
response body: 
undefined
*************** response log end ***************

[2018-10-23T15:58:51.748] [INFO] resLog - 
*************** response log start ***************
request method: GET
request originalUrl:  /group/groupManage/get
request client ip:  ::ffff:192.168.212.29
request query:  {}
response time: 7
response status: 200
response body: 
{"status":true,"data":[{"id":37,"name":"前端","memberNum":9,"remark":"前端","createTime":"2018-10-15T09:40:52.000Z","combine":2},{"id":43,"name":"美工","memberNum":3,"remark":"美工","createTime":"2018-10-15T09:40:52.000Z","combine":2},{"id":44,"name":"测试","memberNum":8,"remark":"测试小组","createTime":"2018-10-15T09:40:45.000Z","combine":1},{"id":45,"name":"后端","memberNum":14,"remark":"后端","createTime":"2018-10-15T09:40:45.000Z","combine":1},{"id":48,"name":"产品","memberNum":0,"remark":"产品","createTime":"2018-10-15T09:40:45.000Z","combine":1}]}
*************** response log end ***************

[2018-10-23T15:58:53.340] [INFO] resLog - 
*************** response log start ***************
request method: GET
request originalUrl:  /group/groupManage/get
request client ip:  ::ffff:192.168.212.29
request query:  {}
response time: 2
response status: 200
response body: 
{"status":true,"data":[{"id":37,"name":"前端","memberNum":9,"remark":"前端","createTime":"2018-10-15T09:40:52.000Z","combine":2},{"id":43,"name":"美工","memberNum":3,"remark":"美工","createTime":"2018-10-15T09:40:52.000Z","combine":2},{"id":44,"name":"测试","memberNum":8,"remark":"测试小组","createTime":"2018-10-15T09:40:45.000Z","combine":1},{"id":45,"name":"后端","memberNum":14,"remark":"后端","createTime":"2018-10-15T09:40:45.000Z","combine":1},{"id":48,"name":"产品","memberNum":0,"remark":"产品","createTime":"2018-10-15T09:40:45.000Z","combine":1}]}
*************** response log end ***************

[2018-10-23T15:58:53.732] [INFO] resLog - 
*************** response log start ***************
request method: OPTIONS
request originalUrl:  /system/getSysSetting
request client ip:  ::ffff:192.168.212.29
request body: 
{}
response time: 0
response status: 204
response body: 
undefined
*************** response log end ***************

[2018-10-23T15:58:53.754] [INFO] resLog - 
*************** response log start ***************
request method: GET
request originalUrl:  /system/getSysSetting
request client ip:  ::ffff:192.168.212.29
request query:  {}
response time: 5
response status: 200
response body: 
{"status":true,"data":{"emailSuffix":"@suninfo.com;@qq.com;@163.com","sysAnnouncement":"","timeOut":72000}}
*************** response log end ***************

[2018-10-23T15:58:54.284] [INFO] resLog - 
*************** response log start ***************
request method: OPTIONS
request originalUrl:  /user/getSendMailUser
request client ip:  ::ffff:192.168.212.29
request body: 
{}
response time: 0
response status: 204
response body: 
undefined
*************** response log end ***************

[2018-10-23T15:58:54.301] [INFO] resLog - 
*************** response log start ***************
request method: GET
request originalUrl:  /user/getSendMailUser
request client ip:  ::ffff:192.168.212.29
request query:  {}
response time: 6
response status: 200
response body: 
{"status":true,"data":[{"id":3,"email":"you11098@163.com","name":"测试用户"}]}
*************** response log end ***************

[2018-10-23T15:58:55.043] [INFO] resLog - 
*************** response log start ***************
request method: GET
request originalUrl:  /group/groupManage/get
request client ip:  ::ffff:192.168.212.29
request query:  {}
response time: 2
response status: 200
response body: 
{"status":true,"data":[{"id":37,"name":"前端","memberNum":9,"remark":"前端","createTime":"2018-10-15T09:40:52.000Z","combine":2},{"id":43,"name":"美工","memberNum":3,"remark":"美工","createTime":"2018-10-15T09:40:52.000Z","combine":2},{"id":44,"name":"测试","memberNum":8,"remark":"测试小组","createTime":"2018-10-15T09:40:45.000Z","combine":1},{"id":45,"name":"后端","memberNum":14,"remark":"后端","createTime":"2018-10-15T09:40:45.000Z","combine":1},{"id":48,"name":"产品","memberNum":0,"remark":"产品","createTime":"2018-10-15T09:40:45.000Z","combine":1}]}
*************** response log end ***************

[2018-10-23T15:59:01.248] [INFO] resLog - 
*************** response log start ***************
request method: OPTIONS
request originalUrl:  /user/getSendMailUser
request client ip:  ::ffff:192.168.212.29
request body: 
{}
response time: 0
response status: 204
response body: 
undefined
*************** response log end ***************

[2018-10-23T15:59:01.271] [INFO] resLog - 
*************** response log start ***************
request method: GET
request originalUrl:  /user/getSendMailUser
request client ip:  ::ffff:192.168.212.29
request query:  {}
response time: 4
response status: 200
response body: 
{"status":true,"data":[{"id":3,"email":"you11098@163.com","name":"测试用户"}]}
*************** response log end ***************

[2018-10-23T15:59:02.440] [INFO] resLog - 
*************** response log start ***************
request method: OPTIONS
request originalUrl:  /system/getSysSetting
request client ip:  ::ffff:192.168.212.29
request body: 
{}
response time: 0
response status: 204
response body: 
undefined
*************** response log end ***************

[2018-10-23T15:59:02.452] [INFO] resLog - 
*************** response log start ***************
request method: GET
request originalUrl:  /system/getSysSetting
request client ip:  ::ffff:192.168.212.29
request query:  {}
response time: 3
response status: 200
response body: 
{"status":true,"data":{"emailSuffix":"@suninfo.com;@qq.com;@163.com","sysAnnouncement":"","timeOut":72000}}
*************** response log end ***************

[2018-10-23T15:59:03.292] [INFO] resLog - 
*************** response log start ***************
request method: OPTIONS
request originalUrl:  /group/groupManage/get
request client ip:  ::ffff:192.168.212.29
request body: 
{}
response time: 0
response status: 204
response body: 
undefined
*************** response log end ***************

[2018-10-23T15:59:03.304] [INFO] resLog - 
*************** response log start ***************
request method: GET
request originalUrl:  /group/groupManage/get
request client ip:  ::ffff:192.168.212.29
request query:  {}
response time: 3
response status: 200
response body: 
{"status":true,"data":[{"id":37,"name":"前端","memberNum":9,"remark":"前端","createTime":"2018-10-15T09:40:52.000Z","combine":2},{"id":43,"name":"美工","memberNum":3,"remark":"美工","createTime":"2018-10-15T09:40:52.000Z","combine":2},{"id":44,"name":"测试","memberNum":8,"remark":"测试小组","createTime":"2018-10-15T09:40:45.000Z","combine":1},{"id":45,"name":"后端","memberNum":14,"remark":"后端","createTime":"2018-10-15T09:40:45.000Z","combine":1},{"id":48,"name":"产品","memberNum":0,"remark":"产品","createTime":"2018-10-15T09:40:45.000Z","combine":1}]}
*************** response log end ***************

[2018-10-23T15:59:03.910] [INFO] resLog - 
*************** response log start ***************
request method: OPTIONS
request originalUrl:  /punchcard/getLevelMember
request client ip:  ::ffff:192.168.212.29
request body: 
{}
response time: 0
response status: 204
response body: 
undefined
*************** response log end ***************

[2018-10-23T15:59:03.912] [INFO] resLog - 
*************** response log start ***************
request method: OPTIONS
request originalUrl:  /punchcard/getLevelMember
request client ip:  ::ffff:192.168.212.29
request body: 
{}
response time: 0
response status: 204
response body: 
undefined
*************** response log end ***************

[2018-10-23T15:59:03.930] [INFO] resLog - 
*************** response log start ***************
request method: POST
request originalUrl:  /punchcard/getLevelMember
request client ip:  ::ffff:192.168.212.29
request body: 
{"id":"1"}
response time: 6
response status: 200
response body: 
{"status":true,"data":[{"email":"chenkun@suninfo.com","name":"陈坤","sex":"male"},{"email":"liyanna@suninfo.com","name":"李妍娜","sex":"female"}]}
*************** response log end ***************

[2018-10-23T15:59:03.935] [INFO] resLog - 
*************** response log start ***************
request method: POST
request originalUrl:  /punchcard/getLevelMember
request client ip:  ::ffff:192.168.212.29
request body: 
{"id":"2"}
response time: 1
response status: 200
response body: 
{"status":true,"data":[{"email":"liw@suninfo.com","name":"李巍","sex":"male"},{"email":"yanghf@suninfo.com","name":"杨海飞","sex":"male"},{"email":"zhouj@suninfo.com","name":"周靖","sex":"female"}]}
*************** response log end ***************

[2018-10-23T15:59:04.806] [INFO] resLog - 
*************** response log start ***************
request method: GET
request originalUrl:  /group/groupManage/get
request client ip:  ::ffff:192.168.212.29
request query:  {}
response time: 3
response status: 200
response body: 
{"status":true,"data":[{"id":37,"name":"前端","memberNum":9,"remark":"前端","createTime":"2018-10-15T09:40:52.000Z","combine":2},{"id":43,"name":"美工","memberNum":3,"remark":"美工","createTime":"2018-10-15T09:40:52.000Z","combine":2},{"id":44,"name":"测试","memberNum":8,"remark":"测试小组","createTime":"2018-10-15T09:40:45.000Z","combine":1},{"id":45,"name":"后端","memberNum":14,"remark":"后端","createTime":"2018-10-15T09:40:45.000Z","combine":1},{"id":48,"name":"产品","memberNum":0,"remark":"产品","createTime":"2018-10-15T09:40:45.000Z","combine":1}]}
*************** response log end ***************

[2018-10-23T15:59:05.521] [INFO] resLog - 
*************** response log start ***************
request method: POST
request originalUrl:  /punchcard/getLevelMember
request client ip:  ::ffff:192.168.212.29
request body: 
{"id":"1"}
response time: 4
response status: 200
response body: 
{"status":true,"data":[{"email":"chenkun@suninfo.com","name":"陈坤","sex":"male"},{"email":"liyanna@suninfo.com","name":"李妍娜","sex":"female"}]}
*************** response log end ***************

[2018-10-23T15:59:05.529] [INFO] resLog - 
*************** response log start ***************
request method: POST
request originalUrl:  /punchcard/getLevelMember
request client ip:  ::ffff:192.168.212.29
request body: 
{"id":"2"}
response time: 11
response status: 200
response body: 
{"status":true,"data":[{"email":"liw@suninfo.com","name":"李巍","sex":"male"},{"email":"yanghf@suninfo.com","name":"杨海飞","sex":"male"},{"email":"zhouj@suninfo.com","name":"周靖","sex":"female"}]}
*************** response log end ***************

[2018-10-23T15:59:06.034] [INFO] resLog - 
*************** response log start ***************
request method: GET
request originalUrl:  /group/groupManage/get
request client ip:  ::ffff:192.168.212.29
request query:  {}
response time: 2
response status: 200
response body: 
{"status":true,"data":[{"id":37,"name":"前端","memberNum":9,"remark":"前端","createTime":"2018-10-15T09:40:52.000Z","combine":2},{"id":43,"name":"美工","memberNum":3,"remark":"美工","createTime":"2018-10-15T09:40:52.000Z","combine":2},{"id":44,"name":"测试","memberNum":8,"remark":"测试小组","createTime":"2018-10-15T09:40:45.000Z","combine":1},{"id":45,"name":"后端","memberNum":14,"remark":"后端","createTime":"2018-10-15T09:40:45.000Z","combine":1},{"id":48,"name":"产品","memberNum":0,"remark":"产品","createTime":"2018-10-15T09:40:45.000Z","combine":1}]}
*************** response log end ***************

[2018-10-23T15:59:08.625] [INFO] resLog - 
*************** response log start ***************
request method: OPTIONS
request originalUrl:  /system/getSysSetting
request client ip:  ::ffff:192.168.212.29
request body: 
{}
response time: 0
response status: 204
response body: 
undefined
*************** response log end ***************

[2018-10-23T15:59:08.637] [INFO] resLog - 
*************** response log start ***************
request method: GET
request originalUrl:  /system/getSysSetting
request client ip:  ::ffff:192.168.212.29
request query:  {}
response time: 2
response status: 200
response body: 
{"status":true,"data":{"emailSuffix":"@suninfo.com;@qq.com;@163.com","sysAnnouncement":"","timeOut":72000}}
*************** response log end ***************

[2018-10-23T15:59:09.242] [INFO] resLog - 
*************** response log start ***************
request method: OPTIONS
request originalUrl:  /user/getSendMailUser
request client ip:  ::ffff:192.168.212.29
request body: 
{}
response time: 0
response status: 204
response body: 
undefined
*************** response log end ***************

[2018-10-23T15:59:09.256] [INFO] resLog - 
*************** response log start ***************
request method: GET
request originalUrl:  /user/getSendMailUser
request client ip:  ::ffff:192.168.212.29
request query:  {}
response time: 2
response status: 200
response body: 
{"status":true,"data":[{"id":3,"email":"you11098@163.com","name":"测试用户"}]}
*************** response log end ***************

[2018-10-23T15:59:09.706] [INFO] resLog - 
*************** response log start ***************
request method: OPTIONS
request originalUrl:  /group/groupManage/get
request client ip:  ::ffff:192.168.212.29
request body: 
{}
response time: 0
response status: 204
response body: 
undefined
*************** response log end ***************

[2018-10-23T15:59:09.720] [INFO] resLog - 
*************** response log start ***************
request method: GET
request originalUrl:  /group/groupManage/get
request client ip:  ::ffff:192.168.212.29
request query:  {}
response time: 2
response status: 200
response body: 
{"status":true,"data":[{"id":37,"name":"前端","memberNum":9,"remark":"前端","createTime":"2018-10-15T09:40:52.000Z","combine":2},{"id":43,"name":"美工","memberNum":3,"remark":"美工","createTime":"2018-10-15T09:40:52.000Z","combine":2},{"id":44,"name":"测试","memberNum":8,"remark":"测试小组","createTime":"2018-10-15T09:40:45.000Z","combine":1},{"id":45,"name":"后端","memberNum":14,"remark":"后端","createTime":"2018-10-15T09:40:45.000Z","combine":1},{"id":48,"name":"产品","memberNum":0,"remark":"产品","createTime":"2018-10-15T09:40:45.000Z","combine":1}]}
*************** response log end ***************

[2018-10-23T15:59:11.657] [INFO] resLog - 
*************** response log start ***************
request method: OPTIONS
request originalUrl:  /group/groupManage/getGroupMember?id=37
request client ip:  ::ffff:192.168.212.29
request body: 
{}
response time: 0
response status: 204
response body: 
undefined
*************** response log end ***************

[2018-10-23T15:59:11.725] [INFO] resLog - 
*************** response log start ***************
request method: GET
request originalUrl:  /group/groupManage/getGroupMember?id=37
request client ip:  ::ffff:192.168.212.29
request query:  {"id":"37"}
response time: 4
response status: 200
response body: 
{"status":true,"data":[{"email":"caolx@suninfo.com","name":"曹立鑫","sex":"male","remark":"Sunflower — 前端工程师一枚","groupId":37,"role":"user","collector":"0","level":"0"},{"email":"dingyf@suninfo.com","name":"丁亚飞","sex":"male","remark":"","groupId":37,"role":"user","collector":2,"level":"0"},{"email":"huog@suninfo.com","name":"霍鸽","sex":"female","remark":"","groupId":37,"role":"user","collector":"0","level":"0"},{"email":"liaofc@suninfo.com","name":"廖霏苍","sex":"male","remark":"陈独秀 你坐下","groupId":37,"role":"user","collector":"0","level":"0"},{"email":"lic2017@suninfo.com","name":"李聪","sex":"male","remark":"","groupId":37,"role":"user","collector":"0","level":"0"},{"email":"liushp@suninfo.com","name":"刘书鹏","sex":"male","remark":"","groupId":37,"role":"user","collector":"0","level":"0"},{"email":"shifeng@suninfo.com","name":"师峰","sex":"male","remark":"123","groupId":37,"role":"user","collector":"0","level":"0"},{"email":"youwg@suninfo.com","name":"游武刚","sex":"male","remark":"无","groupId":37,"role":"user","collector":"0","level":"0"},{"email":"zhengx@suninfo.com","name":"郑鑫","sex":"male","remark":"","groupId":37,"role":"user","collector":"0","level":"0"}]}
*************** response log end ***************

[2018-10-23T15:59:30.828] [INFO] resLog - 
*************** response log start ***************
request method: OPTIONS
request originalUrl:  /punchcard/getLevelMember?id=37
request client ip:  ::ffff:192.168.212.29
request body: 
{}
response time: 0
response status: 204
response body: 
undefined
*************** response log end ***************

[2018-10-23T15:59:30.829] [INFO] resLog - 
*************** response log start ***************
request method: OPTIONS
request originalUrl:  /punchcard/getLevelMember?id=37
request client ip:  ::ffff:192.168.212.29
request body: 
{}
response time: 0
response status: 204
response body: 
undefined
*************** response log end ***************

[2018-10-23T15:59:30.846] [INFO] resLog - 
*************** response log start ***************
request method: POST
request originalUrl:  /punchcard/getLevelMember?id=37
request client ip:  ::ffff:192.168.212.29
request body: 
{"id":"1"}
response time: 2
response status: 200
response body: 
{"status":true,"data":[{"email":"chenkun@suninfo.com","name":"陈坤","sex":"male"},{"email":"liyanna@suninfo.com","name":"李妍娜","sex":"female"}]}
*************** response log end ***************

[2018-10-23T15:59:30.852] [INFO] resLog - 
*************** response log start ***************
request method: POST
request originalUrl:  /punchcard/getLevelMember?id=37
request client ip:  ::ffff:192.168.212.29
request body: 
{"id":"2"}
response time: 8
response status: 200
response body: 
{"status":true,"data":[{"email":"liw@suninfo.com","name":"李巍","sex":"male"},{"email":"yanghf@suninfo.com","name":"杨海飞","sex":"male"},{"email":"zhouj@suninfo.com","name":"周靖","sex":"female"}]}
*************** response log end ***************

[2018-10-23T15:59:37.626] [INFO] resLog - 
*************** response log start ***************
request method: OPTIONS
request originalUrl:  /group/groupManage/get?id=37
request client ip:  ::ffff:192.168.212.29
request body: 
{}
response time: 0
response status: 204
response body: 
undefined
*************** response log end ***************

[2018-10-23T15:59:37.645] [INFO] resLog - 
*************** response log start ***************
request method: GET
request originalUrl:  /group/groupManage/get?id=37
request client ip:  ::ffff:192.168.212.29
request query:  {"id":"37"}
response time: 3
response status: 200
response body: 
{"status":true,"data":[{"id":37,"name":"前端","memberNum":9,"remark":"前端","createTime":"2018-10-15T09:40:52.000Z","combine":2},{"id":43,"name":"美工","memberNum":3,"remark":"美工","createTime":"2018-10-15T09:40:52.000Z","combine":2},{"id":44,"name":"测试","memberNum":8,"remark":"测试小组","createTime":"2018-10-15T09:40:45.000Z","combine":1},{"id":45,"name":"后端","memberNum":14,"remark":"后端","createTime":"2018-10-15T09:40:45.000Z","combine":1},{"id":48,"name":"产品","memberNum":0,"remark":"产品","createTime":"2018-10-15T09:40:45.000Z","combine":1}]}
*************** response log end ***************

[2018-10-23T15:59:44.213] [INFO] resLog - 
*************** response log start ***************
request method: OPTIONS
request originalUrl:  /system/getSysSetting?id=37
request client ip:  ::ffff:192.168.212.29
request body: 
{}
response time: 0
response status: 204
response body: 
undefined
*************** response log end ***************

[2018-10-23T15:59:44.224] [INFO] resLog - 
*************** response log start ***************
request method: GET
request originalUrl:  /system/getSysSetting?id=37
request client ip:  ::ffff:192.168.212.29
request query:  {"id":"37"}
response time: 1
response status: 200
response body: 
{"status":true,"data":{"emailSuffix":"@suninfo.com;@qq.com;@163.com","sysAnnouncement":"","timeOut":72000}}
*************** response log end ***************

[2018-10-23T15:59:45.596] [INFO] resLog - 
*************** response log start ***************
request method: OPTIONS
request originalUrl:  /user/getSendMailUser?id=37
request client ip:  ::ffff:192.168.212.29
request body: 
{}
response time: 0
response status: 204
response body: 
undefined
*************** response log end ***************

[2018-10-23T15:59:45.607] [INFO] resLog - 
*************** response log start ***************
request method: GET
request originalUrl:  /user/getSendMailUser?id=37
request client ip:  ::ffff:192.168.212.29
request query:  {"id":"37"}
response time: 2
response status: 200
response body: 
{"status":true,"data":[{"id":3,"email":"you11098@163.com","name":"测试用户"}]}
*************** response log end ***************

[2018-10-23T15:59:47.534] [INFO] resLog - 
*************** response log start ***************
request method: OPTIONS
request originalUrl:  /group/groupManage/get?id=37
request client ip:  ::ffff:192.168.212.29
request body: 
{}
response time: 0
response status: 204
response body: 
undefined
*************** response log end ***************

[2018-10-23T15:59:47.549] [INFO] resLog - 
*************** response log start ***************
request method: GET
request originalUrl:  /group/groupManage/get?id=37
request client ip:  ::ffff:192.168.212.29
request query:  {"id":"37"}
response time: 2
response status: 200
response body: 
{"status":true,"data":[{"id":37,"name":"前端","memberNum":9,"remark":"前端","createTime":"2018-10-15T09:40:52.000Z","combine":2},{"id":43,"name":"美工","memberNum":3,"remark":"美工","createTime":"2018-10-15T09:40:52.000Z","combine":2},{"id":44,"name":"测试","memberNum":8,"remark":"测试小组","createTime":"2018-10-15T09:40:45.000Z","combine":1},{"id":45,"name":"后端","memberNum":14,"remark":"后端","createTime":"2018-10-15T09:40:45.000Z","combine":1},{"id":48,"name":"产品","memberNum":0,"remark":"产品","createTime":"2018-10-15T09:40:45.000Z","combine":1}]}
*************** response log end ***************

