[2018-09-12T11:01:03.233] [INFO] resLog - 
*************** response log start ***************
request method: OPTIONS
request originalUrl:  /punchcard/currentUserMonthList
request client ip:  ::ffff:192.168.212.29
request body: 
{}
response time: 0
response status: 204
response body: 
undefined
*************** response log end ***************

[2018-09-12T11:01:03.243] [INFO] resLog - 
*************** response log start ***************
request method: POST
request originalUrl:  /punchcard/currentUserMonthList
request client ip:  ::ffff:192.168.212.29
request body: 
{"userid":"tom@suninfo.com"}
response time: 1
response status: 200
response body: 
{"status":true,"data":[{"userid":"tom@suninfo.com","card_time":"2018-9-12","card_status":1}]}
*************** response log end ***************

[2018-09-12T11:03:08.162] [INFO] resLog - 
*************** response log start ***************
request method: OPTIONS
request originalUrl:  /punchcard/currentUserMonthList
request client ip:  ::ffff:192.168.212.29
request body: 
{}
response time: 0
response status: 204
response body: 
undefined
*************** response log end ***************

[2018-09-12T11:03:08.174] [INFO] resLog - 
*************** response log start ***************
request method: POST
request originalUrl:  /punchcard/currentUserMonthList
request client ip:  ::ffff:192.168.212.29
request body: 
{"userid":"tom@suninfo.com"}
response time: 2
response status: 200
response body: 
{"status":true,"data":[{"userid":"tom@suninfo.com","card_time":"2018-9-12","card_status":1}]}
*************** response log end ***************

[2018-09-12T11:03:33.542] [INFO] resLog - 
*************** response log start ***************
request method: OPTIONS
request originalUrl:  /punchcard/currentUserMonthList
request client ip:  ::ffff:192.168.212.29
request body: 
{}
response time: 0
response status: 204
response body: 
undefined
*************** response log end ***************

[2018-09-12T11:03:33.551] [INFO] resLog - 
*************** response log start ***************
request method: POST
request originalUrl:  /punchcard/currentUserMonthList
request client ip:  ::ffff:192.168.212.29
request body: 
{"userid":"tom@suninfo.com"}
response time: 1
response status: 200
response body: 
{"status":true,"data":[{"userid":"tom@suninfo.com","card_time":"2018-9-12","card_status":1}]}
*************** response log end ***************

[2018-09-12T11:03:38.382] [INFO] resLog - 
*************** response log start ***************
request method: OPTIONS
request originalUrl:  /report/currentWeekReport/get
request client ip:  ::ffff:192.168.212.29
request body: 
{}
response time: 0
response status: 204
response body: 
undefined
*************** response log end ***************

[2018-09-12T11:03:38.387] [INFO] resLog - 
*************** response log start ***************
request method: POST
request originalUrl:  /punchcard/currentUserMonthList
request client ip:  ::ffff:192.168.212.29
request body: 
{"userid":"tom@suninfo.com"}
response time: 2
response status: 200
response body: 
{"status":true,"data":[{"userid":"tom@suninfo.com","card_time":"2018-9-12","card_status":1}]}
*************** response log end ***************

[2018-09-12T11:03:38.445] [INFO] resLog - 
*************** response log start ***************
request method: GET
request originalUrl:  /report/currentWeekReport/get
request client ip:  ::ffff:192.168.212.29
request query:  {}
response time: 2
response status: 200
response body: 
{"status":true,"data":[]}
*************** response log end ***************

[2018-09-12T11:03:59.893] [INFO] resLog - 
*************** response log start ***************
request method: OPTIONS
request originalUrl:  /punchcard/currentUserMonthList
request client ip:  ::ffff:192.168.212.29
request body: 
{}
response time: 0
response status: 204
response body: 
undefined
*************** response log end ***************

[2018-09-12T11:03:59.903] [INFO] resLog - 
*************** response log start ***************
request method: POST
request originalUrl:  /punchcard/currentUserMonthList
request client ip:  ::ffff:192.168.212.29
request body: 
{"userid":"tom@suninfo.com"}
response time: 2
response status: 200
response body: 
{"status":true,"data":[{"userid":"tom@suninfo.com","card_time":"2018-9-12","card_status":1}]}
*************** response log end ***************

[2018-09-12T11:04:17.446] [INFO] resLog - 
*************** response log start ***************
request method: OPTIONS
request originalUrl:  /punchcard/currentUserMonthList
request client ip:  ::ffff:192.168.212.29
request body: 
{}
response time: 0
response status: 204
response body: 
undefined
*************** response log end ***************

[2018-09-12T11:04:17.462] [INFO] resLog - 
*************** response log start ***************
request method: POST
request originalUrl:  /punchcard/currentUserMonthList
request client ip:  ::ffff:192.168.212.29
request body: 
{"userid":"tom@suninfo.com"}
response time: 2
response status: 200
response body: 
{"status":true,"data":[{"userid":"tom@suninfo.com","card_time":"2018-9-12","card_status":1}]}
*************** response log end ***************

[2018-09-12T11:05:13.264] [INFO] resLog - 
*************** response log start ***************
request method: OPTIONS
request originalUrl:  /punchcard/currentUserMonthList
request client ip:  ::ffff:192.168.212.29
request body: 
{}
response time: 0
response status: 204
response body: 
undefined
*************** response log end ***************

[2018-09-12T11:05:13.273] [INFO] resLog - 
*************** response log start ***************
request method: POST
request originalUrl:  /punchcard/currentUserMonthList
request client ip:  ::ffff:192.168.212.29
request body: 
{"userid":"tom@suninfo.com"}
response time: 2
response status: 200
response body: 
{"status":true,"data":[{"userid":"tom@suninfo.com","card_time":"2018-9-12","card_status":1}]}
*************** response log end ***************

[2018-09-12T11:05:30.448] [INFO] resLog - 
*************** response log start ***************
request method: OPTIONS
request originalUrl:  /report/currentWeekReport/get
request client ip:  ::ffff:192.168.212.29
request body: 
{}
response time: 1
response status: 204
response body: 
undefined
*************** response log end ***************

[2018-09-12T11:05:30.449] [INFO] resLog - 
*************** response log start ***************
request method: OPTIONS
request originalUrl:  /punchcard/currentUserMonthList
request client ip:  ::ffff:192.168.212.29
request body: 
{}
response time: 0
response status: 204
response body: 
undefined
*************** response log end ***************

[2018-09-12T11:05:30.480] [INFO] resLog - 
*************** response log start ***************
request method: POST
request originalUrl:  /punchcard/currentUserMonthList
request client ip:  ::ffff:192.168.212.29
request body: 
{"userid":"tom@suninfo.com"}
response time: 3
response status: 200
response body: 
{"status":true,"data":[{"userid":"tom@suninfo.com","card_time":"2018-9-12","card_status":1}]}
*************** response log end ***************

[2018-09-12T11:05:30.482] [INFO] resLog - 
*************** response log start ***************
request method: GET
request originalUrl:  /report/currentWeekReport/get
request client ip:  ::ffff:192.168.212.29
request query:  {}
response time: 3
response status: 200
response body: 
{"status":true,"data":[]}
*************** response log end ***************

[2018-09-12T11:07:01.037] [INFO] resLog - 
*************** response log start ***************
request method: OPTIONS
request originalUrl:  /punchcard/currentUserMonthList
request client ip:  ::ffff:192.168.212.29
request body: 
{}
response time: 1
response status: 204
response body: 
undefined
*************** response log end ***************

[2018-09-12T11:07:01.045] [INFO] resLog - 
*************** response log start ***************
request method: POST
request originalUrl:  /punchcard/currentUserMonthList
request client ip:  ::ffff:192.168.212.29
request body: 
{"userid":"tom@suninfo.com"}
response time: 2
response status: 200
response body: 
{"status":true,"data":[{"userid":"tom@suninfo.com","card_time":"2018-9-12","card_status":1}]}
*************** response log end ***************

[2018-09-12T11:07:32.440] [INFO] resLog - 
*************** response log start ***************
request method: OPTIONS
request originalUrl:  /punchcard/currentUserMonthList
request client ip:  ::ffff:192.168.212.29
request body: 
{}
response time: 0
response status: 204
response body: 
undefined
*************** response log end ***************

[2018-09-12T11:07:32.449] [INFO] resLog - 
*************** response log start ***************
request method: POST
request originalUrl:  /punchcard/currentUserMonthList
request client ip:  ::ffff:192.168.212.29
request body: 
{"userid":"tom@suninfo.com"}
response time: 2
response status: 200
response body: 
{"status":true,"data":[{"userid":"tom@suninfo.com","card_time":"2018-9-12","card_status":1}]}
*************** response log end ***************

[2018-09-12T11:07:50.413] [INFO] resLog - 
*************** response log start ***************
request method: OPTIONS
request originalUrl:  /punchcard/currentUserMonthList
request client ip:  ::ffff:192.168.212.29
request body: 
{}
response time: 0
response status: 204
response body: 
undefined
*************** response log end ***************

[2018-09-12T11:07:50.425] [INFO] resLog - 
*************** response log start ***************
request method: POST
request originalUrl:  /punchcard/currentUserMonthList
request client ip:  ::ffff:192.168.212.29
request body: 
{"userid":"tom@suninfo.com"}
response time: 2
response status: 200
response body: 
{"status":true,"data":[{"userid":"tom@suninfo.com","card_time":"2018-9-12","card_status":1}]}
*************** response log end ***************

[2018-09-12T11:10:11.038] [INFO] resLog - 
*************** response log start ***************
request method: OPTIONS
request originalUrl:  /report/currentWeekReport/get
request client ip:  ::ffff:192.168.212.29
request body: 
{}
response time: 0
response status: 204
response body: 
undefined
*************** response log end ***************

[2018-09-12T11:10:11.040] [INFO] resLog - 
*************** response log start ***************
request method: OPTIONS
request originalUrl:  /punchcard/currentUserMonthList
request client ip:  ::ffff:192.168.212.29
request body: 
{}
response time: 1
response status: 204
response body: 
undefined
*************** response log end ***************

[2018-09-12T11:10:11.089] [INFO] resLog - 
*************** response log start ***************
request method: GET
request originalUrl:  /report/currentWeekReport/get
request client ip:  ::ffff:192.168.212.29
request query:  {}
response time: 4
response status: 200
response body: 
{"status":true,"data":[]}
*************** response log end ***************

[2018-09-12T11:10:11.091] [INFO] resLog - 
*************** response log start ***************
request method: POST
request originalUrl:  /punchcard/currentUserMonthList
request client ip:  ::ffff:192.168.212.29
request body: 
{"userid":"tom@suninfo.com"}
response time: 4
response status: 200
response body: 
{"status":true,"data":[{"userid":"tom@suninfo.com","card_time":"2018-9-12","card_status":1}]}
*************** response log end ***************

[2018-09-12T11:10:50.653] [INFO] resLog - 
*************** response log start ***************
request method: OPTIONS
request originalUrl:  /punchcard/currentUserMonthList
request client ip:  ::ffff:192.168.212.29
request body: 
{}
response time: 0
response status: 204
response body: 
undefined
*************** response log end ***************

[2018-09-12T11:10:50.665] [INFO] resLog - 
*************** response log start ***************
request method: POST
request originalUrl:  /punchcard/currentUserMonthList
request client ip:  ::ffff:192.168.212.29
request body: 
{"userid":"tom@suninfo.com"}
response time: 2
response status: 200
response body: 
{"status":true,"data":[{"userid":"tom@suninfo.com","card_time":"2018-9-12","card_status":1}]}
*************** response log end ***************

[2018-09-12T11:11:01.730] [INFO] resLog - 
*************** response log start ***************
request method: OPTIONS
request originalUrl:  /punchcard/currentUserMonthList
request client ip:  ::ffff:192.168.212.29
request body: 
{}
response time: 0
response status: 204
response body: 
undefined
*************** response log end ***************

[2018-09-12T11:11:01.742] [INFO] resLog - 
*************** response log start ***************
request method: POST
request originalUrl:  /punchcard/currentUserMonthList
request client ip:  ::ffff:192.168.212.29
request body: 
{"userid":"tom@suninfo.com"}
response time: 1
response status: 200
response body: 
{"status":true,"data":[{"userid":"tom@suninfo.com","card_time":"2018-9-12","card_status":1}]}
*************** response log end ***************

[2018-09-12T11:11:05.188] [INFO] resLog - 
*************** response log start ***************
request method: OPTIONS
request originalUrl:  /report/currentWeekReport/get
request client ip:  ::ffff:192.168.212.29
request body: 
{}
response time: 1
response status: 204
response body: 
undefined
*************** response log end ***************

[2018-09-12T11:11:05.197] [INFO] resLog - 
*************** response log start ***************
request method: POST
request originalUrl:  /punchcard/currentUserMonthList
request client ip:  ::ffff:192.168.212.29
request body: 
{"userid":"tom@suninfo.com"}
response time: 4
response status: 200
response body: 
{"status":true,"data":[{"userid":"tom@suninfo.com","card_time":"2018-9-12","card_status":1}]}
*************** response log end ***************

[2018-09-12T11:11:05.236] [INFO] resLog - 
*************** response log start ***************
request method: GET
request originalUrl:  /report/currentWeekReport/get
request client ip:  ::ffff:192.168.212.29
request query:  {}
response time: 4
response status: 200
response body: 
{"status":true,"data":[]}
*************** response log end ***************

[2018-09-12T11:16:45.794] [INFO] resLog - 
*************** response log start ***************
request method: OPTIONS
request originalUrl:  /punchcard/currentUserMonthList
request client ip:  ::ffff:192.168.212.29
request body: 
{}
response time: 0
response status: 204
response body: 
undefined
*************** response log end ***************

[2018-09-12T11:16:45.806] [INFO] resLog - 
*************** response log start ***************
request method: POST
request originalUrl:  /punchcard/currentUserMonthList
request client ip:  ::ffff:192.168.212.29
request body: 
{"userid":"tom@suninfo.com"}
response time: 2
response status: 200
response body: 
{"status":true,"data":[{"userid":"tom@suninfo.com","card_time":"2018-9-12","card_status":1}]}
*************** response log end ***************

[2018-09-12T11:18:10.751] [INFO] resLog - 
*************** response log start ***************
request method: OPTIONS
request originalUrl:  /punchcard/currentUserMonthList
request client ip:  ::ffff:192.168.212.29
request body: 
{}
response time: 0
response status: 204
response body: 
undefined
*************** response log end ***************

[2018-09-12T11:18:10.763] [INFO] resLog - 
*************** response log start ***************
request method: POST
request originalUrl:  /punchcard/currentUserMonthList
request client ip:  ::ffff:192.168.212.29
request body: 
{"userid":"tom@suninfo.com"}
response time: 3
response status: 200
response body: 
{"status":true,"data":[{"userid":"tom@suninfo.com","card_time":"2018-9-12","card_status":1}]}
*************** response log end ***************

[2018-09-12T11:18:13.812] [INFO] resLog - 
*************** response log start ***************
request method: OPTIONS
request originalUrl:  /report/currentWeekReport/get
request client ip:  ::ffff:192.168.212.29
request body: 
{}
response time: 1
response status: 204
response body: 
undefined
*************** response log end ***************

[2018-09-12T11:18:13.817] [INFO] resLog - 
*************** response log start ***************
request method: POST
request originalUrl:  /punchcard/currentUserMonthList
request client ip:  ::ffff:192.168.212.29
request body: 
{"userid":"tom@suninfo.com"}
response time: 2
response status: 200
response body: 
{"status":true,"data":[{"userid":"tom@suninfo.com","card_time":"2018-9-12","card_status":1}]}
*************** response log end ***************

[2018-09-12T11:18:13.870] [INFO] resLog - 
*************** response log start ***************
request method: GET
request originalUrl:  /report/currentWeekReport/get
request client ip:  ::ffff:192.168.212.29
request query:  {}
response time: 2
response status: 200
response body: 
{"status":true,"data":[]}
*************** response log end ***************

[2018-09-12T11:18:23.278] [INFO] resLog - 
*************** response log start ***************
request method: OPTIONS
request originalUrl:  /report/currentWeekReport/get
request client ip:  ::ffff:192.168.212.29
request body: 
{}
response time: 1
response status: 204
response body: 
undefined
*************** response log end ***************

[2018-09-12T11:18:23.282] [INFO] resLog - 
*************** response log start ***************
request method: OPTIONS
request originalUrl:  /punchcard/currentUserMonthList
request client ip:  ::ffff:192.168.212.29
request body: 
{}
response time: 0
response status: 204
response body: 
undefined
*************** response log end ***************

[2018-09-12T11:18:23.346] [INFO] resLog - 
*************** response log start ***************
request method: GET
request originalUrl:  /report/currentWeekReport/get
request client ip:  ::ffff:192.168.212.29
request query:  {}
response time: 2
response status: 200
response body: 
{"status":true,"data":[]}
*************** response log end ***************

[2018-09-12T11:18:23.352] [INFO] resLog - 
*************** response log start ***************
request method: POST
request originalUrl:  /punchcard/currentUserMonthList
request client ip:  ::ffff:192.168.212.29
request body: 
{"userid":"tom@suninfo.com"}
response time: 2
response status: 200
response body: 
{"status":true,"data":[{"userid":"tom@suninfo.com","card_time":"2018-9-12","card_status":1}]}
*************** response log end ***************

[2018-09-12T11:18:55.443] [INFO] resLog - 
*************** response log start ***************
request method: OPTIONS
request originalUrl:  /punchcard/currentUserMonthList
request client ip:  ::ffff:192.168.212.29
request body: 
{}
response time: 0
response status: 204
response body: 
undefined
*************** response log end ***************

[2018-09-12T11:18:55.451] [INFO] resLog - 
*************** response log start ***************
request method: POST
request originalUrl:  /punchcard/currentUserMonthList
request client ip:  ::ffff:192.168.212.29
request body: 
{"userid":"tom@suninfo.com"}
response time: 2
response status: 200
response body: 
{"status":true,"data":[{"userid":"tom@suninfo.com","card_time":"2018-9-12","card_status":1}]}
*************** response log end ***************

[2018-09-12T11:18:58.031] [INFO] resLog - 
*************** response log start ***************
request method: OPTIONS
request originalUrl:  /report/currentWeekReport/get
request client ip:  ::ffff:192.168.212.29
request body: 
{}
response time: 1
response status: 204
response body: 
undefined
*************** response log end ***************

[2018-09-12T11:18:58.034] [INFO] resLog - 
*************** response log start ***************
request method: POST
request originalUrl:  /punchcard/currentUserMonthList
request client ip:  ::ffff:192.168.212.29
request body: 
{"userid":"tom@suninfo.com"}
response time: 2
response status: 200
response body: 
{"status":true,"data":[{"userid":"tom@suninfo.com","card_time":"2018-9-12","card_status":1}]}
*************** response log end ***************

[2018-09-12T11:18:58.060] [INFO] resLog - 
*************** response log start ***************
request method: GET
request originalUrl:  /report/currentWeekReport/get
request client ip:  ::ffff:192.168.212.29
request query:  {}
response time: 2
response status: 200
response body: 
{"status":true,"data":[]}
*************** response log end ***************

[2018-09-12T11:20:05.599] [INFO] resLog - 
*************** response log start ***************
request method: OPTIONS
request originalUrl:  /report/currentWeekReport/get
request client ip:  ::ffff:192.168.212.29
request body: 
{}
response time: 0
response status: 204
response body: 
undefined
*************** response log end ***************

[2018-09-12T11:20:05.653] [INFO] resLog - 
*************** response log start ***************
request method: GET
request originalUrl:  /report/currentWeekReport/get
request client ip:  ::ffff:192.168.212.29
request query:  {}
response time: 3
response status: 200
response body: 
{"status":true,"data":[]}
*************** response log end ***************

[2018-09-12T11:21:41.289] [INFO] resLog - 
*************** response log start ***************
request method: OPTIONS
request originalUrl:  /report/currentWeekReport/get
request client ip:  ::ffff:192.168.212.29
request body: 
{}
response time: 0
response status: 204
response body: 
undefined
*************** response log end ***************

[2018-09-12T11:21:41.335] [INFO] resLog - 
*************** response log start ***************
request method: GET
request originalUrl:  /report/currentWeekReport/get
request client ip:  ::ffff:192.168.212.29
request query:  {}
response time: 2
response status: 200
response body: 
{"status":true,"data":[]}
*************** response log end ***************

[2018-09-12T11:21:48.711] [INFO] resLog - 
*************** response log start ***************
request method: OPTIONS
request originalUrl:  /punchcard/currentUserMonthList
request client ip:  ::ffff:192.168.212.29
request body: 
{}
response time: 0
response status: 204
response body: 
undefined
*************** response log end ***************

[2018-09-12T11:21:48.733] [INFO] resLog - 
*************** response log start ***************
request method: POST
request originalUrl:  /punchcard/currentUserMonthList
request client ip:  ::ffff:192.168.212.29
request body: 
{"userid":"tom@suninfo.com"}
response time: 6
response status: 200
response body: 
{"status":true,"data":[{"userid":"tom@suninfo.com","card_time":"2018-9-12","card_status":1}]}
*************** response log end ***************

[2018-09-12T11:22:03.835] [INFO] resLog - 
*************** response log start ***************
request method: OPTIONS
request originalUrl:  /punchcard/currentUserMonthList
request client ip:  ::ffff:192.168.212.29
request body: 
{}
response time: 0
response status: 204
response body: 
undefined
*************** response log end ***************

[2018-09-12T11:22:03.845] [INFO] resLog - 
*************** response log start ***************
request method: POST
request originalUrl:  /punchcard/currentUserMonthList
request client ip:  ::ffff:192.168.212.29
request body: 
{"userid":"tom@suninfo.com"}
response time: 2
response status: 200
response body: 
{"status":true,"data":[{"userid":"tom@suninfo.com","card_time":"2018-9-12","card_status":1}]}
*************** response log end ***************

[2018-09-12T11:22:08.156] [INFO] resLog - 
*************** response log start ***************
request method: OPTIONS
request originalUrl:  /report/currentWeekReport/get
request client ip:  ::ffff:192.168.212.29
request body: 
{}
response time: 1
response status: 204
response body: 
undefined
*************** response log end ***************

[2018-09-12T11:22:08.165] [INFO] resLog - 
*************** response log start ***************
request method: POST
request originalUrl:  /punchcard/currentUserMonthList
request client ip:  ::ffff:192.168.212.29
request body: 
{"userid":"tom@suninfo.com"}
response time: 2
response status: 200
response body: 
{"status":true,"data":[{"userid":"tom@suninfo.com","card_time":"2018-9-12","card_status":1}]}
*************** response log end ***************

[2018-09-12T11:22:08.206] [INFO] resLog - 
*************** response log start ***************
request method: GET
request originalUrl:  /report/currentWeekReport/get
request client ip:  ::ffff:192.168.212.29
request query:  {}
response time: 3
response status: 200
response body: 
{"status":true,"data":[]}
*************** response log end ***************

[2018-09-12T11:22:30.949] [INFO] resLog - 
*************** response log start ***************
request method: OPTIONS
request originalUrl:  /punchcard/currentUserMonthList
request client ip:  ::ffff:192.168.212.29
request body: 
{}
response time: 0
response status: 204
response body: 
undefined
*************** response log end ***************

[2018-09-12T11:22:30.960] [INFO] resLog - 
*************** response log start ***************
request method: POST
request originalUrl:  /punchcard/currentUserMonthList
request client ip:  ::ffff:192.168.212.29
request body: 
{"userid":"tom@suninfo.com"}
response time: 2
response status: 200
response body: 
{"status":true,"data":[{"userid":"tom@suninfo.com","card_time":"2018-9-12","card_status":1}]}
*************** response log end ***************

[2018-09-12T11:23:27.267] [INFO] resLog - 
*************** response log start ***************
request method: OPTIONS
request originalUrl:  /punchcard/currentUserMonthList
request client ip:  ::ffff:192.168.212.29
request body: 
{}
response time: 0
response status: 204
response body: 
undefined
*************** response log end ***************

[2018-09-12T11:23:27.275] [INFO] resLog - 
*************** response log start ***************
request method: POST
request originalUrl:  /punchcard/currentUserMonthList
request client ip:  ::ffff:192.168.212.29
request body: 
{"userid":"tom@suninfo.com"}
response time: 1
response status: 200
response body: 
{"status":true,"data":[{"userid":"tom@suninfo.com","card_time":"2018-9-12","card_status":1}]}
*************** response log end ***************

[2018-09-12T11:23:32.203] [INFO] resLog - 
*************** response log start ***************
request method: POST
request originalUrl:  /punchcard/currentUserMonthList
request client ip:  ::ffff:192.168.212.29
request body: 
{"userid":"tom@suninfo.com"}
response time: 2
response status: 200
response body: 
{"status":true,"data":[{"userid":"tom@suninfo.com","card_time":"2018-9-12","card_status":1}]}
*************** response log end ***************

[2018-09-12T11:23:44.398] [INFO] resLog - 
*************** response log start ***************
request method: OPTIONS
request originalUrl:  /punchcard/currentUserMonthList
request client ip:  ::ffff:192.168.212.29
request body: 
{}
response time: 1
response status: 204
response body: 
undefined
*************** response log end ***************

[2018-09-12T11:23:44.407] [INFO] resLog - 
*************** response log start ***************
request method: POST
request originalUrl:  /punchcard/currentUserMonthList
request client ip:  ::ffff:192.168.212.29
request body: 
{"userid":"tom@suninfo.com"}
response time: 2
response status: 200
response body: 
{"status":true,"data":[{"userid":"tom@suninfo.com","card_time":"2018-9-12","card_status":1}]}
*************** response log end ***************

[2018-09-12T11:25:05.150] [INFO] resLog - 
*************** response log start ***************
request method: OPTIONS
request originalUrl:  /punchcard/currentUserMonthList
request client ip:  ::ffff:192.168.212.29
request body: 
{}
response time: 1
response status: 204
response body: 
undefined
*************** response log end ***************

[2018-09-12T11:25:05.158] [INFO] resLog - 
*************** response log start ***************
request method: POST
request originalUrl:  /punchcard/currentUserMonthList
request client ip:  ::ffff:192.168.212.29
request body: 
{"userid":"tom@suninfo.com"}
response time: 2
response status: 200
response body: 
{"status":true,"data":[{"userid":"tom@suninfo.com","card_time":"2018-9-12","card_status":1}]}
*************** response log end ***************

[2018-09-12T11:25:28.746] [INFO] resLog - 
*************** response log start ***************
request method: OPTIONS
request originalUrl:  /punchcard/currentUserMonthList
request client ip:  ::ffff:192.168.212.29
request body: 
{}
response time: 0
response status: 204
response body: 
undefined
*************** response log end ***************

[2018-09-12T11:25:28.755] [INFO] resLog - 
*************** response log start ***************
request method: POST
request originalUrl:  /punchcard/currentUserMonthList
request client ip:  ::ffff:192.168.212.29
request body: 
{"userid":"tom@suninfo.com"}
response time: 2
response status: 200
response body: 
{"status":true,"data":[{"userid":"tom@suninfo.com","card_time":"2018-9-12","card_status":1}]}
*************** response log end ***************

[2018-09-12T11:26:18.964] [INFO] resLog - 
*************** response log start ***************
request method: OPTIONS
request originalUrl:  /punchcard/currentUserMonthList
request client ip:  ::ffff:192.168.212.29
request body: 
{}
response time: 1
response status: 204
response body: 
undefined
*************** response log end ***************

[2018-09-12T11:26:18.977] [INFO] resLog - 
*************** response log start ***************
request method: POST
request originalUrl:  /punchcard/currentUserMonthList
request client ip:  ::ffff:192.168.212.29
request body: 
{"userid":"tom@suninfo.com"}
response time: 3
response status: 200
response body: 
{"status":true,"data":[{"userid":"tom@suninfo.com","card_time":"2018-9-12","card_status":1}]}
*************** response log end ***************

[2018-09-12T11:27:45.867] [INFO] resLog - 
*************** response log start ***************
request method: OPTIONS
request originalUrl:  /punchcard/currentUserMonthList
request client ip:  ::ffff:192.168.212.29
request body: 
{}
response time: 0
response status: 204
response body: 
undefined
*************** response log end ***************

[2018-09-12T11:27:45.877] [INFO] resLog - 
*************** response log start ***************
request method: POST
request originalUrl:  /punchcard/currentUserMonthList
request client ip:  ::ffff:192.168.212.29
request body: 
{"userid":"tom@suninfo.com"}
response time: 2
response status: 200
response body: 
{"status":true,"data":[{"userid":"tom@suninfo.com","card_time":"2018-9-12","card_status":1}]}
*************** response log end ***************

[2018-09-12T11:28:26.431] [INFO] resLog - 
*************** response log start ***************
request method: OPTIONS
request originalUrl:  /punchcard/currentUserMonthList
request client ip:  ::ffff:192.168.212.29
request body: 
{}
response time: 0
response status: 204
response body: 
undefined
*************** response log end ***************

[2018-09-12T11:28:26.443] [INFO] resLog - 
*************** response log start ***************
request method: POST
request originalUrl:  /punchcard/currentUserMonthList
request client ip:  ::ffff:192.168.212.29
request body: 
{"userid":"tom@suninfo.com"}
response time: 2
response status: 200
response body: 
{"status":true,"data":[{"userid":"tom@suninfo.com","card_time":"2018-9-12","card_status":1}]}
*************** response log end ***************

[2018-09-12T11:29:09.550] [INFO] resLog - 
*************** response log start ***************
request method: OPTIONS
request originalUrl:  /punchcard/currentUserMonthList
request client ip:  ::ffff:192.168.212.29
request body: 
{}
response time: 0
response status: 204
response body: 
undefined
*************** response log end ***************

[2018-09-12T11:29:09.559] [INFO] resLog - 
*************** response log start ***************
request method: POST
request originalUrl:  /punchcard/currentUserMonthList
request client ip:  ::ffff:192.168.212.29
request body: 
{"userid":"tom@suninfo.com"}
response time: 1
response status: 200
response body: 
{"status":true,"data":[{"userid":"tom@suninfo.com","card_time":"2018-9-12","card_status":1}]}
*************** response log end ***************

